{"target": -500.0, "params": {"log_nD": 19.26717349113842, "log_nNe": 15.155557390967347}, "datetime": {"datetime": "2022-04-26 19:07:55", "elapsed": 0.0, "delta": 0.0}}
{"target": -500.0, "params": {"log_nD": 19.858244884969288, "log_nNe": 17.61193435570966}, "datetime": {"datetime": "2022-04-26 19:08:50", "elapsed": 55.227753, "delta": 55.227753}}
{"target": -500.0, "params": {"log_nD": 19.185912570854942, "log_nNe": 16.982008926023244}, "datetime": {"datetime": "2022-04-26 19:10:37", "elapsed": 162.519402, "delta": 107.291649}}
{"target": -95.70611794984171, "params": {"log_nD": 18.06417289699678, "log_nNe": 18.715625798103982}, "datetime": {"datetime": "2022-04-26 19:13:18", "elapsed": 323.238804, "delta": 160.719402}}
{"target": -500.0, "params": {"log_nD": 18.55820430310752, "log_nNe": 16.6009636506172}, "datetime": {"datetime": "2022-04-26 19:15:29", "elapsed": 454.322317, "delta": 131.083513}}
{"target": -208.57050083164978, "params": {"log_nD": 20.229895930400332, "log_nNe": 18.174852565662235}, "datetime": {"datetime": "2022-04-26 19:17:55", "elapsed": 600.367004, "delta": 146.044687}}
{"target": -500.0, "params": {"log_nD": 17.699815715793655, "log_nNe": 18.08146872759448}, "datetime": {"datetime": "2022-04-26 19:18:37", "elapsed": 641.660646, "delta": 41.293642}}
{"target": -500.0, "params": {"log_nD": 17.959087301363958, "log_nNe": 19.71201088690004}, "datetime": {"datetime": "2022-04-26 19:19:14", "elapsed": 679.34617, "delta": 37.685524}}
{"target": -87.73768811973547, "params": {"log_nD": 21.440671521725342, "log_nNe": 17.965421024291565}, "datetime": {"datetime": "2022-04-26 19:21:20", "elapsed": 805.007882, "delta": 125.661712}}
{"target": -500.0, "params": {"log_nD": 21.40211972385883, "log_nNe": 15.477872862054365}, "datetime": {"datetime": "2022-04-26 19:21:58", "elapsed": 843.311654, "delta": 38.303772}}
{"target": -500.0, "params": {"log_nD": 22.18834456512583, "log_nNe": 16.210212821306182}, "datetime": {"datetime": "2022-04-26 19:22:37", "elapsed": 881.919662, "delta": 38.608008}}
{"target": -500.0, "params": {"log_nD": 17.002126375566636, "log_nNe": 19.726228794727056}, "datetime": {"datetime": "2022-04-26 19:23:15", "elapsed": 920.112523, "delta": 38.192861}}
{"target": -100.25112286437282, "params": {"log_nD": 19.959974515243278, "log_nNe": 18.560262664771596}, "datetime": {"datetime": "2022-04-26 19:25:46", "elapsed": 1071.287115, "delta": 151.174592}}
{"target": -500.0, "params": {"log_nD": 19.359782351936605, "log_nNe": 17.312397698581737}, "datetime": {"datetime": "2022-04-26 19:26:48", "elapsed": 1133.207082, "delta": 61.919967}}
{"target": -95.72835893628809, "params": {"log_nD": 21.200287953581142, "log_nNe": 18.148555124622202}, "datetime": {"datetime": "2022-04-26 19:28:35", "elapsed": 1240.526091, "delta": 107.319009}}
{"target": -95.24100252741785, "params": {"log_nD": 18.45496338717236, "log_nNe": 18.752014895853822}, "datetime": {"datetime": "2022-04-26 19:31:16", "elapsed": 1400.844903, "delta": 160.318812}}
{"target": -94.8203047555359, "params": {"log_nD": 20.370214618669287, "log_nNe": 18.849339288920703}, "datetime": {"datetime": "2022-04-26 19:33:27", "elapsed": 1532.489451, "delta": 131.644548}}
{"target": -500.0, "params": {"log_nD": 21.667457843631414, "log_nNe": 18.41372103504989}, "datetime": {"datetime": "2022-04-26 19:34:05", "elapsed": 1570.418624, "delta": 37.929173}}
{"target": -500.0, "params": {"log_nD": 20.901655448834905, "log_nNe": 17.508003905442003}, "datetime": {"datetime": "2022-04-26 19:34:53", "elapsed": 1617.980386, "delta": 47.561762}}
{"target": -88.00865955879138, "params": {"log_nD": 21.43633069263769, "log_nNe": 17.975672959907936}, "datetime": {"datetime": "2022-04-26 19:36:55", "elapsed": 1739.580411, "delta": 121.600025}}
{"target": -99.62626725382951, "params": {"log_nD": 20.26159418405161, "log_nNe": 18.613196160770872}, "datetime": {"datetime": "2022-04-26 19:39:16", "elapsed": 1881.016427, "delta": 141.436016}}
{"target": -92.84516537533113, "params": {"log_nD": 19.97715242464825, "log_nNe": 18.964712336026675}, "datetime": {"datetime": "2022-04-26 19:41:47", "elapsed": 2032.399904, "delta": 151.383477}}
{"target": -94.26832068146629, "params": {"log_nD": 19.377233185253093, "log_nNe": 18.840818482417056}, "datetime": {"datetime": "2022-04-26 19:44:25", "elapsed": 2189.639162, "delta": 157.239258}}
{"target": -500.0, "params": {"log_nD": 19.428027783671993, "log_nNe": 19.30864325433638}, "datetime": {"datetime": "2022-04-26 19:45:02", "elapsed": 2226.582429, "delta": 36.943267}}
{"target": -500.0, "params": {"log_nD": 18.434470477609896, "log_nNe": 15.224020434817515}, "datetime": {"datetime": "2022-04-26 19:47:17", "elapsed": 2361.995527, "delta": 135.413098}}
{"target": -133.5746799712845, "params": {"log_nD": 19.32889417210661, "log_nNe": 18.58552259980717}, "datetime": {"datetime": "2022-04-26 19:49:56", "elapsed": 2521.200459, "delta": 159.204932}}
{"target": -95.72080303540312, "params": {"log_nD": 19.655262550833235, "log_nNe": 18.77861837653121}, "datetime": {"datetime": "2022-04-26 19:52:32", "elapsed": 2677.27333, "delta": 156.072871}}
{"target": -96.53877185023153, "params": {"log_nD": 20.054925991295455, "log_nNe": 18.772942186537488}, "datetime": {"datetime": "2022-04-26 19:55:06", "elapsed": 2830.761938, "delta": 153.488608}}
{"target": -87.63107175665358, "params": {"log_nD": 21.439980351576587, "log_nNe": 17.975136697855792}, "datetime": {"datetime": "2022-04-26 19:57:09", "elapsed": 2953.665836, "delta": 122.903898}}
{"target": -98.73787975146494, "params": {"log_nD": 20.760318502718196, "log_nNe": 18.485206772839422}, "datetime": {"datetime": "2022-04-26 19:59:01", "elapsed": 3066.445758, "delta": 112.779922}}
{"target": -116.12131368643134, "params": {"log_nD": 20.460588533229014, "log_nNe": 19.3485624208871}, "datetime": {"datetime": "2022-04-26 20:01:27", "elapsed": 3212.194004, "delta": 145.748246}}
{"target": -93.5389467324565, "params": {"log_nD": 18.241665008535932, "log_nNe": 18.859228100445172}, "datetime": {"datetime": "2022-04-26 20:04:05", "elapsed": 3370.366003, "delta": 158.171999}}
{"target": -500.0, "params": {"log_nD": 21.898470562345224, "log_nNe": 17.628762793337415}, "datetime": {"datetime": "2022-04-26 20:04:43", "elapsed": 3408.518452, "delta": 38.152449}}
{"target": -84.09907189721505, "params": {"log_nD": 20.780466155715423, "log_nNe": 19.06505710008303}, "datetime": {"datetime": "2022-04-26 20:07:02", "elapsed": 3547.068759, "delta": 138.550307}}
{"target": -40.562453459332936, "params": {"log_nD": 20.95628359184069, "log_nNe": 19.590980475114236}, "datetime": {"datetime": "2022-04-26 20:09:37", "elapsed": 3702.305594, "delta": 155.236835}}
{"target": -113.4730618211787, "params": {"log_nD": 21.006943127827345, "log_nNe": 20.012628988710542}, "datetime": {"datetime": "2022-04-26 20:12:33", "elapsed": 3878.221207, "delta": 175.915613}}
{"target": -74.27508669404132, "params": {"log_nD": 21.312968834315804, "log_nNe": 19.66130047668298}, "datetime": {"datetime": "2022-04-26 20:15:14", "elapsed": 4039.205089, "delta": 160.983882}}
{"target": -500.0, "params": {"log_nD": 21.768278598319494, "log_nNe": 20.25045376677581}, "datetime": {"datetime": "2022-04-26 20:16:21", "elapsed": 4105.633672, "delta": 66.428583}}
{"target": -41.13529328116851, "params": {"log_nD": 21.145701072578284, "log_nNe": 19.395254071962384}, "datetime": {"datetime": "2022-04-26 20:18:54", "elapsed": 4258.827371, "delta": 153.193699}}
{"target": -25.86705673317705, "params": {"log_nD": 21.118493539556233, "log_nNe": 19.52547966979383}, "datetime": {"datetime": "2022-04-26 20:21:31", "elapsed": 4415.921973, "delta": 157.094602}}
{"target": -500.0, "params": {"log_nD": 20.35154683155019, "log_nNe": 21.0}, "datetime": {"datetime": "2022-04-26 20:22:02", "elapsed": 4447.409587, "delta": 31.487614}}
{"target": -500.0, "params": {"log_nD": 17.0, "log_nNe": 15.0}, "datetime": {"datetime": "2022-04-26 20:24:23", "elapsed": 4588.082429, "delta": 140.672842}}
{"target": -500.0, "params": {"log_nD": 17.0, "log_nNe": 21.0}, "datetime": {"datetime": "2022-04-26 20:24:55", "elapsed": 4619.907509, "delta": 31.82508}}
{"target": -500.0, "params": {"log_nD": 17.0, "log_nNe": 16.590350445678002}, "datetime": {"datetime": "2022-04-26 20:27:19", "elapsed": 4763.636557, "delta": 143.729048}}
{"target": -500.0, "params": {"log_nD": 18.71137855140817, "log_nNe": 21.0}, "datetime": {"datetime": "2022-04-26 20:54:49", "elapsed": 6414.350936, "delta": 1650.714379}}
{"target": -62.72822003959604, "params": {"log_nD": 20.933014228010418, "log_nNe": 19.368730264648924}, "datetime": {"datetime": "2022-04-26 20:57:19", "elapsed": 6564.25434, "delta": 149.903404}}
{"target": -87.61890202080366, "params": {"log_nD": 20.589520597726427, "log_nNe": 19.92065189796162}, "datetime": {"datetime": "2022-04-26 21:00:08", "elapsed": 6732.746475, "delta": 168.492135}}
{"target": -95.02127905967421, "params": {"log_nD": 18.921964868006327, "log_nNe": 18.764875237270495}, "datetime": {"datetime": "2022-04-26 21:02:46", "elapsed": 6891.004043, "delta": 158.257568}}
{"target": -500.0, "params": {"log_nD": 20.3744905804969, "log_nNe": 15.019879020258756}, "datetime": {"datetime": "2022-04-26 21:03:55", "elapsed": 6959.795829, "delta": 68.791786}}
{"target": -500.0, "params": {"log_nD": 18.64263157232046, "log_nNe": 18.333515737340523}, "datetime": {"datetime": "2022-04-26 21:04:37", "elapsed": 7002.135548, "delta": 42.339719}}
{"target": -90.9454104381325, "params": {"log_nD": 18.624387011821945, "log_nNe": 19.026383349113114}, "datetime": {"datetime": "2022-04-26 21:07:15", "elapsed": 7160.333285, "delta": 158.197737}}
{"target": -93.44202323821325, "params": {"log_nD": 17.59067554792802, "log_nNe": 18.864685172663325}, "datetime": {"datetime": "2022-04-26 21:09:53", "elapsed": 7318.101191, "delta": 157.767906}}
{"target": -96.01098430064462, "params": {"log_nD": 17.0, "log_nNe": 18.69730296796497}, "datetime": {"datetime": "2022-04-26 21:12:34", "elapsed": 7479.321908, "delta": 161.220717}}
{"target": -500.0, "params": {"log_nD": 22.2, "log_nNe": 15.0}, "datetime": {"datetime": "2022-04-26 21:13:13", "elapsed": 7518.068587, "delta": 38.746679}}
{"target": -500.0, "params": {"log_nD": 17.0, "log_nNe": 18.321228710424652}, "datetime": {"datetime": "2022-04-26 21:13:54", "elapsed": 7559.511986, "delta": 41.443399}}
{"target": -91.89459094441261, "params": {"log_nD": 17.058447031347708, "log_nNe": 18.96256471569462}, "datetime": {"datetime": "2022-04-26 21:16:33", "elapsed": 7717.907615, "delta": 158.395629}}
{"target": -94.0960778342845, "params": {"log_nD": 17.26021863503952, "log_nNe": 18.828702573226337}, "datetime": {"datetime": "2022-04-26 21:19:11", "elapsed": 7876.353483, "delta": 158.445868}}
{"target": -44.933503292944565, "params": {"log_nD": 21.093205849452982, "log_nNe": 19.67873040651948}, "datetime": {"datetime": "2022-04-26 21:21:52", "elapsed": 8037.416274, "delta": 161.062791}}
{"target": -500.0, "params": {"log_nD": 20.217862302941494, "log_nNe": 16.21718910081979}, "datetime": {"datetime": "2022-04-26 21:23:08", "elapsed": 8113.307943, "delta": 75.891669}}
{"target": -31.51133673921172, "params": {"log_nD": 20.805762900162318, "log_nNe": 19.756071792953758}, "datetime": {"datetime": "2022-04-26 21:25:51", "elapsed": 8275.85416, "delta": 162.546217}}
{"target": -49.39120516825465, "params": {"log_nD": 20.68614616369027, "log_nNe": 19.67720357692261}, "datetime": {"datetime": "2022-04-26 21:28:32", "elapsed": 8436.827892, "delta": 160.973732}}
{"target": -34.1789737552664, "params": {"log_nD": 21.2047336568978, "log_nNe": 19.511765436223758}, "datetime": {"datetime": "2022-04-26 21:31:11", "elapsed": 8595.704104, "delta": 158.876212}}
{"target": -500.0, "params": {"log_nD": 22.2, "log_nNe": 21.0}, "datetime": {"datetime": "2022-04-26 21:31:52", "elapsed": 8637.355709, "delta": 41.651605}}
{"target": -86.17360131512952, "params": {"log_nD": 21.005291335580203, "log_nNe": 18.76663251925435}, "datetime": {"datetime": "2022-04-26 21:34:03", "elapsed": 8767.908274, "delta": 130.552565}}
{"target": -500.0, "params": {"log_nD": 22.2, "log_nNe": 19.484409595682862}, "datetime": {"datetime": "2022-04-26 21:34:42", "elapsed": 8806.626564, "delta": 38.71829}}
{"target": -93.76972152046368, "params": {"log_nD": 20.73806448726328, "log_nNe": 18.747846231194234}, "datetime": {"datetime": "2022-04-26 21:36:46", "elapsed": 8930.774344, "delta": 124.14778}}
{"target": -92.81706920031786, "params": {"log_nD": 17.885996694207414, "log_nNe": 18.9069989544095}, "datetime": {"datetime": "2022-04-26 21:39:24", "elapsed": 9088.815214, "delta": 158.04087}}
{"target": -500.0, "params": {"log_nD": 17.67716288498143, "log_nNe": 15.894626882288186}, "datetime": {"datetime": "2022-04-26 21:41:47", "elapsed": 9232.332748, "delta": 143.517534}}
{"target": -75.59610904784303, "params": {"log_nD": 20.78922462140955, "log_nNe": 19.86708099959409}, "datetime": {"datetime": "2022-04-26 21:44:33", "elapsed": 9398.036591, "delta": 165.703843}}
{"target": -62.04393736392121, "params": {"log_nD": 20.213290174460752, "log_nNe": 19.879366705525747}, "datetime": {"datetime": "2022-04-26 21:47:25", "elapsed": 9570.143796, "delta": 172.107205}}
{"target": -133.46522498643375, "params": {"log_nD": 20.160465632387872, "log_nNe": 20.170866375924057}, "datetime": {"datetime": "2022-04-26 21:50:30", "elapsed": 9754.786491, "delta": 184.642695}}
{"target": -56.94127322701961, "params": {"log_nD": 20.391229880518537, "log_nNe": 19.753168582162473}, "datetime": {"datetime": "2022-04-26 21:53:12", "elapsed": 9916.919107, "delta": 162.132616}}
{"target": -500.0, "params": {"log_nD": 20.149893680387137, "log_nNe": 19.538344206755667}, "datetime": {"datetime": "2022-04-26 21:53:49", "elapsed": 9954.48175, "delta": 37.562643}}
{"target": -86.9491533868952, "params": {"log_nD": 20.322225616987424, "log_nNe": 19.963946900089084}, "datetime": {"datetime": "2022-04-26 21:56:41", "elapsed": 10125.831664, "delta": 171.349914}}
{"target": -164.82726356204756, "params": {"log_nD": 19.695989020579162, "log_nNe": 20.27102611847172}, "datetime": {"datetime": "2022-04-26 21:59:59", "elapsed": 10323.572215, "delta": 197.740551}}
{"target": -92.70081436998329, "params": {"log_nD": 21.068332647026818, "log_nNe": 18.443232805603866}, "datetime": {"datetime": "2022-04-26 22:01:55", "elapsed": 10440.529197, "delta": 116.956982}}
{"target": -91.84197078159468, "params": {"log_nD": 18.97840924158946, "log_nNe": 18.976120370031207}, "datetime": {"datetime": "2022-04-26 22:04:34", "elapsed": 10599.031409, "delta": 158.502212}}
{"target": -127.9134006901941, "params": {"log_nD": 20.157698587088056, "log_nNe": 20.168827255846885}, "datetime": {"datetime": "2022-04-26 22:07:39", "elapsed": 10784.337568, "delta": 185.306159}}
{"target": -500.0, "params": {"log_nD": 20.04009787027355, "log_nNe": 17.708131105601293}, "datetime": {"datetime": "2022-04-26 22:08:37", "elapsed": 10842.242234, "delta": 57.904666}}
{"target": -105.10870598444959, "params": {"log_nD": 20.004395960582922, "log_nNe": 20.08848215865624}, "datetime": {"datetime": "2022-04-26 22:11:36", "elapsed": 11021.469317, "delta": 179.227083}}
{"target": -181.76024137360417, "params": {"log_nD": 19.823200167960394, "log_nNe": 20.363597389748655}, "datetime": {"datetime": "2022-04-26 22:14:56", "elapsed": 11220.753149, "delta": 199.283832}}
{"target": -500.0, "params": {"log_nD": 21.694773075776958, "log_nNe": 20.207753654811704}, "datetime": {"datetime": "2022-04-26 22:15:41", "elapsed": 11265.957077, "delta": 45.203928}}
{"target": -500.0, "params": {"log_nD": 19.384538394307494, "log_nNe": 20.549176721107067}, "datetime": {"datetime": "2022-04-26 22:16:19", "elapsed": 11303.710298, "delta": 37.753221}}
{"target": -66.29467314651967, "params": {"log_nD": 21.13958565878474, "log_nNe": 19.086147426045496}, "datetime": {"datetime": "2022-04-26 22:18:44", "elapsed": 11449.165367, "delta": 145.455069}}
{"target": -103.4329198452609, "params": {"log_nD": 20.89280865394135, "log_nNe": 18.198148241228317}, "datetime": {"datetime": "2022-04-26 22:20:34", "elapsed": 11559.337767, "delta": 110.1724}}
{"target": -87.21449933538186, "params": {"log_nD": 20.549522451691015, "log_nNe": 19.126814598215674}, "datetime": {"datetime": "2022-04-26 22:22:57", "elapsed": 11702.140503, "delta": 142.802736}}
{"target": -26.40776130542968, "params": {"log_nD": 21.445829952408044, "log_nNe": 19.271248399738074}, "datetime": {"datetime": "2022-04-26 22:25:34", "elapsed": 11858.71012, "delta": 156.569617}}
{"target": -22.818553130838772, "params": {"log_nD": 21.349030688354716, "log_nNe": 19.203100665370247}, "datetime": {"datetime": "2022-04-26 22:28:04", "elapsed": 12008.994132, "delta": 150.284012}}
{"target": -19.183523767632668, "params": {"log_nD": 21.35792492678663, "log_nNe": 19.309377232297948}, "datetime": {"datetime": "2022-04-26 22:30:37", "elapsed": 12162.272077, "delta": 153.277945}}
{"target": -500.0, "params": {"log_nD": 17.87396950395523, "log_nNe": 21.0}, "datetime": {"datetime": "2022-04-26 22:31:09", "elapsed": 12194.211438, "delta": 31.939361}}
{"target": -500.0, "params": {"log_nD": 21.22378173319822, "log_nNe": 16.520227183136605}, "datetime": {"datetime": "2022-04-26 22:31:50", "elapsed": 12235.002265, "delta": 40.790827}}
{"target": -500.0, "params": {"log_nD": 21.23436467458921, "log_nNe": 21.0}, "datetime": {"datetime": "2022-04-26 22:33:31", "elapsed": 12336.068848, "delta": 101.066583}}
{"target": -88.84998386849682, "params": {"log_nD": 17.551155246674444, "log_nNe": 19.132219194150608}, "datetime": {"datetime": "2022-04-26 22:36:10", "elapsed": 12495.545258, "delta": 159.47641}}
{"target": -500.0, "params": {"log_nD": 21.947583412039112, "log_nNe": 19.528059696202483}, "datetime": {"datetime": "2022-04-26 22:36:49", "elapsed": 12533.919004, "delta": 38.373746}}
{"target": -500.0, "params": {"log_nD": 17.80216164357613, "log_nNe": 17.14506169715523}, "datetime": {"datetime": "2022-04-26 22:39:04", "elapsed": 12669.301461, "delta": 135.382457}}
{"target": -199.6299092973548, "params": {"log_nD": 19.679316943582617, "log_nNe": 18.3961892276093}, "datetime": {"datetime": "2022-04-26 22:41:42", "elapsed": 12827.197805, "delta": 157.896344}}
{"target": -74.6305614168739, "params": {"log_nD": 20.6698331644737, "log_nNe": 19.349435385298946}, "datetime": {"datetime": "2022-04-26 22:44:11", "elapsed": 12975.719086, "delta": 148.521281}}
{"target": -500.0, "params": {"log_nD": 19.302931307666807, "log_nNe": 16.043256598037658}, "datetime": {"datetime": "2022-04-26 22:45:58", "elapsed": 13082.881852, "delta": 107.162766}}
{"target": -58.71418226061634, "params": {"log_nD": 20.536027077349424, "log_nNe": 19.779942970818638}, "datetime": {"datetime": "2022-04-26 22:48:41", "elapsed": 13246.118908, "delta": 163.237056}}
{"target": -20.465890121660333, "params": {"log_nD": 21.380229659311475, "log_nNe": 19.26208891648611}, "datetime": {"datetime": "2022-04-26 22:51:15", "elapsed": 13399.83811, "delta": 153.719202}}
{"target": -44.83293901980946, "params": {"log_nD": 21.370659621214834, "log_nNe": 18.998835341336854}, "datetime": {"datetime": "2022-04-26 22:53:41", "elapsed": 13545.598475, "delta": 145.760365}}
{"target": -21.380824234983248, "params": {"log_nD": 21.45804771393071, "log_nNe": 19.133727862169522}, "datetime": {"datetime": "2022-04-26 22:56:16", "elapsed": 13701.037561, "delta": 155.439086}}
{"target": -123.97063238670636, "params": {"log_nD": 18.70193408504902, "log_nNe": 19.52735150444803}, "datetime": {"datetime": "2022-04-26 22:59:03", "elapsed": 13868.354606, "delta": 167.317045}}
{"target": -500.0, "params": {"log_nD": 18.774794280901713, "log_nNe": 19.9359424660182}, "datetime": {"datetime": "2022-04-26 22:59:42", "elapsed": 13906.608309, "delta": 38.253703}}
{"target": -83.46332612039667, "params": {"log_nD": 18.47956630346521, "log_nNe": 19.325101337937625}, "datetime": {"datetime": "2022-04-26 23:02:35", "elapsed": 14080.125445, "delta": 173.517136}}
{"target": -86.69723853145506, "params": {"log_nD": 18.78798936355488, "log_nNe": 19.246528123388458}, "datetime": {"datetime": "2022-04-26 23:05:24", "elapsed": 14248.808845, "delta": 168.6834}}
{"target": -94.87513942723352, "params": {"log_nD": 19.13172788891291, "log_nNe": 18.789547104194778}, "datetime": {"datetime": "2022-04-26 23:08:03", "elapsed": 14408.138305, "delta": 159.32946}}
{"target": -23.7157663925473, "params": {"log_nD": 21.40162497843644, "log_nNe": 19.135516423235728}, "datetime": {"datetime": "2022-04-26 23:10:34", "elapsed": 14559.487573, "delta": 151.349268}}
{"target": -500.0, "params": {"log_nD": 21.670580057467355, "log_nNe": 19.06234923005062}, "datetime": {"datetime": "2022-04-26 23:11:13", "elapsed": 14597.78297, "delta": 38.295397}}
{"target": -71.51802049021641, "params": {"log_nD": 21.230275436806597, "log_nNe": 18.82965827421185}, "datetime": {"datetime": "2022-04-26 23:13:31", "elapsed": 14736.356907, "delta": 138.573937}}
{"target": -102.41196720353115, "params": {"log_nD": 20.475610557704346, "log_nNe": 18.450445787466244}, "datetime": {"datetime": "2022-04-26 23:15:40", "elapsed": 14865.198248, "delta": 128.841341}}
{"target": -90.01778822035836, "params": {"log_nD": 17.341385076264388, "log_nNe": 19.072504780521513}, "datetime": {"datetime": "2022-04-26 23:18:20", "elapsed": 15025.088704, "delta": 159.890456}}
{"target": -88.23683763347915, "params": {"log_nD": 18.132910041907078, "log_nNe": 19.16354252291904}, "datetime": {"datetime": "2022-04-26 23:20:59", "elapsed": 15184.329619, "delta": 159.240915}}
{"target": -21.088087533571624, "params": {"log_nD": 21.442066352824042, "log_nNe": 19.190107300980706}, "datetime": {"datetime": "2022-04-26 23:23:33", "elapsed": 15338.3512, "delta": 154.021581}}
{"target": -42.700930687214196, "params": {"log_nD": 21.427561886889674, "log_nNe": 19.455899837759922}, "datetime": {"datetime": "2022-04-26 23:26:16", "elapsed": 15500.952398, "delta": 162.601198}}
