{"target": -89.96237787259108, "params": {"log_nD": 18.348882597552816, "log_nNe": 19.076640244221714}, "datetime": {"datetime": "2022-04-26 23:28:55", "elapsed": 15660.193764, "delta": 159.241366}}
{"target": -500.0, "params": {"log_nD": 17.00537259681055, "log_nNe": 17.38203155259488}, "datetime": {"datetime": "2022-04-26 23:30:38", "elapsed": 15762.696409, "delta": 102.502645}}
{"target": -500.0, "params": {"log_nD": 17.804524113099433, "log_nNe": 15.019776170409436}, "datetime": {"datetime": "2022-04-26 23:32:57", "elapsed": 15901.89486, "delta": 139.198451}}
{"target": -500.0, "params": {"log_nD": 22.18868068560291, "log_nNe": 16.946357436301778}, "datetime": {"datetime": "2022-04-26 23:33:36", "elapsed": 15941.352356, "delta": 39.457496}}
{"target": -500.0, "params": {"log_nD": 17.0, "log_nNe": 15.790452323199748}, "datetime": {"datetime": "2022-04-26 23:36:02", "elapsed": 16086.948598, "delta": 145.596242}}
{"target": -21.516267966364754, "params": {"log_nD": 21.29302864747349, "log_nNe": 19.27596500198306}, "datetime": {"datetime": "2022-04-26 23:38:32", "elapsed": 16237.183024, "delta": 150.234426}}
{"target": -88.50140209340184, "params": {"log_nD": 17.83708681745777, "log_nNe": 19.14932954336632}, "datetime": {"datetime": "2022-04-26 23:41:13", "elapsed": 16398.331206, "delta": 161.148182}}
{"target": -44.71290396395714, "params": {"log_nD": 20.909898920122274, "log_nNe": 19.75307892788272}, "datetime": {"datetime": "2022-04-26 23:43:55", "elapsed": 16559.699659, "delta": 161.368453}}
{"target": -101.21596355381858, "params": {"log_nD": 20.15143503892893, "log_nNe": 20.022858029904313}, "datetime": {"datetime": "2022-04-26 23:46:52", "elapsed": 16736.831822, "delta": 177.132163}}
{"target": -103.41041150249008, "params": {"log_nD": 20.15284372380055, "log_nNe": 18.454807465189226}, "datetime": {"datetime": "2022-04-26 23:49:19", "elapsed": 16883.981589, "delta": 147.149767}}
{"target": -63.66110447277284, "params": {"log_nD": 20.33746307811845, "log_nNe": 19.853639058421614}, "datetime": {"datetime": "2022-04-26 23:52:08", "elapsed": 17052.782168, "delta": 168.800579}}
{"target": -500.0, "params": {"log_nD": 18.520881165784864, "log_nNe": 17.475680710429383}, "datetime": {"datetime": "2022-04-26 23:53:12", "elapsed": 17117.098914, "delta": 64.316746}}
{"target": -500.0, "params": {"log_nD": 20.223760962707246, "log_nNe": 16.922197882347138}, "datetime": {"datetime": "2022-04-26 23:54:21", "elapsed": 17186.352173, "delta": 69.253259}}
{"target": -130.46459115470316, "params": {"log_nD": 17.777498179360105, "log_nNe": 18.625536041714987}, "datetime": {"datetime": "2022-04-26 23:57:06", "elapsed": 17350.611748, "delta": 164.259575}}
{"target": -500.0, "params": {"log_nD": 17.466618282991725, "log_nNe": 20.5888868785949}, "datetime": {"datetime": "2022-04-26 23:57:42", "elapsed": 17387.180369, "delta": 36.568621}}
{"target": -500.0, "params": {"log_nD": 21.077576220125163, "log_nNe": 15.0}, "datetime": {"datetime": "2022-04-26 23:58:26", "elapsed": 17431.205669, "delta": 44.0253}}
{"target": -109.12549097873872, "params": {"log_nD": 20.6072706774977, "log_nNe": 18.180962794418974}, "datetime": {"datetime": "2022-04-27 00:00:27", "elapsed": 17552.300834, "delta": 121.095165}}
{"target": -20.56330666863955, "params": {"log_nD": 21.32313335615545, "log_nNe": 19.38199404661389}, "datetime": {"datetime": "2022-04-27 00:03:02", "elapsed": 17706.582719, "delta": 154.281885}}
{"target": -500.0, "params": {"log_nD": 20.710082402006663, "log_nNe": 15.783004347820537}, "datetime": {"datetime": "2022-04-27 00:03:54", "elapsed": 17759.510819, "delta": 52.9281}}
{"target": -500.0, "params": {"log_nD": 21.511036900173963, "log_nNe": 16.918473000920553}, "datetime": {"datetime": "2022-04-27 00:04:32", "elapsed": 17797.212988, "delta": 37.702169}}
{"target": -51.661503725232734, "params": {"log_nD": 20.80106098106311, "log_nNe": 19.6108933085284}, "datetime": {"datetime": "2022-04-27 00:07:08", "elapsed": 17953.116191, "delta": 155.903203}}
{"target": -500.0, "params": {"log_nD": 18.460778999911994, "log_nNe": 15.924829746304578}, "datetime": {"datetime": "2022-04-27 00:09:22", "elapsed": 18086.670231, "delta": 133.55404}}
{"target": -500.0, "params": {"log_nD": 19.80850627202136, "log_nNe": 17.807695003445062}, "datetime": {"datetime": "2022-04-27 00:10:18", "elapsed": 18143.32813, "delta": 56.657899}}
{"target": -93.85934464443125, "params": {"log_nD": 18.723126887067156, "log_nNe": 18.84591346685584}, "datetime": {"datetime": "2022-04-27 00:12:57", "elapsed": 18302.226321, "delta": 158.898191}}
{"target": -95.42489340743158, "params": {"log_nD": 19.85567476851073, "log_nNe": 18.824623128597445}, "datetime": {"datetime": "2022-04-27 00:15:29", "elapsed": 18454.492176, "delta": 152.265855}}
{"target": -500.0, "params": {"log_nD": 20.989358907232493, "log_nNe": 20.35112651776641}, "datetime": {"datetime": "2022-04-27 00:16:26", "elapsed": 18511.027452, "delta": 56.535276}}
{"target": -99.617914369441, "params": {"log_nD": 21.164329517905056, "log_nNe": 19.880683148955487}, "datetime": {"datetime": "2022-04-27 00:19:14", "elapsed": 18678.947252, "delta": 167.9198}}
{"target": -91.74875901402405, "params": {"log_nD": 20.224445540381854, "log_nNe": 19.01623219253238}, "datetime": {"datetime": "2022-04-27 00:21:38", "elapsed": 18822.941532, "delta": 143.99428}}
{"target": -500.0, "params": {"log_nD": 19.886056996702724, "log_nNe": 15.542340558192322}, "datetime": {"datetime": "2022-04-27 00:23:01", "elapsed": 18905.62653, "delta": 82.684998}}
{"target": -83.57096032623852, "params": {"log_nD": 18.620822783589198, "log_nNe": 19.342996363009433}, "datetime": {"datetime": "2022-04-27 00:25:55", "elapsed": 19080.511235, "delta": 174.884705}}
{"target": -500.0, "params": {"log_nD": 18.11529253696187, "log_nNe": 18.4656129176045}, "datetime": {"datetime": "2022-04-27 00:26:38", "elapsed": 19123.176936, "delta": 42.665701}}
{"target": -83.70684475824886, "params": {"log_nD": 17.42491880337344, "log_nNe": 19.320875648850844}, "datetime": {"datetime": "2022-04-27 00:29:34", "elapsed": 19299.293562, "delta": 176.116626}}
{"target": -500.0, "params": {"log_nD": 17.18860593351109, "log_nNe": 17.663261474112332}, "datetime": {"datetime": "2022-04-27 00:30:15", "elapsed": 19340.40301, "delta": 41.109448}}
{"target": -500.0, "params": {"log_nD": 18.362596716089207, "log_nNe": 15.365052996222488}, "datetime": {"datetime": "2022-04-27 00:32:33", "elapsed": 19477.74725, "delta": 137.34424}}
{"target": -500.0, "params": {"log_nD": 19.008672957954076, "log_nNe": 15.299144173905276}, "datetime": {"datetime": "2022-04-27 00:34:30", "elapsed": 19595.459847, "delta": 117.712597}}
{"target": -82.74348165391908, "params": {"log_nD": 17.660349060119554, "log_nNe": 19.34446815333809}, "datetime": {"datetime": "2022-04-27 00:37:25", "elapsed": 19769.845781, "delta": 174.385934}}
{"target": -101.9795633341839, "params": {"log_nD": 17.49349473377722, "log_nNe": 18.658520091642004}, "datetime": {"datetime": "2022-04-27 00:40:07", "elapsed": 19931.958893, "delta": 162.113112}}
{"target": -44.97527246212811, "params": {"log_nD": 21.091615903169888, "log_nNe": 19.67747962436897}, "datetime": {"datetime": "2022-04-27 00:42:46", "elapsed": 20091.071183, "delta": 159.11229}}
{"target": -96.76002290181184, "params": {"log_nD": 17.096882522565814, "log_nNe": 19.219435630289123}, "datetime": {"datetime": "2022-04-27 00:45:30", "elapsed": 20255.376658, "delta": 164.305475}}
{"target": -95.70799091155804, "params": {"log_nD": 21.202284667237702, "log_nNe": 18.146433399746595}, "datetime": {"datetime": "2022-04-27 00:47:18", "elapsed": 20363.464868, "delta": 108.08821}}
{"target": -20.924162423564283, "params": {"log_nD": 21.355980862189437, "log_nNe": 19.34680348817083}, "datetime": {"datetime": "2022-04-27 00:49:53", "elapsed": 20517.734542, "delta": 154.269674}}
{"target": -20.05652164553069, "params": {"log_nD": 21.301541622641196, "log_nNe": 19.3371907907126}, "datetime": {"datetime": "2022-04-27 00:52:27", "elapsed": 20672.022574, "delta": 154.288032}}
{"target": -500.0, "params": {"log_nD": 22.2, "log_nNe": 15.615875056008052}, "datetime": {"datetime": "2022-04-27 00:53:10", "elapsed": 20714.916387, "delta": 42.893813}}
{"target": -114.93096846822937, "params": {"log_nD": 18.630027128199483, "log_nNe": 18.62821510668786}, "datetime": {"datetime": "2022-04-27 00:55:51", "elapsed": 20875.634283, "delta": 160.717896}}
{"target": -92.85097301201498, "params": {"log_nD": 18.066414888181004, "log_nNe": 18.905833546290488}, "datetime": {"datetime": "2022-04-27 00:58:29", "elapsed": 21034.509022, "delta": 158.874739}}
{"target": -20.068680943283066, "params": {"log_nD": 21.3409628784726, "log_nNe": 19.270791919770524}, "datetime": {"datetime": "2022-04-27 01:01:02", "elapsed": 21187.036551, "delta": 152.527529}}
{"target": -500.0, "params": {"log_nD": 19.702188986926476, "log_nNe": 20.996731349575604}, "datetime": {"datetime": "2022-04-27 01:01:34", "elapsed": 21219.274384, "delta": 32.237833}}
{"target": -500.0, "params": {"log_nD": 20.539689569852364, "log_nNe": 19.564168680548857}, "datetime": {"datetime": "2022-04-27 01:02:12", "elapsed": 21257.107168, "delta": 37.832784}}
{"target": -85.06752226609062, "params": {"log_nD": 20.443301003084546, "log_nNe": 19.23407794717241}, "datetime": {"datetime": "2022-04-27 01:04:41", "elapsed": 21406.361966, "delta": 149.254798}}
{"target": -81.17950519577549, "params": {"log_nD": 20.663485690049452, "log_nNe": 19.240048644800392}, "datetime": {"datetime": "2022-04-27 01:07:06", "elapsed": 21550.802954, "delta": 144.440988}}
{"target": -31.473626098500407, "params": {"log_nD": 20.665224023758835, "log_nNe": 19.79011019800887}, "datetime": {"datetime": "2022-04-27 01:09:49", "elapsed": 21714.063596, "delta": 163.260642}}
{"target": -30.22195072004189, "params": {"log_nD": 20.726838920255776, "log_nNe": 19.73571903249715}, "datetime": {"datetime": "2022-04-27 01:12:32", "elapsed": 21876.603423, "delta": 162.539827}}
{"target": -92.42233113454336, "params": {"log_nD": 20.590162366645323, "log_nNe": 18.895330442745973}, "datetime": {"datetime": "2022-04-27 01:14:43", "elapsed": 22008.440615, "delta": 131.837192}}
{"target": -81.58617186111903, "params": {"log_nD": 20.982426311844392, "log_nNe": 18.93798304494085}, "datetime": {"datetime": "2022-04-27 01:17:00", "elapsed": 22145.524813, "delta": 137.084198}}
{"target": -500.0, "params": {"log_nD": 19.257036687972615, "log_nNe": 18.11771012242896}, "datetime": {"datetime": "2022-04-27 01:17:59", "elapsed": 22204.006032, "delta": 58.481219}}
{"target": -500.0, "params": {"log_nD": 22.2, "log_nNe": 18.166228032993786}, "datetime": {"datetime": "2022-04-27 01:18:38", "elapsed": 22243.132655, "delta": 39.126623}}
{"target": -79.46541521766368, "params": {"log_nD": 21.244201695732627, "log_nNe": 18.59903958401242}, "datetime": {"datetime": "2022-04-27 01:20:49", "elapsed": 22373.705446, "delta": 130.572791}}
{"target": -107.51763228574126, "params": {"log_nD": 21.020636468883538, "log_nNe": 17.965391145310477}, "datetime": {"datetime": "2022-04-27 01:22:33", "elapsed": 22478.295147, "delta": 104.589701}}
{"target": -63.465193399920636, "params": {"log_nD": 20.90090492089039, "log_nNe": 19.383482951228686}, "datetime": {"datetime": "2022-04-27 01:25:01", "elapsed": 22625.714587, "delta": 147.41944}}
{"target": -204.01367764242445, "params": {"log_nD": 20.74703069111788, "log_nNe": 17.968219000682648}, "datetime": {"datetime": "2022-04-27 01:26:59", "elapsed": 22743.872311, "delta": 118.157724}}
{"target": -83.24256404220303, "params": {"log_nD": 18.250500276770463, "log_nNe": 19.348482718466457}, "datetime": {"datetime": "2022-04-27 01:29:54", "elapsed": 22919.169374, "delta": 175.297063}}
{"target": -500.0, "params": {"log_nD": 18.937899683904597, "log_nNe": 19.40849280752158}, "datetime": {"datetime": "2022-04-27 01:30:32", "elapsed": 22957.522312, "delta": 38.352938}}
{"target": -78.03583664675237, "params": {"log_nD": 18.495065440401383, "log_nNe": 19.540145481821583}, "datetime": {"datetime": "2022-04-27 01:33:27", "elapsed": 23132.51748, "delta": 174.995168}}
{"target": -83.60326460571133, "params": {"log_nD": 18.25087887286072, "log_nNe": 19.350935787006122}, "datetime": {"datetime": "2022-04-27 01:36:23", "elapsed": 23308.23682, "delta": 175.71934}}
{"target": -89.50564243911512, "params": {"log_nD": 18.736353440295275, "log_nNe": 19.105791937397}, "datetime": {"datetime": "2022-04-27 01:39:03", "elapsed": 23467.601372, "delta": 159.364552}}
{"target": -97.0368730742761, "params": {"log_nD": 17.097772137961048, "log_nNe": 19.221457164652065}, "datetime": {"datetime": "2022-04-27 01:41:44", "elapsed": 23629.035018, "delta": 161.433646}}
{"target": -86.21186584194388, "params": {"log_nD": 21.00513997011815, "log_nNe": 18.765589175829035}, "datetime": {"datetime": "2022-04-27 01:43:55", "elapsed": 23760.045773, "delta": 131.010755}}
{"target": -182.68401012092053, "params": {"log_nD": 18.24058708069236, "log_nNe": 20.3932150717597}, "datetime": {"datetime": "2022-04-27 01:47:50", "elapsed": 23994.648101, "delta": 234.602328}}
{"target": -97.32221525159449, "params": {"log_nD": 19.513715913726784, "log_nNe": 18.646942028862032}, "datetime": {"datetime": "2022-04-27 01:50:26", "elapsed": 24151.165532, "delta": 156.517431}}
{"target": -500.0, "params": {"log_nD": 17.76592498821941, "log_nNe": 16.52205976420695}, "datetime": {"datetime": "2022-04-27 01:52:49", "elapsed": 24294.335312, "delta": 143.16978}}
{"target": -98.0599862785112, "params": {"log_nD": 20.521498248499153, "log_nNe": 18.64704108006186}, "datetime": {"datetime": "2022-04-27 01:54:55", "elapsed": 24419.802393, "delta": 125.467081}}
{"target": -84.24007703775881, "params": {"log_nD": 17.94867586872211, "log_nNe": 19.30632355005675}, "datetime": {"datetime": "2022-04-27 01:57:48", "elapsed": 24593.250973, "delta": 173.44858}}
{"target": -500.0, "params": {"log_nD": 18.526398344519965, "log_nNe": 20.501855159233546}, "datetime": {"datetime": "2022-04-27 01:58:57", "elapsed": 24662.232305, "delta": 68.981332}}
{"target": -174.5986523724218, "params": {"log_nD": 17.9756660017038, "log_nNe": 20.330119394656823}, "datetime": {"datetime": "2022-04-27 02:02:17", "elapsed": 24862.243226, "delta": 200.010921}}
{"target": -72.01783622892489, "params": {"log_nD": 20.96732960442089, "log_nNe": 19.18138937161401}, "datetime": {"datetime": "2022-04-27 02:04:41", "elapsed": 25006.409803, "delta": 144.166577}}
{"target": -500.0, "params": {"log_nD": 17.092779591113818, "log_nNe": 17.80642271543813}, "datetime": {"datetime": "2022-04-27 02:05:22", "elapsed": 25047.182908, "delta": 40.773105}}
{"target": -145.43255141376594, "params": {"log_nD": 20.31249821783151, "log_nNe": 20.198437514015772}, "datetime": {"datetime": "2022-04-27 02:08:26", "elapsed": 25231.081365, "delta": 183.898457}}
{"target": -157.79293163392538, "params": {"log_nD": 20.516733456701306, "log_nNe": 20.237213347352416}, "datetime": {"datetime": "2022-04-27 02:11:34", "elapsed": 25418.739637, "delta": 187.658272}}
{"target": -120.19141904273398, "params": {"log_nD": 18.18250244453355, "log_nNe": 20.146671359580246}, "datetime": {"datetime": "2022-04-27 02:16:40", "elapsed": 25725.121767, "delta": 306.38213}}
{"target": -500.0, "params": {"log_nD": 19.670967382038775, "log_nNe": 16.638198391534093}, "datetime": {"datetime": "2022-04-27 02:18:08", "elapsed": 25813.498378, "delta": 88.376611}}
{"target": -92.78245697332324, "params": {"log_nD": 18.49682286608092, "log_nNe": 18.910049472880424}, "datetime": {"datetime": "2022-04-27 02:20:48", "elapsed": 25972.699599, "delta": 159.201221}}
{"target": -111.86906505753409, "params": {"log_nD": 17.22923984703545, "log_nNe": 18.64440501785276}, "datetime": {"datetime": "2022-04-27 02:23:30", "elapsed": 26135.479157, "delta": 162.779558}}
{"target": -45.57335927771121, "params": {"log_nD": 21.023169868931177, "log_nNe": 19.504200001096}, "datetime": {"datetime": "2022-04-27 02:26:05", "elapsed": 26289.600557, "delta": 154.1214}}
{"target": -500.0, "params": {"log_nD": 17.46071469580609, "log_nNe": 19.5611948932697}, "datetime": {"datetime": "2022-04-27 02:26:42", "elapsed": 26327.459255, "delta": 37.858698}}
{"target": -90.61392612305639, "params": {"log_nD": 17.30053858817118, "log_nNe": 19.20256817335617}, "datetime": {"datetime": "2022-04-27 02:29:26", "elapsed": 26491.199463, "delta": 163.740208}}
{"target": -500.0, "params": {"log_nD": 17.81699552016287, "log_nNe": 16.39568240992436}, "datetime": {"datetime": "2022-04-27 02:31:48", "elapsed": 26632.67813, "delta": 141.478667}}
{"target": -90.05823522273704, "params": {"log_nD": 17.582533548350494, "log_nNe": 19.252641969866453}, "datetime": {"datetime": "2022-04-27 02:34:35", "elapsed": 26799.810335, "delta": 167.132205}}
{"target": -500.0, "params": {"log_nD": 18.395062657100986, "log_nNe": 19.799926376969008}, "datetime": {"datetime": "2022-04-27 02:35:30", "elapsed": 26855.257638, "delta": 55.447303}}
{"target": -500.0, "params": {"log_nD": 21.8213393470734, "log_nNe": 16.22149444744495}, "datetime": {"datetime": "2022-04-27 02:36:07", "elapsed": 26892.16422, "delta": 36.906582}}
{"target": -500.0, "params": {"log_nD": 19.51428612568342, "log_nNe": 19.969778835113623}, "datetime": {"datetime": "2022-04-27 02:36:47", "elapsed": 26932.389727, "delta": 40.225507}}
{"target": -92.33543633698531, "params": {"log_nD": 19.726226863494745, "log_nNe": 18.986479782688736}, "datetime": {"datetime": "2022-04-27 02:39:24", "elapsed": 27089.100986, "delta": 156.711259}}
{"target": -95.03398789031726, "params": {"log_nD": 17.90329978838146, "log_nNe": 18.761833004761897}, "datetime": {"datetime": "2022-04-27 02:42:05", "elapsed": 27250.074443, "delta": 160.973457}}
{"target": -56.5521400503536, "params": {"log_nD": 21.137616011144544, "log_nNe": 19.24826018874149}, "datetime": {"datetime": "2022-04-27 02:44:35", "elapsed": 27399.734962, "delta": 149.660519}}
{"target": -500.0, "params": {"log_nD": 22.106754504678136, "log_nNe": 16.44387388141387}, "datetime": {"datetime": "2022-04-27 02:45:32", "elapsed": 27456.922116, "delta": 57.187154}}
{"target": -500.0, "params": {"log_nD": 21.380827977671984, "log_nNe": 17.627981211921785}, "datetime": {"datetime": "2022-04-27 02:46:10", "elapsed": 27494.982336, "delta": 38.06022}}
{"target": -174.50964806675856, "params": {"log_nD": 17.0, "log_nNe": 20.32911229830706}, "datetime": {"datetime": "2022-04-27 02:49:29", "elapsed": 27693.821853, "delta": 198.839517}}
{"target": -500.0, "params": {"log_nD": 22.191911981744084, "log_nNe": 20.138306432778904}, "datetime": {"datetime": "2022-04-27 02:50:27", "elapsed": 27751.619845, "delta": 57.797992}}
{"target": -500.0, "params": {"log_nD": 18.19485260575716, "log_nNe": 20.9400236559435}, "datetime": {"datetime": "2022-04-27 08:13:32", "elapsed": 47137.491482, "delta": 19385.871637}}
{"target": -500.0, "params": {"log_nD": 19.78565609682373, "log_nNe": 15.0}, "datetime": {"datetime": "2022-04-27 08:15:00", "elapsed": 47225.407484, "delta": 87.916002}}
{"target": -83.95163128351892, "params": {"log_nD": 21.1337775410584, "log_nNe": 18.653614969411638}, "datetime": {"datetime": "2022-04-27 08:17:09", "elapsed": 47354.247165, "delta": 128.839681}}
{"target": -85.69064833347129, "params": {"log_nD": 21.262153661622126, "log_nNe": 18.38147429405595}, "datetime": {"datetime": "2022-04-27 08:19:12", "elapsed": 47477.300659, "delta": 123.053494}}
{"target": -87.86997474375515, "params": {"log_nD": 18.552033209743378, "log_nNe": 19.45910517220079}, "datetime": {"datetime": "2022-04-27 08:22:08", "elapsed": 47652.940505, "delta": 175.639846}}
{"target": -84.72382791243793, "params": {"log_nD": 17.787030536251805, "log_nNe": 19.296575093397408}, "datetime": {"datetime": "2022-04-27 08:25:00", "elapsed": 47825.378798, "delta": 172.438293}}
{"target": -103.97868998106344, "params": {"log_nD": 20.680897134253872, "log_nNe": 18.308579276422392}, "datetime": {"datetime": "2022-04-27 08:26:59", "elapsed": 47943.673692, "delta": 118.294894}}
{"target": -91.30718936118593, "params": {"log_nD": 18.603504083226532, "log_nNe": 19.188117909805385}, "datetime": {"datetime": "2022-04-27 08:29:41", "elapsed": 48106.112594, "delta": 162.438902}}
{"target": -62.60238554478628, "params": {"log_nD": 21.248628170930207, "log_nNe": 18.9838063060835}, "datetime": {"datetime": "2022-04-27 08:32:05", "elapsed": 48250.53225, "delta": 144.419656}}
{"target": -500.0, "params": {"log_nD": 20.756549270987094, "log_nNe": 16.803093192121974}, "datetime": {"datetime": "2022-04-27 08:32:58", "elapsed": 48302.674991, "delta": 52.142741}}
{"target": -103.22712015099548, "params": {"log_nD": 21.52858306386784, "log_nNe": 19.689960682308296}, "datetime": {"datetime": "2022-04-27 08:36:33", "elapsed": 48517.874378, "delta": 215.199387}}
{"target": -88.69055326085942, "params": {"log_nD": 18.100782241434064, "log_nNe": 19.139760138276788}, "datetime": {"datetime": "2022-04-27 08:39:12", "elapsed": 48676.994293, "delta": 159.119915}}
{"target": -94.64511513105498, "params": {"log_nD": 17.095205937574253, "log_nNe": 18.788903100928245}, "datetime": {"datetime": "2022-04-27 08:41:51", "elapsed": 48836.47612, "delta": 159.481827}}
{"target": -203.74548010253403, "params": {"log_nD": 19.95864751724069, "log_nNe": 18.331310462601287}, "datetime": {"datetime": "2022-04-27 08:44:25", "elapsed": 48989.819975, "delta": 153.343855}}
{"target": -500.0, "params": {"log_nD": 21.725064114447914, "log_nNe": 15.013748714188575}, "datetime": {"datetime": "2022-04-27 08:45:03", "elapsed": 49027.745262, "delta": 37.925287}}
{"target": -93.06901213663318, "params": {"log_nD": 17.425885646865517, "log_nNe": 18.89088494380829}, "datetime": {"datetime": "2022-04-27 08:47:42", "elapsed": 49186.602017, "delta": 158.856755}}
{"target": -32.71533228507259, "params": {"log_nD": 21.143355625301552, "log_nNe": 19.58950162257736}, "datetime": {"datetime": "2022-04-27 08:50:21", "elapsed": 49345.991125, "delta": 159.389108}}
