{"target": -86.2746544652648, "params": {"log_nD": 20.986690199278993, "log_nNe": 19.86763244402882}, "datetime": {"datetime": "2022-04-27 08:53:06", "elapsed": 49511.464201, "delta": 165.473076}}
{"target": -98.97546871910112, "params": {"log_nD": 19.747404919462483, "log_nNe": 18.601137612054526}, "datetime": {"datetime": "2022-04-27 08:55:42", "elapsed": 49667.098536, "delta": 155.634335}}
{"target": -21.523080655487597, "params": {"log_nD": 21.268417671978032, "log_nNe": 19.398067062334864}, "datetime": {"datetime": "2022-04-27 08:58:19", "elapsed": 49823.977314, "delta": 156.878778}}
{"target": -195.7356986174781, "params": {"log_nD": 19.03693745376518, "log_nNe": 18.537058966580936}, "datetime": {"datetime": "2022-04-27 09:01:06", "elapsed": 49991.485067, "delta": 167.507753}}
{"target": -105.49911687308091, "params": {"log_nD": 21.41800437703153, "log_nNe": 19.852132518934585}, "datetime": {"datetime": "2022-04-27 09:04:25", "elapsed": 50190.466874, "delta": 198.981807}}
{"target": -22.370250005709426, "params": {"log_nD": 20.816481574571053, "log_nNe": 19.693462808930814}, "datetime": {"datetime": "2022-04-27 09:07:06", "elapsed": 50351.293542, "delta": 160.826668}}
{"target": -46.43497951677755, "params": {"log_nD": 21.276796041406143, "log_nNe": 19.161733307355384}, "datetime": {"datetime": "2022-04-27 09:09:34", "elapsed": 50499.201911, "delta": 147.908369}}
{"target": -500.0, "params": {"log_nD": 21.25681979581709, "log_nNe": 15.99288477047379}, "datetime": {"datetime": "2022-04-27 09:10:16", "elapsed": 50540.589818, "delta": 41.387907}}
{"target": -92.84841493308186, "params": {"log_nD": 19.54166546532908, "log_nNe": 18.942646218881457}, "datetime": {"datetime": "2022-04-27 09:12:54", "elapsed": 50698.721514, "delta": 158.131696}}
{"target": -58.68341150972926, "params": {"log_nD": 21.379271578467442, "log_nNe": 18.80012149011913}, "datetime": {"datetime": "2022-04-27 09:15:14", "elapsed": 50839.113038, "delta": 140.391524}}
{"target": -158.28419312598115, "params": {"log_nD": 18.1179068152815, "log_nNe": 20.25101957531941}, "datetime": {"datetime": "2022-04-27 09:18:31", "elapsed": 51036.273366, "delta": 197.160328}}
{"target": -88.92505527864648, "params": {"log_nD": 20.793964032295914, "log_nNe": 18.898088078367778}, "datetime": {"datetime": "2022-04-27 09:20:44", "elapsed": 51168.635237, "delta": 132.361871}}
{"target": -500.0, "params": {"log_nD": 19.494986166201645, "log_nNe": 15.344888459272358}, "datetime": {"datetime": "2022-04-27 09:22:21", "elapsed": 51266.144947, "delta": 97.50971}}
{"target": -500.0, "params": {"log_nD": 18.75918543411726, "log_nNe": 19.854126806120277}, "datetime": {"datetime": "2022-04-27 09:22:59", "elapsed": 51304.264408, "delta": 38.119461}}
{"target": -153.72794710151447, "params": {"log_nD": 21.240345869556567, "log_nNe": 20.158660207976993}, "datetime": {"datetime": "2022-04-27 09:26:30", "elapsed": 51515.508329, "delta": 211.243921}}
{"target": -500.0, "params": {"log_nD": 21.716000712041577, "log_nNe": 20.999764999497852}, "datetime": {"datetime": "2022-04-27 09:27:03", "elapsed": 51547.703112, "delta": 32.194783}}
{"target": -500.0, "params": {"log_nD": 20.026961508282632, "log_nNe": 15.808061068700976}, "datetime": {"datetime": "2022-04-27 09:28:21", "elapsed": 51626.018643, "delta": 78.315531}}
{"target": -92.48673267193277, "params": {"log_nD": 19.204268448141875, "log_nNe": 18.94403838998598}, "datetime": {"datetime": "2022-04-27 09:31:00", "elapsed": 51784.910303, "delta": 158.89166}}
{"target": -118.34072008841615, "params": {"log_nD": 20.4615612989286, "log_nNe": 19.350326797691196}, "datetime": {"datetime": "2022-04-27 09:33:35", "elapsed": 51939.842978, "delta": 154.932675}}
{"target": -33.31065680485694, "params": {"log_nD": 21.309348819166896, "log_nNe": 19.466314148250984}, "datetime": {"datetime": "2022-04-27 09:36:16", "elapsed": 52101.451569, "delta": 161.608591}}
{"target": -139.8910922663815, "params": {"log_nD": 17.702538144262416, "log_nNe": 20.192685621910346}, "datetime": {"datetime": "2022-04-27 09:39:41", "elapsed": 52306.233335, "delta": 204.781766}}
{"target": -131.46310140786684, "params": {"log_nD": 17.328838965460562, "log_nNe": 20.176412306834614}, "datetime": {"datetime": "2022-04-27 09:42:57", "elapsed": 52502.100372, "delta": 195.867037}}
{"target": -106.06847561893083, "params": {"log_nD": 17.07364941961079, "log_nNe": 20.108164546262678}, "datetime": {"datetime": "2022-04-27 09:46:14", "elapsed": 52699.166717, "delta": 197.066345}}
{"target": -94.34714352206048, "params": {"log_nD": 20.17101846238283, "log_nNe": 18.89370567452111}, "datetime": {"datetime": "2022-04-27 09:48:47", "elapsed": 52852.024576, "delta": 152.857859}}
{"target": -142.44456261441286, "params": {"log_nD": 17.15929219682313, "log_nNe": 20.199012713645203}, "datetime": {"datetime": "2022-04-27 09:52:16", "elapsed": 53060.809957, "delta": 208.785381}}
{"target": -150.3316416125869, "params": {"log_nD": 19.948317115496295, "log_nNe": 20.217710130265182}, "datetime": {"datetime": "2022-04-27 09:55:50", "elapsed": 53274.894725, "delta": 214.084768}}
{"target": -73.47864507502811, "params": {"log_nD": 20.811011940425168, "log_nNe": 19.2861839173419}, "datetime": {"datetime": "2022-04-27 09:58:27", "elapsed": 53431.61016, "delta": 156.715435}}
{"target": -500.0, "params": {"log_nD": 17.70150389198223, "log_nNe": 16.52407247682963}, "datetime": {"datetime": "2022-04-27 10:00:58", "elapsed": 53583.490408, "delta": 151.880248}}
{"target": -21.664306184615878, "params": {"log_nD": 21.444445591764726, "log_nNe": 19.142484536816596}, "datetime": {"datetime": "2022-04-27 10:03:40", "elapsed": 53745.471077, "delta": 161.980669}}
{"target": -24.25187324997909, "params": {"log_nD": 21.437942613770936, "log_nNe": 19.08055981392011}, "datetime": {"datetime": "2022-04-27 10:06:14", "elapsed": 53898.615926, "delta": 153.144849}}
{"target": -119.86502051359498, "params": {"log_nD": 20.44107536251992, "log_nNe": 18.247296854881604}, "datetime": {"datetime": "2022-04-27 10:08:26", "elapsed": 54031.224321, "delta": 132.608395}}
{"target": -500.0, "params": {"log_nD": 17.482130144827327, "log_nNe": 18.446419448953105}, "datetime": {"datetime": "2022-04-27 10:09:10", "elapsed": 54074.847334, "delta": 43.623013}}
{"target": -95.43353270286435, "params": {"log_nD": 17.678920661154844, "log_nNe": 18.73791392551059}, "datetime": {"datetime": "2022-04-27 10:11:57", "elapsed": 54242.43383, "delta": 167.586496}}
{"target": -500.0, "params": {"log_nD": 17.966606178934438, "log_nNe": 17.674455130905237}, "datetime": {"datetime": "2022-04-27 10:12:43", "elapsed": 54287.824535, "delta": 45.390705}}
{"target": -95.33262246694842, "params": {"log_nD": 17.39510779841856, "log_nNe": 18.74208652106347}, "datetime": {"datetime": "2022-04-27 10:15:39", "elapsed": 54464.179205, "delta": 176.35467}}
{"target": -105.80377496860625, "params": {"log_nD": 20.439279493568936, "log_nNe": 20.06983047449016}, "datetime": {"datetime": "2022-04-27 10:20:52", "elapsed": 54776.711361, "delta": 312.532156}}
{"target": -108.85577924600074, "params": {"log_nD": 17.526578793849424, "log_nNe": 20.115528812441628}, "datetime": {"datetime": "2022-04-27 10:24:06", "elapsed": 54970.910154, "delta": 194.198793}}
{"target": -93.91082442241452, "params": {"log_nD": 20.91255914123546, "log_nNe": 18.58313363213236}, "datetime": {"datetime": "2022-04-27 10:26:13", "elapsed": 55098.551066, "delta": 127.640912}}
{"target": -500.0, "params": {"log_nD": 17.412036751011357, "log_nNe": 15.422073643909602}, "datetime": {"datetime": "2022-04-27 10:28:45", "elapsed": 55249.720379, "delta": 151.169313}}
{"target": -212.7094978152243, "params": {"log_nD": 20.44805188996362, "log_nNe": 17.941822915705327}, "datetime": {"datetime": "2022-04-27 10:31:17", "elapsed": 55401.897911, "delta": 152.177532}}
{"target": -500.0, "params": {"log_nD": 19.036894986232188, "log_nNe": 16.451620196114664}, "datetime": {"datetime": "2022-04-27 10:33:23", "elapsed": 55528.256278, "delta": 126.358367}}
{"target": -160.44156608533302, "params": {"log_nD": 17.504611784599003, "log_nNe": 20.261473868074987}, "datetime": {"datetime": "2022-04-27 10:36:59", "elapsed": 55743.985691, "delta": 215.729413}}
{"target": -93.502021273847, "params": {"log_nD": 17.002707545117882, "log_nNe": 19.2426292299459}, "datetime": {"datetime": "2022-04-27 10:39:53", "elapsed": 55918.142254, "delta": 174.156563}}
{"target": -87.62863626182963, "params": {"log_nD": 18.378779265037313, "log_nNe": 19.455168047326406}, "datetime": {"datetime": "2022-04-27 10:43:10", "elapsed": 56115.095083, "delta": 196.952829}}
{"target": -169.7741678476867, "params": {"log_nD": 21.123597251953548, "log_nNe": 20.248523425039586}, "datetime": {"datetime": "2022-04-27 10:47:27", "elapsed": 56372.219134, "delta": 257.124051}}
{"target": -147.33987488321782, "params": {"log_nD": 18.317564421352706, "log_nNe": 20.20948080221394}, "datetime": {"datetime": "2022-04-27 10:50:48", "elapsed": 56573.427732, "delta": 201.208598}}
{"target": -500.0, "params": {"log_nD": 20.438906444173732, "log_nNe": 17.43389859711213}, "datetime": {"datetime": "2022-04-27 10:51:52", "elapsed": 56637.207647, "delta": 63.779915}}
{"target": -500.0, "params": {"log_nD": 18.31713696182262, "log_nNe": 16.981946501363414}, "datetime": {"datetime": "2022-04-27 10:54:12", "elapsed": 56777.12703, "delta": 139.919383}}
{"target": -500.0, "params": {"log_nD": 18.861051503216864, "log_nNe": 18.022782239783687}, "datetime": {"datetime": "2022-04-27 10:54:56", "elapsed": 56820.559414, "delta": 43.432384}}
{"target": -59.801175220049124, "params": {"log_nD": 20.458885277998444, "log_nNe": 19.822036921145987}, "datetime": {"datetime": "2022-04-27 10:57:47", "elapsed": 56992.394073, "delta": 171.834659}}
{"target": -102.23284733045355, "params": {"log_nD": 21.174247718710433, "log_nNe": 17.957878015632573}, "datetime": {"datetime": "2022-04-27 10:59:27", "elapsed": 57092.390679, "delta": 99.996606}}
{"target": -92.04840106856032, "params": {"log_nD": 17.435052399411088, "log_nNe": 19.20535490627206}, "datetime": {"datetime": "2022-04-27 11:02:18", "elapsed": 57263.471987, "delta": 171.081308}}
{"target": -90.38717762806213, "params": {"log_nD": 17.711380991151568, "log_nNe": 19.05280667003997}, "datetime": {"datetime": "2022-04-27 11:05:08", "elapsed": 57432.649871, "delta": 169.177884}}
{"target": -20.30574740932633, "params": {"log_nD": 21.40327310112015, "log_nNe": 19.209674029053676}, "datetime": {"datetime": "2022-04-27 11:07:49", "elapsed": 57594.300838, "delta": 161.650967}}
{"target": -500.0, "params": {"log_nD": 21.668287034691062, "log_nNe": 17.986352672958706}, "datetime": {"datetime": "2022-04-27 11:08:29", "elapsed": 57634.014295, "delta": 39.713457}}
{"target": -65.0173783671537, "params": {"log_nD": 21.394893143736418, "log_nNe": 18.646653993043966}, "datetime": {"datetime": "2022-04-27 11:10:58", "elapsed": 57782.863155, "delta": 148.84886}}
{"target": -90.38112646658453, "params": {"log_nD": 17.34614363015097, "log_nNe": 19.056071170083325}, "datetime": {"datetime": "2022-04-27 11:13:55", "elapsed": 57960.233469, "delta": 177.370314}}
{"target": -70.79866572462353, "params": {"log_nD": 21.305660034016523, "log_nNe": 18.7087647414018}, "datetime": {"datetime": "2022-04-27 11:16:16", "elapsed": 58100.890468, "delta": 140.656999}}
{"target": -500.0, "params": {"log_nD": 22.19422168192761, "log_nNe": 17.38128446736188}, "datetime": {"datetime": "2022-04-27 11:16:59", "elapsed": 58144.284237, "delta": 43.393769}}
{"target": -500.0, "params": {"log_nD": 22.19575951394037, "log_nNe": 18.678112290414948}, "datetime": {"datetime": "2022-04-27 11:17:43", "elapsed": 58187.940672, "delta": 43.656435}}
{"target": -153.80545272349988, "params": {"log_nD": 19.348268227225706, "log_nNe": 20.23199471800245}, "datetime": {"datetime": "2022-04-27 11:21:19", "elapsed": 58404.455066, "delta": 216.514394}}
{"target": -215.07125697130488, "params": {"log_nD": 20.905282937476994, "log_nNe": 17.803808518034135}, "datetime": {"datetime": "2022-04-27 11:23:26", "elapsed": 58531.106103, "delta": 126.651037}}
{"target": -155.58356124254635, "params": {"log_nD": 19.108605305845185, "log_nNe": 20.239806198969777}, "datetime": {"datetime": "2022-04-27 11:26:30", "elapsed": 58714.799179, "delta": 183.693076}}
{"target": -91.0680279720522, "params": {"log_nD": 20.40655507114984, "log_nNe": 19.014478877369577}, "datetime": {"datetime": "2022-04-27 11:29:03", "elapsed": 58868.229327, "delta": 153.430148}}
{"target": -89.25323860353281, "params": {"log_nD": 19.855927612356673, "log_nNe": 19.142036193612633}, "datetime": {"datetime": "2022-04-27 11:31:53", "elapsed": 59038.391821, "delta": 170.162494}}
{"target": -91.14936801928539, "params": {"log_nD": 20.070804893441363, "log_nNe": 19.11061190169523}, "datetime": {"datetime": "2022-04-27 11:34:32", "elapsed": 59197.308568, "delta": 158.916747}}
{"target": -98.9798313162621, "params": {"log_nD": 20.904348089103152, "log_nNe": 18.360216493607094}, "datetime": {"datetime": "2022-04-27 11:36:25", "elapsed": 59310.31526, "delta": 113.006692}}
{"target": -96.99047145133422, "params": {"log_nD": 18.784019844884217, "log_nNe": 18.673267136091773}, "datetime": {"datetime": "2022-04-27 11:39:12", "elapsed": 59476.711597, "delta": 166.396337}}
{"target": -24.21184058153839, "params": {"log_nD": 20.871652254946287, "log_nNe": 19.68210222421969}, "datetime": {"datetime": "2022-04-27 11:42:00", "elapsed": 59645.272494, "delta": 168.560897}}
{"target": -95.12091769207332, "params": {"log_nD": 18.603134860175256, "log_nNe": 18.756384901053373}, "datetime": {"datetime": "2022-04-27 11:44:46", "elapsed": 59811.187335, "delta": 165.914841}}
{"target": -20.235752655333105, "params": {"log_nD": 21.333879481361727, "log_nNe": 19.30749919031277}, "datetime": {"datetime": "2022-04-27 11:47:22", "elapsed": 59967.48346, "delta": 156.296125}}
{"target": -22.248907516314553, "params": {"log_nD": 21.230838625901526, "log_nNe": 19.357187586973442}, "datetime": {"datetime": "2022-04-27 11:50:02", "elapsed": 60127.48185, "delta": 159.99839}}
{"target": -95.3498880086228, "params": {"log_nD": 17.394574409857032, "log_nNe": 18.74131949608228}, "datetime": {"datetime": "2022-04-27 11:52:47", "elapsed": 60292.028978, "delta": 164.547128}}
{"target": -25.80224841429859, "params": {"log_nD": 21.402411722982404, "log_nNe": 19.33006612494419}, "datetime": {"datetime": "2022-04-27 11:55:29", "elapsed": 60454.352155, "delta": 162.323177}}
{"target": -22.531872494026853, "params": {"log_nD": 21.26059110554554, "log_nNe": 19.324624228720612}, "datetime": {"datetime": "2022-04-27 11:58:08", "elapsed": 60612.645809, "delta": 158.293654}}
{"target": -500.0, "params": {"log_nD": 17.354262539564356, "log_nNe": 16.98846317804518}, "datetime": {"datetime": "2022-04-27 12:00:35", "elapsed": 60759.763869, "delta": 147.11806}}
{"target": -500.0, "params": {"log_nD": 20.768802580722927, "log_nNe": 20.827739856813764}, "datetime": {"datetime": "2022-04-27 12:01:11", "elapsed": 60795.988308, "delta": 36.224439}}
{"target": -500.0, "params": {"log_nD": 19.105538449707293, "log_nNe": 16.509946605850107}, "datetime": {"datetime": "2022-04-27 12:03:09", "elapsed": 60914.215456, "delta": 118.227148}}
{"target": -500.0, "params": {"log_nD": 20.69343905782018, "log_nNe": 16.338506825227732}, "datetime": {"datetime": "2022-04-27 12:04:08", "elapsed": 60972.719051, "delta": 58.503595}}
{"target": -84.68220131262125, "params": {"log_nD": 20.537160874339932, "log_nNe": 19.27807006726172}, "datetime": {"datetime": "2022-04-27 12:06:41", "elapsed": 61125.591125, "delta": 152.872074}}
{"target": -75.38601893269492, "params": {"log_nD": 21.356603946724114, "log_nNe": 18.49355872523962}, "datetime": {"datetime": "2022-04-27 12:08:55", "elapsed": 61259.667425, "delta": 134.0763}}
