{"target": -42.386332467299425, "params": {"log_nD": 19.635586124108478, "log_nNe": 18.172882719163166}, "datetime": {"datetime": "2022-04-20 09:48:21", "elapsed": 36720.796794, "delta": 45.225924}}
{"target": -11.68702339283258, "params": {"log_nD": 21.38854336819167, "log_nNe": 18.5009388430423}, "datetime": {"datetime": "2022-04-20 09:49:04", "elapsed": 36763.282886, "delta": 42.486092}}
{"target": -11.847853450024013, "params": {"log_nD": 21.03768631197156, "log_nNe": 18.156213723886278}, "datetime": {"datetime": "2022-04-20 09:49:52", "elapsed": 36811.460755, "delta": 48.177869}}
{"target": -148.35861705277327, "params": {"log_nD": 19.0, "log_nNe": 16.71096262256111}, "datetime": {"datetime": "2022-04-20 09:50:37", "elapsed": 36856.844864, "delta": 45.384109}}
{"target": -129.06630934496118, "params": {"log_nD": 21.256931594540692, "log_nNe": 16.207529379297934}, "datetime": {"datetime": "2022-04-20 09:51:18", "elapsed": 36897.739808, "delta": 40.894944}}
{"target": -11.143234331392035, "params": {"log_nD": 21.616789042169877, "log_nNe": 18.659912639382714}, "datetime": {"datetime": "2022-04-20 09:52:02", "elapsed": 36941.885385, "delta": 44.145577}}
{"target": -8.40627084581295, "params": {"log_nD": 21.73144811756126, "log_nNe": 18.293768525349883}, "datetime": {"datetime": "2022-04-20 09:52:46", "elapsed": 36985.392231, "delta": 43.506846}}
{"target": -0.030232530714531646, "params": {"log_nD": 22.0772535038261, "log_nNe": 16.81708301893698}, "datetime": {"datetime": "2022-04-20 09:53:26", "elapsed": 37025.117264, "delta": 39.725033}}
{"target": -0.1684301704320183, "params": {"log_nD": 21.90932958897207, "log_nNe": 16.960502460302852}, "datetime": {"datetime": "2022-04-20 09:54:05", "elapsed": 37064.673889, "delta": 39.556625}}
{"target": -15.134377924403996, "params": {"log_nD": 20.895337057226094, "log_nNe": 18.99765723164799}, "datetime": {"datetime": "2022-04-20 09:54:50", "elapsed": 37109.482114, "delta": 44.808225}}
{"target": -1.617736676529406, "params": {"log_nD": 21.925800027889768, "log_nNe": 17.487261754399903}, "datetime": {"datetime": "2022-04-20 09:55:32", "elapsed": 37151.836709, "delta": 42.354595}}
{"target": -22.76329268651774, "params": {"log_nD": 20.250320414605987, "log_nNe": 18.74366632728799}, "datetime": {"datetime": "2022-04-20 09:56:20", "elapsed": 37200.083668, "delta": 48.246959}}
{"target": -0.013741051718203615, "params": {"log_nD": 22.097658120698522, "log_nNe": 16.681081240594324}, "datetime": {"datetime": "2022-04-20 09:57:04", "elapsed": 37243.135102, "delta": 43.051434}}
{"target": -12.682369389186428, "params": {"log_nD": 21.100955152168208, "log_nNe": 18.443865692511217}, "datetime": {"datetime": "2022-04-20 09:57:50", "elapsed": 37289.948019, "delta": 46.812917}}
{"target": -9.810559774271438, "params": {"log_nD": 21.79875318936467, "log_nNe": 18.543451684269364}, "datetime": {"datetime": "2022-04-20 09:58:32", "elapsed": 37331.90975, "delta": 41.961731}}
{"target": -145.2575500831337, "params": {"log_nD": 19.889436224965838, "log_nNe": 15.785691258793557}, "datetime": {"datetime": "2022-04-20 09:59:14", "elapsed": 37373.68114, "delta": 41.77139}}
{"target": -45.15291530358612, "params": {"log_nD": 19.49440783680384, "log_nNe": 17.965097981605307}, "datetime": {"datetime": "2022-04-20 09:59:58", "elapsed": 37417.616618, "delta": 43.935478}}
{"target": -1.27036401622856, "params": {"log_nD": 21.825023008393952, "log_nNe": 17.310978526176623}, "datetime": {"datetime": "2022-04-20 10:00:53", "elapsed": 37472.315306, "delta": 54.698688}}
{"target": -9.042706406091957, "params": {"log_nD": 21.89287516122078, "log_nNe": 18.406619452353375}, "datetime": {"datetime": "2022-04-20 10:01:37", "elapsed": 37516.126722, "delta": 43.811416}}
{"target": -0.40069304603079897, "params": {"log_nD": 21.904683803687814, "log_nNe": 17.183389975805923}, "datetime": {"datetime": "2022-04-20 10:02:18", "elapsed": 37557.643345, "delta": 41.516623}}
{"target": -7.564779567325844, "params": {"log_nD": 21.846419338883056, "log_nNe": 18.32763075198477}, "datetime": {"datetime": "2022-04-20 10:03:02", "elapsed": 37601.731784, "delta": 44.088439}}
{"target": -4.218539979296047, "params": {"log_nD": 21.9392077290229, "log_nNe": 17.919847547434067}, "datetime": {"datetime": "2022-04-20 10:03:45", "elapsed": 37644.804885, "delta": 43.073101}}
{"target": -7.1587754909561765, "params": {"log_nD": 21.42279465029201, "log_nNe": 17.613087419643325}, "datetime": {"datetime": "2022-04-20 10:04:27", "elapsed": 37686.303344, "delta": 41.498459}}
{"target": -11.334260031990134, "params": {"log_nD": 21.306256861851534, "log_nNe": 18.290129898231406}, "datetime": {"datetime": "2022-04-20 10:05:15", "elapsed": 37734.397113, "delta": 48.093769}}
{"target": -0.15734924502096723, "params": {"log_nD": 21.922050337480268, "log_nNe": 16.89686954576748}, "datetime": {"datetime": "2022-04-20 10:05:58", "elapsed": 37777.722201, "delta": 43.325088}}
{"target": -131.71008129258433, "params": {"log_nD": 19.75117397527795, "log_nNe": 18.956042775227708}, "datetime": {"datetime": "2022-04-20 10:06:47", "elapsed": 37826.605702, "delta": 48.883501}}
{"target": -0.7931877001069565, "params": {"log_nD": 22.023280929297787, "log_nNe": 17.327766211331046}, "datetime": {"datetime": "2022-04-20 10:07:29", "elapsed": 37869.058269, "delta": 42.452567}}
{"target": -18.182902588933075, "params": {"log_nD": 20.37999000824257, "log_nNe": 18.48926029662048}, "datetime": {"datetime": "2022-04-20 10:08:17", "elapsed": 37916.878983, "delta": 47.820714}}
{"target": -0.9179547020664428, "params": {"log_nD": 21.98528488882821, "log_nNe": 17.376147686967894}, "datetime": {"datetime": "2022-04-20 10:09:00", "elapsed": 37959.371988, "delta": 42.493005}}
{"target": -1.205296570310504, "params": {"log_nD": 21.983524983965104, "log_nNe": 17.444425513770742}, "datetime": {"datetime": "2022-04-20 10:09:43", "elapsed": 38002.306016, "delta": 42.934028}}
{"target": -106.39510263628353, "params": {"log_nD": 21.7962980751824, "log_nNe": 16.48520899764296}, "datetime": {"datetime": "2022-04-20 10:10:23", "elapsed": 38042.856219, "delta": 40.550203}}
{"target": -134.93225244936468, "params": {"log_nD": 20.482462003795977, "log_nNe": 17.20044023894619}, "datetime": {"datetime": "2022-04-20 10:11:04", "elapsed": 38083.25682, "delta": 40.400601}}
{"target": -1.2491728436271932, "params": {"log_nD": 21.90026644731168, "log_nNe": 16.717481681834034}, "datetime": {"datetime": "2022-04-20 10:11:43", "elapsed": 38122.622215, "delta": 39.365395}}
{"target": -0.7524279208959553, "params": {"log_nD": 21.895028952157215, "log_nNe": 16.818236699956266}, "datetime": {"datetime": "2022-04-20 10:12:23", "elapsed": 38162.406241, "delta": 39.784026}}
{"target": -13.498025242565543, "params": {"log_nD": 21.30771081804364, "log_nNe": 18.89344275668737}, "datetime": {"datetime": "2022-04-20 10:13:06", "elapsed": 38205.298739, "delta": 42.892498}}
{"target": -110.88336552052985, "params": {"log_nD": 20.76013189068391, "log_nNe": 17.904058622683202}, "datetime": {"datetime": "2022-04-20 10:13:47", "elapsed": 38246.876767, "delta": 41.578028}}
{"target": -12.24349271767011, "params": {"log_nD": 20.63789801259259, "log_nNe": 18.175637506876203}, "datetime": {"datetime": "2022-04-20 10:14:29", "elapsed": 38288.121861, "delta": 41.245094}}
{"target": -12.011327148147398, "params": {"log_nD": 20.770388257048545, "log_nNe": 18.1164028147698}, "datetime": {"datetime": "2022-04-20 10:15:10", "elapsed": 38329.989092, "delta": 41.867231}}
{"target": -11.683675032360851, "params": {"log_nD": 20.943185563352078, "log_nNe": 18.06494652886557}, "datetime": {"datetime": "2022-04-20 10:15:52", "elapsed": 38371.756461, "delta": 41.767369}}
{"target": -17.11491189812987, "params": {"log_nD": 20.39458965322405, "log_nNe": 18.20280400938272}, "datetime": {"datetime": "2022-04-20 10:16:34", "elapsed": 38414.059081, "delta": 42.30262}}
{"target": -48.733450233622676, "params": {"log_nD": 19.179643432806067, "log_nNe": 18.110706731908685}, "datetime": {"datetime": "2022-04-20 10:17:19", "elapsed": 38459.072667, "delta": 45.013586}}
{"target": -0.045810314204424676, "params": {"log_nD": 22.133222310392174, "log_nNe": 16.912152050567034}, "datetime": {"datetime": "2022-04-20 10:18:13", "elapsed": 38512.405727, "delta": 53.33306}}
{"target": -0.43651623996994376, "params": {"log_nD": 22.029490413094173, "log_nNe": 17.154513805896098}, "datetime": {"datetime": "2022-04-20 10:18:53", "elapsed": 38552.620577, "delta": 40.21485}}
{"target": -147.50599303568208, "params": {"log_nD": 19.2573734663467, "log_nNe": 15.675606360087883}, "datetime": {"datetime": "2022-04-20 10:19:38", "elapsed": 38597.111288, "delta": 44.490711}}
{"target": -14.351256025172408, "params": {"log_nD": 20.798392442862465, "log_nNe": 18.772690641980763}, "datetime": {"datetime": "2022-04-20 10:20:22", "elapsed": 38641.270558, "delta": 44.15927}}
{"target": -0.25886787171875536, "params": {"log_nD": 22.048281889358734, "log_nNe": 16.94198164930594}, "datetime": {"datetime": "2022-04-20 10:21:02", "elapsed": 38681.975236, "delta": 40.704678}}
{"target": -0.1039418374352501, "params": {"log_nD": 21.951003883455776, "log_nNe": 16.98860071422939}, "datetime": {"datetime": "2022-04-20 10:21:43", "elapsed": 38722.446266, "delta": 40.47103}}
{"target": -8.932576016546932, "params": {"log_nD": 21.54183526152312, "log_nNe": 18.098849116127713}, "datetime": {"datetime": "2022-04-20 10:22:28", "elapsed": 38767.795449, "delta": 45.349183}}
{"target": -16.863966797397914, "params": {"log_nD": 20.641585619104784, "log_nNe": 19.0}, "datetime": {"datetime": "2022-04-20 10:23:13", "elapsed": 38812.772997, "delta": 44.977548}}
{"target": -5.723388565307023, "params": {"log_nD": 21.655118965161666, "log_nNe": 17.71601512178329}, "datetime": {"datetime": "2022-04-20 10:24:02", "elapsed": 38861.739272, "delta": 48.966275}}
{"target": -3.4706778851017925, "params": {"log_nD": 21.78634652785132, "log_nNe": 17.586328908195636}, "datetime": {"datetime": "2022-04-20 10:24:49", "elapsed": 38908.223631, "delta": 46.484359}}
{"target": -0.6767803288466682, "params": {"log_nD": 22.040515066785844, "log_nNe": 17.222020074249983}, "datetime": {"datetime": "2022-04-20 10:25:32", "elapsed": 38952.077388, "delta": 43.853757}}
{"target": -4.628384864929213, "params": {"log_nD": 21.61261134386032, "log_nNe": 17.505514574194}, "datetime": {"datetime": "2022-04-20 10:26:17", "elapsed": 38996.499542, "delta": 44.422154}}
{"target": -0.09561532897138592, "params": {"log_nD": 21.959025489926255, "log_nNe": 16.80412378488611}, "datetime": {"datetime": "2022-04-20 10:26:59", "elapsed": 39038.759538, "delta": 42.259996}}
{"target": -0.41870616181466414, "params": {"log_nD": 21.848177721974768, "log_nNe": 17.090661355200332}, "datetime": {"datetime": "2022-04-20 10:27:42", "elapsed": 39082.027716, "delta": 43.268178}}
{"target": -4.0024800119736295, "params": {"log_nD": 21.95216540516296, "log_nNe": 16.53760204179948}, "datetime": {"datetime": "2022-04-20 10:28:25", "elapsed": 39124.131977, "delta": 42.104261}}
{"target": -6.432150760207073, "params": {"log_nD": 21.995654074978997, "log_nNe": 16.388672990037534}, "datetime": {"datetime": "2022-04-20 10:29:17", "elapsed": 39177.072737, "delta": 52.94076}}
{"target": -3.3379640130223756, "params": {"log_nD": 21.922506772188733, "log_nNe": 17.766957438676652}, "datetime": {"datetime": "2022-04-20 10:30:08", "elapsed": 39227.759296, "delta": 50.686559}}
{"target": -0.045924714858122384, "params": {"log_nD": 22.01309975632751, "log_nNe": 16.835369655384312}, "datetime": {"datetime": "2022-04-20 10:30:51", "elapsed": 39271.080567, "delta": 43.321271}}
{"target": -0.9371843750940695, "params": {"log_nD": 21.891544089017383, "log_nNe": 17.323631164630566}, "datetime": {"datetime": "2022-04-20 10:31:34", "elapsed": 39313.348589, "delta": 42.268022}}
{"target": -0.250375165437438, "params": {"log_nD": 21.88277716428931, "log_nNe": 17.020679377884203}, "datetime": {"datetime": "2022-04-20 10:32:21", "elapsed": 39360.181074, "delta": 46.832485}}
{"target": -15.694711286603274, "params": {"log_nD": 21.51215505432233, "log_nNe": 18.87894390808588}, "datetime": {"datetime": "2022-04-20 10:33:06", "elapsed": 39405.824673, "delta": 45.643599}}
{"target": -131.93219830238172, "params": {"log_nD": 21.39583593298984, "log_nNe": 15.40197807848952}, "datetime": {"datetime": "2022-04-20 10:33:49", "elapsed": 39448.590917, "delta": 42.766244}}
{"target": -0.1998268234496106, "params": {"log_nD": 21.990928093264934, "log_nNe": 17.056233244131604}, "datetime": {"datetime": "2022-04-20 10:34:33", "elapsed": 39492.330483, "delta": 43.739566}}
{"target": -12.056205979575585, "params": {"log_nD": 21.2696219279413, "log_nNe": 18.413959077632168}, "datetime": {"datetime": "2022-04-20 10:35:21", "elapsed": 39540.692811, "delta": 48.362328}}
{"target": -1.260141133150966, "params": {"log_nD": 22.16600063350566, "log_nNe": 17.000363606662678}, "datetime": {"datetime": "2022-04-20 10:36:13", "elapsed": 39592.227953, "delta": 51.535142}}
{"target": -0.5504810770438952, "params": {"log_nD": 22.2, "log_nNe": 16.817393491120594}, "datetime": {"datetime": "2022-04-20 10:36:59", "elapsed": 39638.643548, "delta": 46.415595}}
{"target": -0.027167364291802398, "params": {"log_nD": 22.169498048128773, "log_nNe": 16.890851190709885}, "datetime": {"datetime": "2022-04-20 10:37:53", "elapsed": 39692.974512, "delta": 54.330964}}
{"target": -1.9478114448134034, "params": {"log_nD": 22.137158539029862, "log_nNe": 16.81680250863438}, "datetime": {"datetime": "2022-04-20 10:38:49", "elapsed": 39748.356885, "delta": 55.382373}}
{"target": -0.46870033388497984, "params": {"log_nD": 21.945765753361663, "log_nNe": 17.234690789101666}, "datetime": {"datetime": "2022-04-20 10:39:32", "elapsed": 39791.525119, "delta": 43.168234}}
{"target": -1.3155825296968633, "params": {"log_nD": 21.741497895984146, "log_nNe": 17.189006892919064}, "datetime": {"datetime": "2022-04-20 10:40:17", "elapsed": 39836.217727, "delta": 44.692608}}
{"target": -2.6156173721650635, "params": {"log_nD": 21.67165232273196, "log_nNe": 17.303510012373845}, "datetime": {"datetime": "2022-04-20 10:41:00", "elapsed": 39879.671339, "delta": 43.453612}}
{"target": -0.09459078012838756, "params": {"log_nD": 22.19721761294624, "log_nNe": 16.88827815350728}, "datetime": {"datetime": "2022-04-20 10:42:16", "elapsed": 39955.346091, "delta": 75.674752}}
{"target": -14.206148877191053, "params": {"log_nD": 21.130509672764603, "log_nNe": 18.922337852555632}, "datetime": {"datetime": "2022-04-20 10:43:02", "elapsed": 40001.360353, "delta": 46.014262}}
{"target": -1.9451356736366665, "params": {"log_nD": 21.844286514417067, "log_nNe": 17.448067688550427}, "datetime": {"datetime": "2022-04-20 10:43:43", "elapsed": 40042.549556, "delta": 41.189203}}
{"target": -0.12377362154870634, "params": {"log_nD": 22.104988950998603, "log_nNe": 16.665708289349173}, "datetime": {"datetime": "2022-04-20 10:44:26", "elapsed": 40085.932777, "delta": 43.383221}}
{"target": -2.7161675613612455, "params": {"log_nD": 21.69568469803503, "log_nNe": 17.34985393009267}, "datetime": {"datetime": "2022-04-20 10:45:09", "elapsed": 40128.778136, "delta": 42.845359}}
{"target": -109.03591710511758, "params": {"log_nD": 21.965738608232172, "log_nNe": 15.714234012861734}, "datetime": {"datetime": "2022-04-20 10:45:49", "elapsed": 40168.111426, "delta": 39.33329}}
{"target": -9.49908655966786, "params": {"log_nD": 21.719804544145585, "log_nNe": 18.47198702714677}, "datetime": {"datetime": "2022-04-20 10:46:33", "elapsed": 40212.273657, "delta": 44.162231}}
{"target": -0.27353516910919534, "params": {"log_nD": 21.96441246342083, "log_nNe": 17.15088388579545}, "datetime": {"datetime": "2022-04-20 10:47:13", "elapsed": 40252.935577, "delta": 40.66192}}
{"target": -12.367469090649653, "params": {"log_nD": 21.04989613863295, "log_nNe": 18.31697670337859}, "datetime": {"datetime": "2022-04-20 10:48:00", "elapsed": 40299.521437, "delta": 46.58586}}
{"target": -37.932354915977335, "params": {"log_nD": 19.827287023016403, "log_nNe": 18.18574124906114}, "datetime": {"datetime": "2022-04-20 10:48:43", "elapsed": 40342.486673, "delta": 42.965236}}
{"target": -0.12943534689897948, "params": {"log_nD": 22.111992625359463, "log_nNe": 16.87917103724867}, "datetime": {"datetime": "2022-04-20 10:49:25", "elapsed": 40384.651508, "delta": 42.164835}}
{"target": -0.10692584112650826, "params": {"log_nD": 22.044118287319016, "log_nNe": 16.814841348564734}, "datetime": {"datetime": "2022-04-20 10:50:06", "elapsed": 40425.565898, "delta": 40.91439}}
{"target": -0.8932695434977025, "params": {"log_nD": 21.82559269017661, "log_nNe": 17.234483303508}, "datetime": {"datetime": "2022-04-20 10:50:46", "elapsed": 40465.789664, "delta": 40.223766}}
{"target": -0.1249979485773665, "params": {"log_nD": 22.013938744574133, "log_nNe": 16.8964950091777}, "datetime": {"datetime": "2022-04-20 10:51:31", "elapsed": 40510.751869, "delta": 44.962205}}
