{"target": -42.61710683641179, "params": {"nD": 6.261159850491584e+21, "nNe": 7.203524609928139e+18}, "datetime": {"datetime": "2022-04-14 20:18:14", "elapsed": 0.0, "delta": 0.0}}
{"target": -143.11164224782678, "params": {"nD": 1.171447851199985e+19, "nNe": 3.024023393745766e+18}, "datetime": {"datetime": "2022-04-14 20:19:31", "elapsed": 77.207729, "delta": 77.207729}}
{"target": -9.523241544940461, "params": {"nD": 2.2098708033485246e+21, "nNe": 9.242936090932092e+17}, "datetime": {"datetime": "2022-04-14 20:20:42", "elapsed": 148.167792, "delta": 70.960063}}
{"target": -11.253866218340098, "params": {"nD": 2.802040568551287e+21, "nNe": 3.456261709703434e+18}, "datetime": {"datetime": "2022-04-14 20:21:53", "elapsed": 218.79009, "delta": 70.622298}}
{"target": -16.29121846554407, "params": {"nD": 5.957544438717743e+21, "nNe": 5.388628523299567e+18}, "datetime": {"datetime": "2022-04-14 20:23:01", "elapsed": 287.742829, "delta": 68.952739}}
{"target": -42.51320844591206, "params": {"nD": 6.293725770905389e+21, "nNe": 6.852509784467198e+18}, "datetime": {"datetime": "2022-04-14 20:24:10", "elapsed": 356.753916, "delta": 69.011087}}
{"target": -19.118790128606168, "params": {"nD": 3.0747392234754466e+21, "nNe": 8.781296246473063e+18}, "datetime": {"datetime": "2022-04-14 20:25:21", "elapsed": 426.823981, "delta": 70.070065}}
{"target": -15.545659418065345, "params": {"nD": 4.205400220369132e+20, "nNe": 6.705004634273844e+18}, "datetime": {"datetime": "2022-04-14 20:26:32", "elapsed": 498.616669, "delta": 71.792688}}
{"target": -25.17815484237935, "params": {"nD": 6.265398987483234e+21, "nNe": 5.587339594629071e+18}, "datetime": {"datetime": "2022-04-14 20:27:41", "elapsed": 567.137223, "delta": 68.520554}}
{"target": -11.04745194173629, "params": {"nD": 2.1144002095425543e+21, "nNe": 1.981816789359703e+18}, "datetime": {"datetime": "2022-04-14 20:28:51", "elapsed": 636.863514, "delta": 69.726291}}
{"target": -12.53982418640932, "params": {"nD": 1.6405569582937601e+21, "nNe": 3.689422820564377e+18}, "datetime": {"datetime": "2022-04-14 20:30:02", "elapsed": 708.448984, "delta": 71.58547}}
{"target": -108.36965506143979, "params": {"nD": 1.2451728599230884e+22, "nNe": 6.601719033670359e+18}, "datetime": {"datetime": "2022-04-14 20:31:13", "elapsed": 779.167948, "delta": 70.718964}}
{"target": -12.644942439684561, "params": {"nD": 2.2481076304742064e+21, "nNe": 6.288488828263624e+18}, "datetime": {"datetime": "2022-04-14 20:32:23", "elapsed": 849.612463, "delta": 70.444515}}
{"target": -13.848624901962168, "params": {"nD": 1.3002207494862382e+21, "nNe": 7.587154684288088e+18}, "datetime": {"datetime": "2022-04-14 20:33:35", "elapsed": 921.641354, "delta": 72.028891}}
{"target": -7.2449961491889665, "params": {"nD": 5.940454908274823e+21, "nNe": 1.6154202603743496e+18}, "datetime": {"datetime": "2022-04-14 20:34:46", "elapsed": 992.24743, "delta": 70.606076}}
{"target": -108.23014711808918, "params": {"nD": 1.3316578495537065e+22, "nNe": 4.472555295880096e+18}, "datetime": {"datetime": "2022-04-14 20:35:54", "elapsed": 1060.714452, "delta": 68.467022}}
{"target": -9.556120243010943, "params": {"nD": 6.490089593173638e+21, "nNe": 3.520844190242369e+18}, "datetime": {"datetime": "2022-04-14 20:37:03", "elapsed": 1129.329862, "delta": 68.61541}}
{"target": -40.21559084418644, "params": {"nD": 9.15239367972834e+21, "nNe": 3.9293640890226504e+18}, "datetime": {"datetime": "2022-04-14 20:38:11", "elapsed": 1197.257908, "delta": 67.928046}}
{"target": -85.65191477162114, "params": {"nD": 8.302487656245506e+21, "nNe": 7.020779946332492e+18}, "datetime": {"datetime": "2022-04-14 20:39:19", "elapsed": 1265.103038, "delta": 67.84513}}
{"target": -12.017865243566654, "params": {"nD": 2.2351882232995735e+21, "nNe": 4.0674301407598525e+18}, "datetime": {"datetime": "2022-04-14 20:40:29", "elapsed": 1335.45887, "delta": 70.355832}}
{"target": -13.588166507133955, "params": {"nD": 1.0114430210558773e+21, "nNe": 5.343334405277582e+18}, "datetime": {"datetime": "2022-04-14 20:41:40", "elapsed": 1406.657581, "delta": 71.198711}}
{"target": -9.111389264421648, "params": {"nD": 5.094591288485941e+21, "nNe": 2.7496644571410186e+18}, "datetime": {"datetime": "2022-04-14 20:42:49", "elapsed": 1475.742688, "delta": 69.085107}}
{"target": -12.616267548412397, "params": {"nD": 2.872231060629776e+21, "nNe": 6.734901409329271e+18}, "datetime": {"datetime": "2022-04-14 20:43:59", "elapsed": 1545.134466, "delta": 69.391778}}
{"target": -108.96711824089893, "params": {"nD": 1.3647491553123371e+22, "nNe": 4.16126011939224e+18}, "datetime": {"datetime": "2022-04-14 20:45:07", "elapsed": 1613.309629, "delta": 68.175163}}
{"target": -12.657552352825093, "params": {"nD": 2.52946553529599e+21, "nNe": 6.841358509827612e+18}, "datetime": {"datetime": "2022-04-14 20:46:17", "elapsed": 1683.503612, "delta": 70.193983}}
{"target": -103.05440892889871, "params": {"nD": 1.0757922620434106e+22, "nNe": 3.999576846237615e+18}, "datetime": {"datetime": "2022-04-14 20:47:26", "elapsed": 1752.211445, "delta": 68.707833}}
{"target": -13.646446886315537, "params": {"nD": 1.205249177365518e+21, "nNe": 6.271962117913773e+18}, "datetime": {"datetime": "2022-04-14 20:48:38", "elapsed": 1824.436887, "delta": 72.225442}}
{"target": -23.370470344164136, "params": {"nD": 1.747490081908114e+20, "nNe": 3.749416684848159e+18}, "datetime": {"datetime": "2022-04-14 20:49:52", "elapsed": 1898.236847, "delta": 73.79996}}
{"target": -18.886958704994147, "params": {"nD": 3.3000593037239533e+21, "nNe": 8.328429570807825e+18}, "datetime": {"datetime": "2022-04-14 20:51:02", "elapsed": 1968.56233, "delta": 70.325483}}
{"target": -86.07321165102519, "params": {"nD": 7.660070504758495e+21, "nNe": 7.785724245337624e+18}, "datetime": {"datetime": "2022-04-14 20:52:11", "elapsed": 2037.10253, "delta": 68.5402}}
{"target": -108.31757657665305, "params": {"nD": 1.2663084401571853e+22, "nNe": 6.097594448044117e+18}, "datetime": {"datetime": "2022-04-14 20:53:19", "elapsed": 2105.155571, "delta": 68.053041}}
{"target": -108.51445006264214, "params": {"nD": 1.1874612757193841e+22, "nNe": 7.685776606711981e+18}, "datetime": {"datetime": "2022-04-14 20:54:27", "elapsed": 2172.859746, "delta": 67.704175}}
{"target": -24.337661465798973, "params": {"nD": 1.6504132327094344e+20, "nNe": 3.650504278555958e+18}, "datetime": {"datetime": "2022-04-14 20:55:41", "elapsed": 2246.932191, "delta": 74.072445}}
{"target": -24.527091540166182, "params": {"nD": 6.927023048873443e+21, "nNe": 4.880310970211409e+18}, "datetime": {"datetime": "2022-04-14 20:56:49", "elapsed": 2314.846496, "delta": 67.914305}}
{"target": -4.866430577878235, "params": {"nD": 7.421487948964422e+21, "nNe": 9.135389931009572e+17}, "datetime": {"datetime": "2022-04-14 20:57:58", "elapsed": 2383.781123, "delta": 68.934627}}
{"target": -8.84708575567985, "params": {"nD": 4.721930077794205e+21, "nNe": 2.1452958650777917e+18}, "datetime": {"datetime": "2022-04-14 20:59:07", "elapsed": 2453.340557, "delta": 69.559434}}
{"target": -104.91860941791593, "params": {"nD": 1.3206273645730878e+22, "nNe": 1.3220120227951665e+18}, "datetime": {"datetime": "2022-04-14 21:00:16", "elapsed": 2521.978634, "delta": 68.638077}}
{"target": -117.95208805324694, "params": {"nD": 3.5767537178682085e+20, "nNe": 2.7712693148219722e+17}, "datetime": {"datetime": "2022-04-14 21:01:29", "elapsed": 2594.822903, "delta": 72.844269}}
{"target": -13.19902410282052, "params": {"nD": 9.437478235071197e+20, "nNe": 3.897427212905749e+18}, "datetime": {"datetime": "2022-04-14 21:02:40", "elapsed": 2666.184158, "delta": 71.361255}}
{"target": -96.37673875690012, "params": {"nD": 1.108255490583407e+22, "nNe": 2.98209019489297e+18}, "datetime": {"datetime": "2022-04-14 21:03:48", "elapsed": 2734.248866, "delta": 68.064708}}
{"target": -108.27273623448085, "params": {"nD": 9.991393390396864e+21, "nNe": 9.45793299069371e+18}, "datetime": {"datetime": "2022-04-14 21:04:56", "elapsed": 2801.938236, "delta": 67.68937}}
{"target": -18.937277722796093, "params": {"nD": 3.343823347116617e+21, "nNe": 8.813607757610935e+18}, "datetime": {"datetime": "2022-04-14 21:06:06", "elapsed": 2872.646877, "delta": 70.708641}}
{"target": -13.629651416655628, "params": {"nD": 1.2834585741749586e+21, "nNe": 6.477845241810449e+18}, "datetime": {"datetime": "2022-04-14 21:07:18", "elapsed": 2944.387393, "delta": 71.740516}}
{"target": -108.48708179185014, "params": {"nD": 1.3429452599540704e+22, "nNe": 4.704411382643941e+18}, "datetime": {"datetime": "2022-04-14 21:08:27", "elapsed": 3013.018163, "delta": 68.63077}}
{"target": -86.86718072165601, "params": {"nD": 6.488237512666085e+21, "nNe": 8.654949153112129e+18}, "datetime": {"datetime": "2022-04-14 21:09:36", "elapsed": 3081.899458, "delta": 68.881295}}
{"target": -12.398002803508831, "params": {"nD": 4.282514378611117e+20, "nNe": 1.3829125669326674e+18}, "datetime": {"datetime": "2022-04-14 21:10:49", "elapsed": 3154.939632, "delta": 73.040174}}
{"target": -109.48492975071534, "params": {"nD": 1.3890219929865543e+22, "nNe": 4.5666135947774577e+18}, "datetime": {"datetime": "2022-04-14 21:11:58", "elapsed": 3224.513855, "delta": 69.574223}}
{"target": -109.2337847183476, "params": {"nD": 1.3236094176679602e+22, "nNe": 8.402862000431733e+18}, "datetime": {"datetime": "2022-04-14 21:13:06", "elapsed": 3292.684232, "delta": 68.170377}}
{"target": -104.55630841297877, "params": {"nD": 9.17186392558789e+21, "nNe": 8.090354844567245e+18}, "datetime": {"datetime": "2022-04-14 21:14:14", "elapsed": 3360.684855, "delta": 68.000623}}
{"target": -13.619781718263866, "params": {"nD": 9.488649704089375e+20, "nNe": 5.274536704286817e+18}, "datetime": {"datetime": "2022-04-14 21:15:27", "elapsed": 3432.778542, "delta": 72.093687}}
{"target": -17.266916645030747, "params": {"nD": 5.155737862253071e+21, "nNe": 6.393203647252728e+18}, "datetime": {"datetime": "2022-04-14 21:16:36", "elapsed": 3502.209189, "delta": 69.430647}}
{"target": -62.24334531040709, "params": {"nD": 1.091099181469285e+22, "nNe": 2.415442767442415e+18}, "datetime": {"datetime": "2022-04-14 21:17:45", "elapsed": 3571.030486, "delta": 68.821297}}
{"target": -108.4746092708854, "params": {"nD": 1.1274807870245938e+22, "nNe": 8.587790200468241e+18}, "datetime": {"datetime": "2022-04-14 21:18:53", "elapsed": 3639.499875, "delta": 68.469389}}
{"target": -12.64654723794547, "params": {"nD": 2.388272408626013e+21, "nNe": 6.697596704348326e+18}, "datetime": {"datetime": "2022-04-14 21:20:03", "elapsed": 3709.756085, "delta": 70.25621}}
{"target": -44.585026746146, "params": {"nD": 4.395667038976344e+21, "nNe": 9.978085339868342e+18}, "datetime": {"datetime": "2022-04-14 21:21:14", "elapsed": 3779.993325, "delta": 70.23724}}
{"target": -111.30967688932029, "params": {"nD": 1.4374005621065716e+22, "nNe": 4.0009600412008315e+18}, "datetime": {"datetime": "2022-04-14 21:22:26", "elapsed": 3852.063252, "delta": 72.069927}}
{"target": -13.464578198420403, "params": {"nD": 1.9778581997936436e+21, "nNe": 8.639680282315384e+18}, "datetime": {"datetime": "2022-04-14 21:23:36", "elapsed": 3922.124603, "delta": 70.061351}}
{"target": -0.45464663122575677, "params": {"nD": 1.0338111372611786e+22, "nNe": 1.6596825608895254e+17}, "datetime": {"datetime": "2022-04-14 21:24:45", "elapsed": 3991.334082, "delta": 69.209479}}
{"target": -108.67687288159358, "params": {"nD": 1.0114209843643305e+22, "nNe": 9.63732476206419e+18}, "datetime": {"datetime": "2022-04-14 21:25:53", "elapsed": 4059.233887, "delta": 67.899805}}
{"target": -10.078981065077008, "params": {"nD": 2.9178662766342565e+21, "nNe": 1.8637818827824993e+18}, "datetime": {"datetime": "2022-04-14 21:27:04", "elapsed": 4129.940082, "delta": 70.706195}}
{"target": -23.073078939552158, "params": {"nD": 8.437817340746738e+21, "nNe": 3.280083483931374e+18}, "datetime": {"datetime": "2022-04-14 21:28:12", "elapsed": 4198.165816, "delta": 68.225734}}
{"target": -82.7921525922863, "params": {"nD": 1.1650049859381677e+22, "nNe": 1.9632691521919555e+18}, "datetime": {"datetime": "2022-04-14 21:29:20", "elapsed": 4266.570448, "delta": 68.404632}}
{"target": -111.5532437387258, "params": {"nD": 1.42490328463002e+22, "nNe": 7.205246409459883e+18}, "datetime": {"datetime": "2022-04-14 21:30:34", "elapsed": 4339.894166, "delta": 73.323718}}
{"target": -12.086827715718469, "params": {"nD": 4.3332803329825277e+21, "nNe": 6.11255022574846e+18}, "datetime": {"datetime": "2022-04-14 21:31:44", "elapsed": 4410.314859, "delta": 70.420693}}
{"target": -83.19410966553676, "params": {"nD": 1.1237157904842685e+22, "nNe": 2.4642733637775304e+18}, "datetime": {"datetime": "2022-04-14 21:32:53", "elapsed": 4479.291293, "delta": 68.976434}}
{"target": -44.53596078943504, "params": {"nD": 4.339606561444978e+21, "nNe": 9.50090347073714e+18}, "datetime": {"datetime": "2022-04-14 21:34:03", "elapsed": 4549.000938, "delta": 69.709645}}
{"target": -10.256095706157451, "params": {"nD": 3.3449180548640906e+21, "nNe": 2.523563532423318e+18}, "datetime": {"datetime": "2022-04-14 21:35:13", "elapsed": 4619.448371, "delta": 70.447433}}
{"target": -107.66600067395662, "params": {"nD": 1.1509625276646923e+22, "nNe": 6.731910327179799e+18}, "datetime": {"datetime": "2022-04-14 21:36:21", "elapsed": 4687.628907, "delta": 68.180536}}
{"target": -12.536061143282302, "params": {"nD": 3.8651645347693645e+21, "nNe": 6.641756520061904e+18}, "datetime": {"datetime": "2022-04-14 21:37:31", "elapsed": 4757.572728, "delta": 69.943821}}
{"target": -38.22600815932953, "params": {"nD": 1.125384635108915e+22, "nNe": 1.6279545456377564e+18}, "datetime": {"datetime": "2022-04-14 21:38:39", "elapsed": 4825.546178, "delta": 67.97345}}
{"target": -97.40087218426586, "params": {"nD": 9.88123795516769e+21, "nNe": 4.903172199855913e+18}, "datetime": {"datetime": "2022-04-14 21:39:47", "elapsed": 4893.56474, "delta": 68.018562}}
{"target": -38.78175628982443, "params": {"nD": 1.0442422496906495e+22, "nNe": 2.136711679822795e+18}, "datetime": {"datetime": "2022-04-14 21:40:55", "elapsed": 4961.558295, "delta": 67.993555}}
{"target": -6.635199509757852, "params": {"nD": 6.8312393526463e+21, "nNe": 1.596324454091459e+18}, "datetime": {"datetime": "2022-04-14 21:42:04", "elapsed": 5030.657917, "delta": 69.099622}}
{"target": -8.499688005917934, "params": {"nD": 4.1282111765717005e+21, "nNe": 1.4608855979793137e+18}, "datetime": {"datetime": "2022-04-14 21:43:15", "elapsed": 5101.068654, "delta": 70.410737}}
{"target": -13.579446225803299, "params": {"nD": 9.017466441551941e+20, "nNe": 5.001419694304617e+18}, "datetime": {"datetime": "2022-04-14 21:44:27", "elapsed": 5173.135044, "delta": 72.06639}}
{"target": -11.47907580591689, "params": {"nD": 3.2066024320279695e+21, "nNe": 4.809853536137535e+18}, "datetime": {"datetime": "2022-04-14 21:45:37", "elapsed": 5243.58998, "delta": 70.454936}}
{"target": -109.59524240529512, "params": {"nD": 1.3509801332980337e+22, "nNe": 8.910649873217294e+18}, "datetime": {"datetime": "2022-04-14 21:46:48", "elapsed": 5313.876935, "delta": 70.286955}}
{"target": -0.7150950772779509, "params": {"nD": 5.782036442881999e+21, "nNe": 1.407968561579154e+17}, "datetime": {"datetime": "2022-04-14 21:48:00", "elapsed": 5386.017211, "delta": 72.140276}}
{"target": -104.36459504759988, "params": {"nD": 9.166805239454568e+21, "nNe": 7.244571256489555e+18}, "datetime": {"datetime": "2022-04-14 21:49:08", "elapsed": 5454.703061, "delta": 68.68585}}
{"target": -108.13342919760849, "params": {"nD": 1.2770717129329586e+22, "nNe": 5.334350215928616e+18}, "datetime": {"datetime": "2022-04-14 21:50:17", "elapsed": 5523.107191, "delta": 68.40413}}
{"target": -14.299254908323398, "params": {"nD": 3.9511896244855185e+21, "nNe": 7.544151868291108e+18}, "datetime": {"datetime": "2022-04-14 21:51:27", "elapsed": 5593.474297, "delta": 70.367106}}
{"target": -10.316884837959133, "params": {"nD": 4.103957180985807e+21, "nNe": 3.56338955541007e+18}, "datetime": {"datetime": "2022-04-14 21:52:36", "elapsed": 5662.675719, "delta": 69.201422}}
{"target": -18.899570618051875, "params": {"nD": 3.354507140529081e+21, "nNe": 8.645677604072476e+18}, "datetime": {"datetime": "2022-04-14 21:53:47", "elapsed": 5732.924264, "delta": 70.248545}}
{"target": -12.879262641677318, "params": {"nD": 5.301360012555492e+21, "nNe": 5.428010535594207e+18}, "datetime": {"datetime": "2022-04-14 21:54:56", "elapsed": 5802.165053, "delta": 69.240789}}
{"target": -13.006762268804456, "params": {"nD": 1.868707202191861e+21, "nNe": 5.958094282137883e+18}, "datetime": {"datetime": "2022-04-14 21:56:08", "elapsed": 5873.798066, "delta": 71.633013}}
{"target": -12.85887654873579, "params": {"nD": 2.2408793082329246e+21, "nNe": 7.095813624182382e+18}, "datetime": {"datetime": "2022-04-14 21:57:18", "elapsed": 5944.549342, "delta": 70.751276}}
{"target": -2.3966601677826205, "params": {"nD": 1.1302054735375487e+22, "nNe": 4.2987569014159206e+17}, "datetime": {"datetime": "2022-04-14 21:58:27", "elapsed": 6013.027665, "delta": 68.478323}}
{"target": -108.54850770887094, "params": {"nD": 1.2038792649016586e+22, "nNe": 7.746112052338097e+18}, "datetime": {"datetime": "2022-04-14 21:59:35", "elapsed": 6081.263939, "delta": 68.236274}}
{"target": -103.61584069885097, "params": {"nD": 1.0214625690258032e+22, "nNe": 5.290307021821567e+18}, "datetime": {"datetime": "2022-04-14 22:00:43", "elapsed": 6149.380892, "delta": 68.116953}}
{"target": -109.18047194171335, "params": {"nD": 1.2435759379696683e+22, "nNe": 9.850235389127475e+18}, "datetime": {"datetime": "2022-04-14 22:01:51", "elapsed": 6217.494718, "delta": 68.113826}}
{"target": -108.79092244767637, "params": {"nD": 1.1730867375186601e+22, "nNe": 9.117773834469477e+18}, "datetime": {"datetime": "2022-04-14 22:02:59", "elapsed": 6285.409942, "delta": 67.915224}}
{"target": -106.53960592780055, "params": {"nD": 1.012855180733287e+22, "nNe": 6.395836537862173e+18}, "datetime": {"datetime": "2022-04-14 22:04:07", "elapsed": 6353.115847, "delta": 67.705905}}
{"target": -8.26957847052211, "params": {"nD": 6.210515796316085e+21, "nNe": 2.5805718341916385e+18}, "datetime": {"datetime": "2022-04-14 22:05:15", "elapsed": 6421.707306, "delta": 68.591459}}
{"target": -97.77908337891346, "params": {"nD": 9.318134319045333e+21, "nNe": 5.674113396053878e+18}, "datetime": {"datetime": "2022-04-14 22:06:24", "elapsed": 6490.215237, "delta": 68.507931}}
{"target": -103.32742903859489, "params": {"nD": 1.0547481430306366e+22, "nNe": 4.628481277122192e+18}, "datetime": {"datetime": "2022-04-14 22:07:32", "elapsed": 6558.150732, "delta": 67.935495}}
{"target": -37.732045233686975, "params": {"nD": 1.2875877943379524e+22, "nNe": 5.1824111028744557e+17}, "datetime": {"datetime": "2022-04-14 22:08:41", "elapsed": 6627.328602, "delta": 69.17787}}
{"target": -116.29844401952181, "params": {"nD": 2.4343235503973545e+20, "nNe": 5.160461390899809e+17}, "datetime": {"datetime": "2022-04-14 22:09:57", "elapsed": 6702.83808, "delta": 75.509478}}
{"target": -3.5043313080723024, "params": {"nD": 1.0006528905379798e+22, "nNe": 7.140086533179512e+17}, "datetime": {"datetime": "2022-04-14 22:11:05", "elapsed": 6771.468492, "delta": 68.630412}}
{"target": -106.42604020817689, "params": {"nD": 1.0420969949383717e+22, "nNe": 6.126519442841607e+18}, "datetime": {"datetime": "2022-04-14 22:12:13", "elapsed": 6839.127137, "delta": 67.658645}}
{"target": -109.68539737453088, "params": {"nD": 1.3716387040755702e+22, "nNe": 6.150638861886119e+18}, "datetime": {"datetime": "2022-04-14 22:13:24", "elapsed": 6910.348165, "delta": 71.221028}}
{"target": -12.801090905573714, "params": {"nD": 1.2948124692559485e+21, "nNe": 3.5703944098405494e+18}, "datetime": {"datetime": "2022-04-14 22:14:36", "elapsed": 6982.165845, "delta": 71.81768}}
{"target": -11.684515653510287, "params": {"nD": 1.8714923595256913e+21, "nNe": 2.3746200414064983e+18}, "datetime": {"datetime": "2022-04-14 22:15:48", "elapsed": 7054.212069, "delta": 72.046224}}
{"target": -22.20279120112341, "params": {"nD": 9.17463321697828e+21, "nNe": 2.381108935251632e+18}, "datetime": {"datetime": "2022-04-14 22:16:57", "elapsed": 7122.813511, "delta": 68.601442}}
{"target": -26.1713615185292, "params": {"nD": 5.435219669716967e+21, "nNe": 6.780383265847953e+18}, "datetime": {"datetime": "2022-04-14 22:18:07", "elapsed": 7193.150665, "delta": 70.337154}}
{"target": -28.22176351704963, "params": {"nD": 1.2142123515217602e+20, "nNe": 6.361379896296614e+18}, "datetime": {"datetime": "2022-04-14 22:19:21", "elapsed": 7267.604981, "delta": 74.454316}}
{"target": -11.35845745241955, "params": {"nD": 3.477660762319398e+21, "nNe": 4.919542994238333e+18}, "datetime": {"datetime": "2022-04-14 22:20:32", "elapsed": 7337.871715, "delta": 70.266734}}
{"target": -110.82739917429444, "params": {"nD": 1.4823223354612332e+22, "nNe": 1.5845430578696115e+18}, "datetime": {"datetime": "2022-04-14 22:21:41", "elapsed": 7407.067495, "delta": 69.19578}}
{"target": -3.9205061120837676, "params": {"nD": 1.0203864813724227e+22, "nNe": 8.036701709423474e+17}, "datetime": {"datetime": "2022-04-14 22:22:49", "elapsed": 7475.756095, "delta": 68.6886}}
{"target": -13.604470652797378, "params": {"nD": 4.52235382484029e+21, "nNe": 6.180007701034082e+18}, "datetime": {"datetime": "2022-04-14 22:23:58", "elapsed": 7544.739869, "delta": 68.983774}}
{"target": -11.814631031372276, "params": {"nD": 2.979668029639021e+21, "nNe": 5.228162877176018e+18}, "datetime": {"datetime": "2022-04-14 22:25:09", "elapsed": 7615.269028, "delta": 70.529159}}
{"target": -108.27515489327848, "params": {"nD": 1.329500818954539e+22, "nNe": 4.702235643185705e+18}, "datetime": {"datetime": "2022-04-14 22:26:18", "elapsed": 7684.36544, "delta": 69.096412}}
{"target": -8.633560653823379, "params": {"nD": 2.99277676474707e+21, "nNe": 9.495672322896887e+17}, "datetime": {"datetime": "2022-04-14 22:27:29", "elapsed": 7755.239444, "delta": 70.874004}}
