{"target": -119.44271100121833, "params": {"log_nD": 20.334470415048237, "log_nNe": 17.881297973768632}, "datetime": {"datetime": "2022-04-19 23:36:20", "elapsed": 0.0, "delta": 0.0}}
{"target": -148.71155477835262, "params": {"log_nD": 19.000365999415504, "log_nNe": 16.209330290527358}, "datetime": {"datetime": "2022-04-19 23:37:03", "elapsed": 42.80415, "delta": 42.80415}}
{"target": -146.50464388302828, "params": {"log_nD": 19.46961885061476, "log_nNe": 15.36935437907519}, "datetime": {"datetime": "2022-04-19 23:37:45", "elapsed": 84.589925, "delta": 41.785775}}
{"target": -145.8085808342076, "params": {"log_nD": 19.596032676408548, "log_nNe": 16.38224290817219}, "datetime": {"datetime": "2022-04-19 23:38:27", "elapsed": 126.799183, "delta": 42.209258}}
{"target": -136.295772362275, "params": {"log_nD": 20.269655917538145, "log_nNe": 17.155266936013426}, "datetime": {"datetime": "2022-04-19 23:39:07", "elapsed": 166.215468, "delta": 39.416285}}
{"target": -119.0492168599209, "params": {"log_nD": 20.341422446090544, "log_nNe": 17.74087800158704}, "datetime": {"datetime": "2022-04-19 23:39:46", "elapsed": 206.067315, "delta": 39.851847}}
{"target": -53.01201459312147, "params": {"log_nD": 19.654247199140855, "log_nNe": 18.51246974556378}, "datetime": {"datetime": "2022-04-19 23:40:29", "elapsed": 248.290717, "delta": 42.223402}}
{"target": -140.49016302038706, "params": {"log_nD": 19.087640298233364, "log_nNe": 17.68187004071361}, "datetime": {"datetime": "2022-04-19 23:41:11", "elapsed": 290.698705, "delta": 42.407988}}
{"target": -136.66808881043528, "params": {"log_nD": 20.335375367574805, "log_nNe": 17.234759313783005}, "datetime": {"datetime": "2022-04-19 23:41:51", "elapsed": 330.144897, "delta": 39.446192}}
{"target": -146.55335168575397, "params": {"log_nD": 19.44923820350475, "log_nNe": 15.792405956339515}, "datetime": {"datetime": "2022-04-19 23:42:33", "elapsed": 372.407036, "delta": 42.262139}}
{"target": -134.9043704047871, "params": {"log_nD": 19.608725395827108, "log_nNe": 18.711025641148808}, "datetime": {"datetime": "2022-04-19 23:43:16", "elapsed": 415.946495, "delta": 43.539459}}
{"target": -53.58219566073032, "params": {"log_nD": 19.633427250632096, "log_nNe": 18.483802003384785}, "datetime": {"datetime": "2022-04-19 23:43:59", "elapsed": 458.357518, "delta": 42.411023}}
{"target": -140.0083634591148, "params": {"log_nD": 19.477781482155933, "log_nNe": 17.51524705601105}, "datetime": {"datetime": "2022-04-19 23:44:41", "elapsed": 500.215578, "delta": 41.85806}}
{"target": -43.293442437298815, "params": {"log_nD": 19.699322736650693, "log_nNe": 18.467889264660332}, "datetime": {"datetime": "2022-04-19 23:45:23", "elapsed": 542.339003, "delta": 42.123425}}
{"target": -37.65962274245344, "params": {"log_nD": 19.81109282219725, "log_nNe": 18.454410751524716}, "datetime": {"datetime": "2022-04-19 23:46:04", "elapsed": 583.910546, "delta": 41.571543}}
{"target": -36.17840386825201, "params": {"log_nD": 19.883149906700535, "log_nNe": 18.311211999749844}, "datetime": {"datetime": "2022-04-19 23:46:46", "elapsed": 625.561531, "delta": 41.650985}}
{"target": -32.11054650672897, "params": {"log_nD": 20.011635573789125, "log_nNe": 18.39032657880768}, "datetime": {"datetime": "2022-04-19 23:47:27", "elapsed": 666.57431, "delta": 41.012779}}
{"target": -23.8976621301043, "params": {"log_nD": 20.23255341899679, "log_nNe": 18.53879683924654}, "datetime": {"datetime": "2022-04-19 23:48:10", "elapsed": 709.576809, "delta": 43.002499}}
{"target": -16.583319263849393, "params": {"log_nD": 20.448281371526747, "log_nNe": 18.644748100130045}, "datetime": {"datetime": "2022-04-19 23:48:53", "elapsed": 752.546598, "delta": 42.969789}}
{"target": -145.99695740680903, "params": {"log_nD": 19.47502350330611, "log_nNe": 16.62673472977692}, "datetime": {"datetime": "2022-04-19 23:49:35", "elapsed": 794.849079, "delta": 42.302481}}
{"target": -18.611990936979595, "params": {"log_nD": 20.386009732360236, "log_nNe": 18.808940018769274}, "datetime": {"datetime": "2022-04-19 23:50:17", "elapsed": 836.978963, "delta": 42.129884}}
{"target": -15.655030164717836, "params": {"log_nD": 20.65936556528641, "log_nNe": 18.854423851310315}, "datetime": {"datetime": "2022-04-19 23:50:59", "elapsed": 878.881147, "delta": 41.902184}}
{"target": -16.221735384873515, "params": {"log_nD": 20.51788959237833, "log_nNe": 18.766378968341503}, "datetime": {"datetime": "2022-04-19 23:51:42", "elapsed": 921.348621, "delta": 42.467474}}
{"target": -1.3433997819367058, "params": {"log_nD": 21.91127237958604, "log_nNe": 16.664270474804376}, "datetime": {"datetime": "2022-04-19 23:52:19", "elapsed": 958.76345, "delta": 37.414829}}
{"target": -5.836717436417835, "params": {"log_nD": 22.166440735755636, "log_nNe": 16.58224983945517}, "datetime": {"datetime": "2022-04-19 23:53:07", "elapsed": 1006.896459, "delta": 48.133009}}
{"target": -12.279458623382201, "params": {"log_nD": 21.921142568698436, "log_nNe": 16.37928905597859}, "datetime": {"datetime": "2022-04-19 23:53:45", "elapsed": 1044.550654, "delta": 37.654195}}
{"target": -0.3549468331996439, "params": {"log_nD": 22.105506756563614, "log_nNe": 16.96542994354322}, "datetime": {"datetime": "2022-04-19 23:54:35", "elapsed": 1094.951203, "delta": 50.400549}}
{"target": -1.0056499616887562, "params": {"log_nD": 21.798934017690545, "log_nNe": 17.056596898917178}, "datetime": {"datetime": "2022-04-19 23:55:13", "elapsed": 1132.4956, "delta": 37.544397}}
{"target": -1.0073663047457173, "params": {"log_nD": 22.01899339931998, "log_nNe": 17.39153419611138}, "datetime": {"datetime": "2022-04-19 23:55:51", "elapsed": 1170.300341, "delta": 37.804741}}
{"target": -0.3671037103605859, "params": {"log_nD": 21.987163020663676, "log_nNe": 17.18997944101173}, "datetime": {"datetime": "2022-04-19 23:56:28", "elapsed": 1207.510363, "delta": 37.210022}}
{"target": -4.456327168777565, "params": {"log_nD": 21.693008647628563, "log_nNe": 17.58447195193257}, "datetime": {"datetime": "2022-04-19 23:57:06", "elapsed": 1246.081913, "delta": 38.57155}}
{"target": -4.477627367675552, "params": {"log_nD": 22.007555231212013, "log_nNe": 17.934506445743338}, "datetime": {"datetime": "2022-04-19 23:57:47", "elapsed": 1286.562935, "delta": 40.481022}}
{"target": -9.57700850001169, "params": {"log_nD": 21.61811062770776, "log_nNe": 18.351201261397833}, "datetime": {"datetime": "2022-04-19 23:58:28", "elapsed": 1327.866341, "delta": 41.303406}}
{"target": -134.4377200946861, "params": {"log_nD": 20.476615994422616, "log_nNe": 16.951919580042567}, "datetime": {"datetime": "2022-04-19 23:59:06", "elapsed": 1365.822956, "delta": 37.956615}}
{"target": -14.82464859196147, "params": {"log_nD": 21.40205487938924, "log_nNe": 18.94676210261431}, "datetime": {"datetime": "2022-04-19 23:59:47", "elapsed": 1406.653131, "delta": 40.830175}}
{"target": -106.39085807699122, "params": {"log_nD": 22.07268873131844, "log_nNe": 18.615043563391502}, "datetime": {"datetime": "2022-04-20 00:00:26", "elapsed": 1445.816013, "delta": 39.162882}}
{"target": -0.9402254804799677, "params": {"log_nD": 21.804137310493957, "log_nNe": 17.054009170823736}, "datetime": {"datetime": "2022-04-20 00:01:04", "elapsed": 1483.469147, "delta": 37.653134}}
{"target": -12.56517789617406, "params": {"log_nD": 21.234334309068768, "log_nNe": 18.525140494997057}, "datetime": {"datetime": "2022-04-20 00:01:46", "elapsed": 1525.63771, "delta": 42.168563}}
{"target": -7.60752002749587, "params": {"log_nD": 21.63254297266266, "log_nNe": 17.990380940706494}, "datetime": {"datetime": "2022-04-20 00:02:27", "elapsed": 1566.9202, "delta": 41.28249}}
{"target": -2.8577062501174293, "params": {"log_nD": 21.924795620414294, "log_nNe": 17.694901109067967}, "datetime": {"datetime": "2022-04-20 00:03:07", "elapsed": 1606.98131, "delta": 40.06111}}
{"target": -106.00053115513428, "params": {"log_nD": 22.2, "log_nNe": 15.58193357483005}, "datetime": {"datetime": "2022-04-20 00:03:57", "elapsed": 1656.568291, "delta": 49.586981}}
{"target": -14.753995254918118, "params": {"log_nD": 21.04416397603688, "log_nNe": 18.99987000764574}, "datetime": {"datetime": "2022-04-20 00:04:38", "elapsed": 1698.012447, "delta": 41.444156}}
{"target": -108.82189304504081, "params": {"log_nD": 22.2, "log_nNe": 17.67293881080517}, "datetime": {"datetime": "2022-04-20 00:05:31", "elapsed": 1750.991985, "delta": 52.979538}}
{"target": -0.9667147294210141, "params": {"log_nD": 21.864726372150116, "log_nNe": 16.88155270832841}, "datetime": {"datetime": "2022-04-20 00:06:09", "elapsed": 1788.433419, "delta": 37.441434}}
{"target": -5.2569069777645785, "params": {"log_nD": 21.84830249323305, "log_nNe": 17.955066258803317}, "datetime": {"datetime": "2022-04-20 00:06:51", "elapsed": 1830.276767, "delta": 41.843348}}
{"target": -4.450489722612611, "params": {"log_nD": 21.69108566771611, "log_nNe": 17.581249907095987}, "datetime": {"datetime": "2022-04-20 00:07:29", "elapsed": 1868.272525, "delta": 37.995758}}
{"target": -1.3963959802314314, "params": {"log_nD": 21.859207896584866, "log_nNe": 17.376978433079426}, "datetime": {"datetime": "2022-04-20 00:08:07", "elapsed": 1906.147579, "delta": 37.875054}}
{"target": -10.567551866183532, "params": {"log_nD": 21.35469698880433, "log_nNe": 18.161300511613476}, "datetime": {"datetime": "2022-04-20 00:08:48", "elapsed": 1947.74452, "delta": 41.596941}}
{"target": -111.94305314453344, "params": {"log_nD": 21.5029195612349, "log_nNe": 16.63428539068666}, "datetime": {"datetime": "2022-04-20 00:09:27", "elapsed": 1986.464049, "delta": 38.719529}}
{"target": -146.54385648701376, "params": {"log_nD": 19.200424810227393, "log_nNe": 17.109625644279156}, "datetime": {"datetime": "2022-04-20 00:10:10", "elapsed": 2029.513381, "delta": 43.049332}}
{"target": -0.04693656887105154, "params": {"log_nD": 22.02340893963282, "log_nNe": 16.79242312088666}, "datetime": {"datetime": "2022-04-20 00:10:48", "elapsed": 2067.663164, "delta": 38.149783}}
{"target": -5.258273093092259, "params": {"log_nD": 21.849163239033075, "log_nNe": 17.95629568073868}, "datetime": {"datetime": "2022-04-20 00:11:29", "elapsed": 2108.641819, "delta": 40.978655}}
{"target": -8.290727511482704, "params": {"log_nD": 21.32123142975248, "log_nNe": 17.665836663075776}, "datetime": {"datetime": "2022-04-20 00:12:08", "elapsed": 2147.5282, "delta": 38.886381}}
{"target": -140.87989116647023, "params": {"log_nD": 20.94209884027944, "log_nNe": 15.0}, "datetime": {"datetime": "2022-04-20 00:12:46", "elapsed": 2185.823757, "delta": 38.295557}}
{"target": -96.59582239963893, "params": {"log_nD": 21.404654157014146, "log_nNe": 17.33150036871481}, "datetime": {"datetime": "2022-04-20 00:13:25", "elapsed": 2224.655998, "delta": 38.832241}}
{"target": -8.869263263414913, "params": {"log_nD": 21.37733768308509, "log_nNe": 17.83978215188361}, "datetime": {"datetime": "2022-04-20 00:14:04", "elapsed": 2263.945761, "delta": 39.289763}}
{"target": -13.660689864444123, "params": {"log_nD": 20.924554751098327, "log_nNe": 18.64970632223342}, "datetime": {"datetime": "2022-04-20 00:14:46", "elapsed": 2306.033807, "delta": 42.088046}}
{"target": -10.471689785734064, "params": {"log_nD": 21.088175571527202, "log_nNe": 17.845089392914677}, "datetime": {"datetime": "2022-04-20 00:15:26", "elapsed": 2345.435806, "delta": 39.401999}}
{"target": -12.321351918911516, "params": {"log_nD": 20.972619528450522, "log_nNe": 18.25946478995378}, "datetime": {"datetime": "2022-04-20 00:16:09", "elapsed": 2388.496004, "delta": 43.060198}}
{"target": -5.076177930783805, "params": {"log_nD": 22.014552469715028, "log_nNe": 16.558586470542146}, "datetime": {"datetime": "2022-04-20 00:16:47", "elapsed": 2426.719442, "delta": 38.223438}}
{"target": -140.85467095493658, "params": {"log_nD": 20.79913378855167, "log_nNe": 16.311764570029553}, "datetime": {"datetime": "2022-04-20 00:17:25", "elapsed": 2464.737904, "delta": 38.018462}}
{"target": -125.24246471024776, "params": {"log_nD": 21.4848672148113, "log_nNe": 15.784986159492732}, "datetime": {"datetime": "2022-04-20 00:18:03", "elapsed": 2502.124673, "delta": 37.386769}}
{"target": -5.7882962110482215, "params": {"log_nD": 22.2, "log_nNe": 16.27905227667308}, "datetime": {"datetime": "2022-04-20 00:18:41", "elapsed": 2540.305031, "delta": 38.180358}}
{"target": -2.352058094210694, "params": {"log_nD": 21.85989611034892, "log_nNe": 17.53084041848818}, "datetime": {"datetime": "2022-04-20 00:19:19", "elapsed": 2578.69768, "delta": 38.392649}}
{"target": -0.7330086362297147, "params": {"log_nD": 21.975365686912863, "log_nNe": 17.3225872365242}, "datetime": {"datetime": "2022-04-20 00:19:57", "elapsed": 2616.666427, "delta": 37.968747}}
{"target": -54.816033682837066, "params": {"log_nD": 19.924265576826144, "log_nNe": 18.8003414224371}, "datetime": {"datetime": "2022-04-20 00:20:40", "elapsed": 2659.975237, "delta": 43.30881}}
{"target": -4.531830925955584, "params": {"log_nD": 22.1747071674803, "log_nNe": 17.158531744270096}, "datetime": {"datetime": "2022-04-20 00:21:30", "elapsed": 2709.168699, "delta": 49.193462}}
{"target": -4.096669379284347, "params": {"log_nD": 21.871361123458804, "log_nNe": 17.814049336251195}, "datetime": {"datetime": "2022-04-20 00:22:14", "elapsed": 2754.0265, "delta": 44.857801}}
{"target": -13.54834905754822, "params": {"log_nD": 21.20995151837534, "log_nNe": 18.797586563520433}, "datetime": {"datetime": "2022-04-20 00:22:57", "elapsed": 2796.725225, "delta": 42.698725}}
{"target": -11.602271688818794, "params": {"log_nD": 21.480855224498395, "log_nNe": 18.61808844698292}, "datetime": {"datetime": "2022-04-20 00:23:38", "elapsed": 2837.699223, "delta": 40.973998}}
{"target": -0.48251285340481165, "params": {"log_nD": 22.04695343448236, "log_nNe": 17.060746805727945}, "datetime": {"datetime": "2022-04-20 00:24:16", "elapsed": 2875.81794, "delta": 38.118717}}
{"target": -0.12969242304824755, "params": {"log_nD": 22.19474932250496, "log_nNe": 16.79589852678729}, "datetime": {"datetime": "2022-04-20 00:24:59", "elapsed": 2918.50505, "delta": 42.68711}}
{"target": -1.0071367387201398, "params": {"log_nD": 22.2, "log_nNe": 16.944305969306505}, "datetime": {"datetime": "2022-04-20 00:26:18", "elapsed": 2997.882994, "delta": 79.377944}}
{"target": -0.638067462565221, "params": {"log_nD": 21.832749809391366, "log_nNe": 17.173999163979687}, "datetime": {"datetime": "2022-04-20 00:26:56", "elapsed": 3035.924682, "delta": 38.041688}}
{"target": -13.129320844944385, "params": {"log_nD": 20.726215943239044, "log_nNe": 18.449685240776745}, "datetime": {"datetime": "2022-04-20 00:27:39", "elapsed": 3078.618056, "delta": 42.693374}}
{"target": -10.958615318711132, "params": {"log_nD": 21.433541727172827, "log_nNe": 18.378220535444328}, "datetime": {"datetime": "2022-04-20 00:28:20", "elapsed": 3120.049975, "delta": 41.431919}}
{"target": -5.481077573570938, "params": {"log_nD": 21.969903815853442, "log_nNe": 18.08289602134834}, "datetime": {"datetime": "2022-04-20 00:29:01", "elapsed": 3160.449222, "delta": 40.399247}}
{"target": -0.31589498470742805, "params": {"log_nD": 21.93154858262601, "log_nNe": 16.77320249303929}, "datetime": {"datetime": "2022-04-20 00:29:39", "elapsed": 3198.282686, "delta": 37.833464}}
{"target": -8.71190560836598, "params": {"log_nD": 21.614388188824172, "log_nNe": 18.17021892269784}, "datetime": {"datetime": "2022-04-20 00:30:20", "elapsed": 3239.747168, "delta": 41.464482}}
{"target": -6.794745726350657, "params": {"log_nD": 21.5232309635497, "log_nNe": 17.69577283457786}, "datetime": {"datetime": "2022-04-20 00:30:59", "elapsed": 3278.567813, "delta": 38.820645}}
{"target": -106.64761490778929, "params": {"log_nD": 22.2, "log_nNe": 15.0}, "datetime": {"datetime": "2022-04-20 00:31:49", "elapsed": 3328.576476, "delta": 50.008663}}
{"target": -1.1402387562383274, "params": {"log_nD": 21.946548418324618, "log_nNe": 17.410293571462574}, "datetime": {"datetime": "2022-04-20 00:32:27", "elapsed": 3366.695022, "delta": 38.118546}}
{"target": -0.09207115128743781, "params": {"log_nD": 21.977522346322484, "log_nNe": 16.938889365856834}, "datetime": {"datetime": "2022-04-20 00:33:05", "elapsed": 3404.607893, "delta": 37.912871}}
{"target": -1.262159483688935, "params": {"log_nD": 22.059282699244108, "log_nNe": 17.263029515122014}, "datetime": {"datetime": "2022-04-20 00:33:46", "elapsed": 3445.621754, "delta": 41.013861}}
{"target": -0.0620867581179549, "params": {"log_nD": 22.1263701514978, "log_nNe": 16.854180916850055}, "datetime": {"datetime": "2022-04-20 00:34:26", "elapsed": 3485.858812, "delta": 40.237058}}
{"target": -148.9337702671119, "params": {"log_nD": 19.0, "log_nNe": 15.0}, "datetime": {"datetime": "2022-04-20 00:35:09", "elapsed": 3528.844268, "delta": 42.985456}}
{"target": -144.87558912420366, "params": {"log_nD": 20.135358106455808, "log_nNe": 15.0}, "datetime": {"datetime": "2022-04-20 00:35:49", "elapsed": 3568.803277, "delta": 39.959009}}
{"target": -11.223100707677899, "params": {"log_nD": 21.137579697429402, "log_nNe": 18.05839137003161}, "datetime": {"datetime": "2022-04-20 00:36:32", "elapsed": 3611.533467, "delta": 42.73019}}
{"target": -7.000384935689286, "params": {"log_nD": 22.068499937649737, "log_nNe": 16.13396224542917}, "datetime": {"datetime": "2022-04-20 00:37:10", "elapsed": 3649.14765, "delta": 37.614183}}
{"target": -6.9027305756866415, "params": {"log_nD": 22.056027944504805, "log_nNe": 16.26235007778293}, "datetime": {"datetime": "2022-04-20 00:37:47", "elapsed": 3686.791852, "delta": 37.644202}}
{"target": -102.01294168648207, "params": {"log_nD": 22.198627620263792, "log_nNe": 16.103017047836495}, "datetime": {"datetime": "2022-04-20 00:38:57", "elapsed": 3757.077308, "delta": 70.285456}}
{"target": -107.82051765307438, "params": {"log_nD": 21.90060001018521, "log_nNe": 16.101200624140617}, "datetime": {"datetime": "2022-04-20 00:39:35", "elapsed": 3794.514102, "delta": 37.436794}}
{"target": -98.02570632527747, "params": {"log_nD": 22.195756925377204, "log_nNe": 16.42430185987386}, "datetime": {"datetime": "2022-04-20 00:40:14", "elapsed": 3834.019414, "delta": 39.505312}}
{"target": -0.4182902263727182, "params": {"log_nD": 22.121527496409414, "log_nNe": 16.667034320326398}, "datetime": {"datetime": "2022-04-20 00:40:54", "elapsed": 3873.545674, "delta": 39.52626}}
{"target": -6.444918763111307, "params": {"log_nD": 22.107718178757544, "log_nNe": 16.221287542963466}, "datetime": {"datetime": "2022-04-20 00:41:32", "elapsed": 3911.660222, "delta": 38.114548}}
{"target": -12.027827569142643, "params": {"log_nD": 21.17410333715071, "log_nNe": 18.30892234898396}, "datetime": {"datetime": "2022-04-20 00:42:15", "elapsed": 3954.58475, "delta": 42.924528}}
{"target": -4.38615270140238, "params": {"log_nD": 22.197128428162635, "log_nNe": 16.678277065988095}, "datetime": {"datetime": "2022-04-20 00:43:24", "elapsed": 4023.326264, "delta": 68.741514}}
{"target": -12.951205155762763, "params": {"log_nD": 20.978687809999247, "log_nNe": 18.455046572257544}, "datetime": {"datetime": "2022-04-20 00:44:07", "elapsed": 4066.403691, "delta": 43.077427}}
{"target": -11.605308210710884, "params": {"log_nD": 20.874408250327548, "log_nNe": 18.01676165817371}, "datetime": {"datetime": "2022-04-20 00:44:46", "elapsed": 4105.690115, "delta": 39.286424}}
{"target": -12.389720639431784, "params": {"log_nD": 20.726513863559564, "log_nNe": 18.22953824752866}, "datetime": {"datetime": "2022-04-20 00:45:26", "elapsed": 4145.676199, "delta": 39.986084}}
{"target": -48.873441280403725, "params": {"log_nD": 21.67766030995491, "log_nNe": 18.99705382175026}, "datetime": {"datetime": "2022-04-20 00:46:06", "elapsed": 4185.673312, "delta": 39.997113}}
{"target": -16.56540689597972, "params": {"log_nD": 20.4488535495882, "log_nNe": 18.643620379207018}, "datetime": {"datetime": "2022-04-20 00:46:49", "elapsed": 4228.189411, "delta": 42.516099}}
{"target": -110.02316856327668, "params": {"log_nD": 20.985173676601068, "log_nNe": 17.629349370260766}, "datetime": {"datetime": "2022-04-20 00:47:28", "elapsed": 4267.378628, "delta": 39.189217}}
{"target": -10.952439806296649, "params": {"log_nD": 21.43478270728851, "log_nNe": 18.378476801608375}, "datetime": {"datetime": "2022-04-20 00:48:09", "elapsed": 4308.567248, "delta": 41.18862}}
{"target": -10.338892633966362, "params": {"log_nD": 21.183453305171117, "log_nNe": 17.89129572500639}, "datetime": {"datetime": "2022-04-20 00:48:49", "elapsed": 4348.607881, "delta": 40.040633}}
{"target": -14.481931032714119, "params": {"log_nD": 20.889062493720672, "log_nNe": 18.855108021740016}, "datetime": {"datetime": "2022-04-20 00:49:31", "elapsed": 4390.362943, "delta": 41.755062}}
{"target": -14.3018794329477, "params": {"log_nD": 20.486909992935736, "log_nNe": 18.354693170270153}, "datetime": {"datetime": "2022-04-20 00:50:14", "elapsed": 4433.220696, "delta": 42.857753}}
{"target": -7.342853506746268, "params": {"log_nD": 21.796275745332835, "log_nNe": 18.205801985221623}, "datetime": {"datetime": "2022-04-20 00:50:55", "elapsed": 4474.101279, "delta": 40.880583}}
{"target": -139.69956326236476, "params": {"log_nD": 19.0, "log_nNe": 19.0}, "datetime": {"datetime": "2022-04-20 00:51:39", "elapsed": 4518.447599, "delta": 44.34632}}
{"target": -18.03989976446901, "params": {"log_nD": 20.505805941924283, "log_nNe": 19.0}, "datetime": {"datetime": "2022-04-20 00:52:21", "elapsed": 4560.967996, "delta": 42.520397}}
{"target": -24.124371736932474, "params": {"log_nD": 20.1834567920558, "log_nNe": 18.992640137771993}, "datetime": {"datetime": "2022-04-20 00:53:04", "elapsed": 4603.725798, "delta": 42.757802}}
{"target": -144.30287096941063, "params": {"log_nD": 20.3125275233202, "log_nNe": 15.76654017832746}, "datetime": {"datetime": "2022-04-20 00:53:44", "elapsed": 4643.488534, "delta": 39.762736}}
{"target": -111.31772693532332, "params": {"log_nD": 22.1920369613226, "log_nNe": 18.1418275149692}, "datetime": {"datetime": "2022-04-20 08:29:28", "elapsed": 31987.460931, "delta": 27343.972397}}
