{"target": -6.8528498635878226, "params": {"nD": 6.243661981845912e+21, "nNe": 1.496497156719026e+18}, "datetime": {"datetime": "2022-04-15 00:37:52", "elapsed": 15578.330244, "delta": 69.073793}}
{"target": -111.16501643543548, "params": {"nD": 1.4596047823655754e+22, "nNe": 2.334205938840186e+18}, "datetime": {"datetime": "2022-04-15 00:39:04", "elapsed": 15650.69593, "delta": 72.365686}}
{"target": -64.50048077211643, "params": {"nD": 7.710346548604427e+21, "nNe": 5.222704274515391e+18}, "datetime": {"datetime": "2022-04-15 00:40:12", "elapsed": 15718.554609, "delta": 67.858679}}
{"target": -97.00417266280174, "params": {"nD": 1.436669268251691e+22, "nNe": 4.3084726109430054e+17}, "datetime": {"datetime": "2022-04-15 00:41:22", "elapsed": 15788.457932, "delta": 69.903323}}
{"target": -13.318938960099405, "params": {"nD": 8.84137972352176e+21, "nNe": 2.4721960167499827e+18}, "datetime": {"datetime": "2022-04-15 00:42:31", "elapsed": 15856.943496, "delta": 68.485564}}
{"target": -12.532138755605267, "params": {"nD": 5.47874223273268e+21, "nNe": 4.82392292420414e+18}, "datetime": {"datetime": "2022-04-15 00:43:41", "elapsed": 15926.891265, "delta": 69.947769}}
{"target": -108.51281987987815, "params": {"nD": 1.070290411626589e+22, "nNe": 8.870444304209374e+18}, "datetime": {"datetime": "2022-04-15 00:44:48", "elapsed": 15994.307998, "delta": 67.416733}}
{"target": -12.14132922747812, "params": {"nD": 2.403048805880272e+21, "nNe": 4.951495552161318e+18}, "datetime": {"datetime": "2022-04-15 00:45:58", "elapsed": 16064.565854, "delta": 70.257856}}
{"target": -6.396508495277164, "params": {"nD": 5.328856937448172e+21, "nNe": 9.23896860722839e+17}, "datetime": {"datetime": "2022-04-15 00:47:08", "elapsed": 16134.095717, "delta": 69.529863}}
{"target": -9.636952236266888, "params": {"nD": 4.823445108648871e+21, "nNe": 3.2029885034432394e+18}, "datetime": {"datetime": "2022-04-15 00:48:18", "elapsed": 16204.195809, "delta": 70.100092}}
{"target": -15.773302601571448, "params": {"nD": 2.4064252979359583e+21, "nNe": 9.820977860675946e+18}, "datetime": {"datetime": "2022-04-15 00:49:29", "elapsed": 16274.849792, "delta": 70.653983}}
{"target": -109.87005014837489, "params": {"nD": 1.4558656043367887e+22, "nNe": 1.5707478155573824e+18}, "datetime": {"datetime": "2022-04-15 00:50:38", "elapsed": 16344.42508, "delta": 69.575288}}
{"target": -10.538380770695264, "params": {"nD": 5.603925889676596e+21, "nNe": 4.140559537303343e+18}, "datetime": {"datetime": "2022-04-15 00:51:48", "elapsed": 16413.844293, "delta": 69.419213}}
{"target": -13.053503804984759, "params": {"nD": 2.5295021908652374e+21, "nNe": 7.603578220474958e+18}, "datetime": {"datetime": "2022-04-15 00:52:58", "elapsed": 16484.431849, "delta": 70.587556}}
{"target": -132.5262880081096, "params": {"nD": 5.158734166762066e+19, "nNe": 9.539152285195512e+18}, "datetime": {"datetime": "2022-04-15 00:54:15", "elapsed": 16561.412283, "delta": 76.980434}}
{"target": -13.452597835035423, "params": {"nD": 1.3542147515376363e+21, "nNe": 5.957976647166829e+18}, "datetime": {"datetime": "2022-04-15 00:55:27", "elapsed": 16633.206549, "delta": 71.794266}}
{"target": -9.090082094054386, "params": {"nD": 4.176452816324352e+21, "nNe": 1.9650317241691955e+18}, "datetime": {"datetime": "2022-04-15 00:56:37", "elapsed": 16703.672114, "delta": 70.465565}}
{"target": -11.57731317032774, "params": {"nD": 2.470376430543148e+21, "nNe": 3.5385492037387484e+18}, "datetime": {"datetime": "2022-04-15 00:57:47", "elapsed": 16773.302159, "delta": 69.630045}}
{"target": -12.807613374739661, "params": {"nD": 3.4098999182892833e+21, "nNe": 6.466031278625093e+18}, "datetime": {"datetime": "2022-04-15 00:58:58", "elapsed": 16843.864825, "delta": 70.562666}}
{"target": -17.048902807808958, "params": {"nD": 5.251982034565029e+21, "nNe": 5.852860113403055e+18}, "datetime": {"datetime": "2022-04-15 01:00:07", "elapsed": 16913.530281, "delta": 69.665456}}
{"target": -12.730246793077246, "params": {"nD": 4.189998738716101e+20, "nNe": 2.2891170747095342e+18}, "datetime": {"datetime": "2022-04-15 01:01:20", "elapsed": 16986.120334, "delta": 72.590053}}
{"target": -14.321403152268367, "params": {"nD": 3.9827581538080745e+20, "nNe": 4.2322307023115597e+18}, "datetime": {"datetime": "2022-04-15 01:02:32", "elapsed": 17058.708636, "delta": 72.588302}}
{"target": -108.46944006164209, "params": {"nD": 1.3038422712475116e+22, "nNe": 5.811940458446492e+18}, "datetime": {"datetime": "2022-04-15 01:03:41", "elapsed": 17127.452554, "delta": 68.743918}}
{"target": -105.16634956087844, "params": {"nD": 8.051660280872259e+21, "nNe": 9.497841520936755e+18}, "datetime": {"datetime": "2022-04-15 01:04:49", "elapsed": 17195.65192, "delta": 68.199366}}
{"target": -11.165332254759429, "params": {"nD": 3.3891930700475196e+21, "nNe": 4.29672781857482e+18}, "datetime": {"datetime": "2022-04-15 01:06:00", "elapsed": 17266.219366, "delta": 70.567446}}
{"target": -9.923769236890312, "params": {"nD": 6.239162107244713e+21, "nNe": 3.9101385833258255e+18}, "datetime": {"datetime": "2022-04-15 01:07:09", "elapsed": 17335.207764, "delta": 68.988398}}
{"target": -18.992287513652613, "params": {"nD": 3.5287805904426427e+21, "nNe": 9.890117927375466e+18}, "datetime": {"datetime": "2022-04-15 01:08:19", "elapsed": 17405.438132, "delta": 70.230368}}
{"target": -8.177599053876778, "params": {"nD": 4.875353981638297e+21, "nNe": 1.6653794718367598e+18}, "datetime": {"datetime": "2022-04-15 01:09:30", "elapsed": 17475.955545, "delta": 70.517413}}
{"target": -40.51746249332206, "params": {"nD": 8.213372819411288e+21, "nNe": 3.8828457070788393e+18}, "datetime": {"datetime": "2022-04-15 01:10:38", "elapsed": 17544.560058, "delta": 68.604513}}
{"target": -26.842625769859616, "params": {"nD": 4.897667297292472e+21, "nNe": 7.86276886399396e+18}, "datetime": {"datetime": "2022-04-15 01:11:49", "elapsed": 17615.043849, "delta": 70.483791}}
{"target": -10.520988882924827, "params": {"nD": 2.086847450433218e+21, "nNe": 1.425174694732922e+18}, "datetime": {"datetime": "2022-04-15 01:12:59", "elapsed": 17685.703128, "delta": 70.659279}}
{"target": -85.99987672291907, "params": {"nD": 7.911137170009409e+21, "nNe": 7.899099048702363e+18}, "datetime": {"datetime": "2022-04-15 01:14:07", "elapsed": 17753.393141, "delta": 67.690013}}
{"target": -41.73976419925085, "params": {"nD": 6.95440794903178e+21, "nNe": 5.501550487305734e+18}, "datetime": {"datetime": "2022-04-15 01:15:15", "elapsed": 17821.610052, "delta": 68.216911}}
{"target": -44.4273770213627, "params": {"nD": 4.441970265576171e+21, "nNe": 9.224498906766698e+18}, "datetime": {"datetime": "2022-04-15 01:16:25", "elapsed": 17891.569601, "delta": 69.959549}}
{"target": -8.98951182556135, "params": {"nD": 7.135848396586941e+21, "nNe": 3.208187090888152e+18}, "datetime": {"datetime": "2022-04-15 01:17:34", "elapsed": 17960.428371, "delta": 68.85877}}
{"target": -23.297181320504546, "params": {"nD": 8.252714456308183e+21, "nNe": 3.538359498811784e+18}, "datetime": {"datetime": "2022-04-15 01:18:42", "elapsed": 18028.551646, "delta": 68.123275}}
{"target": -106.89554757255864, "params": {"nD": 9.788267788980955e+21, "nNe": 7.603170542287265e+18}, "datetime": {"datetime": "2022-04-15 01:19:50", "elapsed": 18096.610959, "delta": 68.059313}}
{"target": -6.200553206838145, "params": {"nD": 8.593072393452522e+21, "nNe": 1.5923788180311857e+18}, "datetime": {"datetime": "2022-04-15 01:20:59", "elapsed": 18165.128147, "delta": 68.517188}}
{"target": -83.78510066874847, "params": {"nD": 1.4614510807229061e+22, "nNe": 3.5196343240870957e+17}, "datetime": {"datetime": "2022-04-15 01:22:08", "elapsed": 18234.164198, "delta": 69.036051}}
{"target": -27.63872940204264, "params": {"nD": 4.023048005235681e+21, "nNe": 9.287237156124002e+18}, "datetime": {"datetime": "2022-04-15 01:23:18", "elapsed": 18304.625684, "delta": 70.461486}}
{"target": -7.558325240372587, "params": {"nD": 2.817141106112102e+21, "nNe": 5.62397914632728e+17}, "datetime": {"datetime": "2022-04-15 01:24:29", "elapsed": 18375.626411, "delta": 71.000727}}
{"target": -9.837459393517427, "params": {"nD": 4.514534848794642e+21, "nNe": 3.2307303446030495e+18}, "datetime": {"datetime": "2022-04-15 01:25:39", "elapsed": 18445.748255, "delta": 70.121844}}
{"target": -27.121342926200057, "params": {"nD": 4.681298056886828e+21, "nNe": 8.533683777047538e+18}, "datetime": {"datetime": "2022-04-15 01:26:50", "elapsed": 18516.100151, "delta": 70.351896}}
{"target": -39.09209744719795, "params": {"nD": 9.675262030773288e+21, "nNe": 2.371651895125806e+18}, "datetime": {"datetime": "2022-04-15 01:27:58", "elapsed": 18583.980547, "delta": 67.880396}}
{"target": -11.821765391993896, "params": {"nD": 1.2156338314178247e+21, "nNe": 1.6898469986296883e+18}, "datetime": {"datetime": "2022-04-15 01:29:10", "elapsed": 18656.199452, "delta": 72.218905}}
{"target": -98.90026906265706, "params": {"nD": 7.948513129234e+21, "nNe": 8.439546525614988e+18}, "datetime": {"datetime": "2022-04-15 01:30:17", "elapsed": 18723.709537, "delta": 67.510085}}
{"target": -103.34337008537797, "params": {"nD": 1.753814215296509e+21, "nNe": 3.0405920259234406e+17}, "datetime": {"datetime": "2022-04-15 01:31:33", "elapsed": 18798.939946, "delta": 75.230409}}
{"target": -10.951848191629795, "params": {"nD": 4.4057759906593977e+21, "nNe": 4.667194816778594e+18}, "datetime": {"datetime": "2022-04-15 01:32:43", "elapsed": 18869.492082, "delta": 70.552136}}
{"target": -28.57253253130755, "params": {"nD": 1.2635629884919063e+20, "nNe": 9.473927834644265e+18}, "datetime": {"datetime": "2022-04-15 01:33:58", "elapsed": 18944.502481, "delta": 75.010399}}
{"target": -41.11684554234432, "params": {"nD": 8.112167767499061e+21, "nNe": 5.287025430794672e+18}, "datetime": {"datetime": "2022-04-15 01:35:07", "elapsed": 19013.085782, "delta": 68.583301}}
{"target": -8.31191618717647, "params": {"nD": 7.62105716169719e+21, "nNe": 2.5920220950456125e+18}, "datetime": {"datetime": "2022-04-15 01:36:16", "elapsed": 19082.229511, "delta": 69.143729}}
{"target": -107.77935439083562, "params": {"nD": 1.201707282727037e+22, "nNe": 5.494946156581054e+18}, "datetime": {"datetime": "2022-04-15 01:37:24", "elapsed": 19150.535239, "delta": 68.305728}}
{"target": -19.146161071822494, "params": {"nD": 3.057537719185806e+21, "nNe": 8.871659054086869e+18}, "datetime": {"datetime": "2022-04-15 01:38:35", "elapsed": 19221.047444, "delta": 70.512205}}
{"target": -109.39067786278608, "params": {"nD": 1.3529038633771884e+22, "nNe": 7.665294168359008e+18}, "datetime": {"datetime": "2022-04-15 01:39:44", "elapsed": 19290.611639, "delta": 69.564195}}
{"target": -11.932260834836411, "params": {"nD": 2.1522668851213723e+21, "nNe": 3.641481869505715e+18}, "datetime": {"datetime": "2022-04-15 01:40:55", "elapsed": 19361.054519, "delta": 70.44288}}
{"target": -107.78294828870828, "params": {"nD": 1.0421911787034244e+22, "nNe": 7.318121540721148e+18}, "datetime": {"datetime": "2022-04-15 01:42:03", "elapsed": 19429.758092, "delta": 68.703573}}
{"target": -108.19248018953843, "params": {"nD": 1.285532795847638e+22, "nNe": 5.441619862526918e+18}, "datetime": {"datetime": "2022-04-15 01:43:13", "elapsed": 19498.861586, "delta": 69.103494}}
{"target": -41.71900803803112, "params": {"nD": 7.190517525522491e+21, "nNe": 5.850719221816368e+18}, "datetime": {"datetime": "2022-04-15 01:44:22", "elapsed": 19568.06771, "delta": 69.206124}}
{"target": -11.833236019289833, "params": {"nD": 1.6475819471815691e+21, "nNe": 2.255631416302787e+18}, "datetime": {"datetime": "2022-04-15 01:45:34", "elapsed": 19640.323653, "delta": 72.255943}}
{"target": -11.68927869340036, "params": {"nD": 2.6857510115357486e+21, "nNe": 4.2690530345474913e+18}, "datetime": {"datetime": "2022-04-15 01:46:45", "elapsed": 19710.813674, "delta": 70.490021}}
{"target": -108.56505268785318, "params": {"nD": 1.232693965763278e+22, "nNe": 7.429807798130421e+18}, "datetime": {"datetime": "2022-04-15 01:47:53", "elapsed": 19779.056982, "delta": 68.243308}}
{"target": -14.491628044709117, "params": {"nD": 9.45241608799351e+20, "nNe": 9.176259992686546e+18}, "datetime": {"datetime": "2022-04-15 01:49:04", "elapsed": 19850.548771, "delta": 71.491789}}
{"target": -18.2623577826654, "params": {"nD": 4.180063161459475e+21, "nNe": 8.063488672614684e+18}, "datetime": {"datetime": "2022-04-15 01:50:14", "elapsed": 19920.703022, "delta": 70.154251}}
{"target": -9.267584686848252, "params": {"nD": 5.831696299123884e+21, "nNe": 3.268508696141122e+18}, "datetime": {"datetime": "2022-04-15 01:51:24", "elapsed": 19989.912982, "delta": 69.20996}}
{"target": -21.739373243858246, "params": {"nD": 9.87809888883477e+21, "nNe": 2.065265643565492e+18}, "datetime": {"datetime": "2022-04-15 01:52:31", "elapsed": 20057.722198, "delta": 67.809216}}
{"target": -41.51343113410118, "params": {"nD": 7.737603559652025e+21, "nNe": 6.068148539760305e+18}, "datetime": {"datetime": "2022-04-15 01:53:39", "elapsed": 20125.554231, "delta": 67.832033}}
{"target": -21.847853635447052, "params": {"nD": 1.8635413412006432e+20, "nNe": 6.08271166510333e+18}, "datetime": {"datetime": "2022-04-15 01:54:54", "elapsed": 20199.771193, "delta": 74.216962}}
{"target": -5.578873664136252, "params": {"nD": 9.266666072552025e+21, "nNe": 1.3318250800229524e+18}, "datetime": {"datetime": "2022-04-15 01:56:02", "elapsed": 20268.759396, "delta": 68.988203}}
{"target": -108.68873983257623, "params": {"nD": 1.1468704023848608e+22, "nNe": 8.777484441670386e+18}, "datetime": {"datetime": "2022-04-15 01:57:11", "elapsed": 20337.217219, "delta": 68.457823}}
{"target": -13.644869615441866, "params": {"nD": 1.6759921332336284e+21, "nNe": 8.123193954518561e+18}, "datetime": {"datetime": "2022-04-15 01:58:23", "elapsed": 20409.661623, "delta": 72.444404}}
{"target": -108.1221733669513, "params": {"nD": 1.100136593693453e+22, "nNe": 7.125428887964439e+18}, "datetime": {"datetime": "2022-04-15 01:59:32", "elapsed": 20478.227353, "delta": 68.56573}}
{"target": -107.90780999420335, "params": {"nD": 1.100175368922773e+22, "nNe": 7.865250627419006e+18}, "datetime": {"datetime": "2022-04-15 02:00:40", "elapsed": 20546.723283, "delta": 68.49593}}
{"target": -39.804459305783084, "params": {"nD": 9.124817806269205e+21, "nNe": 3.1505850117595796e+18}, "datetime": {"datetime": "2022-04-15 02:01:49", "elapsed": 20615.239426, "delta": 68.516143}}
{"target": -25.763510780260876, "params": {"nD": 5.893397677277956e+21, "nNe": 6.835989630251433e+18}, "datetime": {"datetime": "2022-04-15 02:02:59", "elapsed": 20684.989516, "delta": 69.75009}}
{"target": -5.479590018751341, "params": {"nD": 5.103013330927351e+21, "nNe": 6.038823724829202e+17}, "datetime": {"datetime": "2022-04-15 02:04:10", "elapsed": 20755.876674, "delta": 70.887158}}
{"target": -9.887269377923081, "params": {"nD": 4.681137777573665e+21, "nNe": 3.4509041462695726e+18}, "datetime": {"datetime": "2022-04-15 02:05:20", "elapsed": 20825.909155, "delta": 70.032481}}
{"target": -108.37089468008509, "params": {"nD": 9.390460890820555e+21, "nNe": 9.504894214101883e+18}, "datetime": {"datetime": "2022-04-15 02:06:28", "elapsed": 20894.263656, "delta": 68.354501}}
{"target": -105.66968243371218, "params": {"nD": 1.1564504240927877e+22, "nNe": 3.9848240955773184e+18}, "datetime": {"datetime": "2022-04-15 02:07:37", "elapsed": 20962.856756, "delta": 68.5931}}
{"target": -108.7763795971183, "params": {"nD": 1.3902631792937577e+22, "nNe": 1.7864064736511199e+18}, "datetime": {"datetime": "2022-04-15 02:08:46", "elapsed": 21032.222746, "delta": 69.36599}}
{"target": -112.25514872479653, "params": {"nD": 1.4810981609712015e+22, "nNe": 3.2701842598870605e+18}, "datetime": {"datetime": "2022-04-15 02:09:59", "elapsed": 21104.830717, "delta": 72.607971}}
{"target": -104.46929156077377, "params": {"nD": 9.036060740619673e+21, "nNe": 7.555617572716763e+18}, "datetime": {"datetime": "2022-04-15 02:11:07", "elapsed": 21173.383191, "delta": 68.552474}}
{"target": -111.78077674769453, "params": {"nD": 1.4826676346549736e+22, "nNe": 2.8163454796389816e+18}, "datetime": {"datetime": "2022-04-15 02:12:20", "elapsed": 21246.432739, "delta": 73.049548}}
{"target": -18.422806865983482, "params": {"nD": 3.885322648442467e+21, "nNe": 7.96455668734059e+18}, "datetime": {"datetime": "2022-04-15 02:13:30", "elapsed": 21316.264559, "delta": 69.83182}}
{"target": -9.370344593626792, "params": {"nD": 5.831370353867393e+21, "nNe": 3.4440304962882524e+18}, "datetime": {"datetime": "2022-04-15 02:14:40", "elapsed": 21385.814377, "delta": 69.549818}}
{"target": -6.844247961547065, "params": {"nD": 3.9051816315468435e+21, "nNe": 6.66649847467972e+17}, "datetime": {"datetime": "2022-04-15 02:15:51", "elapsed": 21457.081718, "delta": 71.267341}}
{"target": -8.568399083210437, "params": {"nD": 4.341068660208621e+21, "nNe": 1.633129570793956e+18}, "datetime": {"datetime": "2022-04-15 02:17:01", "elapsed": 21527.330185, "delta": 70.248467}}
{"target": -109.49266903784715, "params": {"nD": 1.3670631344961537e+22, "nNe": 6.630833161673967e+18}, "datetime": {"datetime": "2022-04-15 02:18:12", "elapsed": 21598.0374, "delta": 70.707215}}
