{"target": -10.154659062862299, "params": {"nD": 4.0793527477307095e+21, "nNe": 3.2458205079772283e+18}, "datetime": {"datetime": "2022-04-14 22:28:39", "elapsed": 7825.348422, "delta": 70.108978}}
{"target": -107.27082221033433, "params": {"nD": 1.0958587707385723e+22, "nNe": 5.566450339015413e+18}, "datetime": {"datetime": "2022-04-14 22:29:47", "elapsed": 7893.64786, "delta": 68.299438}}
{"target": -101.82383180022691, "params": {"nD": 1.2545337977827907e+22, "nNe": 1.7790632605610803e+18}, "datetime": {"datetime": "2022-04-14 22:30:56", "elapsed": 7962.056539, "delta": 68.408679}}
{"target": -107.20905610646999, "params": {"nD": 1.1836285980195907e+22, "nNe": 5.113203807857144e+18}, "datetime": {"datetime": "2022-04-14 22:32:04", "elapsed": 8030.510429, "delta": 68.45389}}
{"target": -14.446434631092341, "params": {"nD": 9.048528649785588e+20, "nNe": 8.709885062965959e+18}, "datetime": {"datetime": "2022-04-14 22:33:16", "elapsed": 8101.992189, "delta": 71.48176}}
{"target": -110.51855599512547, "params": {"nD": 7.173702251645754e+20, "nNe": 5.715618995300277e+17}, "datetime": {"datetime": "2022-04-14 22:34:30", "elapsed": 8175.912848, "delta": 73.920659}}
{"target": -108.84483504473262, "params": {"nD": 1.1998484209588821e+22, "nNe": 8.834353159507557e+18}, "datetime": {"datetime": "2022-04-14 22:35:38", "elapsed": 8244.117083, "delta": 68.204235}}
{"target": -0.7704960025375291, "params": {"nD": 5.453687731253112e+21, "nNe": 1.2984485269589949e+17}, "datetime": {"datetime": "2022-04-14 22:36:50", "elapsed": 8316.319302, "delta": 72.202219}}
{"target": -106.9891686783123, "params": {"nD": 9.831662974787706e+21, "nNe": 8.098545653599369e+18}, "datetime": {"datetime": "2022-04-14 22:37:59", "elapsed": 8384.92717, "delta": 68.607868}}
{"target": -106.4348100143327, "params": {"nD": 1.0424540041020772e+22, "nNe": 6.148092396556578e+18}, "datetime": {"datetime": "2022-04-14 22:39:07", "elapsed": 8453.006746, "delta": 68.079576}}
{"target": -106.62759320225089, "params": {"nD": 1.3762759335783747e+22, "nNe": 9.513264631454712e+17}, "datetime": {"datetime": "2022-04-14 22:40:16", "elapsed": 8522.168319, "delta": 69.161573}}
{"target": -10.749253098785875, "params": {"nD": 1.8641026073917635e+21, "nNe": 1.3149539108980877e+18}, "datetime": {"datetime": "2022-04-14 22:41:29", "elapsed": 8594.786416, "delta": 72.618097}}
{"target": -6.551160860778814, "params": {"nD": 3.8672313665867397e+21, "nNe": 5.895952177790467e+17}, "datetime": {"datetime": "2022-04-14 22:42:39", "elapsed": 8665.626517, "delta": 70.840101}}
{"target": -10.606694404194613, "params": {"nD": 3.909400068722218e+21, "nNe": 3.8804814215925105e+18}, "datetime": {"datetime": "2022-04-14 22:43:49", "elapsed": 8735.224113, "delta": 69.597596}}
{"target": -11.64188748579722, "params": {"nD": 1.4659390812393827e+21, "nNe": 1.7451093848732204e+18}, "datetime": {"datetime": "2022-04-14 22:45:01", "elapsed": 8807.70207, "delta": 72.477957}}
{"target": -67.0135254990248, "params": {"nD": 5.388037037714345e+21, "nNe": 9.7263068893566e+18}, "datetime": {"datetime": "2022-04-14 22:46:11", "elapsed": 8877.638816, "delta": 69.936746}}
{"target": -110.3938674197724, "params": {"nD": 1.4294415537127924e+22, "nNe": 2.2122165395032484e+18}, "datetime": {"datetime": "2022-04-14 22:47:21", "elapsed": 8947.273679, "delta": 69.634863}}
{"target": -13.474979936579636, "params": {"nD": 1.0667804537780361e+21, "nNe": 5.093736289019949e+18}, "datetime": {"datetime": "2022-04-14 22:48:38", "elapsed": 9024.748188, "delta": 77.474509}}
{"target": -109.10021214936677, "params": {"nD": 1.2960863346969943e+22, "nNe": 8.426479750132999e+18}, "datetime": {"datetime": "2022-04-14 22:49:48", "elapsed": 9094.711409, "delta": 69.963221}}
{"target": -9.494398201030922, "params": {"nD": 6.551902935082426e+21, "nNe": 3.484405773691811e+18}, "datetime": {"datetime": "2022-04-14 22:50:58", "elapsed": 9164.706075, "delta": 69.994666}}
{"target": -4.028869694573629, "params": {"nD": 7.929905971790269e+21, "nNe": 7.336985403216323e+17}, "datetime": {"datetime": "2022-04-14 22:52:08", "elapsed": 9234.318193, "delta": 69.612118}}
{"target": -8.19427390365562, "params": {"nD": 9.694666206676106e+21, "nNe": 1.6005303741342216e+18}, "datetime": {"datetime": "2022-04-14 22:53:16", "elapsed": 9302.289615, "delta": 67.971422}}
{"target": -108.8450759253573, "params": {"nD": 1.2917281154807248e+22, "nNe": 7.357865022132863e+18}, "datetime": {"datetime": "2022-04-14 22:54:25", "elapsed": 9370.816698, "delta": 68.527083}}
{"target": -98.39638462816183, "params": {"nD": 8.567883099742036e+21, "nNe": 7.161340334523612e+18}, "datetime": {"datetime": "2022-04-14 22:55:32", "elapsed": 9438.646894, "delta": 67.830196}}
{"target": -17.0793196470187, "params": {"nD": 5.378592018029613e+21, "nNe": 6.413846700952883e+18}, "datetime": {"datetime": "2022-04-14 22:56:42", "elapsed": 9508.110358, "delta": 69.463464}}
{"target": -12.45473645685478, "params": {"nD": 1.9105523154856428e+21, "nNe": 4.4574806961098204e+18}, "datetime": {"datetime": "2022-04-14 22:57:52", "elapsed": 9577.835325, "delta": 69.724967}}
{"target": -10.96550429503505, "params": {"nD": 2.5859574742780614e+21, "nNe": 2.5732499752190863e+18}, "datetime": {"datetime": "2022-04-14 22:59:02", "elapsed": 9648.270116, "delta": 70.434791}}
{"target": -12.046923071806457, "params": {"nD": 1.0448194984913792e+22, "nNe": 1.562931738853346e+18}, "datetime": {"datetime": "2022-04-14 23:00:10", "elapsed": 9716.121498, "delta": 67.851382}}
{"target": -110.47032941811268, "params": {"nD": 1.4100906381524146e+22, "nNe": 4.52204434351619e+18}, "datetime": {"datetime": "2022-04-14 23:01:21", "elapsed": 9787.716388, "delta": 71.59489}}
{"target": -11.77247311272163, "params": {"nD": 1.0857325734234354e+22, "nNe": 1.3818745118351488e+18}, "datetime": {"datetime": "2022-04-14 23:02:30", "elapsed": 9856.207026, "delta": 68.490638}}
{"target": -14.825551820059115, "params": {"nD": 7.384907498928015e+21, "nNe": 3.8871500370352927e+18}, "datetime": {"datetime": "2022-04-14 23:03:38", "elapsed": 9924.198315, "delta": 67.991289}}
{"target": -13.525275916381837, "params": {"nD": 7.592224807723586e+20, "nNe": 4.444668662351093e+18}, "datetime": {"datetime": "2022-04-14 23:04:50", "elapsed": 9996.432495, "delta": 72.23418}}
{"target": -108.14101210921896, "params": {"nD": 1.2689586752172792e+22, "nNe": 5.459272988556799e+18}, "datetime": {"datetime": "2022-04-14 23:05:58", "elapsed": 10064.47234, "delta": 68.039845}}
{"target": -108.36726560831413, "params": {"nD": 1.2756401146900586e+22, "nNe": 6.092813986230116e+18}, "datetime": {"datetime": "2022-04-14 23:07:06", "elapsed": 10132.507524, "delta": 68.035184}}
{"target": -8.304776984081602, "params": {"nD": 6.32476701181096e+21, "nNe": 2.7391897365555333e+18}, "datetime": {"datetime": "2022-04-14 23:08:14", "elapsed": 10200.478532, "delta": 67.971008}}
{"target": -102.14071962630874, "params": {"nD": 1.2409315880533343e+22, "nNe": 2.1644420606181023e+18}, "datetime": {"datetime": "2022-04-14 23:09:23", "elapsed": 10268.81737, "delta": 68.338838}}
{"target": -66.46863559968098, "params": {"nD": 5.795827433547862e+21, "nNe": 8.648461714852901e+18}, "datetime": {"datetime": "2022-04-14 23:10:33", "elapsed": 10338.974421, "delta": 70.157051}}
{"target": -13.671800338090032, "params": {"nD": 2.6148004982904245e+21, "nNe": 7.85310887560392e+18}, "datetime": {"datetime": "2022-04-14 23:11:43", "elapsed": 10408.901653, "delta": 69.927232}}
{"target": -6.3889849280071775, "params": {"nD": 4.4360637481132307e+21, "nNe": 6.776825837267378e+17}, "datetime": {"datetime": "2022-04-14 23:12:53", "elapsed": 10479.314819, "delta": 70.413166}}
{"target": -10.315581828522879, "params": {"nD": 5.579463852907483e+21, "nNe": 3.6254555784679414e+18}, "datetime": {"datetime": "2022-04-14 23:14:02", "elapsed": 10548.033135, "delta": 68.718316}}
{"target": -0.4828203052375866, "params": {"nD": 9.716779762110813e+21, "nNe": 1.7639721349448218e+17}, "datetime": {"datetime": "2022-04-14 23:15:11", "elapsed": 10616.885879, "delta": 68.852744}}
{"target": -108.48732658093746, "params": {"nD": 1.0632159028243618e+22, "nNe": 8.73826708648845e+18}, "datetime": {"datetime": "2022-04-14 23:16:18", "elapsed": 10684.745479, "delta": 67.8596}}
{"target": -108.50734917085546, "params": {"nD": 1.0595066172870608e+22, "nNe": 8.833734726664486e+18}, "datetime": {"datetime": "2022-04-14 23:17:26", "elapsed": 10752.582243, "delta": 67.836764}}
{"target": -112.45304864517438, "params": {"nD": 1.4681895535534282e+22, "nNe": 6.533225387395474e+18}, "datetime": {"datetime": "2022-04-14 23:18:38", "elapsed": 10824.652651, "delta": 72.070408}}
{"target": -96.94037083207336, "params": {"nD": 1.4631007739448465e+22, "nNe": 4.0191216002953824e+17}, "datetime": {"datetime": "2022-04-14 23:19:47", "elapsed": 10893.538886, "delta": 68.886235}}
{"target": -12.168594677250066, "params": {"nD": 2.1597882262738525e+21, "nNe": 4.299567977232934e+18}, "datetime": {"datetime": "2022-04-14 23:20:58", "elapsed": 10964.235095, "delta": 70.696209}}
{"target": -3.1899363735365203, "params": {"nD": 1.3232317047719238e+22, "nNe": 1.7784727270861635e+17}, "datetime": {"datetime": "2022-04-14 23:22:07", "elapsed": 11033.737325, "delta": 69.50223}}
{"target": -13.975935174724235, "params": {"nD": 4.173451388030893e+21, "nNe": 6.759113985939401e+18}, "datetime": {"datetime": "2022-04-14 23:23:18", "elapsed": 11104.014092, "delta": 70.276767}}
{"target": -14.01297813252053, "params": {"nD": 1.447003660948734e+21, "nNe": 9.041426959239109e+18}, "datetime": {"datetime": "2022-04-14 23:24:30", "elapsed": 11176.196745, "delta": 72.182653}}
{"target": -14.649579503079568, "params": {"nD": 8.891522296000148e+20, "nNe": 9.617190876073675e+18}, "datetime": {"datetime": "2022-04-14 23:25:42", "elapsed": 11247.978498, "delta": 71.781753}}
{"target": -26.51638111585862, "params": {"nD": 5.149195521244583e+21, "nNe": 7.205934813597327e+18}, "datetime": {"datetime": "2022-04-14 23:26:52", "elapsed": 11317.969956, "delta": 69.991458}}
{"target": -110.15671083907549, "params": {"nD": 1.3992607846589467e+22, "nNe": 4.57217025938587e+18}, "datetime": {"datetime": "2022-04-14 23:28:03", "elapsed": 11388.900845, "delta": 70.930889}}
{"target": -112.12707735377025, "params": {"nD": 1.4999481308241564e+22, "nNe": 2.3026494008709775e+18}, "datetime": {"datetime": "2022-04-14 23:29:15", "elapsed": 11461.10007, "delta": 72.199225}}
{"target": -9.416818399180151, "params": {"nD": 2.3505798485572528e+21, "nNe": 9.572340510463103e+17}, "datetime": {"datetime": "2022-04-14 23:30:26", "elapsed": 11532.712574, "delta": 71.612504}}
{"target": -13.395756100885409, "params": {"nD": 8.662454606634959e+21, "nNe": 2.4747823656975575e+18}, "datetime": {"datetime": "2022-04-14 23:31:35", "elapsed": 11601.736432, "delta": 69.023858}}
{"target": -11.70279944936631, "params": {"nD": 1.535400802344467e+21, "nNe": 1.9220934925935163e+18}, "datetime": {"datetime": "2022-04-14 23:32:47", "elapsed": 11673.671991, "delta": 71.935559}}
{"target": -110.2391282779572, "params": {"nD": 1.446934474603633e+22, "nNe": 1.4378235417562488e+18}, "datetime": {"datetime": "2022-04-14 23:33:56", "elapsed": 11741.842807, "delta": 68.170816}}
{"target": -112.75482110208485, "params": {"nD": 1.4803386658336253e+22, "nNe": 8.662685233474115e+18}, "datetime": {"datetime": "2022-04-14 23:35:07", "elapsed": 11813.050262, "delta": 71.207455}}
{"target": -108.3203839348611, "params": {"nD": 9.545507969802086e+21, "nNe": 9.373686996247771e+18}, "datetime": {"datetime": "2022-04-14 23:36:15", "elapsed": 11881.091786, "delta": 68.041524}}
{"target": -107.18609626364335, "params": {"nD": 1.1364979554993433e+22, "nNe": 5.254325214497837e+18}, "datetime": {"datetime": "2022-04-14 23:37:23", "elapsed": 11949.050787, "delta": 67.959001}}
{"target": -62.45582489168642, "params": {"nD": 1.3935797973965555e+22, "nNe": 3.6503826136280403e+17}, "datetime": {"datetime": "2022-04-14 23:38:32", "elapsed": 12018.445569, "delta": 69.394782}}
{"target": -13.51578775152934, "params": {"nD": 6.676971897240474e+20, "nNe": 4.235685618961363e+18}, "datetime": {"datetime": "2022-04-14 23:39:44", "elapsed": 12090.470747, "delta": 72.025178}}
{"target": -111.34130473309395, "params": {"nD": 1.4657593392850818e+22, "nNe": 3.8903233333644385e+18}, "datetime": {"datetime": "2022-04-14 23:40:56", "elapsed": 12162.552603, "delta": 72.081856}}
{"target": -13.718488771090648, "params": {"nD": 1.0989413073078277e+21, "nNe": 6.210664673024957e+18}, "datetime": {"datetime": "2022-04-14 23:42:08", "elapsed": 12234.167388, "delta": 71.614785}}
{"target": -10.373864012611596, "params": {"nD": 3.640595466680224e+21, "nNe": 3.069481825083158e+18}, "datetime": {"datetime": "2022-04-14 23:43:18", "elapsed": 12304.33584, "delta": 70.168452}}
{"target": -107.56953059337211, "params": {"nD": 1.2581305007306546e+22, "nNe": 4.465210261034998e+18}, "datetime": {"datetime": "2022-04-14 23:44:27", "elapsed": 12372.830658, "delta": 68.494818}}
{"target": -108.12273709602223, "params": {"nD": 9.974105978053058e+21, "nNe": 8.70912421607701e+18}, "datetime": {"datetime": "2022-04-14 23:45:35", "elapsed": 12441.040576, "delta": 68.209918}}
{"target": -19.36033195147078, "params": {"nD": 2.9469811448032086e+21, "nNe": 9.764832684773532e+18}, "datetime": {"datetime": "2022-04-14 23:46:45", "elapsed": 12511.244618, "delta": 70.204042}}
{"target": -40.42094726217144, "params": {"nD": 8.842544462662098e+21, "nNe": 4.165346666424862e+18}, "datetime": {"datetime": "2022-04-14 23:47:53", "elapsed": 12579.660685, "delta": 68.416067}}
{"target": -37.59279077624609, "params": {"nD": 1.1660980853807482e+22, "nNe": 1.1611451189439575e+18}, "datetime": {"datetime": "2022-04-14 23:49:01", "elapsed": 12647.697407, "delta": 68.036722}}
{"target": -0.6142467741291399, "params": {"nD": 1.077528907403543e+22, "nNe": 1.770679254516555e+17}, "datetime": {"datetime": "2022-04-14 23:50:11", "elapsed": 12716.765341, "delta": 69.067934}}
{"target": -4.251392208570176, "params": {"nD": 1.1430603983220359e+22, "nNe": 5.9754844617641e+17}, "datetime": {"datetime": "2022-04-14 23:51:19", "elapsed": 12785.471786, "delta": 68.706445}}
{"target": -17.023729045813983, "params": {"nD": 2.5480587926797497e+20, "nNe": 2.736365615901466e+18}, "datetime": {"datetime": "2022-04-14 23:52:33", "elapsed": 12859.71808, "delta": 74.246294}}
{"target": -9.878296815300715, "params": {"nD": 5.251195304693587e+21, "nNe": 3.5482287544173394e+18}, "datetime": {"datetime": "2022-04-14 23:53:43", "elapsed": 12929.743398, "delta": 70.025318}}
{"target": -13.589367352178623, "params": {"nD": 1.4035517303822297e+21, "nNe": 6.827396941890146e+18}, "datetime": {"datetime": "2022-04-14 23:54:55", "elapsed": 13001.419882, "delta": 71.676484}}
{"target": -43.232290217354546, "params": {"nD": 5.674792553043791e+21, "nNe": 8.020585915325493e+18}, "datetime": {"datetime": "2022-04-14 23:56:05", "elapsed": 13071.546456, "delta": 70.126574}}
{"target": -42.38717599091834, "params": {"nD": 6.34114961712034e+21, "nNe": 6.444779132253422e+18}, "datetime": {"datetime": "2022-04-14 23:57:14", "elapsed": 13140.110002, "delta": 68.563546}}
{"target": -107.71385970170341, "params": {"nD": 1.0788775042135865e+22, "nNe": 7.116284028882558e+18}, "datetime": {"datetime": "2022-04-14 23:58:22", "elapsed": 13208.616542, "delta": 68.50654}}
{"target": -106.00909141777841, "params": {"nD": 1.3592108504841661e+22, "nNe": 1.2293272650284956e+18}, "datetime": {"datetime": "2022-04-14 23:59:31", "elapsed": 13277.132622, "delta": 68.51608}}
{"target": -107.34943012799856, "params": {"nD": 1.0921292138037528e+22, "nNe": 5.843312674383621e+18}, "datetime": {"datetime": "2022-04-15 00:00:39", "elapsed": 13345.711642, "delta": 68.57902}}
{"target": -1.7068056666212845, "params": {"nD": 9.023222720303796e+21, "nNe": 3.4809441183768896e+17}, "datetime": {"datetime": "2022-04-15 00:01:49", "elapsed": 13414.907801, "delta": 69.196159}}
{"target": -13.58934281187598, "params": {"nD": 1.4885918674008093e+21, "nNe": 7.16459938795164e+18}, "datetime": {"datetime": "2022-04-15 00:03:01", "elapsed": 13487.331499, "delta": 72.423698}}
{"target": -102.94891659475347, "params": {"nD": 1.1354121406251142e+22, "nNe": 3.729146090518091e+18}, "datetime": {"datetime": "2022-04-15 00:04:10", "elapsed": 13555.847208, "delta": 68.515709}}
{"target": -64.40369720799065, "params": {"nD": 7.840102314053684e+21, "nNe": 5.106654757518158e+18}, "datetime": {"datetime": "2022-04-15 00:05:17", "elapsed": 13623.560747, "delta": 67.713539}}
{"target": -108.2482911881187, "params": {"nD": 1.1691604213620437e+22, "nNe": 7.358424038543374e+18}, "datetime": {"datetime": "2022-04-15 00:06:25", "elapsed": 13691.541853, "delta": 67.981106}}
{"target": -97.96101721123667, "params": {"nD": 9.330490299484859e+21, "nNe": 6.279553198369447e+18}, "datetime": {"datetime": "2022-04-15 00:07:33", "elapsed": 13759.489586, "delta": 67.947733}}
{"target": -6.146177058883053, "params": {"nD": 8.63711089268978e+21, "nNe": 1.566402059458098e+18}, "datetime": {"datetime": "2022-04-15 00:08:41", "elapsed": 13827.736447, "delta": 68.246861}}
{"target": -109.27687162196993, "params": {"nD": 1.3008247796373073e+22, "nNe": 9.140444819434073e+18}, "datetime": {"datetime": "2022-04-15 00:09:49", "elapsed": 13895.447716, "delta": 67.711269}}
{"target": -17.64765314924531, "params": {"nD": 4.661686464774271e+21, "nNe": 6.654667009261236e+18}, "datetime": {"datetime": "2022-04-15 00:10:58", "elapsed": 13964.556092, "delta": 69.108376}}
{"target": -36.42121071235534, "params": {"nD": 9.916003154184038e+19, "nNe": 7.413657937600642e+18}, "datetime": {"datetime": "2022-04-15 00:12:15", "elapsed": 14040.926055, "delta": 76.369963}}
{"target": -108.53731341230531, "params": {"nD": 1.1114221863589135e+22, "nNe": 8.940036857303178e+18}, "datetime": {"datetime": "2022-04-15 00:13:24", "elapsed": 14110.126134, "delta": 69.200079}}
{"target": -11.28183822724723, "params": {"nD": 3.438338717231857e+21, "nNe": 4.613220802866681e+18}, "datetime": {"datetime": "2022-04-15 00:14:34", "elapsed": 14180.149135, "delta": 70.023001}}
{"target": -107.40105995277993, "params": {"nD": 9.084491668485373e+21, "nNe": 9.407530330217204e+18}, "datetime": {"datetime": "2022-04-15 00:15:42", "elapsed": 14248.193994, "delta": 68.044859}}
{"target": -108.69458939847236, "params": {"nD": 1.371956107003083e+22, "nNe": 2.8769743235021455e+18}, "datetime": {"datetime": "2022-04-15 00:16:51", "elapsed": 14317.713442, "delta": 69.519448}}
{"target": -128.53885692879885, "params": {"nD": 6.106316321973081e+19, "nNe": 9.858515829914518e+18}, "datetime": {"datetime": "2022-04-15 00:18:07", "elapsed": 14393.606512, "delta": 75.89307}}
{"target": -26.406606450215342, "params": {"nD": 5.319367081112e+21, "nNe": 7.367193509685149e+18}, "datetime": {"datetime": "2022-04-15 00:19:17", "elapsed": 14463.312416, "delta": 69.705904}}
{"target": -14.140588936234156, "params": {"nD": 3.964862126231968e+21, "nNe": 6.848258829135619e+18}, "datetime": {"datetime": "2022-04-15 00:20:27", "elapsed": 14533.566561, "delta": 70.254145}}
{"target": -109.42104257239733, "params": {"nD": 1.3496308436305424e+22, "nNe": 8.182609262826491e+18}, "datetime": {"datetime": "2022-04-15 00:21:38", "elapsed": 14604.307385, "delta": 70.740824}}
{"target": -97.76322913385727, "params": {"nD": 9.395977116697538e+21, "nNe": 5.706730988468182e+18}, "datetime": {"datetime": "2022-04-15 00:22:47", "elapsed": 14672.910362, "delta": 68.602977}}
{"target": -0.8567175012599325, "params": {"nD": 7.606152771172068e+21, "nNe": 2.0567689473820557e+17}, "datetime": {"datetime": "2022-04-15 00:23:57", "elapsed": 14742.97944, "delta": 70.069078}}
{"target": -13.253619242136764, "params": {"nD": 1.533676600601234e+21, "nNe": 5.806065664864208e+18}, "datetime": {"datetime": "2022-04-15 00:25:09", "elapsed": 14815.025036, "delta": 72.045596}}
{"target": -11.727927335789973, "params": {"nD": 2.3116736838550175e+21, "nNe": 3.538313969674986e+18}, "datetime": {"datetime": "2022-04-15 00:26:19", "elapsed": 14885.463559, "delta": 70.438523}}
{"target": -109.16534103940936, "params": {"nD": 1.3077543121593202e+22, "nNe": 8.423256804623837e+18}, "datetime": {"datetime": "2022-04-15 00:27:28", "elapsed": 14954.394563, "delta": 68.931004}}
{"target": -7.772474963132377, "params": {"nD": 6.645369845292338e+21, "nNe": 2.3389025218568284e+18}, "datetime": {"datetime": "2022-04-15 00:28:37", "elapsed": 15023.119774, "delta": 68.725211}}
{"target": -109.29651841758948, "params": {"nD": 1.3363068242185677e+22, "nNe": 8.235156493584763e+18}, "datetime": {"datetime": "2022-04-15 00:29:46", "elapsed": 15092.752182, "delta": 69.632408}}
{"target": -5.7193220443274, "params": {"nD": 8.039685052933865e+21, "nNe": 1.399650168077704e+18}, "datetime": {"datetime": "2022-04-15 00:30:55", "elapsed": 15161.449956, "delta": 68.697774}}
{"target": -42.75591549960503, "params": {"nD": 6.006137285222729e+21, "nNe": 7.020049803931394e+18}, "datetime": {"datetime": "2022-04-15 00:32:05", "elapsed": 15231.2423, "delta": 69.792344}}
{"target": -13.80590124712939, "params": {"nD": 8.236566311596544e+21, "nNe": 2.8086173414040084e+18}, "datetime": {"datetime": "2022-04-15 00:33:13", "elapsed": 15299.04728, "delta": 67.80498}}
{"target": -8.749855219089874, "params": {"nD": 2.791001510814546e+21, "nNe": 9.029081529904922e+17}, "datetime": {"datetime": "2022-04-15 00:34:23", "elapsed": 15369.487193, "delta": 70.439913}}
{"target": -12.74636178007981, "params": {"nD": 2.066712218597079e+21, "nNe": 6.071130038153518e+18}, "datetime": {"datetime": "2022-04-15 00:35:33", "elapsed": 15439.232821, "delta": 69.745628}}
{"target": -10.222460236427859, "params": {"nD": 5.089286982537226e+21, "nNe": 4.017727231397624e+18}, "datetime": {"datetime": "2022-04-15 00:36:43", "elapsed": 15509.256451, "delta": 70.02363}}
