{"target": -22.612150366018824, "params": {"nD": 6.261159850491584e+21, "nNe": 7.203524609928139e+18}, "datetime": {"datetime": "2022-04-11 17:38:16", "elapsed": 0.0, "delta": 0.0}}
{"target": -12.88885437903684, "params": {"nD": 1.6405569582937601e+21, "nNe": 3.689422820564377e+18}, "datetime": {"datetime": "2022-04-11 17:38:48", "elapsed": 31.497272, "delta": 31.497272}}
{"target": -108.53792024812955, "params": {"nD": 1.2451728599230884e+22, "nNe": 6.601719033670359e+18}, "datetime": {"datetime": "2022-04-11 17:41:40", "elapsed": 203.793165, "delta": 172.295893}}
{"target": -13.096718941305785, "params": {"nD": 2.2481076304742064e+21, "nNe": 6.288488828263624e+18}, "datetime": {"datetime": "2022-04-11 17:42:11", "elapsed": 234.164709, "delta": 30.371544}}
{"target": -14.245740711486194, "params": {"nD": 1.3002207494862382e+21, "nNe": 7.587154684288088e+18}, "datetime": {"datetime": "2022-04-11 17:42:42", "elapsed": 265.490676, "delta": 31.325967}}
{"target": -7.52472724420161, "params": {"nD": 5.940454908274823e+21, "nNe": 1.6154202603743496e+18}, "datetime": {"datetime": "2022-04-11 17:43:12", "elapsed": 295.793586, "delta": 30.30291}}
{"target": -108.41396988685158, "params": {"nD": 1.3316578495537065e+22, "nNe": 4.472555295880096e+18}, "datetime": {"datetime": "2022-04-11 17:43:50", "elapsed": 333.92066, "delta": 38.127074}}
{"target": -9.645038832869623, "params": {"nD": 6.490089593173638e+21, "nNe": 3.520844190242369e+18}, "datetime": {"datetime": "2022-04-11 17:44:20", "elapsed": 363.112916, "delta": 29.192256}}
{"target": -44.46549409167924, "params": {"nD": 9.15239367972834e+21, "nNe": 3.9293640890226504e+18}, "datetime": {"datetime": "2022-04-11 17:44:49", "elapsed": 392.401177, "delta": 29.288261}}
{"target": -79.60243132077417, "params": {"nD": 8.302487656245506e+21, "nNe": 7.020779946332492e+18}, "datetime": {"datetime": "2022-04-11 17:45:17", "elapsed": 420.953981, "delta": 28.552804}}
{"target": -12.396105965971488, "params": {"nD": 2.2351882232995735e+21, "nNe": 4.0674301407598525e+18}, "datetime": {"datetime": "2022-04-11 17:45:48", "elapsed": 451.770466, "delta": 30.816485}}
{"target": -13.922894295999564, "params": {"nD": 1.0114430210558773e+21, "nNe": 5.343334405277582e+18}, "datetime": {"datetime": "2022-04-11 17:46:20", "elapsed": 484.051607, "delta": 32.281141}}
{"target": -9.333913921007039, "params": {"nD": 5.094591288485941e+21, "nNe": 2.7496644571410186e+18}, "datetime": {"datetime": "2022-04-11 17:46:50", "elapsed": 513.889401, "delta": 29.837794}}
{"target": -12.989921189232309, "params": {"nD": 2.872231060629776e+21, "nNe": 6.734901409329271e+18}, "datetime": {"datetime": "2022-04-11 17:47:20", "elapsed": 544.08837, "delta": 30.198969}}
{"target": -109.18984039835411, "params": {"nD": 1.3647491553123371e+22, "nNe": 4.16126011939224e+18}, "datetime": {"datetime": "2022-04-11 17:47:59", "elapsed": 582.143552, "delta": 38.055182}}
{"target": -13.120804870842026, "params": {"nD": 2.52946553529599e+21, "nNe": 6.841358509827612e+18}, "datetime": {"datetime": "2022-04-11 17:48:28", "elapsed": 611.964989, "delta": 29.821437}}
{"target": -90.2901024848501, "params": {"nD": 1.0757922620434106e+22, "nNe": 3.999576846237615e+18}, "datetime": {"datetime": "2022-04-11 17:48:58", "elapsed": 642.090607, "delta": 30.125618}}
{"target": -14.022381601476583, "params": {"nD": 1.205249177365518e+21, "nNe": 6.271962117913773e+18}, "datetime": {"datetime": "2022-04-11 17:49:30", "elapsed": 673.162539, "delta": 31.071932}}
{"target": -23.49384051566869, "params": {"nD": 1.747490081908114e+20, "nNe": 3.749416684848159e+18}, "datetime": {"datetime": "2022-04-11 17:50:01", "elapsed": 705.070105, "delta": 31.907566}}
{"target": -14.170863104148497, "params": {"nD": 3.3000593037239533e+21, "nNe": 8.328429570807825e+18}, "datetime": {"datetime": "2022-04-11 17:50:32", "elapsed": 735.21666, "delta": 30.146555}}
{"target": -63.72936727982798, "params": {"nD": 7.660070504758495e+21, "nNe": 7.785724245337624e+18}, "datetime": {"datetime": "2022-04-11 17:51:01", "elapsed": 764.106303, "delta": 28.889643}}
{"target": -108.54089672100925, "params": {"nD": 1.2663084401571853e+22, "nNe": 6.097594448044117e+18}, "datetime": {"datetime": "2022-04-11 17:51:42", "elapsed": 805.518322, "delta": 41.412019}}
{"target": -107.68005237768207, "params": {"nD": 1.1874612757193841e+22, "nNe": 7.685776606711981e+18}, "datetime": {"datetime": "2022-04-11 17:52:12", "elapsed": 835.904296, "delta": 30.385974}}
{"target": -24.448825987639452, "params": {"nD": 1.6504132327094344e+20, "nNe": 3.650504278555958e+18}, "datetime": {"datetime": "2022-04-11 17:52:44", "elapsed": 868.069386, "delta": 32.16509}}
{"target": -15.551332857371747, "params": {"nD": 6.927023048873443e+21, "nNe": 4.880310970211409e+18}, "datetime": {"datetime": "2022-04-11 17:53:13", "elapsed": 897.069917, "delta": 29.000531}}
{"target": -5.131703143515019, "params": {"nD": 7.421487948964422e+21, "nNe": 9.135389931009572e+17}, "datetime": {"datetime": "2022-04-11 17:53:43", "elapsed": 926.979156, "delta": 29.909239}}
{"target": -9.110962471224909, "params": {"nD": 4.721930077794205e+21, "nNe": 2.1452958650777917e+18}, "datetime": {"datetime": "2022-04-11 17:54:14", "elapsed": 957.648941, "delta": 30.669785}}
{"target": -104.62303133142473, "params": {"nD": 1.3206273645730878e+22, "nNe": 1.3220120227951665e+18}, "datetime": {"datetime": "2022-04-11 17:54:51", "elapsed": 994.931645, "delta": 37.282704}}
{"target": -118.1098766965949, "params": {"nD": 3.5767537178682085e+20, "nNe": 2.7712693148219722e+17}, "datetime": {"datetime": "2022-04-11 17:55:20", "elapsed": 1023.665079, "delta": 28.733434}}
{"target": -13.51320734684944, "params": {"nD": 9.437478235071197e+20, "nNe": 3.897427212905749e+18}, "datetime": {"datetime": "2022-04-11 17:55:51", "elapsed": 1054.94763, "delta": 31.282551}}
{"target": -77.48940255714567, "params": {"nD": 1.108255490583407e+22, "nNe": 2.98209019489297e+18}, "datetime": {"datetime": "2022-04-11 17:56:22", "elapsed": 1085.109368, "delta": 30.161738}}
{"target": -106.23082594311822, "params": {"nD": 9.991393390396864e+21, "nNe": 9.45793299069371e+18}, "datetime": {"datetime": "2022-04-11 17:56:51", "elapsed": 1114.315756, "delta": 29.206388}}
{"target": -15.880368465207145, "params": {"nD": 3.343823347116617e+21, "nNe": 8.813607757610935e+18}, "datetime": {"datetime": "2022-04-11 17:57:21", "elapsed": 1144.185846, "delta": 29.87009}}
{"target": -14.01589673854187, "params": {"nD": 1.2834585741749586e+21, "nNe": 6.477845241810449e+18}, "datetime": {"datetime": "2022-04-11 17:57:52", "elapsed": 1175.486157, "delta": 31.300311}}
{"target": -108.67902348262935, "params": {"nD": 1.3429452599540704e+22, "nNe": 4.704411382643941e+18}, "datetime": {"datetime": "2022-04-11 17:58:29", "elapsed": 1212.431037, "delta": 36.94488}}
{"target": -47.29826626304105, "params": {"nD": 6.488237512666085e+21, "nNe": 8.654949153112129e+18}, "datetime": {"datetime": "2022-04-11 17:58:58", "elapsed": 1241.208095, "delta": 28.777058}}
{"target": -12.380676753794965, "params": {"nD": 4.282514378611117e+20, "nNe": 1.3829125669326674e+18}, "datetime": {"datetime": "2022-04-11 17:59:31", "elapsed": 1274.487265, "delta": 33.27917}}
{"target": -109.799652595464, "params": {"nD": 1.3890219929865543e+22, "nNe": 4.5666135947774577e+18}, "datetime": {"datetime": "2022-04-11 18:00:25", "elapsed": 1328.576942, "delta": 54.089677}}
{"target": -108.78393738387376, "params": {"nD": 1.3236094176679602e+22, "nNe": 8.402862000431733e+18}, "datetime": {"datetime": "2022-04-11 18:00:57", "elapsed": 1360.151837, "delta": 31.574895}}
{"target": -99.53552837183449, "params": {"nD": 9.17186392558789e+21, "nNe": 8.090354844567245e+18}, "datetime": {"datetime": "2022-04-11 18:01:25", "elapsed": 1388.801998, "delta": 28.650161}}
{"target": -13.962833355437102, "params": {"nD": 9.488649704089375e+20, "nNe": 5.274536704286817e+18}, "datetime": {"datetime": "2022-04-11 18:01:56", "elapsed": 1419.99227, "delta": 31.190272}}
{"target": -17.350883807571773, "params": {"nD": 5.155737862253071e+21, "nNe": 6.393203647252728e+18}, "datetime": {"datetime": "2022-04-11 18:02:26", "elapsed": 1449.619563, "delta": 29.627293}}
{"target": -60.805087750552794, "params": {"nD": 1.091099181469285e+22, "nNe": 2.415442767442415e+18}, "datetime": {"datetime": "2022-04-11 18:02:56", "elapsed": 1479.770057, "delta": 30.150494}}
{"target": -107.12355822325837, "params": {"nD": 1.1274807870245938e+22, "nNe": 8.587790200468241e+18}, "datetime": {"datetime": "2022-04-11 18:03:26", "elapsed": 1509.361451, "delta": 29.591394}}
{"target": -13.122019190107048, "params": {"nD": 2.388272408626013e+21, "nNe": 6.697596704348326e+18}, "datetime": {"datetime": "2022-04-11 18:03:56", "elapsed": 1539.479038, "delta": 30.117587}}
{"target": -34.38114698661122, "params": {"nD": 4.395667038976344e+21, "nNe": 9.978085339868342e+18}, "datetime": {"datetime": "2022-04-11 18:04:26", "elapsed": 1569.354821, "delta": 29.875783}}
{"target": -111.1435673882821, "params": {"nD": 1.4374005621065716e+22, "nNe": 4.0009600412008315e+18}, "datetime": {"datetime": "2022-04-11 18:05:21", "elapsed": 1624.957851, "delta": 55.60303}}
{"target": -14.169711378839445, "params": {"nD": 1.9778581997936436e+21, "nNe": 8.639680282315384e+18}, "datetime": {"datetime": "2022-04-11 18:05:51", "elapsed": 1654.728957, "delta": 29.771106}}
{"target": -0.48421669704079284, "params": {"nD": 1.0338111372611786e+22, "nNe": 1.6596825608895254e+17}, "datetime": {"datetime": "2022-04-11 18:06:23", "elapsed": 1686.647137, "delta": 31.91818}}
{"target": -106.2396547353437, "params": {"nD": 1.0114209843643305e+22, "nNe": 9.63732476206419e+18}, "datetime": {"datetime": "2022-04-11 18:06:53", "elapsed": 1716.138139, "delta": 29.491002}}
{"target": -10.414115401514593, "params": {"nD": 2.9178662766342565e+21, "nNe": 1.8637818827824993e+18}, "datetime": {"datetime": "2022-04-11 18:07:23", "elapsed": 1746.943967, "delta": 30.805828}}
