{"target": -11.221497652682391, "params": {"log_nD": 21.01960721066891, "log_nNe": 17.97756491367388}, "datetime": {"datetime": "2022-04-20 08:30:07", "elapsed": 32026.823108, "delta": 39.362177}}
{"target": -14.93853364554021, "params": {"log_nD": 21.240666114890807, "log_nNe": 18.998620168405456}, "datetime": {"datetime": "2022-04-20 08:30:50", "elapsed": 32069.700675, "delta": 42.877567}}
{"target": -6.426974580698975, "params": {"log_nD": 21.650031221966863, "log_nNe": 17.818116440138922}, "datetime": {"datetime": "2022-04-20 08:31:31", "elapsed": 32110.827119, "delta": 41.126444}}
{"target": -12.6336398139699, "params": {"log_nD": 21.38254536459934, "log_nNe": 18.753782601739104}, "datetime": {"datetime": "2022-04-20 08:32:12", "elapsed": 32151.492532, "delta": 40.665413}}
{"target": -124.57998867165458, "params": {"log_nD": 21.608248859694307, "log_nNe": 15.019731064625182}, "datetime": {"datetime": "2022-04-20 08:32:49", "elapsed": 32188.702482, "delta": 37.20995}}
{"target": -15.744370540278878, "params": {"log_nD": 20.775109491558087, "log_nNe": 18.99011027823964}, "datetime": {"datetime": "2022-04-20 08:33:31", "elapsed": 32230.456987, "delta": 41.754505}}
{"target": -144.81170128501805, "params": {"log_nD": 20.162094779186788, "log_nNe": 15.051543095387899}, "datetime": {"datetime": "2022-04-20 08:34:11", "elapsed": 32270.67351, "delta": 40.216523}}
{"target": -52.72240801430793, "params": {"log_nD": 19.001308314492352, "log_nNe": 18.256331668780298}, "datetime": {"datetime": "2022-04-20 08:34:55", "elapsed": 32314.154124, "delta": 43.480614}}
{"target": -14.082290133216599, "params": {"log_nD": 20.71639050781365, "log_nNe": 18.66264315967025}, "datetime": {"datetime": "2022-04-20 08:35:36", "elapsed": 32356.081317, "delta": 41.927193}}
{"target": -3.5376983270614786, "params": {"log_nD": 21.843865200298378, "log_nNe": 17.684497372097557}, "datetime": {"datetime": "2022-04-20 08:36:16", "elapsed": 32395.73547, "delta": 39.654153}}
{"target": -13.411291639951271, "params": {"log_nD": 22.121814156816598, "log_nNe": 16.61826746158823}, "datetime": {"datetime": "2022-04-20 08:36:55", "elapsed": 32434.964008, "delta": 39.228538}}
{"target": -3.3323836480298707, "params": {"log_nD": 21.915032614852706, "log_nNe": 16.53576946072957}, "datetime": {"datetime": "2022-04-20 08:37:33", "elapsed": 32472.455821, "delta": 37.491813}}
{"target": -4.162793167429268, "params": {"log_nD": 22.11236333551995, "log_nNe": 16.73625401632904}, "datetime": {"datetime": "2022-04-20 08:38:11", "elapsed": 32511.03545, "delta": 38.579629}}
{"target": -2.953377968022761, "params": {"log_nD": 21.981710728623266, "log_nNe": 16.67097831552161}, "datetime": {"datetime": "2022-04-20 08:38:49", "elapsed": 32548.543639, "delta": 37.508189}}
{"target": -25.58692224794088, "params": {"log_nD": 20.14807995468218, "log_nNe": 18.89051180692333}, "datetime": {"datetime": "2022-04-20 08:39:32", "elapsed": 32591.192987, "delta": 42.649348}}
{"target": -9.195304330133817, "params": {"log_nD": 21.453879421176755, "log_nNe": 18.011009565541393}, "datetime": {"datetime": "2022-04-20 08:40:13", "elapsed": 32632.981649, "delta": 41.788662}}
{"target": -1.8323644981202145, "params": {"log_nD": 21.744450678571702, "log_nNe": 17.29492995967243}, "datetime": {"datetime": "2022-04-20 08:40:52", "elapsed": 32671.73249, "delta": 38.750841}}
{"target": -2.8456174392936364, "params": {"log_nD": 21.754895998712247, "log_nNe": 17.45803826693889}, "datetime": {"datetime": "2022-04-20 08:41:31", "elapsed": 32710.342804, "delta": 38.610314}}
{"target": -10.316207439368585, "params": {"log_nD": 21.66154971866697, "log_nNe": 18.558133745223056}, "datetime": {"datetime": "2022-04-20 08:42:11", "elapsed": 32751.052743, "delta": 40.709939}}
{"target": -12.091919196166314, "params": {"log_nD": 21.55581023596606, "log_nNe": 18.756728339616817}, "datetime": {"datetime": "2022-04-20 08:42:52", "elapsed": 32791.670451, "delta": 40.617708}}
{"target": -13.285947190926843, "params": {"log_nD": 21.097405260580373, "log_nNe": 18.627922791419515}, "datetime": {"datetime": "2022-04-20 08:43:35", "elapsed": 32834.164061, "delta": 42.49361}}
{"target": -0.07120531755896145, "params": {"log_nD": 21.975100828262836, "log_nNe": 16.858111622700875}, "datetime": {"datetime": "2022-04-20 08:44:13", "elapsed": 32872.344802, "delta": 38.180741}}
{"target": -22.28562322080827, "params": {"log_nD": 20.275833170908786, "log_nNe": 18.314882473284484}, "datetime": {"datetime": "2022-04-20 08:44:53", "elapsed": 32913.088035, "delta": 40.743233}}
{"target": -0.05732138472515208, "params": {"log_nD": 22.199485892224914, "log_nNe": 16.8500963768585}, "datetime": {"datetime": "2022-04-20 08:45:48", "elapsed": 32967.224761, "delta": 54.136726}}
{"target": -40.34603441947686, "params": {"log_nD": 19.73658647313004, "log_nNe": 18.007683008691917}, "datetime": {"datetime": "2022-04-20 08:46:30", "elapsed": 33009.636863, "delta": 42.412102}}
{"target": -140.8057155452105, "params": {"log_nD": 20.92696536350301, "log_nNe": 15.625264572523959}, "datetime": {"datetime": "2022-04-20 08:47:08", "elapsed": 33047.83046, "delta": 38.193597}}
{"target": -6.0529846269347996, "params": {"log_nD": 21.85289302483752, "log_nNe": 18.089849834137166}, "datetime": {"datetime": "2022-04-20 08:47:49", "elapsed": 33088.783728, "delta": 40.953268}}
{"target": -6.40056324327205, "params": {"log_nD": 21.725197182395128, "log_nNe": 16.939570512484284}, "datetime": {"datetime": "2022-04-20 08:48:27", "elapsed": 33126.860533, "delta": 38.076805}}
{"target": -12.054600961990477, "params": {"log_nD": 20.87119003393022, "log_nNe": 18.14935984011651}, "datetime": {"datetime": "2022-04-20 08:49:08", "elapsed": 33167.689445, "delta": 40.828912}}
{"target": -141.77979482518384, "params": {"log_nD": 20.574363175221457, "log_nNe": 16.554615476361754}, "datetime": {"datetime": "2022-04-20 08:49:46", "elapsed": 33205.254506, "delta": 37.565061}}
{"target": -119.10067062199117, "params": {"log_nD": 22.2, "log_nNe": 19.0}, "datetime": {"datetime": "2022-04-20 08:50:34", "elapsed": 33253.356985, "delta": 48.102479}}
{"target": -8.490071982587768, "params": {"log_nD": 21.778024169923615, "log_nNe": 18.388422196720807}, "datetime": {"datetime": "2022-04-20 08:51:14", "elapsed": 33293.753727, "delta": 40.396742}}
{"target": -7.807689174905691, "params": {"log_nD": 21.53006940729134, "log_nNe": 17.869643263199784}, "datetime": {"datetime": "2022-04-20 08:51:55", "elapsed": 33334.806177, "delta": 41.05245}}
{"target": -0.1625068217723516, "params": {"log_nD": 21.933062274311094, "log_nNe": 17.060598500156306}, "datetime": {"datetime": "2022-04-20 08:52:33", "elapsed": 33373.068065, "delta": 38.261888}}
{"target": -76.28963821692227, "params": {"log_nD": 22.2, "log_nNe": 17.307046456366333}, "datetime": {"datetime": "2022-04-20 08:53:17", "elapsed": 33416.83048, "delta": 43.762415}}
{"target": -23.894926935909265, "params": {"log_nD": 20.235133274673327, "log_nNe": 18.45933061900306}, "datetime": {"datetime": "2022-04-20 08:54:00", "elapsed": 33459.420127, "delta": 42.589647}}
{"target": -1.8463418295360687, "params": {"log_nD": 22.134558436187454, "log_nNe": 17.09389333880687}, "datetime": {"datetime": "2022-04-20 08:54:50", "elapsed": 33510.036697, "delta": 50.61657}}
{"target": -2.3410769850892374, "params": {"log_nD": 22.099022156603407, "log_nNe": 17.182147230490738}, "datetime": {"datetime": "2022-04-20 08:55:32", "elapsed": 33551.211011, "delta": 41.174314}}
{"target": -8.047660731755993, "params": {"log_nD": 21.397203123210996, "log_nNe": 17.720227759885407}, "datetime": {"datetime": "2022-04-20 08:56:11", "elapsed": 33590.159502, "delta": 38.948491}}
{"target": -139.2590528691953, "params": {"log_nD": 21.072161123332528, "log_nNe": 15.070165901987991}, "datetime": {"datetime": "2022-04-20 08:56:49", "elapsed": 33628.403307, "delta": 38.243805}}
{"target": -9.301937460397045, "params": {"log_nD": 21.264109797116408, "log_nNe": 17.76379545790021}, "datetime": {"datetime": "2022-04-20 08:57:28", "elapsed": 33667.644224, "delta": 39.240917}}
{"target": -4.216927817223224, "params": {"log_nD": 21.939426585016676, "log_nNe": 17.919798554945114}, "datetime": {"datetime": "2022-04-20 08:58:09", "elapsed": 33708.719297, "delta": 41.075073}}
{"target": -46.188344583020985, "params": {"log_nD": 19.40436811714772, "log_nNe": 18.167160436420396}, "datetime": {"datetime": "2022-04-20 08:58:52", "elapsed": 33751.550156, "delta": 42.830859}}
{"target": -13.284096794389285, "params": {"log_nD": 21.09769351699397, "log_nNe": 18.627528001974845}, "datetime": {"datetime": "2022-04-20 08:59:35", "elapsed": 33794.162209, "delta": 42.612053}}
{"target": -18.334670954605564, "params": {"log_nD": 20.684974775016695, "log_nNe": 18.063236272664376}, "datetime": {"datetime": "2022-04-20 09:00:14", "elapsed": 33833.583126, "delta": 39.420917}}
{"target": -1.8139810272809591, "params": {"log_nD": 21.7089460195374, "log_nNe": 17.178619685698138}, "datetime": {"datetime": "2022-04-20 09:00:53", "elapsed": 33872.24813, "delta": 38.665004}}
{"target": -1.1209456408608964, "params": {"log_nD": 21.775806291084283, "log_nNe": 17.220462219687008}, "datetime": {"datetime": "2022-04-20 09:01:32", "elapsed": 33911.129843, "delta": 38.881713}}
{"target": -87.20363672533753, "params": {"log_nD": 21.611914577128218, "log_nNe": 17.054070377439523}, "datetime": {"datetime": "2022-04-20 09:02:10", "elapsed": 33949.854065, "delta": 38.724222}}
{"target": -3.1129584406571933, "params": {"log_nD": 21.784617166017814, "log_nNe": 16.875691680618125}, "datetime": {"datetime": "2022-04-20 09:02:48", "elapsed": 33987.703911, "delta": 37.849846}}
{"target": -1.7299033812546445, "params": {"log_nD": 21.801607742958907, "log_nNe": 16.943889049840855}, "datetime": {"datetime": "2022-04-20 09:03:26", "elapsed": 34025.78607, "delta": 38.082159}}
{"target": -0.9526344584700264, "params": {"log_nD": 21.768005339157632, "log_nNe": 17.153092118160846}, "datetime": {"datetime": "2022-04-20 09:04:05", "elapsed": 34064.429255, "delta": 38.643185}}
{"target": -9.975394714156797, "params": {"log_nD": 21.47404540372134, "log_nNe": 18.20755671655275}, "datetime": {"datetime": "2022-04-20 09:04:47", "elapsed": 34106.346517, "delta": 41.917262}}
{"target": -2.6008502121250334, "params": {"log_nD": 22.197064945095118, "log_nNe": 17.062505978790856}, "datetime": {"datetime": "2022-04-20 09:05:36", "elapsed": 34155.163346, "delta": 48.816829}}
{"target": -14.098597517754397, "params": {"log_nD": 21.0539534925414, "log_nNe": 18.84336441819726}, "datetime": {"datetime": "2022-04-20 09:06:22", "elapsed": 34201.357181, "delta": 46.193835}}
{"target": -12.794878609080039, "params": {"log_nD": 20.540848349681514, "log_nNe": 18.2101497692152}, "datetime": {"datetime": "2022-04-20 09:07:02", "elapsed": 34241.976087, "delta": 40.618906}}
{"target": -144.258530120248, "params": {"log_nD": 20.095841919447572, "log_nNe": 16.321627857948368}, "datetime": {"datetime": "2022-04-20 09:07:44", "elapsed": 34283.493136, "delta": 41.517049}}
{"target": -4.79282059293455, "params": {"log_nD": 21.95439343383292, "log_nNe": 18.01656721947987}, "datetime": {"datetime": "2022-04-20 09:08:25", "elapsed": 34324.370201, "delta": 40.877065}}
{"target": -6.884008444222239, "params": {"log_nD": 21.90990973946572, "log_nNe": 18.260620679782296}, "datetime": {"datetime": "2022-04-20 09:09:07", "elapsed": 34366.790988, "delta": 42.420787}}
{"target": -1.761778514280649, "params": {"log_nD": 22.2, "log_nNe": 16.608906345134596}, "datetime": {"datetime": "2022-04-20 09:10:05", "elapsed": 34424.495338, "delta": 57.70435}}
{"target": -0.11618134020395153, "params": {"log_nD": 22.072119913376525, "log_nNe": 16.885490417454573}, "datetime": {"datetime": "2022-04-20 09:10:49", "elapsed": 34468.544522, "delta": 44.049184}}
{"target": -3.1210418671374036, "params": {"log_nD": 21.95226442968974, "log_nNe": 16.586085109743397}, "datetime": {"datetime": "2022-04-20 09:11:30", "elapsed": 34509.872943, "delta": 41.328421}}
{"target": -5.317515568149492, "params": {"log_nD": 21.9668775606701, "log_nNe": 16.48558436955151}, "datetime": {"datetime": "2022-04-20 09:12:13", "elapsed": 34552.538138, "delta": 42.665195}}
{"target": -12.758139555689642, "params": {"log_nD": 20.847954012227277, "log_nNe": 18.356854793770516}, "datetime": {"datetime": "2022-04-20 09:13:01", "elapsed": 34601.075721, "delta": 48.537583}}
{"target": -1.7512520353401766, "params": {"log_nD": 21.955623158734955, "log_nNe": 17.538707865531794}, "datetime": {"datetime": "2022-04-20 09:13:42", "elapsed": 34641.485485, "delta": 40.409764}}
{"target": -9.65996301550985, "params": {"log_nD": 21.82543977508574, "log_nNe": 16.72804438267963}, "datetime": {"datetime": "2022-04-20 09:14:21", "elapsed": 34680.475496, "delta": 38.990011}}
{"target": -7.045858444998205, "params": {"log_nD": 22.04781418270548, "log_nNe": 16.184722601751407}, "datetime": {"datetime": "2022-04-20 09:15:01", "elapsed": 34720.901531, "delta": 40.426035}}
{"target": -0.5507660333051743, "params": {"log_nD": 22.009079415045537, "log_nNe": 17.25643542215109}, "datetime": {"datetime": "2022-04-20 09:15:44", "elapsed": 34763.902031, "delta": 43.0005}}
{"target": -0.2898012186844384, "params": {"log_nD": 21.905208606669987, "log_nNe": 17.130445641950203}, "datetime": {"datetime": "2022-04-20 09:16:24", "elapsed": 34803.400469, "delta": 39.498438}}
{"target": -143.14497906964567, "params": {"log_nD": 19.830788521332188, "log_nNe": 17.061588976328864}, "datetime": {"datetime": "2022-04-20 09:17:07", "elapsed": 34846.522723, "delta": 43.122254}}
{"target": -1.7383944569027656, "params": {"log_nD": 21.716828336555086, "log_nNe": 17.229662277138566}, "datetime": {"datetime": "2022-04-20 09:17:48", "elapsed": 34887.292791, "delta": 40.770068}}
{"target": -31.65408307770557, "params": {"log_nD": 20.032962671686715, "log_nNe": 18.130396258005064}, "datetime": {"datetime": "2022-04-20 09:18:30", "elapsed": 34929.832549, "delta": 42.539758}}
{"target": -148.7848251152173, "params": {"log_nD": 19.0, "log_nNe": 15.60125676497615}, "datetime": {"datetime": "2022-04-20 09:19:16", "elapsed": 34975.810344, "delta": 45.977795}}
{"target": -2.436865453620076, "params": {"log_nD": 21.902173604917813, "log_nNe": 17.600441727175955}, "datetime": {"datetime": "2022-04-20 09:19:57", "elapsed": 35016.233012, "delta": 40.422668}}
{"target": -10.52952411250696, "params": {"log_nD": 21.569174144185325, "log_nNe": 18.488410140550368}, "datetime": {"datetime": "2022-04-20 09:20:43", "elapsed": 35062.202616, "delta": 45.969604}}
{"target": -24.98839041453064, "params": {"log_nD": 20.209295274832563, "log_nNe": 18.20815518164836}, "datetime": {"datetime": "2022-04-20 09:21:25", "elapsed": 35104.655482, "delta": 42.452866}}
{"target": -146.06836640135822, "params": {"log_nD": 19.0, "log_nNe": 18.532540761866237}, "datetime": {"datetime": "2022-04-20 09:22:10", "elapsed": 35149.959616, "delta": 45.304134}}
{"target": -13.870223121747067, "params": {"log_nD": 20.587049853141117, "log_nNe": 18.524861208528897}, "datetime": {"datetime": "2022-04-20 09:22:57", "elapsed": 35196.302607, "delta": 46.342991}}
{"target": -111.32538581307664, "params": {"log_nD": 21.899449447331108, "log_nNe": 15.4913800440158}, "datetime": {"datetime": "2022-04-20 09:23:35", "elapsed": 35235.018183, "delta": 38.715576}}
{"target": -5.953405673437016, "params": {"log_nD": 21.527689178322955, "log_nNe": 17.575444115872628}, "datetime": {"datetime": "2022-04-20 09:24:17", "elapsed": 35276.288819, "delta": 41.270636}}
{"target": -10.221907343051745, "params": {"log_nD": 21.301449691058597, "log_nNe": 18.0149491068835}, "datetime": {"datetime": "2022-04-20 09:25:02", "elapsed": 35321.927784, "delta": 45.638965}}
{"target": -5.464170121569872, "params": {"log_nD": 21.613376891196076, "log_nNe": 17.6244685219137}, "datetime": {"datetime": "2022-04-20 09:25:43", "elapsed": 35362.857391, "delta": 40.929607}}
{"target": -12.807427089364484, "params": {"log_nD": 20.61277386210124, "log_nNe": 18.343790926176144}, "datetime": {"datetime": "2022-04-20 09:26:29", "elapsed": 35408.206765, "delta": 45.349374}}
{"target": -131.50345620925765, "params": {"log_nD": 19.894837314152888, "log_nNe": 17.740218067767955}, "datetime": {"datetime": "2022-04-20 09:27:14", "elapsed": 35453.686819, "delta": 45.480054}}
{"target": -8.52903567867096, "params": {"log_nD": 21.493738057610766, "log_nNe": 17.94326394181153}, "datetime": {"datetime": "2022-04-20 09:27:59", "elapsed": 35498.838309, "delta": 45.15149}}
{"target": -108.93488378464278, "params": {"log_nD": 20.9896977290428, "log_nNe": 17.51167244659244}, "datetime": {"datetime": "2022-04-20 09:28:44", "elapsed": 35543.451583, "delta": 44.613274}}
{"target": -141.59427275531138, "params": {"log_nD": 20.841678109179938, "log_nNe": 15.626223446127852}, "datetime": {"datetime": "2022-04-20 09:29:25", "elapsed": 35584.986184, "delta": 41.534601}}
{"target": -5.274519554804212, "params": {"log_nD": 22.138131897890574, "log_nNe": 16.682753236293}, "datetime": {"datetime": "2022-04-20 09:30:21", "elapsed": 35640.293852, "delta": 55.307668}}
{"target": -3.260557066209206, "params": {"log_nD": 22.038635515194272, "log_nNe": 16.712215871361177}, "datetime": {"datetime": "2022-04-20 09:31:03", "elapsed": 35682.79891, "delta": 42.505058}}
{"target": -0.019316158811801706, "params": {"log_nD": 22.086035739240216, "log_nNe": 16.670617376491478}, "datetime": {"datetime": "2022-04-20 09:31:43", "elapsed": 35722.76691, "delta": 39.968}}
{"target": -118.5965287541616, "params": {"log_nD": 20.98917982352263, "log_nNe": 16.95492563044208}, "datetime": {"datetime": "2022-04-20 09:32:24", "elapsed": 35763.372975, "delta": 40.606065}}
{"target": -13.765449412757455, "params": {"log_nD": 21.72049204080318, "log_nNe": 18.719886514899173}, "datetime": {"datetime": "2022-04-20 09:33:06", "elapsed": 35805.406912, "delta": 42.033937}}
{"target": -12.594810217100948, "params": {"log_nD": 21.29403518140517, "log_nNe": 18.633781548523515}, "datetime": {"datetime": "2022-04-20 09:33:48", "elapsed": 35847.992414, "delta": 42.585502}}
{"target": -83.44168726446165, "params": {"log_nD": 19.977310286636115, "log_nNe": 18.99889505690628}, "datetime": {"datetime": "2022-04-20 09:34:35", "elapsed": 35894.545035, "delta": 46.552621}}
{"target": -19.544252439322243, "params": {"log_nD": 20.372589299641355, "log_nNe": 18.997701580775328}, "datetime": {"datetime": "2022-04-20 09:35:19", "elapsed": 35938.20845, "delta": 43.663415}}
{"target": -29.045114961497028, "params": {"log_nD": 20.076841963005542, "log_nNe": 18.658411390155816}, "datetime": {"datetime": "2022-04-20 09:36:05", "elapsed": 35984.445161, "delta": 46.236711}}
{"target": -11.419928781160564, "params": {"log_nD": 21.20703023111406, "log_nNe": 18.174816721415706}, "datetime": {"datetime": "2022-04-20 09:36:51", "elapsed": 36030.560745, "delta": 46.115584}}
{"target": -3.6937169134182755, "params": {"log_nD": 21.653513294976353, "log_nNe": 17.42908767527553}, "datetime": {"datetime": "2022-04-20 09:37:34", "elapsed": 36073.301975, "delta": 42.74123}}
{"target": -4.982894198537405, "params": {"log_nD": 21.756425964004773, "log_nNe": 17.762231147217456}, "datetime": {"datetime": "2022-04-20 09:38:17", "elapsed": 36116.475153, "delta": 43.173178}}
{"target": -143.19009570063037, "params": {"log_nD": 20.62159365361912, "log_nNe": 15.08187894578986}, "datetime": {"datetime": "2022-04-20 09:38:57", "elapsed": 36156.961412, "delta": 40.486259}}
{"target": -3.376585449171612, "params": {"log_nD": 21.977414528190472, "log_nNe": 17.81730024662524}, "datetime": {"datetime": "2022-04-20 09:39:43", "elapsed": 36202.523777, "delta": 45.562365}}
{"target": -6.322107445236343, "params": {"log_nD": 21.72260368666999, "log_nNe": 17.912371386708287}, "datetime": {"datetime": "2022-04-20 09:40:26", "elapsed": 36246.006788, "delta": 43.483011}}
{"target": -145.9279692920423, "params": {"log_nD": 19.648202806205564, "log_nNe": 15.0}, "datetime": {"datetime": "2022-04-20 09:41:11", "elapsed": 36290.609907, "delta": 44.603119}}
{"target": -2.2587815290481004, "params": {"log_nD": 21.754987899554795, "log_nNe": 17.37669615017131}, "datetime": {"datetime": "2022-04-20 09:41:51", "elapsed": 36330.386231, "delta": 39.776324}}
{"target": -0.7753586971770333, "params": {"log_nD": 21.87235238488106, "log_nNe": 17.265834219362084}, "datetime": {"datetime": "2022-04-20 09:42:30", "elapsed": 36369.97636, "delta": 39.590129}}
{"target": -50.218778365143734, "params": {"log_nD": 19.000920984846076, "log_nNe": 18.022650245483113}, "datetime": {"datetime": "2022-04-20 09:43:17", "elapsed": 36416.196932, "delta": 46.220572}}
{"target": -121.97660206768538, "params": {"log_nD": 20.280029307052217, "log_nNe": 17.807900711643722}, "datetime": {"datetime": "2022-04-20 09:44:02", "elapsed": 36461.241078, "delta": 45.044146}}
{"target": -13.35435878411991, "params": {"log_nD": 20.833060719494725, "log_nNe": 18.533710990114347}, "datetime": {"datetime": "2022-04-20 09:44:46", "elapsed": 36505.872734, "delta": 44.631656}}
{"target": -0.3140848461106208, "params": {"log_nD": 22.017698192141808, "log_nNe": 17.00391719419066}, "datetime": {"datetime": "2022-04-20 09:45:28", "elapsed": 36547.67115, "delta": 41.798416}}
{"target": -6.0187827699101515, "params": {"log_nD": 21.902578906772604, "log_nNe": 18.157800063137223}, "datetime": {"datetime": "2022-04-20 09:46:12", "elapsed": 36591.748373, "delta": 44.077223}}
{"target": -0.24487188296423512, "params": {"log_nD": 21.98386598435883, "log_nNe": 17.109056094986748}, "datetime": {"datetime": "2022-04-20 09:46:52", "elapsed": 36631.545353, "delta": 39.79698}}
{"target": -7.01349975551531, "params": {"log_nD": 21.736833796893073, "log_nNe": 18.053637061981306}, "datetime": {"datetime": "2022-04-20 09:47:36", "elapsed": 36675.57087, "delta": 44.025517}}
