{"target": -4.14848028361116, "params": {"log_nD": 21.735360416048884, "log_nNe": 17.614925519762107}, "datetime": {"datetime": "2022-05-05 19:02:09", "elapsed": 8846.396634, "delta": 73.64667}}
{"target": -3.3354629066541905, "params": {"log_nD": 21.774241284244635, "log_nNe": 17.567750935903}, "datetime": {"datetime": "2022-05-05 19:03:22", "elapsed": 8919.845094, "delta": 73.44846}}
{"target": -2.2651766786051244, "params": {"log_nD": 22.00126701216955, "log_nNe": 16.7985036297828}, "datetime": {"datetime": "2022-05-05 19:04:34", "elapsed": 8991.672637, "delta": 71.827543}}
{"target": -5.1747163975793535, "params": {"log_nD": 22.194060554655927, "log_nNe": 16.70013156923217}, "datetime": {"datetime": "2022-05-05 19:05:47", "elapsed": 9064.304985, "delta": 72.632348}}
{"target": -3.404981009869253, "params": {"log_nD": 22.08712472774907, "log_nNe": 16.838937434141688}, "datetime": {"datetime": "2022-05-05 19:06:58", "elapsed": 9135.861488, "delta": 71.556503}}
{"target": -2.53407888084228, "params": {"log_nD": 22.059690272064234, "log_nNe": 16.734618686156267}, "datetime": {"datetime": "2022-05-05 19:08:10", "elapsed": 9207.681415, "delta": 71.819927}}
{"target": -0.20686906956387102, "params": {"log_nD": 21.9036680473834, "log_nNe": 17.069475294662297}, "datetime": {"datetime": "2022-05-05 19:09:23", "elapsed": 9280.900622, "delta": 73.219207}}
{"target": -0.10285764915776821, "params": {"log_nD": 21.943473025646153, "log_nNe": 16.98283130022064}, "datetime": {"datetime": "2022-05-05 19:10:37", "elapsed": 9354.317794, "delta": 73.417172}}
{"target": -0.8647806284373463, "params": {"log_nD": 21.84810958522889, "log_nNe": 17.26356057213102}, "datetime": {"datetime": "2022-05-05 19:11:51", "elapsed": 9428.611232, "delta": 74.293438}}
{"target": -0.2570452353947278, "params": {"log_nD": 21.923802555201213, "log_nNe": 17.13284219772992}, "datetime": {"datetime": "2022-05-05 19:13:07", "elapsed": 9504.941121, "delta": 76.329889}}
{"target": -0.1387459734478509, "params": {"log_nD": 21.94068443709229, "log_nNe": 17.043858355932112}, "datetime": {"datetime": "2022-05-05 19:14:21", "elapsed": 9578.484009, "delta": 73.542888}}
{"target": -0.36966734206184354, "params": {"log_nD": 21.890888010663637, "log_nNe": 17.16020508156853}, "datetime": {"datetime": "2022-05-05 19:15:34", "elapsed": 9651.815294, "delta": 73.331285}}
{"target": -1.4910791839201556, "params": {"log_nD": 21.835138345444367, "log_nNe": 17.369879091933214}, "datetime": {"datetime": "2022-05-05 19:16:48", "elapsed": 9725.468961, "delta": 73.653667}}
{"target": -0.1981140945750651, "params": {"log_nD": 21.91824835936995, "log_nNe": 17.084388646046747}, "datetime": {"datetime": "2022-05-05 19:18:03", "elapsed": 9800.126895, "delta": 74.657934}}
{"target": -0.1296621889657972, "params": {"log_nD": 21.930082687038517, "log_nNe": 17.01647036828281}, "datetime": {"datetime": "2022-05-05 19:19:17", "elapsed": 9874.366771, "delta": 74.239876}}
{"target": -0.47112766225702707, "params": {"log_nD": 21.903412573888513, "log_nNe": 17.21404226716566}, "datetime": {"datetime": "2022-05-05 19:20:32", "elapsed": 9948.985729, "delta": 74.618958}}
{"target": -4.596399316530967, "params": {"log_nD": 21.876176136804798, "log_nNe": 16.589486001620923}, "datetime": {"datetime": "2022-05-05 19:21:46", "elapsed": 10023.518829, "delta": 74.5331}}
{"target": -6.042947085877987, "params": {"log_nD": 22.036660366712695, "log_nNe": 16.559395818014295}, "datetime": {"datetime": "2022-05-05 19:22:59", "elapsed": 10095.976046, "delta": 72.457217}}
{"target": -2.1357618496971407, "params": {"log_nD": 21.858138349905246, "log_nNe": 16.749529699974637}, "datetime": {"datetime": "2022-05-05 19:24:13", "elapsed": 10170.015301, "delta": 74.039255}}
{"target": -0.31977813031682467, "params": {"log_nD": 21.905542945530048, "log_nNe": 16.874023018207474}, "datetime": {"datetime": "2022-05-05 19:25:26", "elapsed": 10243.971603, "delta": 73.956302}}
{"target": -0.13114784969496582, "params": {"log_nD": 21.922745560730405, "log_nNe": 16.93755203044396}, "datetime": {"datetime": "2022-05-05 19:26:40", "elapsed": 10317.483741, "delta": 73.512138}}
{"target": -0.09655567638744897, "params": {"log_nD": 21.93990318463911, "log_nNe": 16.9227594616957}, "datetime": {"datetime": "2022-05-05 19:27:54", "elapsed": 10391.496928, "delta": 74.013187}}
{"target": -109.87615558508891, "params": {"log_nD": 21.63372646972022, "log_nNe": 16.55212432232371}, "datetime": {"datetime": "2022-05-05 19:29:10", "elapsed": 10467.08596, "delta": 75.589032}}
{"target": -0.6775118150308498, "params": {"log_nD": 21.950898269787615, "log_nNe": 16.66683202860886}, "datetime": {"datetime": "2022-05-05 19:30:24", "elapsed": 10541.114102, "delta": 74.028142}}
{"target": -1.3008229793344162, "params": {"log_nD": 21.91216560180919, "log_nNe": 16.66836417674703}, "datetime": {"datetime": "2022-05-05 19:31:38", "elapsed": 10615.434247, "delta": 74.320145}}
{"target": -0.7176174515034193, "params": {"log_nD": 21.90396266897387, "log_nNe": 16.7909805006299}, "datetime": {"datetime": "2022-05-05 19:32:52", "elapsed": 10689.545418, "delta": 74.111171}}
{"target": -0.08941484814268448, "params": {"log_nD": 21.952421454069807, "log_nNe": 16.955435337741413}, "datetime": {"datetime": "2022-05-05 19:34:06", "elapsed": 10763.404716, "delta": 73.859298}}
{"target": -131.09901346167453, "params": {"log_nD": 18.779601547642923, "log_nNe": 19.359488610207862}, "datetime": {"datetime": "2022-05-05 19:35:28", "elapsed": 10845.092117, "delta": 81.687401}}
{"target": -143.2637655622167, "params": {"log_nD": 20.029431802020284, "log_nNe": 16.871099189637768}, "datetime": {"datetime": "2022-05-05 19:36:45", "elapsed": 10922.772352, "delta": 77.680235}}
{"target": -0.10580654181195036, "params": {"log_nD": 22.196981052589496, "log_nNe": 16.962645087505834}, "datetime": {"datetime": "2022-05-05 19:37:59", "elapsed": 10996.400527, "delta": 73.628175}}
{"target": -0.642874481012927, "params": {"log_nD": 22.108067197204306, "log_nNe": 17.010080480548353}, "datetime": {"datetime": "2022-05-05 19:39:12", "elapsed": 11069.675311, "delta": 73.274784}}
{"target": -1.7311366185331019, "params": {"log_nD": 22.169805656606073, "log_nNe": 16.93724679448723}, "datetime": {"datetime": "2022-05-05 19:40:26", "elapsed": 11143.179649, "delta": 73.504338}}
{"target": -0.6096474163026067, "params": {"log_nD": 22.194174407786566, "log_nNe": 17.04999570866376}, "datetime": {"datetime": "2022-05-05 19:41:39", "elapsed": 11216.56092, "delta": 73.381271}}
{"target": -0.45607692881242173, "params": {"log_nD": 22.04448894086865, "log_nNe": 17.078854692393566}, "datetime": {"datetime": "2022-05-05 19:42:52", "elapsed": 11289.003585, "delta": 72.442665}}
{"target": -0.2966321997497778, "params": {"log_nD": 22.00927010426051, "log_nNe": 17.049019869276968}, "datetime": {"datetime": "2022-05-05 19:44:05", "elapsed": 11362.817555, "delta": 73.81397}}
{"target": -143.19860226988737, "params": {"log_nD": 20.554055247999575, "log_nNe": 15.669937257190224}, "datetime": {"datetime": "2022-05-05 19:45:19", "elapsed": 11436.303322, "delta": 73.485767}}
{"target": -120.3164799206456, "params": {"log_nD": 18.819062924639773, "log_nNe": 18.375398324870357}, "datetime": {"datetime": "2022-05-05 19:46:42", "elapsed": 11519.583358, "delta": 83.280036}}
{"target": -1.7748068829204096, "params": {"log_nD": 21.93844664022775, "log_nNe": 16.620585883237904}, "datetime": {"datetime": "2022-05-05 19:47:55", "elapsed": 11592.701336, "delta": 73.117978}}
{"target": -0.10957782463237302, "params": {"log_nD": 21.973410155284817, "log_nNe": 16.996603739600992}, "datetime": {"datetime": "2022-05-05 19:49:09", "elapsed": 11666.319128, "delta": 73.617792}}
{"target": -0.09796554122571399, "params": {"log_nD": 21.942112038866018, "log_nNe": 16.96520623837959}, "datetime": {"datetime": "2022-05-05 19:50:23", "elapsed": 11740.075169, "delta": 73.756041}}
{"target": -1.8223154540794657, "params": {"log_nD": 22.2, "log_nNe": 17.00021990635328}, "datetime": {"datetime": "2022-05-05 19:51:36", "elapsed": 11813.041444, "delta": 72.966275}}
{"target": -0.1400293579136267, "params": {"log_nD": 21.94068915990711, "log_nNe": 17.045514057899762}, "datetime": {"datetime": "2022-05-05 19:52:50", "elapsed": 11887.021739, "delta": 73.980295}}
{"target": -1.3272808264766054, "params": {"log_nD": 22.152003996400204, "log_nNe": 17.097908361070026}, "datetime": {"datetime": "2022-05-05 19:54:03", "elapsed": 11960.17579, "delta": 73.154051}}
{"target": -144.8779297984766, "params": {"log_nD": 19.70589114877456, "log_nNe": 16.59598639816536}, "datetime": {"datetime": "2022-05-05 19:55:21", "elapsed": 12037.992891, "delta": 77.817101}}
{"target": -3.134942602008922, "params": {"log_nD": 22.19732205955888, "log_nNe": 16.817691274335125}, "datetime": {"datetime": "2022-05-05 19:56:34", "elapsed": 12111.126752, "delta": 73.133861}}
{"target": -0.38810920331022053, "params": {"log_nD": 22.036249026334577, "log_nNe": 17.00810424876382}, "datetime": {"datetime": "2022-05-05 19:57:47", "elapsed": 12184.159148, "delta": 73.032396}}
{"target": -1.0375878141316528, "params": {"log_nD": 22.199472014458536, "log_nNe": 16.92320391630373}, "datetime": {"datetime": "2022-05-05 19:59:00", "elapsed": 12257.946351, "delta": 73.787203}}
{"target": -128.87928186033662, "params": {"log_nD": 20.10135537106563, "log_nNe": 19.970429626134916}, "datetime": {"datetime": "2022-05-05 20:00:23", "elapsed": 12340.135249, "delta": 82.188898}}
{"target": -2.300038665870053, "params": {"log_nD": 21.76314890157275, "log_nNe": 17.40327686747731}, "datetime": {"datetime": "2022-05-05 20:01:38", "elapsed": 12415.00059, "delta": 74.865341}}
{"target": -131.4415136275885, "params": {"log_nD": 18.704556235714815, "log_nNe": 19.997317230276032}, "datetime": {"datetime": "2022-05-05 20:03:01", "elapsed": 12498.507612, "delta": 83.507022}}
{"target": -117.84196791856576, "params": {"log_nD": 21.350248107737492, "log_nNe": 19.998239836174314}, "datetime": {"datetime": "2022-05-05 20:04:14", "elapsed": 12571.897784, "delta": 73.390172}}
{"target": -17.375483204810433, "params": {"log_nD": 20.39279872968181, "log_nNe": 18.35603573483347}, "datetime": {"datetime": "2022-05-05 20:05:34", "elapsed": 12651.929037, "delta": 80.031253}}
{"target": -0.6967215042033194, "params": {"log_nD": 22.070971034945543, "log_nNe": 17.041796892212332}, "datetime": {"datetime": "2022-05-05 20:06:47", "elapsed": 12724.075142, "delta": 72.146105}}
{"target": -1.5157937519095561, "params": {"log_nD": 22.199671908644873, "log_nNe": 17.10699279113298}, "datetime": {"datetime": "2022-05-05 20:08:01", "elapsed": 12798.075016, "delta": 73.999874}}
{"target": -0.24556319227010703, "params": {"log_nD": 21.979953092212003, "log_nNe": 17.12715502719776}, "datetime": {"datetime": "2022-05-05 20:09:14", "elapsed": 12871.815645, "delta": 73.740629}}
{"target": -14.824423457829583, "params": {"log_nD": 20.88942430492292, "log_nNe": 18.978805386664128}, "datetime": {"datetime": "2022-05-05 20:10:29", "elapsed": 12946.341064, "delta": 74.525419}}
{"target": -0.6782152386656558, "params": {"log_nD": 21.84560885815992, "log_nNe": 16.9839567804372}, "datetime": {"datetime": "2022-05-05 20:11:44", "elapsed": 13021.179955, "delta": 74.838891}}
{"target": -0.19160606305991024, "params": {"log_nD": 21.969215840791097, "log_nNe": 17.096000465186005}, "datetime": {"datetime": "2022-05-05 20:12:57", "elapsed": 13094.467512, "delta": 73.287557}}
{"target": -109.69795872655875, "params": {"log_nD": 20.779001404231405, "log_nNe": 17.650012410724713}, "datetime": {"datetime": "2022-05-05 20:14:15", "elapsed": 13172.920313, "delta": 78.452801}}
{"target": -139.40881350272056, "params": {"log_nD": 20.431043812818274, "log_nNe": 16.92123824204962}, "datetime": {"datetime": "2022-05-05 20:15:29", "elapsed": 13246.535852, "delta": 73.615539}}
{"target": -127.66741875442807, "params": {"log_nD": 20.766902986114086, "log_nNe": 17.107470309890925}, "datetime": {"datetime": "2022-05-05 20:16:45", "elapsed": 13322.933418, "delta": 76.397566}}
{"target": -10.928819191984752, "params": {"log_nD": 21.01282081270294, "log_nNe": 17.926199824169842}, "datetime": {"datetime": "2022-05-05 20:18:04", "elapsed": 13401.241715, "delta": 78.308297}}
{"target": -146.30030741018362, "params": {"log_nD": 19.46483454128568, "log_nNe": 16.44772711719196}, "datetime": {"datetime": "2022-05-05 20:19:22", "elapsed": 13479.910243, "delta": 78.668528}}
{"target": -36.57877299036381, "params": {"log_nD": 19.87124081206978, "log_nNe": 18.25470427589762}, "datetime": {"datetime": "2022-05-05 20:20:43", "elapsed": 13560.535303, "delta": 80.62506}}
{"target": -44.214468647196064, "params": {"log_nD": 19.53817224321692, "log_nNe": 18.13312367624466}, "datetime": {"datetime": "2022-05-05 20:22:05", "elapsed": 13642.48565, "delta": 81.950347}}
{"target": -13.48284305524021, "params": {"log_nD": 20.746565829777037, "log_nNe": 18.589973125046498}, "datetime": {"datetime": "2022-05-05 20:23:22", "elapsed": 13719.165797, "delta": 76.680147}}
{"target": -0.7436075697868303, "params": {"log_nD": 21.865677304889683, "log_nNe": 16.91426120978519}, "datetime": {"datetime": "2022-05-05 20:24:36", "elapsed": 13793.595897, "delta": 74.4301}}
{"target": -0.2051966134187087, "params": {"log_nD": 21.894408555016543, "log_nNe": 17.00288628608274}, "datetime": {"datetime": "2022-05-05 20:25:51", "elapsed": 13868.173454, "delta": 74.577557}}
{"target": -0.6403496074946964, "params": {"log_nD": 21.813700670612032, "log_nNe": 17.120006864672984}, "datetime": {"datetime": "2022-05-05 20:27:05", "elapsed": 13942.335284, "delta": 74.16183}}
{"target": -39.35566437509005, "params": {"log_nD": 19.773753260752336, "log_nNe": 17.917539320616623}, "datetime": {"datetime": "2022-05-05 20:28:28", "elapsed": 14025.303545, "delta": 82.968261}}
{"target": -146.37609895957104, "params": {"log_nD": 18.906718238344205, "log_nNe": 17.96362019604058}, "datetime": {"datetime": "2022-05-05 20:29:50", "elapsed": 14107.361219, "delta": 82.057674}}
{"target": -0.35191348222208263, "params": {"log_nD": 21.861048173987044, "log_nNe": 17.090448487180414}, "datetime": {"datetime": "2022-05-05 20:31:05", "elapsed": 14182.276781, "delta": 74.915562}}
{"target": -0.245502144950374, "params": {"log_nD": 21.979049721239054, "log_nNe": 17.12736168312039}, "datetime": {"datetime": "2022-05-05 20:32:19", "elapsed": 14256.173369, "delta": 73.896588}}
{"target": -5.533187680053596, "params": {"log_nD": 21.961162771233006, "log_nNe": 16.43589324385406}, "datetime": {"datetime": "2022-05-05 20:33:32", "elapsed": 14329.482155, "delta": 73.308786}}
{"target": -16.27763225496634, "params": {"log_nD": 21.770867131853343, "log_nNe": 18.724161879736894}, "datetime": {"datetime": "2022-05-05 20:34:45", "elapsed": 14402.662693, "delta": 73.180538}}
{"target": -0.20514906563283664, "params": {"log_nD": 22.014023331892812, "log_nNe": 16.95055361972158}, "datetime": {"datetime": "2022-05-05 20:35:59", "elapsed": 14476.221817, "delta": 73.559124}}
{"target": -0.6327717175388168, "params": {"log_nD": 21.838526226497986, "log_nNe": 17.187126947657163}, "datetime": {"datetime": "2022-05-05 20:37:13", "elapsed": 14550.798395, "delta": 74.576578}}
{"target": -0.12721565348150166, "params": {"log_nD": 21.992350116969916, "log_nNe": 16.97245916589584}, "datetime": {"datetime": "2022-05-05 20:38:27", "elapsed": 14624.013932, "delta": 73.215537}}
{"target": -0.0780304522414161, "params": {"log_nD": 21.9672212780264, "log_nNe": 16.92983517799471}, "datetime": {"datetime": "2022-05-05 20:39:40", "elapsed": 14697.696351, "delta": 73.682419}}
{"target": -0.355167059033608, "params": {"log_nD": 21.941941931770494, "log_nNe": 16.72400007209288}, "datetime": {"datetime": "2022-05-05 20:40:54", "elapsed": 14771.771604, "delta": 74.075253}}
{"target": -0.6651508202049525, "params": {"log_nD": 21.823876598050255, "log_nNe": 17.05165091290665}, "datetime": {"datetime": "2022-05-05 20:42:13", "elapsed": 14850.941411, "delta": 79.169807}}
{"target": -1.382839367224177, "params": {"log_nD": 21.771950623889907, "log_nNe": 17.27332242552391}, "datetime": {"datetime": "2022-05-05 20:43:29", "elapsed": 14926.583233, "delta": 75.641822}}
{"target": -24.416050666961645, "params": {"log_nD": 20.18567945806044, "log_nNe": 18.840131184852794}, "datetime": {"datetime": "2022-05-05 20:45:07", "elapsed": 15024.658716, "delta": 98.075483}}
{"target": -1.5249757845484122, "params": {"log_nD": 21.803455211231398, "log_nNe": 17.333285188961874}, "datetime": {"datetime": "2022-05-05 20:46:27", "elapsed": 15104.372427, "delta": 79.713711}}
{"target": -0.6009807310382452, "params": {"log_nD": 21.944203101984264, "log_nNe": 17.28330925107531}, "datetime": {"datetime": "2022-05-05 20:47:43", "elapsed": 15180.35082, "delta": 75.978393}}
{"target": -0.37493976881268226, "params": {"log_nD": 21.976119961207363, "log_nNe": 17.204483398229304}, "datetime": {"datetime": "2022-05-05 20:48:56", "elapsed": 15253.144262, "delta": 72.793442}}
{"target": -0.40399803137137197, "params": {"log_nD": 21.945609993303467, "log_nNe": 17.21561449458408}, "datetime": {"datetime": "2022-05-05 20:50:11", "elapsed": 15328.903139, "delta": 75.758877}}
{"target": -1.249882945723035, "params": {"log_nD": 21.745597939385576, "log_nNe": 17.163269695340066}, "datetime": {"datetime": "2022-05-05 20:51:27", "elapsed": 15404.276458, "delta": 75.373319}}
{"target": -0.7721948499313043, "params": {"log_nD": 21.90410858000781, "log_nNe": 17.30305690855535}, "datetime": {"datetime": "2022-05-05 20:52:40", "elapsed": 15477.967595, "delta": 73.691137}}
{"target": -0.09081019319978632, "params": {"log_nD": 21.97303730422212, "log_nNe": 16.962383954438714}, "datetime": {"datetime": "2022-05-05 20:53:55", "elapsed": 15551.988735, "delta": 74.02114}}
{"target": -61.617148626461464, "params": {"log_nD": 20.091705149631057, "log_nNe": 19.156982264401314}, "datetime": {"datetime": "2022-05-05 20:55:14", "elapsed": 15631.390567, "delta": 79.401832}}
{"target": -118.22010285337046, "params": {"log_nD": 22.19183344423528, "log_nNe": 19.28570208922948}, "datetime": {"datetime": "2022-05-05 20:56:26", "elapsed": 15703.300369, "delta": 71.909802}}
{"target": -0.4094918897885606, "params": {"log_nD": 22.029178247898695, "log_nNe": 17.149318381615053}, "datetime": {"datetime": "2022-05-05 20:57:40", "elapsed": 15777.117989, "delta": 73.81762}}
{"target": -0.1910547366557897, "params": {"log_nD": 21.968144543463854, "log_nNe": 17.095776955053502}, "datetime": {"datetime": "2022-05-05 20:58:53", "elapsed": 15850.577562, "delta": 73.459573}}
{"target": -1.783907601806758, "params": {"log_nD": 21.87464670781067, "log_nNe": 17.469256376842413}, "datetime": {"datetime": "2022-05-05 21:00:07", "elapsed": 15924.898494, "delta": 74.320932}}
{"target": -1.0443036029815282, "params": {"log_nD": 21.920726735337006, "log_nNe": 17.379579746805604}, "datetime": {"datetime": "2022-05-05 21:01:21", "elapsed": 15998.020651, "delta": 73.122157}}
{"target": -0.31078075574748143, "params": {"log_nD": 22.00628722575876, "log_nNe": 17.095328161350015}, "datetime": {"datetime": "2022-05-05 21:02:34", "elapsed": 16071.665046, "delta": 73.644395}}
{"target": -0.09260136897894597, "params": {"log_nD": 21.980546804842753, "log_nNe": 16.9494571039283}, "datetime": {"datetime": "2022-05-05 21:03:47", "elapsed": 16144.430337, "delta": 72.765291}}
{"target": -147.8704622861157, "params": {"log_nD": 19.185406493752154, "log_nNe": 15.680341263399345}, "datetime": {"datetime": "2022-05-05 21:05:07", "elapsed": 16224.862261, "delta": 80.431924}}
{"target": -6.0744109162123525, "params": {"log_nD": 22.193393177874725, "log_nNe": 16.415979612727334}, "datetime": {"datetime": "2022-05-05 21:06:20", "elapsed": 16297.711862, "delta": 72.849601}}
{"target": -142.0063637869471, "params": {"log_nD": 20.54156971163433, "log_nNe": 16.48680489638147}, "datetime": {"datetime": "2022-05-05 21:07:34", "elapsed": 16370.993551, "delta": 73.281689}}
{"target": -6.632814110462984, "params": {"log_nD": 22.079314444693857, "log_nNe": 16.39345159801227}, "datetime": {"datetime": "2022-05-05 21:08:46", "elapsed": 16443.258174, "delta": 72.264623}}
{"target": -27.148391139731462, "params": {"log_nD": 20.152740210610677, "log_nNe": 18.32607616711329}, "datetime": {"datetime": "2022-05-05 21:10:06", "elapsed": 16523.014939, "delta": 79.756765}}
{"target": -0.08604556858811224, "params": {"log_nD": 21.95558301529846, "log_nNe": 16.94839476940296}, "datetime": {"datetime": "2022-05-05 21:11:19", "elapsed": 16596.680114, "delta": 73.665175}}
{"target": -150.98871500032305, "params": {"log_nD": 18.0, "log_nNe": 15.708970867168235}, "datetime": {"datetime": "2022-05-05 21:12:39", "elapsed": 16676.447506, "delta": 79.767392}}
{"target": -0.0825289583151214, "params": {"log_nD": 21.956182250239586, "log_nNe": 16.935879458503948}, "datetime": {"datetime": "2022-05-05 21:13:54", "elapsed": 16751.280677, "delta": 74.833171}}
{"target": -0.13113593920333486, "params": {"log_nD": 21.97385430438411, "log_nNe": 17.02775369839964}, "datetime": {"datetime": "2022-05-05 21:15:08", "elapsed": 16825.369812, "delta": 74.089135}}
{"target": -0.26720024600939213, "params": {"log_nD": 21.877164961072886, "log_nNe": 17.038938045596375}, "datetime": {"datetime": "2022-05-05 21:16:24", "elapsed": 16901.133867, "delta": 75.764055}}
{"target": -6.30542723691608, "params": {"log_nD": 22.194621470378898, "log_nNe": 16.51582953099622}, "datetime": {"datetime": "2022-05-05 21:17:36", "elapsed": 16973.894323, "delta": 72.760456}}
{"target": -111.78232810984233, "params": {"log_nD": 22.076531945496647, "log_nNe": 19.667574241173362}, "datetime": {"datetime": "2022-05-05 21:18:48", "elapsed": 17045.751714, "delta": 71.857391}}
{"target": -4.868649164557599, "params": {"log_nD": 21.59386789684002, "log_nNe": 17.52461119212822}, "datetime": {"datetime": "2022-05-05 21:20:04", "elapsed": 17121.565058, "delta": 75.813344}}
