{"target": -129.6461751039791, "params": {"log_nD": 18.994054024238086, "log_nNe": 19.429077442533796}, "datetime": {"datetime": "2022-05-06 02:07:21", "elapsed": 34358.199648, "delta": 82.697252}}
{"target": -5.839899972916265, "params": {"log_nD": 22.034861795289437, "log_nNe": 17.967004406433663}, "datetime": {"datetime": "2022-05-06 02:08:37", "elapsed": 34434.670341, "delta": 76.470693}}
{"target": -13.455952839065537, "params": {"log_nD": 20.906317920789114, "log_nNe": 18.637724172676325}, "datetime": {"datetime": "2022-05-06 02:09:56", "elapsed": 34513.820174, "delta": 79.149833}}
{"target": -5.8766658245581835, "params": {"log_nD": 22.130821597109318, "log_nNe": 16.55020918069578}, "datetime": {"datetime": "2022-05-06 02:11:11", "elapsed": 34588.586155, "delta": 74.765981}}
{"target": -0.19462452938702346, "params": {"log_nD": 22.143608363963107, "log_nNe": 16.9983105957522}, "datetime": {"datetime": "2022-05-06 02:12:31", "elapsed": 34668.203213, "delta": 79.617058}}
{"target": -0.16509889228050245, "params": {"log_nD": 22.112196609715507, "log_nNe": 16.978216547399434}, "datetime": {"datetime": "2022-05-06 02:13:48", "elapsed": 34745.096766, "delta": 76.893553}}
{"target": -0.04968432999802768, "params": {"log_nD": 22.2, "log_nNe": 16.966391645621957}, "datetime": {"datetime": "2022-05-06 02:15:03", "elapsed": 34820.446342, "delta": 75.349576}}
{"target": -10.720124588656686, "params": {"log_nD": 21.89386404710276, "log_nNe": 18.45499888907149}, "datetime": {"datetime": "2022-05-06 02:16:18", "elapsed": 34895.687233, "delta": 75.240891}}
{"target": -0.422376115266316, "params": {"log_nD": 22.15414321895492, "log_nNe": 17.010663881139184}, "datetime": {"datetime": "2022-05-06 02:17:36", "elapsed": 34973.528757, "delta": 77.841524}}
{"target": -14.42917747053837, "params": {"log_nD": 21.649419634925213, "log_nNe": 18.81291642617175}, "datetime": {"datetime": "2022-05-06 02:18:54", "elapsed": 35051.698532, "delta": 78.169775}}
{"target": -10.05855088715285, "params": {"log_nD": 21.2774074022016, "log_nNe": 17.94982399560935}, "datetime": {"datetime": "2022-05-06 02:20:21", "elapsed": 35137.996962, "delta": 86.29843}}
{"target": -139.49568486338796, "params": {"log_nD": 18.49337180446702, "log_nNe": 17.870612757044217}, "datetime": {"datetime": "2022-05-06 02:21:47", "elapsed": 35224.371408, "delta": 86.374446}}
{"target": -11.266573480452358, "params": {"log_nD": 21.436427219564088, "log_nNe": 18.50996920538635}, "datetime": {"datetime": "2022-05-06 02:23:03", "elapsed": 35300.829902, "delta": 76.458494}}
{"target": -52.318575008755744, "params": {"log_nD": 18.22953069239896, "log_nNe": 18.176871108631186}, "datetime": {"datetime": "2022-05-06 02:24:31", "elapsed": 35388.080099, "delta": 87.250197}}
{"target": -6.61179192071286, "params": {"log_nD": 22.144131389486496, "log_nNe": 16.346440034591804}, "datetime": {"datetime": "2022-05-06 02:25:47", "elapsed": 35464.086899, "delta": 76.0068}}
{"target": -13.633459463332098, "params": {"log_nD": 21.236972055530202, "log_nNe": 18.900352095806053}, "datetime": {"datetime": "2022-05-06 02:27:05", "elapsed": 35542.266846, "delta": 78.179947}}
{"target": -33.43621682449039, "params": {"log_nD": 20.003202242917016, "log_nNe": 18.810340185710622}, "datetime": {"datetime": "2022-05-06 02:28:31", "elapsed": 35628.084662, "delta": 85.817816}}
{"target": -9.449477761642498, "params": {"log_nD": 21.413401125889163, "log_nNe": 18.027229293903684}, "datetime": {"datetime": "2022-05-06 02:29:50", "elapsed": 35707.173413, "delta": 79.088751}}
{"target": -26.771169582940182, "params": {"log_nD": 20.131450691080236, "log_nNe": 18.973636724816497}, "datetime": {"datetime": "2022-05-06 02:31:13", "elapsed": 35790.064803, "delta": 82.89139}}
{"target": -12.31102729620291, "params": {"log_nD": 20.9116240265354, "log_nNe": 18.27701576172498}, "datetime": {"datetime": "2022-05-06 02:32:36", "elapsed": 35873.160247, "delta": 83.095444}}
{"target": -10.807311658048334, "params": {"log_nD": 21.674121055507854, "log_nNe": 18.671971891340142}, "datetime": {"datetime": "2022-05-06 02:33:55", "elapsed": 35952.601257, "delta": 79.44101}}
{"target": -10.40543038436621, "params": {"log_nD": 21.370475944893215, "log_nNe": 18.181538794832083}, "datetime": {"datetime": "2022-05-06 02:35:13", "elapsed": 36030.172969, "delta": 77.571712}}
{"target": -16.179184893447694, "params": {"log_nD": 20.43125875819066, "log_nNe": 18.44516528456967}, "datetime": {"datetime": "2022-05-06 02:36:32", "elapsed": 36109.946907, "delta": 79.773938}}
{"target": -7.812192954704322, "params": {"log_nD": 21.405619890482065, "log_nNe": 17.70854386549537}, "datetime": {"datetime": "2022-05-06 02:37:53", "elapsed": 36190.235137, "delta": 80.28823}}
{"target": -12.459341912993894, "params": {"log_nD": 21.06698175597649, "log_nNe": 18.404424711620987}, "datetime": {"datetime": "2022-05-06 02:39:13", "elapsed": 36270.212157, "delta": 79.97702}}
{"target": -17.891031320130587, "params": {"log_nD": 20.633385412680823, "log_nNe": 19.144514571405654}, "datetime": {"datetime": "2022-05-06 02:40:34", "elapsed": 36351.833249, "delta": 81.621092}}
{"target": -8.704814029473862, "params": {"log_nD": 21.68171804620002, "log_nNe": 18.303064719871426}, "datetime": {"datetime": "2022-05-06 02:41:50", "elapsed": 36427.684723, "delta": 75.851474}}
{"target": -6.941486672094445, "params": {"log_nD": 21.628771324200706, "log_nNe": 17.888285395336787}, "datetime": {"datetime": "2022-05-06 02:43:11", "elapsed": 36508.501179, "delta": 80.816456}}
{"target": -5.675949614687283, "params": {"log_nD": 21.563231615672855, "log_nNe": 17.596777722470886}, "datetime": {"datetime": "2022-05-06 02:44:32", "elapsed": 36589.59752, "delta": 81.096341}}
{"target": -15.155950120831143, "params": {"log_nD": 20.95580601457007, "log_nNe": 19.083356642344228}, "datetime": {"datetime": "2022-05-06 02:45:54", "elapsed": 36671.813638, "delta": 82.216118}}
{"target": -1.65725489306713, "params": {"log_nD": 21.790448416902834, "log_nNe": 16.978195595465888}, "datetime": {"datetime": "2022-05-06 02:47:12", "elapsed": 36749.548195, "delta": 77.734557}}
{"target": -21.210449042040587, "params": {"log_nD": 21.175898559636497, "log_nNe": 19.168444327219206}, "datetime": {"datetime": "2022-05-06 02:48:31", "elapsed": 36828.789517, "delta": 79.241322}}
{"target": -6.787990644531376, "params": {"log_nD": 21.911251692701185, "log_nNe": 18.276546048225157}, "datetime": {"datetime": "2022-05-06 02:49:50", "elapsed": 36907.808908, "delta": 79.019391}}
{"target": -1.5302751176820018, "params": {"log_nD": 21.974435859985046, "log_nNe": 17.51894218020437}, "datetime": {"datetime": "2022-05-06 02:51:06", "elapsed": 36983.395454, "delta": 75.586546}}
{"target": -11.274351869732582, "params": {"log_nD": 21.032674156953682, "log_nNe": 18.028422282805796}, "datetime": {"datetime": "2022-05-06 02:52:30", "elapsed": 37066.996826, "delta": 83.601372}}
{"target": -92.48774601321175, "params": {"log_nD": 21.121564470310247, "log_nNe": 17.634879084043234}, "datetime": {"datetime": "2022-05-06 02:53:52", "elapsed": 37149.516249, "delta": 82.519423}}
{"target": -131.23212094857604, "params": {"log_nD": 18.137436475381012, "log_nNe": 19.844787432090197}, "datetime": {"datetime": "2022-05-06 02:55:18", "elapsed": 37235.223115, "delta": 85.706866}}
{"target": -138.71144712719874, "params": {"log_nD": 20.522670596243742, "log_nNe": 16.890221273680876}, "datetime": {"datetime": "2022-05-06 02:56:34", "elapsed": 37311.077923, "delta": 75.854808}}
{"target": -146.20446116514225, "params": {"log_nD": 18.52149335519113, "log_nNe": 17.56826008026176}, "datetime": {"datetime": "2022-05-06 02:57:54", "elapsed": 37391.030412, "delta": 79.952489}}
{"target": -7.534669942329261, "params": {"log_nD": 21.521971463422453, "log_nNe": 17.26546362171775}, "datetime": {"datetime": "2022-05-06 02:59:15", "elapsed": 37471.978269, "delta": 80.947857}}
{"target": -9.962844974164417, "params": {"log_nD": 21.13935507226531, "log_nNe": 17.79418707684201}, "datetime": {"datetime": "2022-05-06 03:00:46", "elapsed": 37563.189253, "delta": 91.210984}}
{"target": -32.358886704044316, "params": {"log_nD": 20.010320793195497, "log_nNe": 18.202091706521202}, "datetime": {"datetime": "2022-05-06 03:02:10", "elapsed": 37647.686169, "delta": 84.496916}}
{"target": -12.733207055257486, "params": {"log_nD": 21.279096887340867, "log_nNe": 18.72373552233327}, "datetime": {"datetime": "2022-05-06 03:03:31", "elapsed": 37728.001219, "delta": 80.31505}}
{"target": -37.79223454892592, "params": {"log_nD": 19.814172136528853, "log_nNe": 18.539515417277368}, "datetime": {"datetime": "2022-05-06 03:04:55", "elapsed": 37812.260081, "delta": 84.258862}}
{"target": -2.340413344561866, "params": {"log_nD": 21.9765587832274, "log_nNe": 17.666397876427887}, "datetime": {"datetime": "2022-05-06 03:06:14", "elapsed": 37891.604592, "delta": 79.344511}}
{"target": -112.83264358569406, "params": {"log_nD": 21.88461218195075, "log_nNe": 15.318811633764133}, "datetime": {"datetime": "2022-05-06 03:07:35", "elapsed": 37972.510144, "delta": 80.905552}}
{"target": -21.65225081270668, "params": {"log_nD": 20.288023977801576, "log_nNe": 18.23441612789032}, "datetime": {"datetime": "2022-05-06 03:09:02", "elapsed": 38059.584418, "delta": 87.074274}}
{"target": -118.13393504665642, "params": {"log_nD": 21.09743203435419, "log_nNe": 19.739931821659212}, "datetime": {"datetime": "2022-05-06 03:10:25", "elapsed": 38142.215046, "delta": 82.630628}}
{"target": -1.0091095117331679, "params": {"log_nD": 21.859551118941148, "log_nNe": 17.309796622241652}, "datetime": {"datetime": "2022-05-06 03:11:52", "elapsed": 38229.127979, "delta": 86.912933}}
{"target": -118.43839024013548, "params": {"log_nD": 22.2, "log_nNe": 18.95657147291822}, "datetime": {"datetime": "2022-05-06 03:13:08", "elapsed": 38305.909289, "delta": 76.78131}}
{"target": -2.4637402115209275, "params": {"log_nD": 21.84959469788166, "log_nNe": 17.54329870984049}, "datetime": {"datetime": "2022-05-06 03:14:27", "elapsed": 38384.085754, "delta": 78.176465}}
{"target": -52.47613721225049, "params": {"log_nD": 18.00330345346289, "log_nNe": 18.082507935644106}, "datetime": {"datetime": "2022-05-06 03:16:01", "elapsed": 38478.733132, "delta": 94.647378}}
{"target": -3.9288801704208094, "params": {"log_nD": 21.69070644531974, "log_nNe": 17.517140703554066}, "datetime": {"datetime": "2022-05-06 03:17:23", "elapsed": 38560.951629, "delta": 82.218497}}
{"target": -130.23520564595057, "params": {"log_nD": 19.774377258604336, "log_nNe": 19.992606231533163}, "datetime": {"datetime": "2022-05-06 03:18:50", "elapsed": 38647.221311, "delta": 86.269682}}
{"target": -0.03727904453040724, "params": {"log_nD": 22.10421979365445, "log_nNe": 16.941707540178264}, "datetime": {"datetime": "2022-05-06 03:20:09", "elapsed": 38726.392066, "delta": 79.170755}}
{"target": -143.09585590565416, "params": {"log_nD": 18.9602798165359, "log_nNe": 17.603230887134174}, "datetime": {"datetime": "2022-05-06 03:21:30", "elapsed": 38807.355543, "delta": 80.963477}}
{"target": -1.1928552832801766, "params": {"log_nD": 21.76184537042709, "log_nNe": 17.223655124854634}, "datetime": {"datetime": "2022-05-06 03:22:50", "elapsed": 38887.883228, "delta": 80.527685}}
{"target": -1.5756190146770628, "params": {"log_nD": 21.864598961634943, "log_nNe": 17.422053316605744}, "datetime": {"datetime": "2022-05-06 03:24:10", "elapsed": 38967.542048, "delta": 79.65882}}
{"target": -17.948206154592537, "params": {"log_nD": 20.753915030653225, "log_nNe": 19.199442169354022}, "datetime": {"datetime": "2022-05-06 03:25:35", "elapsed": 39052.221434, "delta": 84.679386}}
{"target": -22.737707977991644, "params": {"log_nD": 20.262860938565268, "log_nNe": 18.40697769519424}, "datetime": {"datetime": "2022-05-06 03:26:58", "elapsed": 39135.863174, "delta": 83.64174}}
{"target": -21.271426459390053, "params": {"log_nD": 20.275806236243504, "log_nNe": 18.948731669807014}, "datetime": {"datetime": "2022-05-06 03:28:25", "elapsed": 39222.122402, "delta": 86.259228}}
{"target": -0.8178217448402619, "params": {"log_nD": 22.013954129590505, "log_nNe": 17.352385519898604}, "datetime": {"datetime": "2022-05-06 03:29:42", "elapsed": 39299.091973, "delta": 76.969571}}
{"target": -110.65879862116812, "params": {"log_nD": 21.8805489460758, "log_nNe": 15.736210820321428}, "datetime": {"datetime": "2022-05-06 03:30:59", "elapsed": 39376.219148, "delta": 77.127175}}
{"target": -147.64624975412943, "params": {"log_nD": 19.15284624175575, "log_nNe": 16.67685009033175}, "datetime": {"datetime": "2022-05-06 03:32:23", "elapsed": 39460.494858, "delta": 84.27571}}
{"target": -11.957287115033681, "params": {"log_nD": 20.832848932578074, "log_nNe": 18.145516109460537}, "datetime": {"datetime": "2022-05-06 03:33:43", "elapsed": 39540.204268, "delta": 79.70941}}
