{"target": -20.65769865729002, "params": {"log_nD": 20.313351190813215, "log_nNe": 18.540739113090524}, "datetime": {"datetime": "2022-05-05 16:34:43", "elapsed": 0.0, "delta": 0.0}}
{"target": -141.51222811936873, "params": {"log_nD": 19.221799903434366, "log_nNe": 17.554138025988316}, "datetime": {"datetime": "2022-05-05 16:36:04", "elapsed": 81.631973, "delta": 81.631973}}
{"target": -112.18148905029689, "params": {"log_nD": 21.750377208260147, "log_nNe": 19.48146544466719}, "datetime": {"datetime": "2022-05-05 16:37:22", "elapsed": 159.68037, "delta": 78.048397}}
{"target": -150.27627384446677, "params": {"log_nD": 18.527458303948112, "log_nNe": 16.036214390690933}, "datetime": {"datetime": "2022-05-05 16:38:45", "elapsed": 242.154834, "delta": 82.474464}}
{"target": -149.56860210644658, "params": {"log_nD": 18.216162253863484, "log_nNe": 17.204049218253182}, "datetime": {"datetime": "2022-05-05 16:40:11", "elapsed": 328.562548, "delta": 86.407714}}
{"target": -149.3791117421989, "params": {"log_nD": 18.125480085689983, "log_nNe": 17.284166121973556}, "datetime": {"datetime": "2022-05-05 16:41:37", "elapsed": 414.863451, "delta": 86.300903}}
{"target": -141.2148791223293, "params": {"log_nD": 20.726404999981995, "log_nNe": 16.392436413239878}, "datetime": {"datetime": "2022-05-05 16:42:54", "elapsed": 491.491845, "delta": 76.628394}}
{"target": -14.612090581193485, "params": {"log_nD": 20.84027058831655, "log_nNe": 17.954314087081755}, "datetime": {"datetime": "2022-05-05 16:44:17", "elapsed": 574.363188, "delta": 82.871343}}
{"target": -143.2767337539518, "params": {"log_nD": 18.100723905984093, "log_nNe": 17.79427043995441}, "datetime": {"datetime": "2022-05-05 16:45:41", "elapsed": 658.271559, "delta": 83.908371}}
{"target": -147.17836921215877, "params": {"log_nD": 19.088860277011353, "log_nNe": 17.07550598505035}, "datetime": {"datetime": "2022-05-05 16:47:03", "elapsed": 740.671148, "delta": 82.399589}}
{"target": -12.573793313418141, "params": {"log_nD": 20.79093257237401, "log_nNe": 18.33053376418727}, "datetime": {"datetime": "2022-05-05 16:48:25", "elapsed": 822.182527, "delta": 81.511379}}
{"target": -12.292879620223342, "params": {"log_nD": 20.597996981460458, "log_nNe": 18.214193385560375}, "datetime": {"datetime": "2022-05-05 16:49:45", "elapsed": 902.410346, "delta": 80.227819}}
{"target": -130.9483228537056, "params": {"log_nD": 19.42497413146251, "log_nNe": 20.0}, "datetime": {"datetime": "2022-05-05 16:51:12", "elapsed": 989.627646, "delta": 87.2173}}
{"target": -108.41498845342288, "params": {"log_nD": 22.2, "log_nNe": 17.674369767817485}, "datetime": {"datetime": "2022-05-05 16:52:31", "elapsed": 1068.88577, "delta": 79.258124}}
{"target": -12.164534620304758, "params": {"log_nD": 20.738085716053245, "log_nNe": 18.197138531175497}, "datetime": {"datetime": "2022-05-05 16:53:55", "elapsed": 1152.402687, "delta": 83.516917}}
{"target": -12.694260031923248, "params": {"log_nD": 20.640985646388682, "log_nNe": 18.35635653298305}, "datetime": {"datetime": "2022-05-05 16:55:18", "elapsed": 1235.847989, "delta": 83.445302}}
{"target": -106.57340171222869, "params": {"log_nD": 22.2, "log_nNe": 15.0}, "datetime": {"datetime": "2022-05-05 16:56:35", "elapsed": 1312.563287, "delta": 76.715298}}
{"target": -11.733542418595523, "params": {"log_nD": 21.03225796447437, "log_nNe": 18.157708935671728}, "datetime": {"datetime": "2022-05-05 16:57:53", "elapsed": 1390.016068, "delta": 77.452781}}
{"target": -11.912119943445518, "params": {"log_nD": 20.94064484191007, "log_nNe": 18.164192301822155}, "datetime": {"datetime": "2022-05-05 16:59:09", "elapsed": 1466.498514, "delta": 76.482446}}
{"target": -12.029780321833337, "params": {"log_nD": 21.072980561985464, "log_nNe": 18.273901460751652}, "datetime": {"datetime": "2022-05-05 17:00:25", "elapsed": 1542.271259, "delta": 75.772745}}
{"target": -131.54205892961838, "params": {"log_nD": 18.0, "log_nNe": 20.0}, "datetime": {"datetime": "2022-05-05 17:01:47", "elapsed": 1624.101441, "delta": 81.830182}}
{"target": -11.917559276069536, "params": {"log_nD": 21.02478520261838, "log_nNe": 18.206533340324984}, "datetime": {"datetime": "2022-05-05 17:03:03", "elapsed": 1700.213958, "delta": 76.112517}}
{"target": -11.292208032090365, "params": {"log_nD": 21.18930849917644, "log_nNe": 18.160806315690934}, "datetime": {"datetime": "2022-05-05 17:04:19", "elapsed": 1776.970943, "delta": 76.756985}}
{"target": -11.153442801199088, "params": {"log_nD": 21.300128072243485, "log_nNe": 18.27632847451616}, "datetime": {"datetime": "2022-05-05 17:05:39", "elapsed": 1856.1304, "delta": 79.159457}}
{"target": -11.367064926072153, "params": {"log_nD": 21.247391199049694, "log_nNe": 18.240507094490205}, "datetime": {"datetime": "2022-05-05 17:07:18", "elapsed": 1955.846367, "delta": 99.715967}}
{"target": -11.386391029243793, "params": {"log_nD": 21.363670739243066, "log_nNe": 18.434490626997892}, "datetime": {"datetime": "2022-05-05 17:08:56", "elapsed": 2053.270178, "delta": 97.423811}}
{"target": -10.668975678953165, "params": {"log_nD": 21.433209158215227, "log_nNe": 18.34796839906158}, "datetime": {"datetime": "2022-05-05 17:10:34", "elapsed": 2151.124097, "delta": 97.853919}}
{"target": -145.21521963284127, "params": {"log_nD": 19.960023018681333, "log_nNe": 15.0}, "datetime": {"datetime": "2022-05-05 17:11:57", "elapsed": 2234.420084, "delta": 83.295987}}
{"target": -10.251740548177724, "params": {"log_nD": 21.557217102976164, "log_nNe": 18.448112855066455}, "datetime": {"datetime": "2022-05-05 17:13:12", "elapsed": 2309.499004, "delta": 75.07892}}
{"target": -9.77105495132071, "params": {"log_nD": 21.597122425661574, "log_nNe": 18.400287954371937}, "datetime": {"datetime": "2022-05-05 17:14:29", "elapsed": 2386.620026, "delta": 77.121022}}
{"target": -8.68807662385682, "params": {"log_nD": 21.774994834864668, "log_nNe": 18.453979739319827}, "datetime": {"datetime": "2022-05-05 17:15:56", "elapsed": 2473.302401, "delta": 86.682375}}
{"target": -115.3978345113527, "params": {"log_nD": 22.2, "log_nNe": 18.61886263980575}, "datetime": {"datetime": "2022-05-05 17:17:18", "elapsed": 2555.377434, "delta": 82.075033}}
{"target": -16.451948797156753, "params": {"log_nD": 20.722129171503973, "log_nNe": 19.06685950745645}, "datetime": {"datetime": "2022-05-05 17:18:38", "elapsed": 2635.113392, "delta": 79.735958}}
{"target": -13.952882019730291, "params": {"log_nD": 20.96145125327397, "log_nNe": 18.80930964770752}, "datetime": {"datetime": "2022-05-05 17:20:03", "elapsed": 2720.696187, "delta": 85.582795}}
{"target": -123.8834583793872, "params": {"log_nD": 20.72313899403485, "log_nNe": 19.973983251078455}, "datetime": {"datetime": "2022-05-05 17:21:30", "elapsed": 2807.058009, "delta": 86.361822}}
{"target": -15.322913365387674, "params": {"log_nD": 20.630732778429085, "log_nNe": 18.804024339974667}, "datetime": {"datetime": "2022-05-05 17:22:51", "elapsed": 2888.641808, "delta": 81.583799}}
{"target": -9.372073321138984, "params": {"log_nD": 21.688622766688177, "log_nNe": 18.449057343255824}, "datetime": {"datetime": "2022-05-05 17:24:08", "elapsed": 2965.026231, "delta": 76.384423}}
{"target": -7.998210352776454, "params": {"log_nD": 21.776823051547474, "log_nNe": 18.333930019019306}, "datetime": {"datetime": "2022-05-05 17:25:24", "elapsed": 3041.254949, "delta": 76.228718}}
{"target": -151.14335500293637, "params": {"log_nD": 18.015327503915586, "log_nNe": 15.06467076387809}, "datetime": {"datetime": "2022-05-05 17:26:50", "elapsed": 3127.363092, "delta": 86.108143}}
{"target": -8.709375647951859, "params": {"log_nD": 21.278731214589076, "log_nNe": 17.706316670359154}, "datetime": {"datetime": "2022-05-05 17:28:11", "elapsed": 3208.849597, "delta": 81.486505}}
{"target": -9.023209837300097, "params": {"log_nD": 21.378297548270528, "log_nNe": 17.890472573653405}, "datetime": {"datetime": "2022-05-05 17:29:30", "elapsed": 3287.373794, "delta": 78.524197}}
{"target": -9.831936032631779, "params": {"log_nD": 21.203760621592465, "log_nNe": 17.827396101520343}, "datetime": {"datetime": "2022-05-05 17:30:55", "elapsed": 3372.949884, "delta": 85.57609}}
{"target": -106.86592608419865, "params": {"log_nD": 21.282927178192967, "log_nNe": 17.344480680787687}, "datetime": {"datetime": "2022-05-05 17:32:18", "elapsed": 3455.186106, "delta": 82.236222}}
{"target": -8.607834137486417, "params": {"log_nD": 21.351349916488388, "log_nNe": 17.7791805704083}, "datetime": {"datetime": "2022-05-05 17:33:36", "elapsed": 3533.218241, "delta": 78.032135}}
{"target": -134.85533310669896, "params": {"log_nD": 19.66337065231956, "log_nNe": 18.827158964444983}, "datetime": {"datetime": "2022-05-05 17:35:01", "elapsed": 3618.108866, "delta": 84.890625}}
{"target": -105.14434345697802, "params": {"log_nD": 20.272602324055875, "log_nNe": 17.878364018904676}, "datetime": {"datetime": "2022-05-05 17:36:26", "elapsed": 3703.963531, "delta": 85.854665}}
{"target": -8.397702128433862, "params": {"log_nD": 21.582803556247526, "log_nNe": 18.087685524448876}, "datetime": {"datetime": "2022-05-05 17:37:48", "elapsed": 3785.75031, "delta": 81.786779}}
{"target": -12.863047680184655, "params": {"log_nD": 21.321756481983993, "log_nNe": 18.813226258196277}, "datetime": {"datetime": "2022-05-05 17:39:05", "elapsed": 3862.916363, "delta": 77.166053}}
{"target": -15.113524323567127, "params": {"log_nD": 21.069148342149234, "log_nNe": 19.08360099132267}, "datetime": {"datetime": "2022-05-05 17:40:26", "elapsed": 3943.240888, "delta": 80.324525}}
{"target": -137.84912220193038, "params": {"log_nD": 21.171614145426535, "log_nNe": 15.007920521353336}, "datetime": {"datetime": "2022-05-05 17:41:42", "elapsed": 4019.91205, "delta": 76.671162}}
{"target": -9.369672175413783, "params": {"log_nD": 21.49325592203511, "log_nNe": 18.14058081254438}, "datetime": {"datetime": "2022-05-05 17:42:59", "elapsed": 4096.585009, "delta": 76.672959}}
{"target": -103.90377196440427, "params": {"log_nD": 22.2, "log_nNe": 16.022032052588546}, "datetime": {"datetime": "2022-05-05 17:44:19", "elapsed": 4176.623202, "delta": 80.038193}}
{"target": -8.249811771187572, "params": {"log_nD": 21.67662767260266, "log_nNe": 18.2053795984517}, "datetime": {"datetime": "2022-05-05 17:45:35", "elapsed": 4252.62936, "delta": 76.006158}}
{"target": -143.19981788073522, "params": {"log_nD": 18.000289997708204, "log_nNe": 18.898581008747943}, "datetime": {"datetime": "2022-05-05 17:48:11", "elapsed": 4408.834682, "delta": 156.205322}}
{"target": -9.096807477115696, "params": {"log_nD": 21.28309659061454, "log_nNe": 17.785097878873888}, "datetime": {"datetime": "2022-05-05 17:49:30", "elapsed": 4487.005656, "delta": 78.170974}}
{"target": -7.896208753704107, "params": {"log_nD": 21.523774273590668, "log_nNe": 17.89537402890566}, "datetime": {"datetime": "2022-05-05 17:50:46", "elapsed": 4563.885401, "delta": 76.879745}}
{"target": -8.432488290878569, "params": {"log_nD": 21.500664734150668, "log_nNe": 17.95983777618549}, "datetime": {"datetime": "2022-05-05 17:52:03", "elapsed": 4640.294751, "delta": 76.40935}}
{"target": -10.795872310011022, "params": {"log_nD": 21.092017564086472, "log_nNe": 17.75664444030389}, "datetime": {"datetime": "2022-05-05 17:53:24", "elapsed": 4721.599433, "delta": 81.304682}}
{"target": -18.691789691426617, "params": {"log_nD": 20.406552341959948, "log_nNe": 18.96909255656176}, "datetime": {"datetime": "2022-05-05 17:54:44", "elapsed": 4801.76293, "delta": 80.163497}}
{"target": -12.972339240058362, "params": {"log_nD": 21.17899227367359, "log_nNe": 18.661909459234565}, "datetime": {"datetime": "2022-05-05 17:56:04", "elapsed": 4881.461362, "delta": 79.698432}}
{"target": -7.996396440220182, "params": {"log_nD": 21.45875091906065, "log_nNe": 17.815078989046885}, "datetime": {"datetime": "2022-05-05 17:57:27", "elapsed": 4964.608013, "delta": 83.146651}}
{"target": -7.225206340438954, "params": {"log_nD": 21.721080079494868, "log_nNe": 18.086629339381517}, "datetime": {"datetime": "2022-05-05 17:58:43", "elapsed": 5040.025645, "delta": 75.417632}}
{"target": -6.992832506453044, "params": {"log_nD": 21.684711287564255, "log_nNe": 17.98456930340364}, "datetime": {"datetime": "2022-05-05 17:59:58", "elapsed": 5115.804111, "delta": 75.778466}}
{"target": -7.347618314319371, "params": {"log_nD": 21.662268144437235, "log_nNe": 18.013380718965617}, "datetime": {"datetime": "2022-05-05 18:01:14", "elapsed": 5191.860682, "delta": 76.056571}}
{"target": -6.196617490291448, "params": {"log_nD": 21.76982238095964, "log_nNe": 18.001926914938608}, "datetime": {"datetime": "2022-05-05 18:02:30", "elapsed": 5267.531754, "delta": 75.671072}}
{"target": -6.340678715106651, "params": {"log_nD": 21.833150131927958, "log_nNe": 18.12796931824378}, "datetime": {"datetime": "2022-05-05 18:03:45", "elapsed": 5342.197911, "delta": 74.666157}}
{"target": -5.958549756190735, "params": {"log_nD": 21.838305463037273, "log_nNe": 18.07243842622259}, "datetime": {"datetime": "2022-05-05 18:05:00", "elapsed": 5417.267661, "delta": 75.06975}}
{"target": -6.292679122050113, "params": {"log_nD": 21.81161125574603, "log_nNe": 18.08006162427056}, "datetime": {"datetime": "2022-05-05 18:06:15", "elapsed": 5492.778318, "delta": 75.510657}}
{"target": -145.48742738275865, "params": {"log_nD": 19.749540128330555, "log_nNe": 16.077815531442926}, "datetime": {"datetime": "2022-05-05 18:07:36", "elapsed": 5573.415402, "delta": 80.637084}}
{"target": -5.574463773099954, "params": {"log_nD": 21.90449011813903, "log_nNe": 18.11597343943413}, "datetime": {"datetime": "2022-05-05 18:08:51", "elapsed": 5648.311581, "delta": 74.896179}}
{"target": -5.980924122060201, "params": {"log_nD": 21.90978909426135, "log_nNe": 18.182383615858022}, "datetime": {"datetime": "2022-05-05 18:10:06", "elapsed": 5723.776801, "delta": 75.46522}}
{"target": -11.581548014558761, "params": {"log_nD": 21.583735118021263, "log_nNe": 18.725191543338713}, "datetime": {"datetime": "2022-05-05 18:11:22", "elapsed": 5799.084488, "delta": 75.307687}}
{"target": -117.96333657675797, "params": {"log_nD": 22.19419523857684, "log_nNe": 19.995390855660535}, "datetime": {"datetime": "2022-05-05 18:12:35", "elapsed": 5872.32564, "delta": 73.241152}}
{"target": -148.76152459288673, "params": {"log_nD": 19.03517637995952, "log_nNe": 15.008248739356107}, "datetime": {"datetime": "2022-05-05 18:13:57", "elapsed": 5954.108352, "delta": 81.782712}}
{"target": -58.78281221596024, "params": {"log_nD": 20.38028830475988, "log_nNe": 19.338279509889734}, "datetime": {"datetime": "2022-05-05 18:15:17", "elapsed": 6034.280037, "delta": 80.171685}}
{"target": -5.373296909024371, "params": {"log_nD": 21.896522378561016, "log_nNe": 18.07356078670156}, "datetime": {"datetime": "2022-05-05 18:16:31", "elapsed": 6108.581074, "delta": 74.301037}}
{"target": -5.139707940874927, "params": {"log_nD": 21.908973949701718, "log_nNe": 18.052356752015704}, "datetime": {"datetime": "2022-05-05 18:17:47", "elapsed": 6184.230119, "delta": 75.649045}}
{"target": -4.931854343423165, "params": {"log_nD": 21.908348085548777, "log_nNe": 18.01738417855377}, "datetime": {"datetime": "2022-05-05 18:19:03", "elapsed": 6260.548931, "delta": 76.318812}}
{"target": -5.151098457067921, "params": {"log_nD": 21.866694475631704, "log_nNe": 17.990370827026258}, "datetime": {"datetime": "2022-05-05 18:20:19", "elapsed": 6336.639365, "delta": 76.090434}}
{"target": -5.02868105778394, "params": {"log_nD": 21.891880790315874, "log_nNe": 18.009312177309564}, "datetime": {"datetime": "2022-05-05 18:21:34", "elapsed": 6411.196109, "delta": 74.556744}}
{"target": -6.569181617551995, "params": {"log_nD": 22.00117397914334, "log_nNe": 18.098118211206696}, "datetime": {"datetime": "2022-05-05 18:22:48", "elapsed": 6485.702785, "delta": 74.506676}}
{"target": -4.79742018489882, "params": {"log_nD": 21.939469938319803, "log_nNe": 18.03013317773968}, "datetime": {"datetime": "2022-05-05 18:24:03", "elapsed": 6560.626553, "delta": 74.923768}}
{"target": -20.124098979204888, "params": {"log_nD": 21.353516500737207, "log_nNe": 19.09121951372388}, "datetime": {"datetime": "2022-05-05 18:25:20", "elapsed": 6637.868873, "delta": 77.24232}}
{"target": -4.6669621320611885, "params": {"log_nD": 21.937444288083068, "log_nNe": 18.00779175825987}, "datetime": {"datetime": "2022-05-05 18:26:35", "elapsed": 6712.299105, "delta": 74.430232}}
{"target": -5.272520417327406, "params": {"log_nD": 21.782646967671667, "log_nNe": 17.862616535170403}, "datetime": {"datetime": "2022-05-05 18:27:51", "elapsed": 6788.013115, "delta": 75.71401}}
{"target": -5.895301217208991, "params": {"log_nD": 21.696129722297268, "log_nNe": 17.81623643987645}, "datetime": {"datetime": "2022-05-05 18:29:07", "elapsed": 6864.038288, "delta": 76.025173}}
{"target": -4.931556003519109, "params": {"log_nD": 21.83438242662973, "log_nNe": 17.89920369050419}, "datetime": {"datetime": "2022-05-05 18:30:22", "elapsed": 6939.067625, "delta": 75.029337}}
{"target": -4.459228371488656, "params": {"log_nD": 21.911475733621213, "log_nNe": 17.945715152981016}, "datetime": {"datetime": "2022-05-05 18:31:34", "elapsed": 7011.904359, "delta": 72.836734}}
{"target": -70.83162658475766, "params": {"log_nD": 21.003385296521103, "log_nNe": 19.364186848643513}, "datetime": {"datetime": "2022-05-05 18:32:49", "elapsed": 7086.21978, "delta": 74.315421}}
{"target": -14.074064664590544, "params": {"log_nD": 21.101579450467433, "log_nNe": 18.93217522703233}, "datetime": {"datetime": "2022-05-05 18:34:04", "elapsed": 7161.675682, "delta": 75.455902}}
{"target": -13.027288943558753, "params": {"log_nD": 20.984461590350385, "log_nNe": 18.536353345561974}, "datetime": {"datetime": "2022-05-05 18:35:19", "elapsed": 7236.921515, "delta": 75.245833}}
{"target": -126.15809772602253, "params": {"log_nD": 21.454816354412987, "log_nNe": 15.799310941303519}, "datetime": {"datetime": "2022-05-05 18:36:31", "elapsed": 7308.187217, "delta": 71.265702}}
{"target": -150.86552649088276, "params": {"log_nD": 18.018155806898406, "log_nNe": 16.392352046211233}, "datetime": {"datetime": "2022-05-05 18:37:51", "elapsed": 7388.326754, "delta": 80.139537}}
{"target": -4.382354341932429, "params": {"log_nD": 21.94341188280766, "log_nNe": 17.968431851605324}, "datetime": {"datetime": "2022-05-05 18:39:03", "elapsed": 7460.859274, "delta": 72.53252}}
{"target": -4.412137845732934, "params": {"log_nD": 21.92333257031738, "log_nNe": 17.951618014956047}, "datetime": {"datetime": "2022-05-05 18:40:15", "elapsed": 7532.860006, "delta": 72.000732}}
{"target": -16.909478762760187, "params": {"log_nD": 20.43645906955828, "log_nNe": 18.69316533212375}, "datetime": {"datetime": "2022-05-05 18:41:32", "elapsed": 7609.872206, "delta": 77.0122}}
{"target": -4.527352514193731, "params": {"log_nD": 21.917506653801848, "log_nNe": 17.963048092169412}, "datetime": {"datetime": "2022-05-05 18:42:44", "elapsed": 7681.593535, "delta": 71.721329}}
{"target": -4.27124661195079, "params": {"log_nD": 21.94033378422473, "log_nNe": 17.947520160067256}, "datetime": {"datetime": "2022-05-05 18:43:56", "elapsed": 7753.299569, "delta": 71.706034}}
{"target": -4.181104696808434, "params": {"log_nD": 21.922561646460615, "log_nNe": 17.91415897806243}, "datetime": {"datetime": "2022-05-05 18:45:08", "elapsed": 7825.26587, "delta": 71.966301}}
{"target": -4.025372260502756, "params": {"log_nD": 21.888900542853996, "log_nNe": 17.846080637140997}, "datetime": {"datetime": "2022-05-05 18:46:21", "elapsed": 7898.130285, "delta": 72.864415}}
{"target": -4.176187344735123, "params": {"log_nD": 21.854940756487167, "log_nNe": 17.816415858537766}, "datetime": {"datetime": "2022-05-05 18:47:34", "elapsed": 7971.174624, "delta": 73.044339}}
{"target": -4.181700068885513, "params": {"log_nD": 21.890728681931538, "log_nNe": 17.873501865288862}, "datetime": {"datetime": "2022-05-05 18:48:45", "elapsed": 8042.850457, "delta": 71.675833}}
{"target": -4.874425336379166, "params": {"log_nD": 21.74002462502116, "log_nNe": 17.729386599896173}, "datetime": {"datetime": "2022-05-05 18:49:59", "elapsed": 8116.297756, "delta": 73.447299}}
{"target": -5.587683720301344, "params": {"log_nD": 21.635453220561466, "log_nNe": 17.682600315141983}, "datetime": {"datetime": "2022-05-05 18:51:13", "elapsed": 8190.170183, "delta": 73.872427}}
{"target": -4.224733814764981, "params": {"log_nD": 21.871498459124886, "log_nNe": 17.85063672835244}, "datetime": {"datetime": "2022-05-05 18:52:24", "elapsed": 8261.861291, "delta": 71.691108}}
{"target": -15.384597310649276, "params": {"log_nD": 21.552442465387664, "log_nNe": 18.92542273356995}, "datetime": {"datetime": "2022-05-05 18:53:37", "elapsed": 8334.402805, "delta": 72.541514}}
{"target": -4.055098410132058, "params": {"log_nD": 21.83571935032613, "log_nNe": 17.7649114293281}, "datetime": {"datetime": "2022-05-05 18:54:50", "elapsed": 8406.981676, "delta": 72.578871}}
{"target": -4.208705722995985, "params": {"log_nD": 21.828559766768098, "log_nNe": 17.776517125875824}, "datetime": {"datetime": "2022-05-05 18:56:02", "elapsed": 8479.821042, "delta": 72.839366}}
{"target": -3.8800298294668694, "params": {"log_nD": 21.88739462545043, "log_nNe": 17.82152913051412}, "datetime": {"datetime": "2022-05-05 18:57:15", "elapsed": 8552.503639, "delta": 72.682597}}
{"target": -3.8153922311969586, "params": {"log_nD": 21.788223576136726, "log_nNe": 17.64915597835502}, "datetime": {"datetime": "2022-05-05 18:58:28", "elapsed": 8625.627344, "delta": 73.123705}}
{"target": -4.129272722317363, "params": {"log_nD": 21.77669188624658, "log_nNe": 17.68511409829182}, "datetime": {"datetime": "2022-05-05 18:59:41", "elapsed": 8698.533715, "delta": 72.906371}}
{"target": -3.9886403480939077, "params": {"log_nD": 21.737958516225717, "log_nNe": 17.596491310906167}, "datetime": {"datetime": "2022-05-05 19:00:55", "elapsed": 8772.749964, "delta": 74.216249}}
