{"target": -6.771980811435337, "params": {"log_nD": 21.478167575106827, "log_nNe": 17.64089530685171}, "datetime": {"datetime": "2022-05-05 21:21:20", "elapsed": 17197.698003, "delta": 76.132945}}
{"target": -2.985432125452582, "params": {"log_nD": 21.663316414740642, "log_nNe": 17.351291898243744}, "datetime": {"datetime": "2022-05-05 21:22:36", "elapsed": 17273.157389, "delta": 75.459386}}
{"target": -0.09343453879855057, "params": {"log_nD": 21.943427268899637, "log_nNe": 16.901172603153775}, "datetime": {"datetime": "2022-05-05 21:23:49", "elapsed": 17346.903928, "delta": 73.746539}}
{"target": -0.08116370138030293, "params": {"log_nD": 21.982300223864943, "log_nNe": 16.903041905354577}, "datetime": {"datetime": "2022-05-05 21:25:03", "elapsed": 17420.878213, "delta": 73.974285}}
{"target": -0.07641017637338152, "params": {"log_nD": 21.973041628555155, "log_nNe": 16.908092944954028}, "datetime": {"datetime": "2022-05-05 21:26:18", "elapsed": 17495.710453, "delta": 74.83224}}
{"target": -0.07770285764369828, "params": {"log_nD": 21.97562928220777, "log_nNe": 16.923617590350137}, "datetime": {"datetime": "2022-05-05 21:27:32", "elapsed": 17569.895097, "delta": 74.184644}}
{"target": -0.11008427147386243, "params": {"log_nD": 21.991276358150046, "log_nNe": 16.93129812204168}, "datetime": {"datetime": "2022-05-05 21:28:47", "elapsed": 17644.314024, "delta": 74.418927}}
{"target": -3.5773540351952313, "params": {"log_nD": 21.675839759579024, "log_nNe": 17.448896973207656}, "datetime": {"datetime": "2022-05-05 21:30:03", "elapsed": 17720.905621, "delta": 76.591597}}
{"target": -0.15640769847274716, "params": {"log_nD": 21.910783296377375, "log_nNe": 16.977826366863294}, "datetime": {"datetime": "2022-05-05 21:31:19", "elapsed": 17796.115726, "delta": 75.210105}}
{"target": -0.08904905868609005, "params": {"log_nD": 21.94568487664261, "log_nNe": 16.922094039949197}, "datetime": {"datetime": "2022-05-05 21:32:33", "elapsed": 17870.755174, "delta": 74.639448}}
{"target": -0.07653271366288578, "params": {"log_nD": 21.96885546551981, "log_nNe": 16.9244212680319}, "datetime": {"datetime": "2022-05-05 21:33:47", "elapsed": 17944.946925, "delta": 74.191751}}
{"target": -0.09921041237527875, "params": {"log_nD": 21.96642129594412, "log_nNe": 16.982631951703095}, "datetime": {"datetime": "2022-05-05 21:35:02", "elapsed": 18019.465578, "delta": 74.518653}}
{"target": -0.08474932013392347, "params": {"log_nD": 21.984378328265016, "log_nNe": 16.91645425608751}, "datetime": {"datetime": "2022-05-05 21:36:17", "elapsed": 18094.236461, "delta": 74.770883}}
{"target": -2.0225968107718044, "params": {"log_nD": 21.738176967040342, "log_nNe": 17.027089695166758}, "datetime": {"datetime": "2022-05-05 21:37:34", "elapsed": 18171.202797, "delta": 76.966336}}
{"target": -1.3131140813733908, "params": {"log_nD": 21.754327935848387, "log_nNe": 17.09105972823986}, "datetime": {"datetime": "2022-05-05 21:38:51", "elapsed": 18248.039916, "delta": 76.837119}}
{"target": -0.07586974200628178, "params": {"log_nD": 21.965621389310705, "log_nNe": 16.914834649798514}, "datetime": {"datetime": "2022-05-05 21:40:05", "elapsed": 18322.374828, "delta": 74.334912}}
{"target": -0.07079410883137827, "params": {"log_nD": 21.96859182272189, "log_nNe": 16.898909060076775}, "datetime": {"datetime": "2022-05-05 21:41:20", "elapsed": 18397.131661, "delta": 74.756833}}
{"target": -11.91911018111795, "params": {"log_nD": 21.40171479685176, "log_nNe": 18.644582440809195}, "datetime": {"datetime": "2022-05-05 21:42:35", "elapsed": 18472.399685, "delta": 75.268024}}
{"target": -0.07848851269081508, "params": {"log_nD": 21.955812480029746, "log_nNe": 16.90775376703557}, "datetime": {"datetime": "2022-05-05 21:43:50", "elapsed": 18546.980519, "delta": 74.580834}}
{"target": -0.5409650989680237, "params": {"log_nD": 22.00829493020544, "log_nNe": 17.261300893975655}, "datetime": {"datetime": "2022-05-05 21:45:04", "elapsed": 18621.222604, "delta": 74.242085}}
{"target": -4.235427686819544, "params": {"log_nD": 21.869588443133324, "log_nNe": 17.849587596136896}, "datetime": {"datetime": "2022-05-05 21:46:17", "elapsed": 18694.172355, "delta": 72.949751}}
{"target": -0.5156352689722987, "params": {"log_nD": 22.028925641811192, "log_nNe": 17.21907230117621}, "datetime": {"datetime": "2022-05-05 21:47:30", "elapsed": 18767.430264, "delta": 73.257909}}
{"target": -1.96707283721315, "params": {"log_nD": 21.701167491753683, "log_nNe": 17.24802497749374}, "datetime": {"datetime": "2022-05-05 21:48:47", "elapsed": 18844.954592, "delta": 77.524328}}
{"target": -88.19041740992016, "params": {"log_nD": 18.0, "log_nNe": 18.33279464956063}, "datetime": {"datetime": "2022-05-05 21:50:12", "elapsed": 18929.360645, "delta": 84.406053}}
{"target": -0.07796082369567295, "params": {"log_nD": 21.960041710036258, "log_nNe": 16.9211504492614}, "datetime": {"datetime": "2022-05-05 21:51:27", "elapsed": 19004.373579, "delta": 75.012934}}
{"target": -0.07619950333034986, "params": {"log_nD": 21.97527162534036, "log_nNe": 16.918854443594473}, "datetime": {"datetime": "2022-05-05 21:52:41", "elapsed": 19078.358783, "delta": 73.985204}}
{"target": -0.07648377584089672, "params": {"log_nD": 21.96261980850473, "log_nNe": 16.916431897751057}, "datetime": {"datetime": "2022-05-05 21:53:55", "elapsed": 19152.162516, "delta": 73.803733}}
{"target": -130.10981881574224, "params": {"log_nD": 19.460987185767795, "log_nNe": 19.768235978288708}, "datetime": {"datetime": "2022-05-05 21:55:19", "elapsed": 19236.405181, "delta": 84.242665}}
{"target": -0.11117889676786741, "params": {"log_nD": 21.953389126115827, "log_nNe": 17.008405122412697}, "datetime": {"datetime": "2022-05-05 21:56:33", "elapsed": 19310.890813, "delta": 74.485632}}
{"target": -0.09711440551171668, "params": {"log_nD": 21.94473279978165, "log_nNe": 16.874548792881455}, "datetime": {"datetime": "2022-05-05 21:57:49", "elapsed": 19386.62748, "delta": 75.736667}}
{"target": -121.79028049606923, "params": {"log_nD": 21.67036914325112, "log_nNe": 15.00915069305231}, "datetime": {"datetime": "2022-05-05 21:59:02", "elapsed": 19459.186154, "delta": 72.558674}}
{"target": -143.48456696671352, "params": {"log_nD": 20.565952584764972, "log_nNe": 15.0}, "datetime": {"datetime": "2022-05-05 22:00:17", "elapsed": 19534.470553, "delta": 75.284399}}
{"target": -0.07524268320464857, "params": {"log_nD": 21.964529464611818, "log_nNe": 16.912027941355785}, "datetime": {"datetime": "2022-05-05 22:01:32", "elapsed": 19609.315123, "delta": 74.84457}}
{"target": -0.4869733791891237, "params": {"log_nD": 21.98608219971395, "log_nNe": 17.247652686635547}, "datetime": {"datetime": "2022-05-05 22:02:46", "elapsed": 19683.010052, "delta": 73.694929}}
{"target": -0.10559861461061058, "params": {"log_nD": 21.9365146335867, "log_nNe": 16.905224619374437}, "datetime": {"datetime": "2022-05-05 22:04:01", "elapsed": 19758.675777, "delta": 75.665725}}
{"target": -0.07589070402698689, "params": {"log_nD": 21.963600292686284, "log_nNe": 16.90712721453113}, "datetime": {"datetime": "2022-05-05 22:05:17", "elapsed": 19834.687863, "delta": 76.012086}}
{"target": -2.7890138179258406, "params": {"log_nD": 21.979794852178692, "log_nNe": 16.696309683207208}, "datetime": {"datetime": "2022-05-05 22:06:32", "elapsed": 19909.181465, "delta": 74.493602}}
{"target": -0.6849925895378102, "params": {"log_nD": 21.925294406662843, "log_nNe": 16.717558515101505}, "datetime": {"datetime": "2022-05-05 22:07:46", "elapsed": 19983.787039, "delta": 74.605574}}
{"target": -3.096880874349223, "params": {"log_nD": 21.784394579594075, "log_nNe": 16.877743289612987}, "datetime": {"datetime": "2022-05-05 22:09:02", "elapsed": 20059.461734, "delta": 75.674695}}
{"target": -127.09353112469432, "params": {"log_nD": 20.360564840943724, "log_nNe": 19.948450571592662}, "datetime": {"datetime": "2022-05-05 22:10:25", "elapsed": 20142.05694, "delta": 82.595206}}
{"target": -133.9984295232888, "params": {"log_nD": 19.778607331296367, "log_nNe": 17.501207796968185}, "datetime": {"datetime": "2022-05-05 22:11:45", "elapsed": 20222.878162, "delta": 80.821222}}
{"target": -1.4852031301894792, "params": {"log_nD": 21.854204898149774, "log_nNe": 16.838682446177884}, "datetime": {"datetime": "2022-05-05 22:13:01", "elapsed": 20298.042866, "delta": 75.164704}}
{"target": -12.471271209492022, "params": {"log_nD": 21.155230954769088, "log_nNe": 18.47789687260527}, "datetime": {"datetime": "2022-05-05 22:14:22", "elapsed": 20379.077687, "delta": 81.034821}}
{"target": -4.060136231254873, "params": {"log_nD": 22.122575939070703, "log_nNe": 16.751866146207664}, "datetime": {"datetime": "2022-05-05 22:15:35", "elapsed": 20452.555339, "delta": 73.477652}}
{"target": -0.7849626302992528, "params": {"log_nD": 21.97685701919924, "log_nNe": 17.346093446723888}, "datetime": {"datetime": "2022-05-05 22:16:49", "elapsed": 20526.620284, "delta": 74.064945}}
{"target": -29.513500357077284, "params": {"log_nD": 20.06820251416205, "log_nNe": 18.597294836994397}, "datetime": {"datetime": "2022-05-05 22:18:09", "elapsed": 20606.657721, "delta": 80.037437}}
{"target": -0.0798581325968243, "params": {"log_nD": 21.95395017424146, "log_nNe": 16.88703471655153}, "datetime": {"datetime": "2022-05-05 22:19:25", "elapsed": 20682.45468, "delta": 75.796959}}
{"target": -2.3929234985687065, "params": {"log_nD": 21.887628534545357, "log_nNe": 17.585306235972485}, "datetime": {"datetime": "2022-05-05 22:20:39", "elapsed": 20756.015644, "delta": 73.560964}}
{"target": -65.28865133201938, "params": {"log_nD": 21.753657048760566, "log_nNe": 18.969586031039007}, "datetime": {"datetime": "2022-05-05 22:21:52", "elapsed": 20829.263181, "delta": 73.247537}}
{"target": -10.003752561715407, "params": {"log_nD": 21.730107378035584, "log_nNe": 18.577030364374576}, "datetime": {"datetime": "2022-05-05 22:23:05", "elapsed": 20902.335314, "delta": 73.072133}}
{"target": -13.79757496378787, "params": {"log_nD": 21.37938699577159, "log_nNe": 18.935351903965202}, "datetime": {"datetime": "2022-05-05 22:24:19", "elapsed": 20976.351799, "delta": 74.016485}}
{"target": -0.3009558102712326, "params": {"log_nD": 21.93692922167601, "log_nNe": 17.165529078437757}, "datetime": {"datetime": "2022-05-05 22:25:34", "elapsed": 21051.125232, "delta": 74.773433}}
{"target": -9.844396037804012, "params": {"log_nD": 21.945081877462243, "log_nNe": 18.359863984969447}, "datetime": {"datetime": "2022-05-05 22:26:47", "elapsed": 21124.164281, "delta": 73.039049}}
{"target": -112.1495266175111, "params": {"log_nD": 20.455427867261086, "log_nNe": 18.01735277485334}, "datetime": {"datetime": "2022-05-05 22:28:05", "elapsed": 21202.204157, "delta": 78.039876}}
{"target": -13.922665165802858, "params": {"log_nD": 20.817257669912575, "log_nNe": 18.732877066159464}, "datetime": {"datetime": "2022-05-05 22:29:21", "elapsed": 21278.213465, "delta": 76.009308}}
{"target": -124.28868778553073, "params": {"log_nD": 21.563665567050197, "log_nNe": 15.553820124029873}, "datetime": {"datetime": "2022-05-05 22:30:31", "elapsed": 21348.630134, "delta": 70.416669}}
{"target": -10.181669258522653, "params": {"log_nD": 21.324686195692177, "log_nNe": 18.065872936327857}, "datetime": {"datetime": "2022-05-05 22:31:48", "elapsed": 21425.136187, "delta": 76.506053}}
{"target": -3.116940985407621, "params": {"log_nD": 21.649329583861036, "log_nNe": 17.117059222528994}, "datetime": {"datetime": "2022-05-05 22:33:05", "elapsed": 21501.979064, "delta": 76.842877}}
{"target": -149.54818904912872, "params": {"log_nD": 18.726133350469073, "log_nNe": 16.611645139366072}, "datetime": {"datetime": "2022-05-05 22:34:25", "elapsed": 21582.871583, "delta": 80.892519}}
{"target": -34.33226757743019, "params": {"log_nD": 19.95064278819617, "log_nNe": 18.025777620344936}, "datetime": {"datetime": "2022-05-05 22:35:49", "elapsed": 21666.501499, "delta": 83.629916}}
{"target": -144.3125932930479, "params": {"log_nD": 20.343133082356978, "log_nNe": 15.246633063640035}, "datetime": {"datetime": "2022-05-05 22:37:04", "elapsed": 21741.160039, "delta": 74.65854}}
{"target": -110.8189300261681, "params": {"log_nD": 22.172332200594767, "log_nNe": 18.18570317894688}, "datetime": {"datetime": "2022-05-05 22:38:17", "elapsed": 21813.984662, "delta": 72.824623}}
{"target": -14.415305696875086, "params": {"log_nD": 21.8876554754548, "log_nNe": 18.552758385687873}, "datetime": {"datetime": "2022-05-05 22:39:30", "elapsed": 21887.568085, "delta": 73.583423}}
{"target": -129.8872011176027, "params": {"log_nD": 18.006756097704884, "log_nNe": 19.466749956407863}, "datetime": {"datetime": "2022-05-05 22:40:53", "elapsed": 21970.423034, "delta": 82.854949}}
{"target": -1.1752867604628934, "params": {"log_nD": 21.97520376949218, "log_nNe": 17.44431438460651}, "datetime": {"datetime": "2022-05-05 22:42:08", "elapsed": 22045.488497, "delta": 75.065463}}
{"target": -1.1809875568496109, "params": {"log_nD": 22.05055265365059, "log_nNe": 17.334906584397253}, "datetime": {"datetime": "2022-05-05 22:43:22", "elapsed": 22119.113916, "delta": 73.625419}}
{"target": -8.807054114750802, "params": {"log_nD": 21.278333769126732, "log_nNe": 17.70509114300233}, "datetime": {"datetime": "2022-05-05 22:44:39", "elapsed": 22196.252316, "delta": 77.1384}}
{"target": -3.7695839411224683, "params": {"log_nD": 22.131164777352193, "log_nNe": 17.259853109110807}, "datetime": {"datetime": "2022-05-05 22:45:53", "elapsed": 22270.526379, "delta": 74.274063}}
{"target": -0.6838395283394935, "params": {"log_nD": 22.15293697283957, "log_nNe": 17.054878901005747}, "datetime": {"datetime": "2022-05-05 22:47:07", "elapsed": 22344.155301, "delta": 73.628922}}
{"target": -1.6419125133295907, "params": {"log_nD": 21.92333300508656, "log_nNe": 17.49904599393715}, "datetime": {"datetime": "2022-05-05 22:48:21", "elapsed": 22418.763644, "delta": 74.608343}}
{"target": -142.50779526683715, "params": {"log_nD": 19.022411680355795, "log_nNe": 18.849476389027718}, "datetime": {"datetime": "2022-05-05 22:49:45", "elapsed": 22502.852846, "delta": 84.089202}}
{"target": -1.1977369904942912, "params": {"log_nD": 22.05794222273888, "log_nNe": 17.2766702796494}, "datetime": {"datetime": "2022-05-05 22:50:59", "elapsed": 22576.665462, "delta": 73.812616}}
{"target": -127.59254758390924, "params": {"log_nD": 19.624504586621562, "log_nNe": 19.40921275762617}, "datetime": {"datetime": "2022-05-05 22:52:20", "elapsed": 22657.763576, "delta": 81.098114}}
{"target": -17.27246053731385, "params": {"log_nD": 20.57872019638736, "log_nNe": 19.012330518535407}, "datetime": {"datetime": "2022-05-05 22:53:37", "elapsed": 22734.914462, "delta": 77.150886}}
{"target": -9.356683219927124, "params": {"log_nD": 21.494527541646566, "log_nNe": 18.139848315281213}, "datetime": {"datetime": "2022-05-05 22:54:52", "elapsed": 22808.981647, "delta": 74.067185}}
{"target": -104.15895334627366, "params": {"log_nD": 21.62956705989477, "log_nNe": 16.969974421324423}, "datetime": {"datetime": "2022-05-05 22:56:08", "elapsed": 22885.583061, "delta": 76.601414}}
{"target": -2.232953149013815, "params": {"log_nD": 21.68151185361417, "log_nNe": 17.151242503790616}, "datetime": {"datetime": "2022-05-05 22:57:24", "elapsed": 22961.584643, "delta": 76.001582}}
{"target": -1.2216278865357915, "params": {"log_nD": 21.797043426695215, "log_nNe": 17.023049379039975}, "datetime": {"datetime": "2022-05-05 22:58:40", "elapsed": 23037.884215, "delta": 76.299572}}
{"target": -3.4700142598078236, "params": {"log_nD": 21.590850990321194, "log_nNe": 17.22745011742214}, "datetime": {"datetime": "2022-05-05 22:59:57", "elapsed": 23114.190939, "delta": 76.306724}}
{"target": -1.7466371626556354, "params": {"log_nD": 21.81500630752262, "log_nNe": 16.910012828015095}, "datetime": {"datetime": "2022-05-05 23:01:13", "elapsed": 23190.530935, "delta": 76.339996}}
{"target": -131.20407154643408, "params": {"log_nD": 19.00335018779169, "log_nNe": 19.91872887568726}, "datetime": {"datetime": "2022-05-05 23:02:36", "elapsed": 23273.688436, "delta": 83.157501}}
{"target": -14.269891847679158, "params": {"log_nD": 20.53051304484642, "log_nNe": 18.523430048784043}, "datetime": {"datetime": "2022-05-05 23:03:55", "elapsed": 23352.127855, "delta": 78.439419}}
{"target": -105.4893977791479, "params": {"log_nD": 21.882221661971464, "log_nNe": 16.264473733194805}, "datetime": {"datetime": "2022-05-05 23:05:11", "elapsed": 23428.901389, "delta": 76.773534}}
{"target": -5.842726571008232, "params": {"log_nD": 21.993229934609094, "log_nNe": 16.46831006170364}, "datetime": {"datetime": "2022-05-05 23:06:26", "elapsed": 23503.666121, "delta": 74.764732}}
{"target": -106.27073852244372, "params": {"log_nD": 22.2, "log_nNe": 15.483068798573754}, "datetime": {"datetime": "2022-05-05 23:07:39", "elapsed": 23576.61483, "delta": 72.948709}}
{"target": -21.75261858794707, "params": {"log_nD": 20.65609906304173, "log_nNe": 19.2516156712636}, "datetime": {"datetime": "2022-05-05 23:08:58", "elapsed": 23655.44712, "delta": 78.83229}}
{"target": -0.9023473928752244, "params": {"log_nD": 21.79171028082711, "log_nNe": 17.186706734249533}, "datetime": {"datetime": "2022-05-05 23:10:14", "elapsed": 23731.554525, "delta": 76.107405}}
{"target": -11.54064192003598, "params": {"log_nD": 20.898793272280457, "log_nNe": 18.040588281704068}, "datetime": {"datetime": "2022-05-05 23:11:33", "elapsed": 23810.826099, "delta": 79.271574}}
{"target": -12.48006649747806, "params": {"log_nD": 21.483203769464147, "log_nNe": 18.822998354487922}, "datetime": {"datetime": "2022-05-05 23:12:49", "elapsed": 23886.019374, "delta": 75.193275}}
{"target": -150.47512751131134, "params": {"log_nD": 18.526344672903118, "log_nNe": 15.0}, "datetime": {"datetime": "2022-05-05 23:14:10", "elapsed": 23967.704459, "delta": 81.685085}}
{"target": -12.685880507670834, "params": {"log_nD": 20.942273400665478, "log_nNe": 18.40713567877405}, "datetime": {"datetime": "2022-05-05 23:15:28", "elapsed": 24045.53087, "delta": 77.826411}}
{"target": -0.204711667397387, "params": {"log_nD": 21.943641474921396, "log_nNe": 16.769858164808277}, "datetime": {"datetime": "2022-05-05 23:16:44", "elapsed": 24121.831476, "delta": 76.300606}}
{"target": -145.46698404577575, "params": {"log_nD": 19.792904134701036, "log_nNe": 15.538462085996567}, "datetime": {"datetime": "2022-05-05 23:18:06", "elapsed": 24203.379508, "delta": 81.548032}}
{"target": -147.8701385964985, "params": {"log_nD": 18.410482721066817, "log_nNe": 18.565837271228038}, "datetime": {"datetime": "2022-05-05 23:19:30", "elapsed": 24287.668522, "delta": 84.289014}}
{"target": -0.13025054934506894, "params": {"log_nD": 21.974032022216875, "log_nNe": 17.026314803337925}, "datetime": {"datetime": "2022-05-05 23:20:44", "elapsed": 24361.611387, "delta": 73.942865}}
{"target": -68.13242680850408, "params": {"log_nD": 19.35969016202581, "log_nNe": 18.38224469592498}, "datetime": {"datetime": "2022-05-05 23:22:09", "elapsed": 24446.455092, "delta": 84.843705}}
{"target": -14.845939514170954, "params": {"log_nD": 21.21775140804802, "log_nNe": 19.02787526976351}, "datetime": {"datetime": "2022-05-05 23:23:25", "elapsed": 24522.265567, "delta": 75.810475}}
{"target": -7.523901762828129, "params": {"log_nD": 21.8778927847574, "log_nNe": 18.360789069488227}, "datetime": {"datetime": "2022-05-05 23:24:38", "elapsed": 24595.753164, "delta": 73.487597}}
{"target": -19.07918015487291, "params": {"log_nD": 20.504509468918872, "log_nNe": 19.14798604362253}, "datetime": {"datetime": "2022-05-05 23:25:57", "elapsed": 24674.190462, "delta": 78.437298}}
{"target": -139.47097796799304, "params": {"log_nD": 21.02232433031772, "log_nNe": 15.828585721047885}, "datetime": {"datetime": "2022-05-05 23:27:12", "elapsed": 24749.559251, "delta": 75.368789}}
{"target": -16.33083667798153, "params": {"log_nD": 20.865446867809528, "log_nNe": 19.15401622464543}, "datetime": {"datetime": "2022-05-05 23:28:29", "elapsed": 24826.474309, "delta": 76.915058}}
{"target": -0.947221318400026, "params": {"log_nD": 21.99812108975105, "log_nNe": 17.393902298220368}, "datetime": {"datetime": "2022-05-05 23:29:45", "elapsed": 24902.384904, "delta": 75.910595}}
{"target": -4.296538184752976, "params": {"log_nD": 21.557298787198825, "log_nNe": 17.378578982991073}, "datetime": {"datetime": "2022-05-05 23:31:02", "elapsed": 24979.572247, "delta": 77.187343}}
{"target": -4.472955422992032, "params": {"log_nD": 21.91664061341284, "log_nNe": 16.508742422956747}, "datetime": {"datetime": "2022-05-05 23:32:18", "elapsed": 25055.048824, "delta": 75.476577}}
{"target": -14.272385295322817, "params": {"log_nD": 20.63274953142176, "log_nNe": 18.65244006917864}, "datetime": {"datetime": "2022-05-05 23:33:36", "elapsed": 25133.772508, "delta": 78.723684}}
{"target": -3.1521709349609743, "params": {"log_nD": 21.622789923614437, "log_nNe": 17.287893899923485}, "datetime": {"datetime": "2022-05-05 23:34:53", "elapsed": 25210.474023, "delta": 76.701515}}
{"target": -10.787713831967999, "params": {"log_nD": 21.16332151945664, "log_nNe": 18.001932287532934}, "datetime": {"datetime": "2022-05-05 23:36:12", "elapsed": 25289.583194, "delta": 79.109171}}
{"target": -0.32168944550819545, "params": {"log_nD": 21.937447200125366, "log_nNe": 16.75003264294807}, "datetime": {"datetime": "2022-05-05 23:37:28", "elapsed": 25365.13773, "delta": 75.554536}}
{"target": -1.8377730147582108, "params": {"log_nD": 22.086732643164808, "log_nNe": 17.17919792546631}, "datetime": {"datetime": "2022-05-05 23:38:42", "elapsed": 25439.603008, "delta": 74.465278}}
{"target": -6.093401856070089, "params": {"log_nD": 22.1204859245372, "log_nNe": 16.63082456431188}, "datetime": {"datetime": "2022-05-05 23:39:57", "elapsed": 25514.732015, "delta": 75.129007}}
{"target": -0.13634945983524513, "params": {"log_nD": 21.946557523753462, "log_nNe": 16.80447811502139}, "datetime": {"datetime": "2022-05-05 23:41:13", "elapsed": 25590.876481, "delta": 76.144466}}
