{"target": -1.3230495076539404, "params": {"log_nD": 21.922195242408197, "log_nNe": 17.437328866014767}, "datetime": {"datetime": "2022-05-05 23:42:28", "elapsed": 25665.577056, "delta": 74.700575}}
{"target": -128.3138200113765, "params": {"log_nD": 21.038754757265664, "log_nNe": 16.594310446125267}, "datetime": {"datetime": "2022-05-05 23:43:46", "elapsed": 25743.694857, "delta": 78.117801}}
{"target": -2.7882102788186085, "params": {"log_nD": 21.906177960223413, "log_nNe": 17.674447702512634}, "datetime": {"datetime": "2022-05-05 23:45:00", "elapsed": 25817.5166, "delta": 73.821743}}
{"target": -6.2896800713465, "params": {"log_nD": 22.125749790459153, "log_nNe": 16.460236135823738}, "datetime": {"datetime": "2022-05-05 23:46:14", "elapsed": 25891.307894, "delta": 73.791294}}
{"target": -5.656174563052248, "params": {"log_nD": 21.49932015496135, "log_nNe": 17.50241909574502}, "datetime": {"datetime": "2022-05-05 23:47:34", "elapsed": 25971.096276, "delta": 79.788382}}
{"target": -114.09770533083831, "params": {"log_nD": 21.76306662412756, "log_nNe": 20.0}, "datetime": {"datetime": "2022-05-05 23:48:47", "elapsed": 26044.929441, "delta": 73.833165}}
{"target": -41.51164711266342, "params": {"log_nD": 19.66568203034235, "log_nNe": 18.369671602853877}, "datetime": {"datetime": "2022-05-05 23:50:13", "elapsed": 26130.249621, "delta": 85.32018}}
{"target": -13.366572964740094, "params": {"log_nD": 20.520653310248132, "log_nNe": 18.329782484000233}, "datetime": {"datetime": "2022-05-05 23:51:35", "elapsed": 26212.282498, "delta": 82.032877}}
{"target": -0.15202200325690757, "params": {"log_nD": 21.932810876538735, "log_nNe": 16.850294148749068}, "datetime": {"datetime": "2022-05-05 23:52:49", "elapsed": 26286.609588, "delta": 74.32709}}
{"target": -4.385473795923172, "params": {"log_nD": 21.583328528405424, "log_nNe": 17.44013606011776}, "datetime": {"datetime": "2022-05-05 23:54:06", "elapsed": 26363.37407, "delta": 76.764482}}
{"target": -1.5139335053243472, "params": {"log_nD": 21.75710107003352, "log_nNe": 17.04757828099622}, "datetime": {"datetime": "2022-05-05 23:55:24", "elapsed": 26441.146713, "delta": 77.772643}}
{"target": -0.37575540941586894, "params": {"log_nD": 22.068869716760346, "log_nNe": 16.95491634550176}, "datetime": {"datetime": "2022-05-05 23:56:39", "elapsed": 26516.224688, "delta": 75.077975}}
{"target": -2.145148402477143, "params": {"log_nD": 21.70747653594657, "log_nNe": 17.08502616348527}, "datetime": {"datetime": "2022-05-05 23:57:57", "elapsed": 26594.407623, "delta": 78.182935}}
{"target": -107.4891431795649, "params": {"log_nD": 22.106381286168922, "log_nNe": 18.625074046629265}, "datetime": {"datetime": "2022-05-05 23:59:09", "elapsed": 26666.679893, "delta": 72.27227}}
{"target": -97.67623188701037, "params": {"log_nD": 21.36734835560088, "log_nNe": 19.35718382015938}, "datetime": {"datetime": "2022-05-06 00:00:25", "elapsed": 26742.040326, "delta": 75.360433}}
{"target": -127.02294620573724, "params": {"log_nD": 19.967483537617838, "log_nNe": 19.586616505660295}, "datetime": {"datetime": "2022-05-06 00:01:44", "elapsed": 26821.482464, "delta": 79.442138}}
{"target": -13.388729817407919, "params": {"log_nD": 21.01793287484834, "log_nNe": 18.674542639958638}, "datetime": {"datetime": "2022-05-06 00:03:02", "elapsed": 26899.398359, "delta": 77.915895}}
{"target": -146.58550775266318, "params": {"log_nD": 19.473547621497698, "log_nNe": 15.001939461638795}, "datetime": {"datetime": "2022-05-06 00:04:23", "elapsed": 26980.91408, "delta": 81.515721}}
{"target": -19.663126008225365, "params": {"log_nD": 20.338756116722298, "log_nNe": 18.80268318696925}, "datetime": {"datetime": "2022-05-06 00:05:43", "elapsed": 27060.192132, "delta": 79.278052}}
{"target": -2.9769867691462784, "params": {"log_nD": 21.628442586421357, "log_nNe": 17.178525339194234}, "datetime": {"datetime": "2022-05-06 00:06:59", "elapsed": 27136.645191, "delta": 76.453059}}
{"target": -39.89942347646733, "params": {"log_nD": 19.75231927968512, "log_nNe": 18.09327390862429}, "datetime": {"datetime": "2022-05-06 00:08:23", "elapsed": 27220.605443, "delta": 83.960252}}
{"target": -144.2925130626764, "params": {"log_nD": 20.257025378638367, "log_nNe": 16.058617454580357}, "datetime": {"datetime": "2022-05-06 00:09:40", "elapsed": 27297.734345, "delta": 77.128902}}
{"target": -0.2512945640675631, "params": {"log_nD": 22.04169177058085, "log_nNe": 16.917240183762942}, "datetime": {"datetime": "2022-05-06 00:10:56", "elapsed": 27373.6624, "delta": 75.928055}}
{"target": -0.33769834378034597, "params": {"log_nD": 22.000179183871353, "log_nNe": 17.171741069682074}, "datetime": {"datetime": "2022-05-06 00:12:13", "elapsed": 27450.230925, "delta": 76.568525}}
{"target": -2.6551256356319586, "params": {"log_nD": 21.77663973466804, "log_nNe": 17.473715697417923}, "datetime": {"datetime": "2022-05-06 00:13:30", "elapsed": 27527.145764, "delta": 76.914839}}
{"target": -12.245815983874017, "params": {"log_nD": 21.28731155834364, "log_nNe": 18.581806447582917}, "datetime": {"datetime": "2022-05-06 00:14:44", "elapsed": 27601.569959, "delta": 74.424195}}
{"target": -0.23640394870115092, "params": {"log_nD": 21.932470238593055, "log_nNe": 16.797399372900717}, "datetime": {"datetime": "2022-05-06 00:16:01", "elapsed": 27678.342389, "delta": 76.77243}}
{"target": -141.97431486045411, "params": {"log_nD": 20.44721461974241, "log_nNe": 16.72186955290854}, "datetime": {"datetime": "2022-05-06 00:17:17", "elapsed": 27754.311637, "delta": 75.969248}}
{"target": -0.09194982728884206, "params": {"log_nD": 21.951562942547135, "log_nNe": 16.8473745664924}, "datetime": {"datetime": "2022-05-06 00:18:32", "elapsed": 27829.814295, "delta": 75.502658}}
{"target": -150.33466856386858, "params": {"log_nD": 18.002459806733846, "log_nNe": 16.83621642532988}, "datetime": {"datetime": "2022-05-06 00:19:54", "elapsed": 27911.578303, "delta": 81.764008}}
{"target": -0.10974482385721865, "params": {"log_nD": 22.003819510452246, "log_nNe": 16.894137644032416}, "datetime": {"datetime": "2022-05-06 00:21:09", "elapsed": 27986.682626, "delta": 75.104323}}
{"target": -0.19329225182396015, "params": {"log_nD": 21.91418871934811, "log_nNe": 16.901430427598292}, "datetime": {"datetime": "2022-05-06 00:22:25", "elapsed": 28062.230356, "delta": 75.54773}}
{"target": -6.001227567484405, "params": {"log_nD": 22.193245955115916, "log_nNe": 16.51550297737778}, "datetime": {"datetime": "2022-05-06 00:23:37", "elapsed": 28134.496614, "delta": 72.266258}}
{"target": -150.0511197511323, "params": {"log_nD": 18.653251782067702, "log_nNe": 15.527378175460457}, "datetime": {"datetime": "2022-05-06 00:24:59", "elapsed": 28216.771066, "delta": 82.274452}}
{"target": -147.37322956698927, "params": {"log_nD": 18.65988334678259, "log_nNe": 17.45110577941283}, "datetime": {"datetime": "2022-05-06 00:26:22", "elapsed": 28299.40859, "delta": 82.637524}}
{"target": -33.44208863329217, "params": {"log_nD": 19.961273579585832, "log_nNe": 18.454209109099075}, "datetime": {"datetime": "2022-05-06 00:27:45", "elapsed": 28382.013088, "delta": 82.604498}}
{"target": -18.10532758766563, "params": {"log_nD": 20.5232072343583, "log_nNe": 19.05773264836965}, "datetime": {"datetime": "2022-05-06 00:29:01", "elapsed": 28458.724737, "delta": 76.711649}}
{"target": -0.1548056506237772, "params": {"log_nD": 22.00867066556622, "log_nNe": 16.924922355983778}, "datetime": {"datetime": "2022-05-06 00:30:18", "elapsed": 28535.037804, "delta": 76.313067}}
{"target": -6.178617259110261, "params": {"log_nD": 21.77104781868042, "log_nNe": 18.001140302961318}, "datetime": {"datetime": "2022-05-06 00:31:31", "elapsed": 28608.465403, "delta": 73.427599}}
{"target": -6.622387246840941, "params": {"log_nD": 22.199563373620187, "log_nNe": 16.317551307633437}, "datetime": {"datetime": "2022-05-06 00:32:47", "elapsed": 28684.572941, "delta": 76.107538}}
{"target": -59.863737232214994, "params": {"log_nD": 22.2, "log_nNe": 17.335341218765304}, "datetime": {"datetime": "2022-05-06 00:34:03", "elapsed": 28760.924031, "delta": 76.35109}}
{"target": -0.6932835717988842, "params": {"log_nD": 22.013743874727453, "log_nNe": 17.313834215468603}, "datetime": {"datetime": "2022-05-06 00:35:19", "elapsed": 28836.274575, "delta": 75.350544}}
{"target": -1.9955732440573464, "params": {"log_nD": 21.943822096395063, "log_nNe": 17.583708080599486}, "datetime": {"datetime": "2022-05-06 00:36:34", "elapsed": 28911.602775, "delta": 75.3282}}
{"target": -2.3370658879776594, "params": {"log_nD": 22.09797399852028, "log_nNe": 17.231145756671655}, "datetime": {"datetime": "2022-05-06 00:37:49", "elapsed": 28986.491476, "delta": 74.888701}}
{"target": -2.919713930048637, "params": {"log_nD": 21.960193359173772, "log_nNe": 17.751089494592982}, "datetime": {"datetime": "2022-05-06 00:39:06", "elapsed": 29063.016587, "delta": 76.525111}}
{"target": -118.27353484686041, "params": {"log_nD": 20.679622531175095, "log_nNe": 19.537939649606592}, "datetime": {"datetime": "2022-05-06 00:40:24", "elapsed": 29141.572053, "delta": 78.555466}}
{"target": -0.1341299386565207, "params": {"log_nD": 21.94715243775667, "log_nNe": 16.804108855026122}, "datetime": {"datetime": "2022-05-06 00:41:40", "elapsed": 29217.195393, "delta": 75.62334}}
{"target": -0.450738064608853, "params": {"log_nD": 22.044404302686555, "log_nNe": 17.078538186196035}, "datetime": {"datetime": "2022-05-06 00:42:53", "elapsed": 29290.36024, "delta": 73.164847}}
{"target": -126.22616965884296, "params": {"log_nD": 20.0752729262903, "log_nNe": 19.573371369603237}, "datetime": {"datetime": "2022-05-06 00:44:12", "elapsed": 29369.933002, "delta": 79.572762}}
{"target": -21.282760691384354, "params": {"log_nD": 20.2824759992409, "log_nNe": 19.074878397555665}, "datetime": {"datetime": "2022-05-06 00:45:34", "elapsed": 29451.622836, "delta": 81.689834}}
{"target": -0.6171207634908716, "params": {"log_nD": 21.902169236097006, "log_nNe": 17.259773256644685}, "datetime": {"datetime": "2022-05-06 00:46:51", "elapsed": 29528.599494, "delta": 76.976658}}
{"target": -6.745238749402393, "params": {"log_nD": 21.567652444107285, "log_nNe": 17.76823576112124}, "datetime": {"datetime": "2022-05-06 00:48:09", "elapsed": 29605.981902, "delta": 77.382408}}
{"target": -150.12466507555467, "params": {"log_nD": 18.296754232713084, "log_nNe": 16.813928330163137}, "datetime": {"datetime": "2022-05-06 00:49:29", "elapsed": 29686.79863, "delta": 80.816728}}
{"target": -13.480000826143037, "params": {"log_nD": 21.142543027059784, "log_nNe": 18.79225145367407}, "datetime": {"datetime": "2022-05-06 00:50:47", "elapsed": 29764.80156, "delta": 78.00293}}
{"target": -142.2571822323098, "params": {"log_nD": 19.48004903344845, "log_nNe": 17.883415354896165}, "datetime": {"datetime": "2022-05-06 00:52:13", "elapsed": 29850.415078, "delta": 85.613518}}
{"target": -122.75186484370131, "params": {"log_nD": 19.975377947982306, "log_nNe": 17.787007871311907}, "datetime": {"datetime": "2022-05-06 00:53:35", "elapsed": 29932.88407, "delta": 82.468992}}
{"target": -14.924094325213588, "params": {"log_nD": 20.76229481664198, "log_nNe": 18.881614936880464}, "datetime": {"datetime": "2022-05-06 00:54:53", "elapsed": 30010.865224, "delta": 77.981154}}
{"target": -9.303117167195404, "params": {"log_nD": 21.562607686899643, "log_nNe": 18.242191636673468}, "datetime": {"datetime": "2022-05-06 00:56:08", "elapsed": 30085.680055, "delta": 74.814831}}
{"target": -148.56277017197323, "params": {"log_nD": 19.033524711440254, "log_nNe": 16.14800665354727}, "datetime": {"datetime": "2022-05-06 00:57:30", "elapsed": 30167.243987, "delta": 81.563932}}
{"target": -11.018086288170888, "params": {"log_nD": 21.520884678264903, "log_nNe": 18.583251860730737}, "datetime": {"datetime": "2022-05-06 00:58:45", "elapsed": 30242.597119, "delta": 75.353132}}
{"target": -68.5289067870746, "params": {"log_nD": 19.333601404408448, "log_nNe": 18.36516228909042}, "datetime": {"datetime": "2022-05-06 01:00:08", "elapsed": 30325.507652, "delta": 82.910533}}
{"target": -2.259614393242865, "params": {"log_nD": 21.72207144494467, "log_nNe": 17.328058776830794}, "datetime": {"datetime": "2022-05-06 01:01:30", "elapsed": 30407.884021, "delta": 82.376369}}
{"target": -144.67344949485636, "params": {"log_nD": 19.547044646767564, "log_nNe": 17.08711604263623}, "datetime": {"datetime": "2022-05-06 01:02:53", "elapsed": 30490.378535, "delta": 82.494514}}
{"target": -0.8961394574913162, "params": {"log_nD": 22.184821565671854, "log_nNe": 17.07391384498105}, "datetime": {"datetime": "2022-05-06 01:04:11", "elapsed": 30568.062346, "delta": 77.683811}}
{"target": -1.4755087463506835, "params": {"log_nD": 22.101276751394984, "log_nNe": 17.09637755196414}, "datetime": {"datetime": "2022-05-06 01:05:27", "elapsed": 30644.626432, "delta": 76.564086}}
{"target": -3.071102524390811, "params": {"log_nD": 22.139951105298987, "log_nNe": 17.19116262431061}, "datetime": {"datetime": "2022-05-06 01:06:42", "elapsed": 30719.858353, "delta": 75.231921}}
{"target": -0.07123991903924044, "params": {"log_nD": 21.973098901556252, "log_nNe": 16.875701643165527}, "datetime": {"datetime": "2022-05-06 01:08:00", "elapsed": 30797.455159, "delta": 77.596806}}
{"target": -13.027691718805952, "params": {"log_nD": 20.846588069769993, "log_nNe": 18.487452951519696}, "datetime": {"datetime": "2022-05-06 01:09:20", "elapsed": 30876.99608, "delta": 79.540921}}
{"target": -0.07324687381500676, "params": {"log_nD": 21.980844387702803, "log_nNe": 16.886967225381383}, "datetime": {"datetime": "2022-05-06 01:10:36", "elapsed": 30953.318669, "delta": 76.322589}}
{"target": -0.16424470818163728, "params": {"log_nD": 21.953404937597753, "log_nNe": 17.076788483274907}, "datetime": {"datetime": "2022-05-06 01:11:52", "elapsed": 31029.499186, "delta": 76.180517}}
{"target": -3.4185886128621403, "params": {"log_nD": 22.002170377817347, "log_nNe": 17.842495813939216}, "datetime": {"datetime": "2022-05-06 01:13:08", "elapsed": 31105.370585, "delta": 75.871399}}
{"target": -0.07186784451099004, "params": {"log_nD": 21.964710770819377, "log_nNe": 16.882966536777115}, "datetime": {"datetime": "2022-05-06 01:14:27", "elapsed": 31184.783448, "delta": 79.412863}}
{"target": -0.2857277513489833, "params": {"log_nD": 22.045210992491583, "log_nNe": 16.977870608755865}, "datetime": {"datetime": "2022-05-06 01:15:44", "elapsed": 31261.029275, "delta": 76.245827}}
{"target": -0.2934912551918068, "params": {"log_nD": 21.889441643456095, "log_nNe": 17.11642870048741}, "datetime": {"datetime": "2022-05-06 01:17:01", "elapsed": 31338.790601, "delta": 77.761326}}
{"target": -128.68237627766695, "params": {"log_nD": 19.375175791709143, "log_nNe": 19.499176060070035}, "datetime": {"datetime": "2022-05-06 01:18:22", "elapsed": 31419.939287, "delta": 81.148686}}
{"target": -0.3503045518493012, "params": {"log_nD": 21.881272674591056, "log_nNe": 16.9520778391828}, "datetime": {"datetime": "2022-05-06 01:19:40", "elapsed": 31497.495379, "delta": 77.556092}}
{"target": -0.1928097134171894, "params": {"log_nD": 21.997493596376216, "log_nNe": 16.995905287777482}, "datetime": {"datetime": "2022-05-06 01:20:58", "elapsed": 31575.321014, "delta": 77.825635}}
{"target": -28.7247691350683, "params": {"log_nD": 20.112298736048537, "log_nNe": 18.14633318671984}, "datetime": {"datetime": "2022-05-06 01:22:22", "elapsed": 31659.923152, "delta": 84.602138}}
{"target": -7.451642739114182, "params": {"log_nD": 21.38422731460895, "log_nNe": 17.61921573696903}, "datetime": {"datetime": "2022-05-06 01:23:39", "elapsed": 31736.428634, "delta": 76.505482}}
{"target": -0.15537265554021218, "params": {"log_nD": 21.97316928471159, "log_nNe": 17.05679106686596}, "datetime": {"datetime": "2022-05-06 01:24:54", "elapsed": 31811.91929, "delta": 75.490656}}
{"target": -23.023499283705192, "params": {"log_nD": 20.96542124593406, "log_nNe": 17.83245168954652}, "datetime": {"datetime": "2022-05-06 01:26:16", "elapsed": 31893.395661, "delta": 81.476371}}
{"target": -1.0321959240376417, "params": {"log_nD": 21.95822967952734, "log_nNe": 17.401944457834077}, "datetime": {"datetime": "2022-05-06 01:27:32", "elapsed": 31969.056874, "delta": 75.661213}}
{"target": -0.4937388189286859, "params": {"log_nD": 21.842378106037817, "log_nNe": 17.137538233091952}, "datetime": {"datetime": "2022-05-06 01:28:52", "elapsed": 32049.818065, "delta": 80.761191}}
{"target": -11.953808956162154, "params": {"log_nD": 21.21122872347787, "log_nNe": 18.372262091293525}, "datetime": {"datetime": "2022-05-06 01:30:11", "elapsed": 32128.30513, "delta": 78.487065}}
{"target": -0.09532528339026156, "params": {"log_nD": 21.9472752344758, "log_nNe": 16.862957968224944}, "datetime": {"datetime": "2022-05-06 01:31:27", "elapsed": 32204.819589, "delta": 76.514459}}
{"target": -35.1381028293421, "params": {"log_nD": 21.51883058971348, "log_nNe": 19.05702174982296}, "datetime": {"datetime": "2022-05-06 01:32:45", "elapsed": 32282.388084, "delta": 77.568495}}
{"target": -0.24587199563695886, "params": {"log_nD": 22.2, "log_nNe": 16.953043212925344}, "datetime": {"datetime": "2022-05-06 01:34:05", "elapsed": 32362.227707, "delta": 79.839623}}
{"target": -149.5560468372973, "params": {"log_nD": 18.661104914496917, "log_nNe": 16.74690312730816}, "datetime": {"datetime": "2022-05-06 01:35:26", "elapsed": 32443.744577, "delta": 81.51687}}
{"target": -0.16468733809830638, "params": {"log_nD": 21.911075209569958, "log_nNe": 17.028663939259715}, "datetime": {"datetime": "2022-05-06 01:36:44", "elapsed": 32521.255629, "delta": 77.511052}}
{"target": -2.5823620655594475, "params": {"log_nD": 21.824876410944313, "log_nNe": 16.804520017915234}, "datetime": {"datetime": "2022-05-06 01:38:04", "elapsed": 32601.940244, "delta": 80.684615}}
{"target": -0.2308122230390148, "params": {"log_nD": 22.161685973508934, "log_nNe": 16.994759866839683}, "datetime": {"datetime": "2022-05-06 01:39:21", "elapsed": 32678.509473, "delta": 76.569229}}
{"target": -0.17900604298337647, "params": {"log_nD": 22.13547647479675, "log_nNe": 16.985925832308943}, "datetime": {"datetime": "2022-05-06 01:40:39", "elapsed": 32756.025544, "delta": 77.516071}}
{"target": -3.981656878284425, "params": {"log_nD": 22.18388400168793, "log_nNe": 16.967384254159796}, "datetime": {"datetime": "2022-05-06 01:41:55", "elapsed": 32832.143256, "delta": 76.117712}}
{"target": -0.06603111948546768, "params": {"log_nD": 22.125675993627187, "log_nNe": 16.911186235092085}, "datetime": {"datetime": "2022-05-06 01:43:14", "elapsed": 32911.869239, "delta": 79.725983}}
{"target": -132.53085774408942, "params": {"log_nD": 20.311597754259363, "log_nNe": 17.356957595756725}, "datetime": {"datetime": "2022-05-06 01:44:38", "elapsed": 32995.334238, "delta": 83.464999}}
{"target": -1.7530103788736353, "params": {"log_nD": 22.14758675797854, "log_nNe": 16.885429111093835}, "datetime": {"datetime": "2022-05-06 01:45:56", "elapsed": 33073.043415, "delta": 77.709177}}
{"target": -136.28726235640303, "params": {"log_nD": 18.410802924276094, "log_nNe": 19.176137935317456}, "datetime": {"datetime": "2022-05-06 01:47:22", "elapsed": 33159.376661, "delta": 86.333246}}
{"target": -23.43872992177958, "params": {"log_nD": 20.23427519741333, "log_nNe": 18.6699430712303}, "datetime": {"datetime": "2022-05-06 01:48:43", "elapsed": 33240.964874, "delta": 81.588213}}
{"target": -0.4548798580859133, "params": {"log_nD": 22.15304142690416, "log_nNe": 17.030787383249056}, "datetime": {"datetime": "2022-05-06 01:49:59", "elapsed": 33316.806467, "delta": 75.841593}}
{"target": -0.05646817031921974, "params": {"log_nD": 22.13634728969245, "log_nNe": 17.00428025443746}, "datetime": {"datetime": "2022-05-06 01:51:17", "elapsed": 33394.076358, "delta": 77.269891}}
{"target": -0.706676811818268, "params": {"log_nD": 22.146728291324386, "log_nNe": 16.924285005801774}, "datetime": {"datetime": "2022-05-06 01:52:34", "elapsed": 33471.205005, "delta": 77.128647}}
{"target": -11.83200169467951, "params": {"log_nD": 20.768443023708972, "log_nNe": 18.065470113973618}, "datetime": {"datetime": "2022-05-06 01:53:55", "elapsed": 33552.518651, "delta": 81.313646}}
{"target": -0.18459898568450112, "params": {"log_nD": 22.102880548731562, "log_nNe": 16.911216298247883}, "datetime": {"datetime": "2022-05-06 01:55:14", "elapsed": 33630.990015, "delta": 78.471364}}
{"target": -51.99661284576107, "params": {"log_nD": 18.40664109304988, "log_nNe": 18.10119069009258}, "datetime": {"datetime": "2022-05-06 01:56:40", "elapsed": 33717.348816, "delta": 86.358801}}
{"target": -10.452989884991382, "params": {"log_nD": 21.102075391771223, "log_nNe": 17.874333737274693}, "datetime": {"datetime": "2022-05-06 01:58:03", "elapsed": 33800.625284, "delta": 83.276468}}
{"target": -16.71273124464131, "params": {"log_nD": 20.496745422787193, "log_nNe": 18.830989088651375}, "datetime": {"datetime": "2022-05-06 01:59:23", "elapsed": 33880.450016, "delta": 79.824732}}
{"target": -13.0805152876504, "params": {"log_nD": 20.685655256951062, "log_nNe": 18.46931839381315}, "datetime": {"datetime": "2022-05-06 02:00:41", "elapsed": 33958.562817, "delta": 78.112801}}
{"target": -7.288378438524177, "params": {"log_nD": 21.802920579795593, "log_nNe": 18.23795011743595}, "datetime": {"datetime": "2022-05-06 02:01:57", "elapsed": 34034.877502, "delta": 76.314685}}
{"target": -130.60142075315468, "params": {"log_nD": 18.40166781761913, "log_nNe": 19.701668388614497}, "datetime": {"datetime": "2022-05-06 02:03:23", "elapsed": 34120.910696, "delta": 86.033194}}
{"target": -140.48247756967245, "params": {"log_nD": 20.970075682483845, "log_nNe": 15.384794665163932}, "datetime": {"datetime": "2022-05-06 02:04:39", "elapsed": 34196.394633, "delta": 75.483937}}
{"target": -129.47862710270667, "params": {"log_nD": 21.244604038705305, "log_nNe": 16.21028470390933}, "datetime": {"datetime": "2022-05-06 02:05:58", "elapsed": 34275.502396, "delta": 79.107763}}
