{"target": -500.0, "params": {"cD2": -0.6344232900506356, "cNe": -1.989519367100317, "log_nD": 18.515353421158817, "log_nNe": 17.045693746356097}, "datetime": {"datetime": "2022-05-10 17:48:47", "elapsed": 13302.673395, "delta": 428.588417}}
{"target": -500.0, "params": {"cD2": -5.91217223489226, "cNe": -0.8646571038562596, "log_nD": 19.776601911200984, "log_nNe": 17.951998494587478}, "datetime": {"datetime": "2022-05-10 17:50:01", "elapsed": 13376.622408, "delta": 73.949013}}
{"target": -500.0, "params": {"cD2": -5.067678166281047, "cNe": -1.8546135384135023, "log_nD": 19.9131636688855, "log_nNe": 16.317781068056643}, "datetime": {"datetime": "2022-05-10 17:51:17", "elapsed": 13452.064058, "delta": 75.44165}}
{"target": -500.0, "params": {"cD2": -5.371280069918912, "cNe": -3.6405856596322113, "log_nD": 19.04530462302719, "log_nNe": 17.22114255067852}, "datetime": {"datetime": "2022-05-10 17:53:51", "elapsed": 13606.24651, "delta": 154.182452}}
{"target": -500.0, "params": {"cD2": -1.4509538239718915, "cNe": 1.6923868595554865, "log_nD": 18.92470809696442, "log_nNe": 19.710893978591287}, "datetime": {"datetime": "2022-05-10 17:54:29", "elapsed": 13644.631697, "delta": 38.385187}}
{"target": -500.0, "params": {"cD2": -2.7292526435787643, "cNe": -3.0373022168064665, "log_nD": 18.321009507584623, "log_nNe": 16.789607460038823}, "datetime": {"datetime": "2022-05-10 18:01:22", "elapsed": 14057.394389, "delta": 412.762692}}
{"target": -500.0, "params": {"cD2": -4.262095871295229, "cNe": 0.14901240628325618, "log_nD": 19.379887159112783, "log_nNe": 16.62148321808341}, "datetime": {"datetime": "2022-05-10 18:03:23", "elapsed": 14178.372538, "delta": 120.978149}}
{"target": -123.46789627473974, "params": {"cD2": 1.9725736399085434, "cNe": 0.2870511147576746, "log_nD": 17.557679183784707, "log_nNe": 20.220519310936847}, "datetime": {"datetime": "2022-05-10 18:06:53", "elapsed": 14388.269386, "delta": 209.896848}}
{"target": -500.0, "params": {"cD2": -2.734010449550105, "cNe": -0.9166281286957609, "log_nD": 20.87384608706792, "log_nNe": 16.21228135632839}, "datetime": {"datetime": "2022-05-10 18:07:36", "elapsed": 14431.053839, "delta": 42.784453}}
{"target": -131.76660867735612, "params": {"cD2": -3.897745343600874, "cNe": 0.990706574074917, "log_nD": 20.703062279577882, "log_nNe": 17.949131671719986}, "datetime": {"datetime": "2022-05-10 18:09:37", "elapsed": 14552.025086, "delta": 120.971247}}
{"target": -500.0, "params": {"cD2": -1.692213712305687, "cNe": 0.887135151023724, "log_nD": 21.957133284438573, "log_nNe": 19.263696016037382}, "datetime": {"datetime": "2022-05-10 18:10:15", "elapsed": 14590.083627, "delta": 38.058541}}
{"target": -500.0, "params": {"cD2": -1.8750264705580602, "cNe": -1.304192617519405, "log_nD": 17.10394575997223, "log_nNe": 17.444333610604254}, "datetime": {"datetime": "2022-05-10 18:15:09", "elapsed": 14884.236852, "delta": 294.153225}}
{"target": -119.2656309190931, "params": {"cD2": -2.387528461734776, "cNe": 2.189586155560877, "log_nD": 20.18655156129903, "log_nNe": 18.51055678110314}, "datetime": {"datetime": "2022-05-10 18:17:23", "elapsed": 15018.719289, "delta": 134.482437}}
{"target": -500.0, "params": {"cD2": -5.162072675155641, "cNe": -2.281070763819563, "log_nD": 21.643668765378457, "log_nNe": 17.29495570388764}, "datetime": {"datetime": "2022-05-10 18:18:03", "elapsed": 15057.877394, "delta": 39.158105}}
{"target": -500.0, "params": {"cD2": -5.06395773738695, "cNe": -0.24432368661835607, "log_nD": 21.29467597580539, "log_nNe": 16.684955519143323}, "datetime": {"datetime": "2022-05-10 18:18:44", "elapsed": 15099.177541, "delta": 41.300147}}
{"target": -500.0, "params": {"cD2": -3.6537671940482204, "cNe": -0.3723459419484366, "log_nD": 17.47666109299388, "log_nNe": 17.181633349994396}, "datetime": {"datetime": "2022-05-10 18:26:17", "elapsed": 15552.162804, "delta": 452.985263}}
{"target": -60.88115222472441, "params": {"cD2": -4.890652381355086, "cNe": -0.533253108801118, "log_nD": 21.157999463670983, "log_nNe": 19.22247568159182}, "datetime": {"datetime": "2022-05-10 18:28:58", "elapsed": 15713.341141, "delta": 161.178337}}
{"target": -105.83113881043992, "params": {"cD2": -4.3759442566903655, "cNe": 0.7932920065144913, "log_nD": 19.93478919852557, "log_nNe": 20.043906154290116}, "datetime": {"datetime": "2022-05-10 18:32:05", "elapsed": 15900.757592, "delta": 187.416451}}
{"target": -130.92590181015964, "params": {"cD2": -3.4109429873468873, "cNe": 1.8012487198153952, "log_nD": 18.68087496246699, "log_nNe": 19.36812584639859}, "datetime": {"datetime": "2022-05-10 18:35:05", "elapsed": 16080.442388, "delta": 179.684796}}
{"target": -500.0, "params": {"cD2": -3.148411313571427, "cNe": -0.47580920817474104, "log_nD": 21.804938140976592, "log_nNe": 19.448279115192605}, "datetime": {"datetime": "2022-05-10 18:35:43", "elapsed": 16118.24514, "delta": 37.802752}}
{"target": -500.0, "params": {"cD2": -2.6498373033665175, "cNe": 1.6495546426339818, "log_nD": 20.117073330880768, "log_nNe": 20.614012046556965}, "datetime": {"datetime": "2022-05-10 18:36:22", "elapsed": 16156.789457, "delta": 38.544317}}
{"target": -201.24859903534355, "params": {"cD2": -5.646465753125984, "cNe": 1.1057306956209456, "log_nD": 19.970502390483553, "log_nNe": 18.375269692846086}, "datetime": {"datetime": "2022-05-10 18:38:41", "elapsed": 16296.3606, "delta": 139.571143}}
{"target": -500.0, "params": {"cD2": -2.7544426110189297, "cNe": 0.5495071971317006, "log_nD": 17.241461939512874, "log_nNe": 19.61093420857692}, "datetime": {"datetime": "2022-05-10 18:39:19", "elapsed": 16334.547184, "delta": 38.186584}}
{"target": -83.54289674282188, "params": {"cD2": -4.195158281043738, "cNe": 2.4802588093397797, "log_nD": 20.563717087224582, "log_nNe": 19.313923298532117}, "datetime": {"datetime": "2022-05-10 18:41:40", "elapsed": 16475.299882, "delta": 140.752698}}
{"target": -500.0, "params": {"cD2": 1.355080671810907, "cNe": 1.6966177875855368, "log_nD": 17.065669705857783, "log_nNe": 19.045846961781113}, "datetime": {"datetime": "2022-05-10 18:43:03", "elapsed": 16558.33374, "delta": 83.033858}}
{"target": -500.0, "params": {"cD2": -3.6436786066911306, "cNe": 1.309654227060728, "log_nD": 21.757105205362066, "log_nNe": 19.78016430346201}, "datetime": {"datetime": "2022-05-10 18:44:05", "elapsed": 16620.699193, "delta": 62.365453}}
{"target": -500.0, "params": {"cD2": -3.7698654422057, "cNe": -1.6146921312920386, "log_nD": 18.471931378224294, "log_nNe": 15.847381363008466}, "datetime": {"datetime": "2022-05-10 18:51:09", "elapsed": 17043.914235, "delta": 423.215042}}
{"target": -500.0, "params": {"cD2": -5.204907209495318, "cNe": -1.2545302687814583, "log_nD": 18.613750640997758, "log_nNe": 19.74300028268975}, "datetime": {"datetime": "2022-05-10 18:51:47", "elapsed": 17082.570306, "delta": 38.656071}}
{"target": -500.0, "params": {"cD2": -4.19957920085755, "cNe": 1.9449762730569837, "log_nD": 18.470284258817422, "log_nNe": 17.593120602227316}, "datetime": {"datetime": "2022-05-10 18:56:15", "elapsed": 17350.287584, "delta": 267.717278}}
{"target": -500.0, "params": {"cD2": -5.616611178263807, "cNe": 0.23390604243727492, "log_nD": 18.0892419080626, "log_nNe": 17.501647384612017}, "datetime": {"datetime": "2022-05-10 19:01:06", "elapsed": 17641.25976, "delta": 290.972176}}
{"target": -500.0, "params": {"cD2": -3.376156324911662, "cNe": -0.046534029312194525, "log_nD": 22.0, "log_nNe": 17.45026000742764}, "datetime": {"datetime": "2022-05-10 19:01:44", "elapsed": 17679.191426, "delta": 37.931666}}
{"target": -117.82034702248764, "params": {"cD2": -0.18863465623972347, "cNe": -2.230247922109993, "log_nD": 17.23148562864011, "log_nNe": 19.47064045170046}, "datetime": {"datetime": "2022-05-10 19:04:29", "elapsed": 17844.483747, "delta": 165.292321}}
{"target": -500.0, "params": {"cD2": -2.0649758358320565, "cNe": -2.725282978901692, "log_nD": 19.632951077246087, "log_nNe": 15.377364885489982}, "datetime": {"datetime": "2022-05-10 19:06:23", "elapsed": 17958.493099, "delta": 114.009352}}
{"target": -500.0, "params": {"cD2": -3.633747149071734, "cNe": -2.3263685425299574, "log_nD": 17.88662797633726, "log_nNe": 20.345494168458202}, "datetime": {"datetime": "2022-05-10 19:06:56", "elapsed": 17990.818306, "delta": 32.325207}}
{"target": -500.0, "params": {"cD2": -1.3294724313224116, "cNe": -1.3456131943586804, "log_nD": 17.024389748064067, "log_nNe": 20.61117342812645}, "datetime": {"datetime": "2022-05-10 19:07:30", "elapsed": 18025.734841, "delta": 34.916535}}
{"target": -500.0, "params": {"cD2": -2.366470367345564, "cNe": -2.5674187626971596, "log_nD": 21.577272636788834, "log_nNe": 17.179062622464173}, "datetime": {"datetime": "2022-05-10 19:08:09", "elapsed": 18063.998783, "delta": 38.263942}}
{"target": -126.15512903779339, "params": {"cD2": -5.354270903700241, "cNe": 1.2948182626757856, "log_nD": 18.228589657234252, "log_nNe": 19.31001658571502}, "datetime": {"datetime": "2022-05-10 19:11:16", "elapsed": 18250.784135, "delta": 186.785352}}
{"target": -116.01543695896663, "params": {"cD2": 1.7969254758128674, "cNe": -1.2683021085820236, "log_nD": 17.416799599866316, "log_nNe": 18.862123798319335}, "datetime": {"datetime": "2022-05-10 19:14:07", "elapsed": 18422.721163, "delta": 171.937028}}
{"target": -177.90300133267098, "params": {"cD2": -3.9491174856407447, "cNe": 0.2700504485523698, "log_nD": 18.457760852080987, "log_nNe": 20.373901814670504}, "datetime": {"datetime": "2022-05-10 19:17:42", "elapsed": 18636.847844, "delta": 214.126681}}
{"target": -500.0, "params": {"cD2": -6.128227549370916, "cNe": -1.8393284361307038, "log_nD": 18.34378641607357, "log_nNe": 16.917757983142156}, "datetime": {"datetime": "2022-05-10 19:24:32", "elapsed": 19047.629945, "delta": 410.782101}}
{"target": -500.0, "params": {"cD2": -3.2724067443038436, "cNe": -3.0011538224451506, "log_nD": 17.447132126868585, "log_nNe": 18.274859905649873}, "datetime": {"datetime": "2022-05-10 19:26:20", "elapsed": 19154.886371, "delta": 107.256426}}
{"target": -113.97409562517466, "params": {"cD2": -4.403872172244048, "cNe": -0.6252957669638859, "log_nD": 17.08212398527605, "log_nNe": 19.03905446669042}, "datetime": {"datetime": "2022-05-10 19:29:17", "elapsed": 19332.21828, "delta": 177.331909}}
{"target": -500.0, "params": {"cD2": -3.184528163837521, "cNe": -4.593739636170396, "log_nD": 18.880699182957212, "log_nNe": 17.73530320629163}, "datetime": {"datetime": "2022-05-10 19:31:29", "elapsed": 19464.325046, "delta": 132.106766}}
{"target": -216.32837915398835, "params": {"cD2": 2.892463136016376, "cNe": -0.19815719392676812, "log_nD": 20.43452533830009, "log_nNe": 18.433678450799384}, "datetime": {"datetime": "2022-05-10 19:34:32", "elapsed": 19647.545202, "delta": 183.220156}}
{"target": -108.72864710606011, "params": {"cD2": -6.579396427079042, "cNe": -2.264189026181983, "log_nD": 18.748936861057164, "log_nNe": 18.71456821766337}, "datetime": {"datetime": "2022-05-10 19:37:23", "elapsed": 19818.632367, "delta": 171.087165}}
{"target": -500.0, "params": {"cD2": -2.9106178120152033, "cNe": 1.6269903596273108, "log_nD": 19.43439611704122, "log_nNe": 16.703437427333014}, "datetime": {"datetime": "2022-05-10 19:39:38", "elapsed": 19953.409818, "delta": 134.777451}}
{"target": -500.0, "params": {"cD2": 0.27945834194159136, "cNe": -1.9566559018318166, "log_nD": 17.031961621727028, "log_nNe": 17.726929225073235}, "datetime": {"datetime": "2022-05-10 19:43:02", "elapsed": 20156.839644, "delta": 203.429826}}
{"target": -94.3483984629779, "params": {"cD2": -4.9850564792324255, "cNe": -3.2544863835473414, "log_nD": 18.29799506298471, "log_nNe": 19.089842736519305}, "datetime": {"datetime": "2022-05-10 19:46:02", "elapsed": 20337.526501, "delta": 180.686857}}
{"target": -500.0, "params": {"cD2": -4.599826503692328, "cNe": -2.9252069910992438, "log_nD": 17.438439227577614, "log_nNe": 16.73233152879441}, "datetime": {"datetime": "2022-05-10 19:53:39", "elapsed": 20793.818379, "delta": 456.291878}}
{"target": -500.0, "params": {"cD2": -0.9810398388801399, "cNe": 1.7059535753221493, "log_nD": 19.424707937924342, "log_nNe": 17.71371718938803}, "datetime": {"datetime": "2022-05-10 19:55:59", "elapsed": 20933.844681, "delta": 140.026302}}
{"target": -216.34431163687893, "params": {"cD2": -5.543979312821305, "cNe": -2.0147168272587535, "log_nD": 17.112489461972224, "log_nNe": 18.348630407406894}, "datetime": {"datetime": "2022-05-10 20:00:19", "elapsed": 21194.041123, "delta": 260.196442}}
{"target": -500.0, "params": {"cD2": -2.2954649560237717, "cNe": 2.770439458856127, "log_nD": 18.375417413432075, "log_nNe": 18.0668357576217}, "datetime": {"datetime": "2022-05-10 20:02:52", "elapsed": 21347.757485, "delta": 153.716362}}
{"target": -500.0, "params": {"cD2": -4.093900274788518, "cNe": -3.4439870009058713, "log_nD": 19.08663039358262, "log_nNe": 15.673205355029719}, "datetime": {"datetime": "2022-05-10 20:07:33", "elapsed": 21628.389904, "delta": 280.632419}}
{"target": -247.72271329437731, "params": {"cD2": -0.8417244992336547, "cNe": 2.1604304630176534, "log_nD": 17.345302812163833, "log_nNe": 18.862325776035508}, "datetime": {"datetime": "2022-05-10 20:10:27", "elapsed": 21802.019154, "delta": 173.62925}}
{"target": -500.0, "params": {"cD2": -3.841981928751334, "cNe": 1.5619528412500667, "log_nD": 17.12355442830726, "log_nNe": 18.695404362200833}, "datetime": {"datetime": "2022-05-10 20:11:59", "elapsed": 21894.075855, "delta": 92.056701}}
{"target": -500.0, "params": {"cD2": -2.5247256427404534, "cNe": -4.397055333765734, "log_nD": 19.820562852139517, "log_nNe": 16.152315579363883}, "datetime": {"datetime": "2022-05-10 20:13:29", "elapsed": 21984.485481, "delta": 90.409626}}
{"target": -120.42081169398324, "params": {"cD2": -6.453754831801509, "cNe": -0.4838162582918253, "log_nD": 17.867427003369528, "log_nNe": 18.924365924105544}, "datetime": {"datetime": "2022-05-10 20:16:25", "elapsed": 22160.02837, "delta": 175.542889}}
{"target": -107.45347168956205, "params": {"cD2": -6.343225374081284, "cNe": -0.04226224723042016, "log_nD": 19.577946619451037, "log_nNe": 20.17552053884792}, "datetime": {"datetime": "2022-05-10 20:19:41", "elapsed": 22356.755366, "delta": 196.726996}}
{"target": -109.10351475614651, "params": {"cD2": -3.011941933725933, "cNe": -4.34334869226257, "log_nD": 20.730624044652902, "log_nNe": 18.48838703750059}, "datetime": {"datetime": "2022-05-10 20:21:49", "elapsed": 22484.402767, "delta": 127.647401}}
{"target": -95.95795306338648, "params": {"cD2": -1.8918245353151262, "cNe": -4.644046539734383, "log_nD": 18.96621546090634, "log_nNe": 19.143883655098247}, "datetime": {"datetime": "2022-05-10 20:24:32", "elapsed": 22647.197485, "delta": 162.794718}}
{"target": -70.8057669821016, "params": {"cD2": -6.332404991536809, "cNe": -1.6163595751342028, "log_nD": 20.38259558747511, "log_nNe": 19.590304673342846}, "datetime": {"datetime": "2022-05-10 20:27:16", "elapsed": 22811.630407, "delta": 164.432922}}
{"target": -500.0, "params": {"cD2": -3.608160707814605, "cNe": -2.4952280727175684, "log_nD": 20.831358281231168, "log_nNe": 15.5444882765764}, "datetime": {"datetime": "2022-05-10 20:28:01", "elapsed": 22856.215788, "delta": 44.585381}}
{"target": -500.0, "params": {"cD2": -0.5439173627506599, "cNe": -3.8230875581525137, "log_nD": 18.40740245196, "log_nNe": 20.09666019236911}, "datetime": {"datetime": "2022-05-10 20:29:34", "elapsed": 22949.600928, "delta": 93.38514}}
{"target": -500.0, "params": {"cD2": -2.223470671952645, "cNe": -3.401900897848953, "log_nD": 17.790648173535192, "log_nNe": 20.13347422251926}, "datetime": {"datetime": "2022-05-10 20:31:07", "elapsed": 23042.566344, "delta": 92.965416}}
{"target": -500.0, "params": {"cD2": -3.603426046330413, "cNe": -4.555599672010309, "log_nD": 17.902519393984242, "log_nNe": 19.40520906333624}, "datetime": {"datetime": "2022-05-10 20:31:46", "elapsed": 23081.410064, "delta": 38.84372}}
{"target": -500.0, "params": {"cD2": -2.241325982643364, "cNe": 0.31456428180649354, "log_nD": 21.19169677637995, "log_nNe": 20.646101392931044}, "datetime": {"datetime": "2022-05-10 20:32:19", "elapsed": 23114.660517, "delta": 33.250453}}
{"target": -500.0, "params": {"cD2": 1.8376381448988148, "cNe": 0.5090301122934662, "log_nD": 17.633078977851063, "log_nNe": 18.21963259038552}, "datetime": {"datetime": "2022-05-10 20:34:31", "elapsed": 23246.422895, "delta": 131.762378}}
{"target": -500.0, "params": {"cD2": -4.277009403635043, "cNe": -4.5069489178847695, "log_nD": 19.668780697247154, "log_nNe": 19.398498378301568}, "datetime": {"datetime": "2022-05-10 20:35:09", "elapsed": 23284.731788, "delta": 38.308893}}
{"target": -500.0, "params": {"cD2": -4.732067715615292, "cNe": -2.7874021083993687, "log_nD": 19.625617903903837, "log_nNe": 20.381796002597802}, "datetime": {"datetime": "2022-05-10 20:35:47", "elapsed": 23322.197044, "delta": 37.465256}}
{"target": -500.0, "params": {"cD2": -5.5663744186388735, "cNe": 1.1927015008364523, "log_nD": 21.280050015014496, "log_nNe": 19.669603637375037}, "datetime": {"datetime": "2022-05-10 20:36:29", "elapsed": 23364.040204, "delta": 41.84316}}
{"target": -500.0, "params": {"cD2": -6.306334188655826, "cNe": -1.031342282859161, "log_nD": 21.5638902456407, "log_nNe": 18.1208581294057}, "datetime": {"datetime": "2022-05-10 20:37:11", "elapsed": 23406.617179, "delta": 42.576975}}
{"target": -500.0, "params": {"cD2": -6.993260678537294, "cNe": 0.14410558092845158, "log_nD": 20.679324913902143, "log_nNe": 18.958457083279534}, "datetime": {"datetime": "2022-05-10 20:37:58", "elapsed": 23453.75139, "delta": 47.134211}}
{"target": -500.0, "params": {"cD2": -4.981650186744166, "cNe": -0.8671282180666574, "log_nD": 20.271430928915088, "log_nNe": 20.84018332215766}, "datetime": {"datetime": "2022-05-10 20:38:32", "elapsed": 23487.127614, "delta": 33.376224}}
{"target": -500.0, "params": {"cD2": -2.7117679987201075, "cNe": -2.9370359268741515, "log_nD": 19.629861955392457, "log_nNe": 20.724856785594337}, "datetime": {"datetime": "2022-05-10 20:39:04", "elapsed": 23518.882189, "delta": 31.754575}}
{"target": -500.0, "params": {"cD2": 0.9448536699636803, "cNe": -1.5594769130226633, "log_nD": 18.633317969443706, "log_nNe": 18.132803765556666}, "datetime": {"datetime": "2022-05-10 20:41:14", "elapsed": 23649.564713, "delta": 130.682524}}
{"target": -107.21317849245958, "params": {"cD2": -7.680376789346089, "cNe": -1.317645514099705, "log_nD": 19.851374419478134, "log_nNe": 18.32137863895404}, "datetime": {"datetime": "2022-05-10 20:43:39", "elapsed": 23794.180633, "delta": 144.61592}}
{"target": -500.0, "params": {"cD2": -2.8851963981558653, "cNe": -4.685353967703637, "log_nD": 19.24680278076066, "log_nNe": 20.601742420272284}, "datetime": {"datetime": "2022-05-10 20:44:11", "elapsed": 23826.255272, "delta": 32.074639}}
{"target": -500.0, "params": {"cD2": -4.612842149428962, "cNe": -4.406763323917009, "log_nD": 17.60831886489927, "log_nNe": 17.827392464895613}, "datetime": {"datetime": "2022-05-10 20:46:47", "elapsed": 23981.917523, "delta": 155.662251}}
{"target": -121.22623157569966, "params": {"cD2": 2.8820972364542072, "cNe": -1.0453442279863054, "log_nD": 20.920714251584755, "log_nNe": 18.719928810412018}, "datetime": {"datetime": "2022-05-10 20:50:01", "elapsed": 24176.434206, "delta": 194.516683}}
{"target": -500.0, "params": {"cD2": -7.151911132389572, "cNe": 0.4862884356967476, "log_nD": 19.0083379766988, "log_nNe": 18.336769482970087}, "datetime": {"datetime": "2022-05-10 20:51:19", "elapsed": 24254.225849, "delta": 77.791643}}
{"target": -500.0, "params": {"cD2": -5.890408975882499, "cNe": 1.951078791650247, "log_nD": 19.67578615054299, "log_nNe": 20.03714823576289}, "datetime": {"datetime": "2022-05-10 20:51:57", "elapsed": 24292.055018, "delta": 37.829169}}
{"target": -500.0, "params": {"cD2": -4.539472601186028, "cNe": -2.1551219513753934, "log_nD": 21.347678299804787, "log_nNe": 19.937388445745707}, "datetime": {"datetime": "2022-05-10 20:53:04", "elapsed": 24359.281391, "delta": 67.226373}}
{"target": -500.0, "params": {"cD2": -3.121307578405581, "cNe": -4.069272868853865, "log_nD": 20.795398537399237, "log_nNe": 20.38453270334624}, "datetime": {"datetime": "2022-05-10 20:53:37", "elapsed": 24391.94141, "delta": 32.660019}}
{"target": -110.1856669061738, "params": {"cD2": -4.818104032907291, "cNe": -4.16031898524209, "log_nD": 20.79264476406456, "log_nNe": 17.759278346757835}, "datetime": {"datetime": "2022-05-10 20:55:40", "elapsed": 24515.702806, "delta": 123.761396}}
{"target": -223.61508849455117, "params": {"cD2": -4.929739769731768, "cNe": 2.8599451524114596, "log_nD": 19.02087244999929, "log_nNe": 18.865773640731515}, "datetime": {"datetime": "2022-05-10 20:58:48", "elapsed": 24702.838451, "delta": 187.135645}}
{"target": -150.34334559125426, "params": {"cD2": -7.552559166368129, "cNe": -1.1089013845321851, "log_nD": 18.903431161296602, "log_nNe": 19.818754180933954}, "datetime": {"datetime": "2022-05-10 21:02:00", "elapsed": 24894.912239, "delta": 192.073788}}
{"target": -500.0, "params": {"cD2": -3.9117783015401324, "cNe": 2.7851665852302525, "log_nD": 20.06079959551974, "log_nNe": 17.62401489331734}, "datetime": {"datetime": "2022-05-10 21:02:59", "elapsed": 24954.523549, "delta": 59.61131}}
{"target": -500.0, "params": {"cD2": -3.4992002645945597, "cNe": 0.5929361841784839, "log_nD": 20.727427560011897, "log_nNe": 16.10179808597834}, "datetime": {"datetime": "2022-05-10 21:03:46", "elapsed": 25001.561269, "delta": 47.03772}}
{"target": -500.0, "params": {"cD2": -3.1260481948289787, "cNe": -0.8385798758540979, "log_nD": 17.44344339741459, "log_nNe": 20.712276629476488}, "datetime": {"datetime": "2022-05-10 21:04:21", "elapsed": 25036.7475, "delta": 35.186231}}
{"target": -500.0, "params": {"cD2": -2.8460420472087726, "cNe": 1.8990475906863509, "log_nD": 21.876172113924657, "log_nNe": 18.058471599200654}, "datetime": {"datetime": "2022-05-10 21:05:01", "elapsed": 25076.202511, "delta": 39.455011}}
