{"target": -101.78837757588815, "params": {"cD2": -0.737570532061488, "cNe": -6.001042481987881, "log_nD": 19.458919890535338, "log_nNe": 19.14878106669017}, "datetime": {"datetime": "2022-05-11 10:20:05", "elapsed": 72779.974999, "delta": 153.268014}}
{"target": -96.17944231757475, "params": {"cD2": -6.780609992906813, "cNe": -5.429659804527443, "log_nD": 19.460279516008065, "log_nNe": 19.18266970926703}, "datetime": {"datetime": "2022-05-11 10:22:43", "elapsed": 72938.074154, "delta": 158.099155}}
{"target": -500.0, "params": {"cD2": -5.1269397280603695, "cNe": -5.953269118590556, "log_nD": 19.212189135502367, "log_nNe": 19.653986372892728}, "datetime": {"datetime": "2022-05-11 10:23:23", "elapsed": 72977.887388, "delta": 39.813234}}
{"target": -500.0, "params": {"cD2": -7.786015787868061, "cNe": -4.331442160099098, "log_nD": 20.42267006380036, "log_nNe": 18.926599176478057}, "datetime": {"datetime": "2022-05-11 10:24:03", "elapsed": 73018.208526, "delta": 40.321138}}
{"target": -500.0, "params": {"cD2": 2.4454358929643836, "cNe": -2.912591945671311, "log_nD": 19.459500591977893, "log_nNe": 17.12735194715168}, "datetime": {"datetime": "2022-05-11 10:29:13", "elapsed": 73327.837231, "delta": 309.628705}}
{"target": -500.0, "params": {"cD2": -6.180189575056288, "cNe": -0.3868612655943817, "log_nD": 21.329837125345765, "log_nNe": 20.304669901928204}, "datetime": {"datetime": "2022-05-11 10:30:29", "elapsed": 73404.054235, "delta": 76.217004}}
{"target": -500.0, "params": {"cD2": -2.5750816226669304, "cNe": -4.63436201833653, "log_nD": 17.37970026546816, "log_nNe": 18.08057358105846}, "datetime": {"datetime": "2022-05-11 10:32:43", "elapsed": 73538.441923, "delta": 134.387688}}
{"target": -500.0, "params": {"cD2": -7.509705517921392, "cNe": -4.262504367137782, "log_nD": 19.51396290702827, "log_nNe": 20.278897475297494}, "datetime": {"datetime": "2022-05-11 10:33:23", "elapsed": 73578.11254, "delta": 39.670617}}
{"target": -500.0, "params": {"cD2": 1.8274733830630348, "cNe": -4.9364957026213485, "log_nD": 19.824362882398948, "log_nNe": 20.119575991870864}, "datetime": {"datetime": "2022-05-11 10:34:57", "elapsed": 73672.288975, "delta": 94.176435}}
{"target": -500.0, "params": {"cD2": -0.925303058509033, "cNe": -4.993099933451627, "log_nD": 19.682964066757556, "log_nNe": 16.46450525537222}, "datetime": {"datetime": "2022-05-11 10:37:34", "elapsed": 73829.35967, "delta": 157.070695}}
{"target": -500.0, "params": {"cD2": 1.9478682725193437, "cNe": -4.187921714642619, "log_nD": 18.04177618712393, "log_nNe": 18.21639988686556}, "datetime": {"datetime": "2022-05-11 10:39:21", "elapsed": 73936.176341, "delta": 106.816671}}
{"target": -500.0, "params": {"cD2": -1.173017994006834, "cNe": -3.015081575284139, "log_nD": 17.085268087556923, "log_nNe": 17.335099046955648}, "datetime": {"datetime": "2022-05-11 10:44:06", "elapsed": 74221.429362, "delta": 285.253021}}
{"target": -500.0, "params": {"cD2": -3.96142945669527, "cNe": -5.273537591712399, "log_nD": 21.38982585809295, "log_nNe": 19.290847438520256}, "datetime": {"datetime": "2022-05-11 10:44:47", "elapsed": 74262.698353, "delta": 41.268991}}
{"target": -98.54810810625115, "params": {"cD2": -2.9193826546217636, "cNe": 0.3209838666892857, "log_nD": 18.812882501368115, "log_nNe": 19.433216863799043}, "datetime": {"datetime": "2022-05-11 10:48:15", "elapsed": 74469.823414, "delta": 207.125061}}
{"target": -500.0, "params": {"cD2": -4.025468283988075, "cNe": -1.5259693771503322, "log_nD": 21.48010601087928, "log_nNe": 16.413563699863175}, "datetime": {"datetime": "2022-05-11 10:48:54", "elapsed": 74509.108413, "delta": 39.284999}}
{"target": -500.0, "params": {"cD2": 0.5079235493804344, "cNe": -4.795990058641959, "log_nD": 19.181474116949968, "log_nNe": 17.00619975692886}, "datetime": {"datetime": "2022-05-11 10:54:22", "elapsed": 74837.118277, "delta": 328.009864}}
{"target": -34.807499990746976, "params": {"cD2": -6.67868844231893, "cNe": 2.605032488809303, "log_nD": 21.162400633987293, "log_nNe": 19.617129692031348}, "datetime": {"datetime": "2022-05-11 10:57:14", "elapsed": 75008.781208, "delta": 171.662931}}
{"target": -500.0, "params": {"cD2": -1.3618048004811314, "cNe": -5.138386865341537, "log_nD": 18.529798961176326, "log_nNe": 17.972400238176586}, "datetime": {"datetime": "2022-05-11 10:59:22", "elapsed": 75136.88656, "delta": 128.105352}}
{"target": -500.0, "params": {"cD2": -4.74053023709962, "cNe": 2.004023896136209, "log_nD": 20.803565990650995, "log_nNe": 20.7814919494864}, "datetime": {"datetime": "2022-05-11 10:59:56", "elapsed": 75171.382169, "delta": 34.495609}}
{"target": -94.12091565602786, "params": {"cD2": 3.1061149299720903, "cNe": -2.5312834046892085, "log_nD": 17.124067404732944, "log_nNe": 19.115244878810433}, "datetime": {"datetime": "2022-05-11 11:03:04", "elapsed": 75359.023367, "delta": 187.641198}}
{"target": -500.0, "params": {"cD2": 3.581187543961583, "cNe": -3.276368513097224, "log_nD": 18.2923358406553, "log_nNe": 18.170781098069}, "datetime": {"datetime": "2022-05-11 11:05:03", "elapsed": 75478.596915, "delta": 119.573548}}
{"target": -188.85759878622892, "params": {"cD2": -7.223879456802934, "cNe": 1.4037406839295876, "log_nD": 20.44320353129807, "log_nNe": 20.460675708463278}, "datetime": {"datetime": "2022-05-11 11:08:20", "elapsed": 75675.695994, "delta": 197.099079}}
{"target": -500.0, "params": {"cD2": 0.4321235141469206, "cNe": -5.166867958061904, "log_nD": 17.51018360604627, "log_nNe": 17.78573610753389}, "datetime": {"datetime": "2022-05-11 11:11:02", "elapsed": 75837.531309, "delta": 161.835315}}
{"target": -500.0, "params": {"cD2": -3.4390789394993724, "cNe": 5.051791368168527, "log_nD": 18.97180382291162, "log_nNe": 19.22612604516799}, "datetime": {"datetime": "2022-05-11 11:12:12", "elapsed": 75906.994407, "delta": 69.463098}}
{"target": -500.0, "params": {"cD2": -7.2448350946138635, "cNe": 2.9963223283336107, "log_nD": 19.75214220558851, "log_nNe": 20.188081177589833}, "datetime": {"datetime": "2022-05-11 11:12:59", "elapsed": 75954.76014, "delta": 47.765733}}
{"target": -500.0, "params": {"cD2": -8.092776996988276, "cNe": 0.34560085440206173, "log_nD": 19.64565152528111, "log_nNe": 19.70998593410193}, "datetime": {"datetime": "2022-05-11 11:13:41", "elapsed": 75995.818859, "delta": 41.058719}}
{"target": -500.0, "params": {"cD2": -4.164819023503684, "cNe": -5.122497443604639, "log_nD": 21.898223649932472, "log_nNe": 17.58524348002487}, "datetime": {"datetime": "2022-05-11 11:14:21", "elapsed": 76036.264128, "delta": 40.445269}}
{"target": -500.0, "params": {"cD2": -7.596887859230752, "cNe": -1.5043206352406848, "log_nD": 20.19454757757688, "log_nNe": 20.663664943015903}, "datetime": {"datetime": "2022-05-11 11:42:00", "elapsed": 77695.568976, "delta": 1659.304848}}
{"target": -500.0, "params": {"cD2": -5.074170519684498, "cNe": 4.485554541429818, "log_nD": 18.80875048972657, "log_nNe": 18.854778767954663}, "datetime": {"datetime": "2022-05-11 11:43:36", "elapsed": 77791.529202, "delta": 95.960226}}
{"target": -88.52023882402266, "params": {"cD2": 4.325506575858153, "cNe": -2.082621531167607, "log_nD": 18.30270531940888, "log_nNe": 19.373390362988562}, "datetime": {"datetime": "2022-05-11 11:46:46", "elapsed": 77980.872844, "delta": 189.343642}}
{"target": -500.0, "params": {"cD2": -2.883272157695842, "cNe": 1.5105904341650955, "log_nD": 19.36369676789587, "log_nNe": 16.72108748835819}, "datetime": {"datetime": "2022-05-11 11:49:32", "elapsed": 78147.200487, "delta": 166.327643}}
{"target": -108.93426607617582, "params": {"cD2": -6.1925927849668065, "cNe": 4.216316435201063, "log_nD": 20.82789999279842, "log_nNe": 18.793921401399558}, "datetime": {"datetime": "2022-05-11 11:51:43", "elapsed": 78278.573035, "delta": 131.372548}}
{"target": -500.0, "params": {"cD2": -7.288516338878174, "cNe": 3.1717979795755715, "log_nD": 20.946501884396064, "log_nNe": 18.117144741311634}, "datetime": {"datetime": "2022-05-11 11:52:39", "elapsed": 78333.80399, "delta": 55.230955}}
{"target": -500.0, "params": {"cD2": 4.056240396877392, "cNe": -3.4683040438453197, "log_nD": 19.27959545946087, "log_nNe": 19.703138595264736}, "datetime": {"datetime": "2022-05-11 11:53:19", "elapsed": 78374.031637, "delta": 40.227647}}
{"target": -500.0, "params": {"cD2": -5.463069204556493, "cNe": 3.2898136055615836, "log_nD": 21.92351756463092, "log_nNe": 19.154125280215442}, "datetime": {"datetime": "2022-05-11 11:54:01", "elapsed": 78416.196978, "delta": 42.165341}}
{"target": -500.0, "params": {"cD2": 2.349368332405956, "cNe": -1.4725929609074262, "log_nD": 17.0, "log_nNe": 20.320791725130423}, "datetime": {"datetime": "2022-05-11 11:55:43", "elapsed": 78518.597578, "delta": 102.4006}}
{"target": -500.0, "params": {"cD2": -5.4028721498340655, "cNe": -5.737311764346285, "log_nD": 20.683231869884942, "log_nNe": 17.335855381996048}, "datetime": {"datetime": "2022-05-11 11:56:37", "elapsed": 78572.611046, "delta": 54.013468}}
{"target": -500.0, "params": {"cD2": -0.6753611395971217, "cNe": 4.749693461124242, "log_nD": 19.392753455356036, "log_nNe": 18.279422284678212}, "datetime": {"datetime": "2022-05-11 11:58:15", "elapsed": 78670.18946, "delta": 97.578414}}
{"target": -500.0, "params": {"cD2": -6.644975925908373, "cNe": -4.730627012352347, "log_nD": 21.685424133097968, "log_nNe": 18.956476130464623}, "datetime": {"datetime": "2022-05-11 11:58:59", "elapsed": 78714.093695, "delta": 43.904235}}
{"target": -500.0, "params": {"cD2": -5.696586781429291, "cNe": 3.4572476010777167, "log_nD": 18.733906569677874, "log_nNe": 20.23993791319681}, "datetime": {"datetime": "2022-05-11 11:59:47", "elapsed": 78762.488808, "delta": 48.395113}}
{"target": -123.49905074791134, "params": {"cD2": 2.2957227219887204, "cNe": -3.6509424937143455, "log_nD": 21.51521424296564, "log_nNe": 18.066488871421225}, "datetime": {"datetime": "2022-05-11 12:02:32", "elapsed": 78927.213249, "delta": 164.724441}}
{"target": -500.0, "params": {"cD2": -4.870253344781211, "cNe": 3.862157193155573, "log_nD": 21.248414560982898, "log_nNe": 17.625300053162338}, "datetime": {"datetime": "2022-05-11 12:03:16", "elapsed": 78971.176798, "delta": 43.963549}}
{"target": -500.0, "params": {"cD2": -7.678853334938915, "cNe": 1.5212664822005548, "log_nD": 21.455852278350267, "log_nNe": 18.925265506913753}, "datetime": {"datetime": "2022-05-11 12:04:05", "elapsed": 79020.411845, "delta": 49.235047}}
{"target": -500.0, "params": {"cD2": -7.669697288686215, "cNe": -1.487990072492812, "log_nD": 21.26937354665907, "log_nNe": 19.20423884169637}, "datetime": {"datetime": "2022-05-11 12:04:53", "elapsed": 79067.938266, "delta": 47.526421}}
{"target": -500.0, "params": {"cD2": -5.378789978951933, "cNe": 2.804116066648394, "log_nD": 17.292226015424674, "log_nNe": 19.11945698058899}, "datetime": {"datetime": "2022-05-11 12:06:05", "elapsed": 79140.159253, "delta": 72.220987}}
{"target": -500.0, "params": {"cD2": -4.20317811017577, "cNe": 3.477206621175603, "log_nD": 17.860293195200455, "log_nNe": 20.284247047274953}, "datetime": {"datetime": "2022-05-11 12:06:53", "elapsed": 79187.957771, "delta": 47.798518}}
{"target": -500.0, "params": {"cD2": 4.249877302257989, "cNe": -11.30577999168801, "log_nD": 19.376972065125567, "log_nNe": 15.384801105816331}, "datetime": {"datetime": "2022-05-11 12:14:29", "elapsed": 79644.151931, "delta": 456.19416}}
{"target": -86.20748087210028, "params": {"cD2": -2.8450387151681777, "cNe": 1.197947586115534, "log_nD": 20.83611540910268, "log_nNe": 19.13975361321018}, "datetime": {"datetime": "2022-05-11 12:16:55", "elapsed": 79790.446501, "delta": 146.29457}}
{"target": -500.0, "params": {"cD2": 2.1184088852477196, "cNe": -4.540142748395136, "log_nD": 20.24782926831803, "log_nNe": 17.192983902284336}, "datetime": {"datetime": "2022-05-11 12:19:18", "elapsed": 79933.463617, "delta": 143.017116}}
{"target": -121.70940781880024, "params": {"cD2": 2.165816810277891, "cNe": -5.474404916201456, "log_nD": 19.2252135931109, "log_nNe": 18.597393151266225}, "datetime": {"datetime": "2022-05-11 12:22:15", "elapsed": 80110.287464, "delta": 176.823847}}
{"target": -500.0, "params": {"cD2": -0.03178244134887365, "cNe": -4.2062397303814425, "log_nD": 21.99866103743004, "log_nNe": 18.610474561893426}, "datetime": {"datetime": "2022-05-11 12:22:56", "elapsed": 80151.680399, "delta": 41.392935}}
{"target": -500.0, "params": {"cD2": -3.3665069236678993, "cNe": -5.716884856549444, "log_nD": 20.917705309101567, "log_nNe": 16.397076557508157}, "datetime": {"datetime": "2022-05-11 12:23:41", "elapsed": 80196.034776, "delta": 44.354377}}
{"target": -500.0, "params": {"cD2": -2.318577574160333, "cNe": -4.925422935513304, "log_nD": 21.744529263753755, "log_nNe": 19.59328227723732}, "datetime": {"datetime": "2022-05-11 12:24:42", "elapsed": 80257.251148, "delta": 61.216372}}
{"target": -99.65006893708421, "params": {"cD2": -3.7169087625411485, "cNe": -2.481392869640393, "log_nD": 20.190092846093865, "log_nNe": 18.87487867773522}, "datetime": {"datetime": "2022-05-11 12:27:03", "elapsed": 80398.317166, "delta": 141.066018}}
{"target": -500.0, "params": {"cD2": 0.2997555693418559, "cNe": 3.856743900696017, "log_nD": 18.688976301942347, "log_nNe": 20.865400763135135}, "datetime": {"datetime": "2022-05-11 12:28:28", "elapsed": 80483.005101, "delta": 84.687935}}
{"target": -500.0, "params": {"cD2": -1.1735940806657759, "cNe": 4.267794219281868, "log_nD": 21.12277131373816, "log_nNe": 20.296748881150744}, "datetime": {"datetime": "2022-05-11 12:30:57", "elapsed": 80632.234017, "delta": 149.228916}}
{"target": -125.57334213064715, "params": {"cD2": 2.41054446223782, "cNe": -5.046021257074328, "log_nD": 20.81104770724594, "log_nNe": 18.731116354988245}, "datetime": {"datetime": "2022-05-11 12:34:09", "elapsed": 80824.293197, "delta": 192.05918}}
{"target": -500.0, "params": {"cD2": -8.856214154787429, "cNe": -1.5497392905335183, "log_nD": 19.856475228811476, "log_nNe": 19.477833511776474}, "datetime": {"datetime": "2022-05-11 12:34:50", "elapsed": 80864.925262, "delta": 40.632065}}
{"target": -500.0, "params": {"cD2": -6.746227268350735, "cNe": -4.340279720947625, "log_nD": 17.84243026853631, "log_nNe": 20.559094613623206}, "datetime": {"datetime": "2022-05-11 12:35:24", "elapsed": 80899.257394, "delta": 34.332132}}
{"target": -500.0, "params": {"cD2": -8.116769636254695, "cNe": -2.5387226631067605, "log_nD": 21.007986872644842, "log_nNe": 17.954968175371185}, "datetime": {"datetime": "2022-05-11 12:36:21", "elapsed": 80956.323501, "delta": 57.066107}}
{"target": -134.36629396849554, "params": {"cD2": 0.08389389373235723, "cNe": -0.005351067532654241, "log_nD": 19.350131762722235, "log_nNe": 18.71485830851734}, "datetime": {"datetime": "2022-05-11 12:39:23", "elapsed": 81137.953746, "delta": 181.630245}}
{"target": -500.0, "params": {"cD2": -5.5803259019433185, "cNe": -3.079211499108105, "log_nD": 17.635787692520125, "log_nNe": 20.64704838482283}, "datetime": {"datetime": "2022-05-11 12:39:59", "elapsed": 81174.309952, "delta": 36.356206}}
{"target": -500.0, "params": {"cD2": 0.41342576912343887, "cNe": -2.8250343793200052, "log_nD": 18.32626641697815, "log_nNe": 20.725709507371235}, "datetime": {"datetime": "2022-05-11 12:40:33", "elapsed": 81208.675355, "delta": 34.365403}}
{"target": -94.65455721636253, "params": {"cD2": -8.878708762472797, "cNe": -3.635073097126975, "log_nD": 19.228344963906746, "log_nNe": 19.09089832432957}, "datetime": {"datetime": "2022-05-11 12:43:21", "elapsed": 81376.175839, "delta": 167.500484}}
{"target": -114.67723961720597, "params": {"cD2": -6.978187221316845, "cNe": -5.821148753153938, "log_nD": 20.608963222630642, "log_nNe": 18.11508536969531}, "datetime": {"datetime": "2022-05-11 12:45:31", "elapsed": 81506.441218, "delta": 130.265379}}
{"target": -500.0, "params": {"cD2": -8.241981988951002, "cNe": -2.788155458924752, "log_nD": 18.59163345453566, "log_nNe": 20.46987184086405}, "datetime": {"datetime": "2022-05-11 12:46:10", "elapsed": 81544.994961, "delta": 38.553743}}
{"target": -253.10678629569463, "params": {"cD2": 1.2671768931942562, "cNe": -5.844048759414845, "log_nD": 20.576499526940722, "log_nNe": 17.731144967817315}, "datetime": {"datetime": "2022-05-11 12:48:53", "elapsed": 81707.866909, "delta": 162.871948}}
{"target": -500.0, "params": {"cD2": -8.067011873357647, "cNe": -4.124751183196975, "log_nD": 20.064566988473448, "log_nNe": 17.33423047549921}, "datetime": {"datetime": "2022-05-11 12:50:08", "elapsed": 81783.623699, "delta": 75.75679}}
{"target": -500.0, "params": {"cD2": -4.669907626986687, "cNe": -0.008241873840912461, "log_nD": 20.057043124382098, "log_nNe": 17.82613987233752}, "datetime": {"datetime": "2022-05-11 12:51:12", "elapsed": 81847.387655, "delta": 63.763956}}
{"target": -149.84756101323208, "params": {"cD2": 0.01045152882121414, "cNe": -1.6196369713311185, "log_nD": 18.689860820657476, "log_nNe": 19.85320569814165}, "datetime": {"datetime": "2022-05-11 12:54:21", "elapsed": 82036.457341, "delta": 189.069686}}
{"target": -500.0, "params": {"cD2": -6.8513394124824005, "cNe": 2.6463356236424556, "log_nD": 18.117601828341684, "log_nNe": 19.33959420953295}, "datetime": {"datetime": "2022-05-11 12:55:34", "elapsed": 82108.826358, "delta": 72.369017}}
{"target": -134.7041348314078, "params": {"cD2": -0.5935056907490086, "cNe": -6.229985952229926, "log_nD": 20.874434686432878, "log_nNe": 18.07624269519777}, "datetime": {"datetime": "2022-05-11 12:57:37", "elapsed": 82232.490479, "delta": 123.664121}}
{"target": -53.613586597068156, "params": {"cD2": 1.6781586649289277, "cNe": 0.7756155167357175, "log_nD": 21.16905495405849, "log_nNe": 19.501416079079362}, "datetime": {"datetime": "2022-05-11 13:00:43", "elapsed": 82417.999425, "delta": 185.508946}}
{"target": -500.0, "params": {"cD2": 1.457496309684732, "cNe": -0.8254905902141232, "log_nD": 21.237517789861815, "log_nNe": 20.892904818591916}, "datetime": {"datetime": "2022-05-11 13:01:17", "elapsed": 82452.674634, "delta": 34.675209}}
{"target": -500.0, "params": {"cD2": -8.747158440167306, "cNe": -3.094706372783326, "log_nD": 20.313855117319605, "log_nNe": 20.36384551332572}, "datetime": {"datetime": "2022-05-11 13:01:54", "elapsed": 82489.155206, "delta": 36.480572}}
{"target": -500.0, "params": {"cD2": -8.093868533970367, "cNe": 1.2439190613608728, "log_nD": 20.200074141668942, "log_nNe": 17.672271636826093}, "datetime": {"datetime": "2022-05-11 13:03:02", "elapsed": 82557.131184, "delta": 67.975978}}
{"target": -500.0, "params": {"cD2": -2.5747256020522165, "cNe": -6.108453869016795, "log_nD": 21.45517452166063, "log_nNe": 18.378925713559862}, "datetime": {"datetime": "2022-05-11 13:03:42", "elapsed": 82597.767663, "delta": 40.636479}}
{"target": -500.0, "params": {"cD2": 3.9773701507351538, "cNe": -2.2551209829278047, "log_nD": 19.425300910718498, "log_nNe": 17.60410848620602}, "datetime": {"datetime": "2022-05-11 13:07:01", "elapsed": 82795.919561, "delta": 198.151898}}
{"target": -500.0, "params": {"cD2": -9.11655020036174, "cNe": -2.3890413369559145, "log_nD": 19.631513251450777, "log_nNe": 18.017786136971477}, "datetime": {"datetime": "2022-05-11 13:08:24", "elapsed": 82879.030185, "delta": 83.110624}}
{"target": -116.90336500037623, "params": {"cD2": -8.259831306024823, "cNe": -5.129978953197558, "log_nD": 19.055869072667367, "log_nNe": 18.474672803905545}, "datetime": {"datetime": "2022-05-11 13:11:20", "elapsed": 83055.061683, "delta": 176.031498}}
{"target": -181.22116125000565, "params": {"cD2": -8.728477479372525, "cNe": -0.5488567988097128, "log_nD": 18.717271795594893, "log_nNe": 18.649032934150764}, "datetime": {"datetime": "2022-05-11 13:14:13", "elapsed": 83228.269253, "delta": 173.20757}}
{"target": -500.0, "params": {"cD2": -6.105327361371912, "cNe": 4.774896375493713, "log_nD": 19.7372929405161, "log_nNe": 19.915190748699562}, "datetime": {"datetime": "2022-05-11 13:14:54", "elapsed": 83269.092616, "delta": 40.823363}}
{"target": -98.25920007434566, "params": {"cD2": -8.737768774859678, "cNe": -0.06502837160948971, "log_nD": 20.280409994636962, "log_nNe": 18.54948432208051}, "datetime": {"datetime": "2022-05-11 13:17:11", "elapsed": 83406.606078, "delta": 137.513462}}
{"target": -171.34509604091363, "params": {"cD2": 3.4387445835811246, "cNe": -1.1004638227092904, "log_nD": 18.064604953409546, "log_nNe": 18.625720136430665}, "datetime": {"datetime": "2022-05-11 13:20:20", "elapsed": 83595.29079, "delta": 188.684712}}
{"target": -500.0, "params": {"cD2": -8.790526357556898, "cNe": -0.6957666719782305, "log_nD": 19.545867122734006, "log_nNe": 17.185809792845042}, "datetime": {"datetime": "2022-05-11 13:21:33", "elapsed": 83667.866319, "delta": 72.575529}}
{"target": -500.0, "params": {"cD2": 0.7152126421516769, "cNe": -1.644681673106378, "log_nD": 17.060282817949904, "log_nNe": 20.864610785665498}, "datetime": {"datetime": "2022-05-11 13:41:19", "elapsed": 84854.450193, "delta": 1186.583874}}
{"target": -500.0, "params": {"cD2": 0.9438067228753759, "cNe": -2.67318409106754, "log_nD": 21.962083267633425, "log_nNe": 18.30851104389432}, "datetime": {"datetime": "2022-05-11 13:42:03", "elapsed": 84897.898784, "delta": 43.448591}}
{"target": -111.47696135961675, "params": {"cD2": -4.83952703532478, "cNe": -6.742798726437083, "log_nD": 20.41328529953505, "log_nNe": 18.725662251239875}, "datetime": {"datetime": "2022-05-11 13:44:08", "elapsed": 85023.260396, "delta": 125.361612}}
{"target": -500.0, "params": {"cD2": -1.7876236063367685, "cNe": 4.309636146987644, "log_nD": 18.41147096532811, "log_nNe": 17.548465226545595}, "datetime": {"datetime": "2022-05-11 13:49:47", "elapsed": 85362.740246, "delta": 339.47985}}
{"target": -500.0, "params": {"cD2": 1.1717311333757277, "cNe": -4.410640700150136, "log_nD": 21.920762756162457, "log_nNe": 17.56306603648736}, "datetime": {"datetime": "2022-05-11 13:50:31", "elapsed": 85406.081116, "delta": 43.34087}}
