{"target": -500.0, "params": {"cD2": -6.065761349620773, "cNe": -6.557282572731853, "log_nD": 19.40322731439414, "log_nNe": 18.165183122107276}, "datetime": {"datetime": "2022-05-11 13:51:58", "elapsed": 85493.303476, "delta": 87.22236}}
{"target": -500.0, "params": {"cD2": -0.4653323108358145, "cNe": 4.763827931694126, "log_nD": 18.13880933797649, "log_nNe": 19.742493079526223}, "datetime": {"datetime": "2022-05-11 13:52:57", "elapsed": 85552.641976, "delta": 59.3385}}
{"target": -500.0, "params": {"cD2": -6.623464756948019, "cNe": -5.153721917756125, "log_nD": 20.76300638523376, "log_nNe": 20.245585303424896}, "datetime": {"datetime": "2022-05-11 13:53:33", "elapsed": 85587.861128, "delta": 35.219152}}
{"target": -500.0, "params": {"cD2": -4.340127396231782, "cNe": -6.649884518595619, "log_nD": 19.335858580813, "log_nNe": 17.423649314838396}, "datetime": {"datetime": "2022-05-11 13:54:41", "elapsed": 85656.284134, "delta": 68.423006}}
{"target": -500.0, "params": {"cD2": 1.6925422749091283, "cNe": -6.516252679569937, "log_nD": 20.31231088115442, "log_nNe": 19.223203116485987}, "datetime": {"datetime": "2022-05-11 13:55:21", "elapsed": 85696.382123, "delta": 40.097989}}
{"target": -105.172572954451, "params": {"cD2": -7.155198291268236, "cNe": -5.49855552352416, "log_nD": 17.802923501231167, "log_nNe": 18.864020863270536}, "datetime": {"datetime": "2022-05-11 13:58:08", "elapsed": 85863.315748, "delta": 166.933625}}
{"target": -130.29770172107396, "params": {"cD2": 0.01141961565589611, "cNe": 2.393829536895261, "log_nD": 19.486594369149437, "log_nNe": 19.294531578590806}, "datetime": {"datetime": "2022-05-11 14:01:12", "elapsed": 86046.974462, "delta": 183.658714}}
{"target": -500.0, "params": {"cD2": -5.4931162176671275, "cNe": -6.1042229502641785, "log_nD": 21.91426211811287, "log_nNe": 18.51649815318934}, "datetime": {"datetime": "2022-05-11 14:01:55", "elapsed": 86090.588, "delta": 43.613538}}
{"target": -500.0, "params": {"cD2": -6.343367115018388, "cNe": -6.702876971396683, "log_nD": 20.28563386384805, "log_nNe": 19.53454741737023}, "datetime": {"datetime": "2022-05-11 14:02:35", "elapsed": 86130.763608, "delta": 40.175608}}
{"target": -500.0, "params": {"cD2": -8.594694770803693, "cNe": 1.9678007425475281, "log_nD": 20.14077088933428, "log_nNe": 19.473860278894737}, "datetime": {"datetime": "2022-05-11 14:03:15", "elapsed": 86170.599899, "delta": 39.836291}}
{"target": -500.0, "params": {"cD2": -5.462976730534187, "cNe": 4.983308502058168, "log_nD": 19.99714401962983, "log_nNe": 17.784481621059907}, "datetime": {"datetime": "2022-05-11 14:04:18", "elapsed": 86233.276988, "delta": 62.677089}}
{"target": -500.0, "params": {"cD2": -8.416250794339012, "cNe": -4.837066118802649, "log_nD": 18.17201067766468, "log_nNe": 19.890019566215653}, "datetime": {"datetime": "2022-05-11 14:04:59", "elapsed": 86274.543677, "delta": 41.266689}}
{"target": -500.0, "params": {"cD2": -7.678235470647832, "cNe": -3.468632256512888, "log_nD": 17.0, "log_nNe": 19.613225802419283}, "datetime": {"datetime": "2022-05-11 14:05:41", "elapsed": 86316.060223, "delta": 41.516546}}
{"target": -500.0, "params": {"cD2": -8.238610510940527, "cNe": 1.7687377490104168, "log_nD": 18.668693547951946, "log_nNe": 18.597089374310414}, "datetime": {"datetime": "2022-05-11 14:07:14", "elapsed": 86409.621726, "delta": 93.561503}}
{"target": -123.09356807634965, "params": {"cD2": -3.0611400953562016, "cNe": -7.022331868089881, "log_nD": 19.972143072976806, "log_nNe": 18.474637880134015}, "datetime": {"datetime": "2022-05-11 14:09:36", "elapsed": 86551.554466, "delta": 141.93274}}
{"target": -500.0, "params": {"cD2": -3.6509845695243297, "cNe": 4.763830740139489, "log_nD": 20.466249142280244, "log_nNe": 17.448955732238048}, "datetime": {"datetime": "2022-05-11 14:10:31", "elapsed": 86606.415487, "delta": 54.861021}}
{"target": -500.0, "params": {"cD2": -4.0221648965474595, "cNe": -6.9545813004639445, "log_nD": 21.305617626421206, "log_nNe": 17.568873960080662}, "datetime": {"datetime": "2022-05-11 14:11:14", "elapsed": 86649.156705, "delta": 42.741218}}
{"target": -129.774159211499, "params": {"cD2": 3.290071256685568, "cNe": -3.926807296413081, "log_nD": 20.691889315229865, "log_nNe": 20.099536252023736}, "datetime": {"datetime": "2022-05-11 14:15:57", "elapsed": 86932.422851, "delta": 283.266146}}
{"target": -500.0, "params": {"cD2": -8.000268688348275, "cNe": -2.4801455350132215, "log_nD": 20.90812500917631, "log_nNe": 17.950683715491394}, "datetime": {"datetime": "2022-05-11 14:16:57", "elapsed": 86992.006951, "delta": 59.5841}}
{"target": -500.0, "params": {"cD2": 3.5475543437633186, "cNe": -5.079194399999551, "log_nD": 19.718480160375428, "log_nNe": 19.334198240337162}, "datetime": {"datetime": "2022-05-11 14:17:42", "elapsed": 87036.921106, "delta": 44.914155}}
{"target": -500.0, "params": {"cD2": 0.1502000054174301, "cNe": 2.14719790915197, "log_nD": 17.0, "log_nNe": 20.180382023199964}, "datetime": {"datetime": "2022-05-11 14:18:29", "elapsed": 87084.547752, "delta": 47.626646}}
{"target": -500.0, "params": {"cD2": -1.886867429215003, "cNe": -6.854404451533576, "log_nD": 18.839238532776477, "log_nNe": 18.112181224014257}, "datetime": {"datetime": "2022-05-11 14:19:53", "elapsed": 87167.860808, "delta": 83.313056}}
{"target": -500.0, "params": {"cD2": -8.61608079789129, "cNe": -4.0037353694326026, "log_nD": 17.747696205718114, "log_nNe": 18.256853219212324}, "datetime": {"datetime": "2022-05-11 14:21:31", "elapsed": 87265.925357, "delta": 98.064549}}
{"target": -500.0, "params": {"cD2": 4.135072819924133, "cNe": -1.1329879843133064, "log_nD": 17.057969494616867, "log_nNe": 19.775988708874664}, "datetime": {"datetime": "2022-05-11 14:22:12", "elapsed": 87307.696343, "delta": 41.770986}}
{"target": -500.0, "params": {"cD2": 4.366348414799538, "cNe": -2.076130971994744, "log_nD": 17.21315409677383, "log_nNe": 18.060877370945693}, "datetime": {"datetime": "2022-05-11 14:24:40", "elapsed": 87455.110721, "delta": 147.414378}}
{"target": -500.0, "params": {"cD2": -2.9076092746406483, "cNe": -6.036841838195665, "log_nD": 19.11863491327412, "log_nNe": 16.75255004632174}, "datetime": {"datetime": "2022-05-11 14:29:36", "elapsed": 87751.378745, "delta": 296.268024}}
{"target": -500.0, "params": {"cD2": -4.414549652163218, "cNe": 4.482824824636051, "log_nD": 21.292781752160685, "log_nNe": 20.138751195730396}, "datetime": {"datetime": "2022-05-11 14:30:28", "elapsed": 87803.076376, "delta": 51.697631}}
{"target": -121.87002718722411, "params": {"cD2": 4.3949239816256, "cNe": -3.609590697458739, "log_nD": 20.819921635505704, "log_nNe": 18.860688778564846}, "datetime": {"datetime": "2022-05-11 14:33:55", "elapsed": 88010.042583, "delta": 206.966207}}
{"target": -500.0, "params": {"cD2": -1.923090791330214, "cNe": 3.320145139309098, "log_nD": 21.67680645922487, "log_nNe": 17.330905381203948}, "datetime": {"datetime": "2022-05-11 14:34:41", "elapsed": 88055.827339, "delta": 45.784756}}
{"target": -500.0, "params": {"cD2": 3.9405916288643748, "cNe": -1.94218729337811, "log_nD": 19.443699720393777, "log_nNe": 20.74275389997838}, "datetime": {"datetime": "2022-05-11 14:35:16", "elapsed": 88091.405456, "delta": 35.578117}}
{"target": -500.0, "params": {"cD2": -3.072290803175901, "cNe": -6.227824594895917, "log_nD": 17.72929594402892, "log_nNe": 17.806340716122232}, "datetime": {"datetime": "2022-05-11 14:37:49", "elapsed": 88244.63638, "delta": 153.230924}}
{"target": -102.14765814796729, "params": {"cD2": -7.984789922706272, "cNe": 0.21160477920643395, "log_nD": 17.643823207876622, "log_nNe": 19.347627478265025}, "datetime": {"datetime": "2022-05-11 14:41:10", "elapsed": 88445.007531, "delta": 200.371151}}
{"target": -500.0, "params": {"cD2": -5.327780803731136, "cNe": -0.45202445342137665, "log_nD": 17.382194534549548, "log_nNe": 20.588954938865847}, "datetime": {"datetime": "2022-05-11 14:41:46", "elapsed": 88480.815358, "delta": 35.807827}}
{"target": -500.0, "params": {"cD2": -7.084468443350763, "cNe": 1.1435330967299553, "log_nD": 17.170204553818404, "log_nNe": 18.360868931363314}, "datetime": {"datetime": "2022-05-11 14:43:44", "elapsed": 88598.838653, "delta": 118.023295}}
{"target": -500.0, "params": {"cD2": -5.01202229385258, "cNe": -6.079256694259718, "log_nD": 21.00773136197927, "log_nNe": 20.283315403483222}, "datetime": {"datetime": "2022-05-11 14:44:40", "elapsed": 88655.610559, "delta": 56.771906}}
{"target": -500.0, "params": {"cD2": -4.727134319316385, "cNe": 5.649550822215707, "log_nD": 20.184532529776686, "log_nNe": 19.304894828514765}, "datetime": {"datetime": "2022-05-11 14:45:22", "elapsed": 88697.026123, "delta": 41.415564}}
{"target": -500.0, "params": {"cD2": -1.704485428069263, "cNe": -5.038024666903668, "log_nD": 20.570239578833476, "log_nNe": 20.754354217615788}, "datetime": {"datetime": "2022-05-11 14:45:55", "elapsed": 88730.609881, "delta": 33.583758}}
{"target": -500.0, "params": {"cD2": -1.8888070555140022, "cNe": -6.459843094078091, "log_nD": 19.521614139664035, "log_nNe": 20.46855651569136}, "datetime": {"datetime": "2022-05-11 14:54:01", "elapsed": 89216.199756, "delta": 485.589875}}
{"target": -109.16342540556717, "params": {"cD2": -5.358698358657715, "cNe": -6.0400924386479, "log_nD": 17.723019160526544, "log_nNe": 18.76751900853363}, "datetime": {"datetime": "2022-05-11 14:56:56", "elapsed": 89391.124738, "delta": 174.924982}}
{"target": -500.0, "params": {"cD2": -2.2293639036256074, "cNe": -6.9181981055473205, "log_nD": 20.569587145038362, "log_nNe": 17.104968059287092}, "datetime": {"datetime": "2022-05-11 14:57:48", "elapsed": 89443.358277, "delta": 52.233539}}
{"target": -500.0, "params": {"cD2": -3.574617072224665, "cNe": -6.940687355783348, "log_nD": 21.13116753509017, "log_nNe": 19.575915917172896}, "datetime": {"datetime": "2022-05-11 14:58:36", "elapsed": 89491.184255, "delta": 47.825978}}
{"target": -105.11282171816156, "params": {"cD2": 1.489057678607574, "cNe": -6.027846937242208, "log_nD": 17.747381590344798, "log_nNe": 18.921181965099542}, "datetime": {"datetime": "2022-05-11 15:01:27", "elapsed": 89662.293798, "delta": 171.109543}}
{"target": -500.0, "params": {"cD2": 4.723214744766184, "cNe": -0.3458050264742826, "log_nD": 18.535182090683303, "log_nNe": 19.539672542688287}, "datetime": {"datetime": "2022-05-11 15:02:08", "elapsed": 89703.402102, "delta": 41.108304}}
{"target": -500.0, "params": {"cD2": -6.5047813788301925, "cNe": -6.031499450673338, "log_nD": 18.290771899678955, "log_nNe": 20.202288579226305}, "datetime": {"datetime": "2022-05-11 15:02:53", "elapsed": 89747.996818, "delta": 44.594716}}
{"target": -500.0, "params": {"cD2": -0.6894790184689348, "cNe": -6.509363334443589, "log_nD": 19.573234459737023, "log_nNe": 17.16221550798323}, "datetime": {"datetime": "2022-05-11 15:05:06", "elapsed": 89880.835668, "delta": 132.83885}}
{"target": -107.24782409872446, "params": {"cD2": -1.6485746312186633, "cNe": -6.9010150251435, "log_nD": 20.515654120338322, "log_nNe": 19.11319018363362}, "datetime": {"datetime": "2022-05-11 15:07:34", "elapsed": 90029.071292, "delta": 148.235624}}
{"target": -106.59059629964628, "params": {"cD2": -7.654266397480954, "cNe": -6.692027742642129, "log_nD": 18.94536969473071, "log_nNe": 18.964102495089836}, "datetime": {"datetime": "2022-05-11 15:10:16", "elapsed": 90191.727969, "delta": 162.656677}}
{"target": -74.67478985589561, "params": {"cD2": -8.391527343264876, "cNe": -5.64449347952334, "log_nD": 20.02290060902318, "log_nNe": 19.618300261305947}, "datetime": {"datetime": "2022-05-11 15:13:11", "elapsed": 90365.920463, "delta": 174.192494}}
{"target": -500.0, "params": {"cD2": -3.6288437791624544, "cNe": -6.81807841177548, "log_nD": 19.472369943837755, "log_nNe": 20.039466237849144}, "datetime": {"datetime": "2022-05-11 15:15:05", "elapsed": 90480.076862, "delta": 114.156399}}
{"target": -500.0, "params": {"cD2": 3.900155774168352, "cNe": 0.6453152131448822, "log_nD": 18.041465906322127, "log_nNe": 20.735383465049537}, "datetime": {"datetime": "2022-05-11 15:15:45", "elapsed": 90519.816001, "delta": 39.739139}}
{"target": -500.0, "params": {"cD2": -6.250815858854924, "cNe": 1.1917137789015317, "log_nD": 17.065179919709852, "log_nNe": 19.898092350734633}, "datetime": {"datetime": "2022-05-11 15:16:30", "elapsed": 90564.936793, "delta": 45.120792}}
{"target": -500.0, "params": {"cD2": -7.600674504440448, "cNe": -6.170738582967565, "log_nD": 19.261693360302694, "log_nNe": 17.386786037782375}, "datetime": {"datetime": "2022-05-11 15:17:44", "elapsed": 90639.095357, "delta": 74.158564}}
{"target": -500.0, "params": {"cD2": -5.199099368693814, "cNe": 0.47929344579523026, "log_nD": 17.184960690407742, "log_nNe": 18.564816055207814}, "datetime": {"datetime": "2022-05-11 15:19:28", "elapsed": 90743.112507, "delta": 104.01715}}
{"target": -500.0, "params": {"cD2": -2.471443532137556, "cNe": 4.9654188818653395, "log_nD": 21.678879078795852, "log_nNe": 18.75336084655786}, "datetime": {"datetime": "2022-05-11 15:20:14", "elapsed": 90789.428089, "delta": 46.315582}}
{"target": -232.8421162948972, "params": {"cD2": 3.656057651879504, "cNe": -4.492613230303909, "log_nD": 21.025326387643606, "log_nNe": 17.692883923384876}, "datetime": {"datetime": "2022-05-11 15:23:31", "elapsed": 90985.825022, "delta": 196.396933}}
{"target": -500.0, "params": {"cD2": -8.04020449614985, "cNe": 0.009389195262153635, "log_nD": 21.245252433103282, "log_nNe": 20.187582945416505}, "datetime": {"datetime": "2022-05-11 15:24:29", "elapsed": 91044.453025, "delta": 58.628003}}
{"target": -500.0, "params": {"cD2": 4.44588592498022, "cNe": -4.107200618972377, "log_nD": 19.549861887557093, "log_nNe": 17.92286341229028}, "datetime": {"datetime": "2022-05-11 15:26:50", "elapsed": 91185.190397, "delta": 140.737372}}
{"target": -500.0, "params": {"cD2": -5.415359474505524, "cNe": -5.313638480251402, "log_nD": 17.022877078567788, "log_nNe": 20.310690218511393}, "datetime": {"datetime": "2022-05-11 15:27:32", "elapsed": 91227.246376, "delta": 42.055979}}
{"target": -131.27394970956803, "params": {"cD2": 0.25466294165695663, "cNe": -7.260479904968899, "log_nD": 19.987979718854064, "log_nNe": 18.50866232208685}, "datetime": {"datetime": "2022-05-11 15:30:22", "elapsed": 91397.346591, "delta": 170.100215}}
{"target": -500.0, "params": {"cD2": -0.3663160538344581, "cNe": -6.051204444171297, "log_nD": 20.758657143049206, "log_nNe": 20.105848515697982}, "datetime": {"datetime": "2022-05-11 15:33:13", "elapsed": 91568.326311, "delta": 170.97972}}
{"target": -500.0, "params": {"cD2": -8.639364934894925, "cNe": -5.718327734057676, "log_nD": 20.50721989123637, "log_nNe": 18.04370511165349}, "datetime": {"datetime": "2022-05-11 15:34:18", "elapsed": 91633.343714, "delta": 65.017403}}
{"target": -500.0, "params": {"cD2": -4.033085038696269, "cNe": -6.155861094533986, "log_nD": 17.77273471355993, "log_nNe": 19.919608082676046}, "datetime": {"datetime": "2022-05-11 15:35:03", "elapsed": 91678.611647, "delta": 45.267933}}
{"target": -500.0, "params": {"cD2": -7.371769168253124, "cNe": -0.12151143306676815, "log_nD": 18.402726480706026, "log_nNe": 20.974108313013637}, "datetime": {"datetime": "2022-05-11 18:04:29", "elapsed": 100644.066297, "delta": 8965.45465}}
{"target": -500.0, "params": {"cD2": -4.207579865906208, "cNe": 4.96943251805848, "log_nD": 21.698753167419888, "log_nNe": 18.601661679646245}, "datetime": {"datetime": "2022-05-11 18:05:11", "elapsed": 100686.620369, "delta": 42.554072}}
{"target": -209.23215398565998, "params": {"cD2": -4.223831174205286, "cNe": -7.338721817560594, "log_nD": 18.098499153082194, "log_nNe": 18.584843445667072}, "datetime": {"datetime": "2022-05-11 18:08:38", "elapsed": 100893.379092, "delta": 206.758723}}
{"target": -500.0, "params": {"cD2": -5.0817690635570765, "cNe": -0.7434088638894565, "log_nD": 20.276482749186687, "log_nNe": 20.765231454766255}, "datetime": {"datetime": "2022-05-11 18:09:17", "elapsed": 100931.794317, "delta": 38.415225}}
{"target": -500.0, "params": {"cD2": -7.645424583462677, "cNe": -6.1389629500909075, "log_nD": 21.388279268584093, "log_nNe": 19.35031998359273}, "datetime": {"datetime": "2022-05-11 18:10:17", "elapsed": 100992.48154, "delta": 60.687223}}
{"target": -72.63634678088904, "params": {"cD2": -3.1294953682264905, "cNe": 5.587428687090918, "log_nD": 20.547315628263384, "log_nNe": 19.592667591366833}, "datetime": {"datetime": "2022-05-11 18:12:38", "elapsed": 101133.004855, "delta": 140.523315}}
{"target": -238.96235039625032, "params": {"cD2": -1.1866084445512717, "cNe": -7.908799177684913, "log_nD": 20.129576796814387, "log_nNe": 17.977179005700076}, "datetime": {"datetime": "2022-05-11 18:15:17", "elapsed": 101292.61258, "delta": 159.607725}}
{"target": -118.6473479913496, "params": {"cD2": -7.7701519709147435, "cNe": -7.21840336395496, "log_nD": 20.37346967594421, "log_nNe": 18.446099427951577}, "datetime": {"datetime": "2022-05-11 18:17:41", "elapsed": 101436.251133, "delta": 143.638553}}
{"target": -500.0, "params": {"cD2": -6.209845880111053, "cNe": -7.293471657313767, "log_nD": 20.990101223828074, "log_nNe": 17.977168666305783}, "datetime": {"datetime": "2022-05-11 18:18:41", "elapsed": 101496.01344, "delta": 59.762307}}
{"target": -500.0, "params": {"cD2": -5.747415847076036, "cNe": -7.392781005554803, "log_nD": 18.52657704710282, "log_nNe": 19.34507144861451}, "datetime": {"datetime": "2022-05-11 18:19:29", "elapsed": 101543.995158, "delta": 47.981718}}
{"target": -151.487505760319, "params": {"cD2": -8.630391912465036, "cNe": -1.2695316238115266, "log_nD": 17.644589323125516, "log_nNe": 19.875538701624254}, "datetime": {"datetime": "2022-05-11 18:22:49", "elapsed": 101743.989275, "delta": 199.994117}}
