{"target": -121.786660296934, "params": {"cD2": 0.9448068772921313, "cNe": -3.594802060868755, "log_nD": 19.397365798955438, "log_nNe": 20.048900931158094}, "datetime": {"datetime": "2022-05-11 00:16:46", "elapsed": 36581.73667, "delta": 278.179562}}
{"target": -104.48273345455561, "params": {"cD2": -1.1884636333028933, "cNe": -4.961606637949182, "log_nD": 20.697704926629193, "log_nNe": 19.05927935453419}, "datetime": {"datetime": "2022-05-11 00:19:17", "elapsed": 36732.337188, "delta": 150.600518}}
{"target": -500.0, "params": {"cD2": -2.110611610861069, "cNe": -5.4981482175437, "log_nD": 19.97266985530239, "log_nNe": 17.823174450991015}, "datetime": {"datetime": "2022-05-11 00:20:36", "elapsed": 36811.626662, "delta": 79.289474}}
{"target": -500.0, "params": {"cD2": -2.751884949100388, "cNe": -5.549560244710085, "log_nD": 20.15738763165963, "log_nNe": 19.461779514217067}, "datetime": {"datetime": "2022-05-11 00:21:15", "elapsed": 36850.743104, "delta": 39.116442}}
{"target": -250.8340887782865, "params": {"cD2": -0.19939582049171184, "cNe": -4.812754525572096, "log_nD": 20.665431642560012, "log_nNe": 17.536558549167545}, "datetime": {"datetime": "2022-05-11 00:23:20", "elapsed": 36975.729306, "delta": 124.986202}}
{"target": -500.0, "params": {"cD2": -4.035067695142238, "cNe": 1.6352799815968595, "log_nD": 17.46151008018445, "log_nNe": 20.39225819294233}, "datetime": {"datetime": "2022-05-11 00:24:11", "elapsed": 37026.538779, "delta": 50.809473}}
{"target": -500.0, "params": {"cD2": -4.020238614072791, "cNe": -3.472473421464766, "log_nD": 18.62737149991465, "log_nNe": 17.859421344861026}, "datetime": {"datetime": "2022-05-11 00:26:30", "elapsed": 37165.255163, "delta": 138.716384}}
{"target": -500.0, "params": {"cD2": -6.954605634984002, "cNe": -1.9331071006443126, "log_nD": 17.376333301821827, "log_nNe": 19.532444830874528}, "datetime": {"datetime": "2022-05-11 00:27:09", "elapsed": 37204.760063, "delta": 39.5049}}
{"target": -500.0, "params": {"cD2": -2.0021534719837746, "cNe": -5.118197540396183, "log_nD": 21.362132324742113, "log_nNe": 17.14366242420091}, "datetime": {"datetime": "2022-05-11 00:27:49", "elapsed": 37243.933171, "delta": 39.173108}}
{"target": -500.0, "params": {"cD2": -0.27749185606771753, "cNe": -4.852803963220755, "log_nD": 19.747929798986945, "log_nNe": 20.461881425201476}, "datetime": {"datetime": "2022-05-11 00:28:24", "elapsed": 37279.001281, "delta": 35.06811}}
{"target": -500.0, "params": {"cD2": -3.8166622738855462, "cNe": -1.5563994948028803, "log_nD": 17.117799080089092, "log_nNe": 17.92760676730102}, "datetime": {"datetime": "2022-05-11 00:31:11", "elapsed": 37446.199223, "delta": 167.197942}}
{"target": -500.0, "params": {"cD2": -2.3156055644044566, "cNe": 4.566748629503351, "log_nD": 19.881782688689494, "log_nNe": 18.43783542909947}, "datetime": {"datetime": "2022-05-11 00:32:30", "elapsed": 37525.243416, "delta": 79.044193}}
{"target": -500.0, "params": {"cD2": -0.6456602712088273, "cNe": 2.2667941914269107, "log_nD": 21.202119347653973, "log_nNe": 20.006903166735857}, "datetime": {"datetime": "2022-05-11 00:33:48", "elapsed": 37603.078365, "delta": 77.834949}}
{"target": -110.5625051643396, "params": {"cD2": 1.208650040719439, "cNe": 0.43246399132977587, "log_nD": 21.435645303374816, "log_nNe": 19.880145301483935}, "datetime": {"datetime": "2022-05-11 00:37:01", "elapsed": 37796.253011, "delta": 193.174646}}
{"target": -126.54029219504274, "params": {"cD2": -3.8490437746964594, "cNe": -5.641190193564072, "log_nD": 20.434501781293488, "log_nNe": 17.962201765058015}, "datetime": {"datetime": "2022-05-11 00:38:57", "elapsed": 37912.631881, "delta": 116.37887}}
{"target": -101.35105586002227, "params": {"cD2": -4.429387418163676, "cNe": 4.10027684671007, "log_nD": 20.30681847269939, "log_nNe": 18.869893155424016}, "datetime": {"datetime": "2022-05-11 00:40:54", "elapsed": 38029.008114, "delta": 116.376233}}
{"target": -216.18246649138, "params": {"cD2": 1.3940495387200602, "cNe": -4.057706130568996, "log_nD": 19.64232883621605, "log_nNe": 18.499069806344796}, "datetime": {"datetime": "2022-05-11 00:43:46", "elapsed": 38200.98312, "delta": 171.975006}}
{"target": -500.0, "params": {"cD2": -4.544486819075101, "cNe": -3.960783850082896, "log_nD": 18.39534519701725, "log_nNe": 20.608888545547394}, "datetime": {"datetime": "2022-05-11 00:44:19", "elapsed": 38234.461316, "delta": 33.478196}}
{"target": -108.65238238187015, "params": {"cD2": -3.5985641861805067, "cNe": -5.899347394547088, "log_nD": 18.868263961824194, "log_nNe": 18.79153484913619}, "datetime": {"datetime": "2022-05-11 00:47:06", "elapsed": 38401.088445, "delta": 166.627129}}
{"target": -96.91806226099693, "params": {"cD2": -7.351444533333257, "cNe": -3.9216407012970085, "log_nD": 18.387190635712493, "log_nNe": 19.037311891609622}, "datetime": {"datetime": "2022-05-11 00:50:01", "elapsed": 38576.159845, "delta": 175.0714}}
{"target": -500.0, "params": {"cD2": -2.19339035801391, "cNe": 4.139409085506292, "log_nD": 18.04625545108307, "log_nNe": 19.265219348134142}, "datetime": {"datetime": "2022-05-11 00:51:08", "elapsed": 38642.973766, "delta": 66.813921}}
{"target": -130.1004480892309, "params": {"cD2": 2.983518027242706, "cNe": -0.4609986640386676, "log_nD": 20.833772698802, "log_nNe": 18.559516905344047}, "datetime": {"datetime": "2022-05-11 00:54:08", "elapsed": 38823.234272, "delta": 180.260506}}
{"target": -500.0, "params": {"cD2": 4.293721814333878, "cNe": -11.315348391086928, "log_nD": 19.33328240877609, "log_nNe": 15.214664958375808}, "datetime": {"datetime": "2022-05-11 01:02:00", "elapsed": 39295.609643, "delta": 472.375371}}
{"target": -500.0, "params": {"cD2": 3.3881369440839997, "cNe": -0.6332190011959842, "log_nD": 19.8182583476575, "log_nNe": 19.81254180973046}, "datetime": {"datetime": "2022-05-11 08:03:09", "elapsed": 64564.656895, "delta": 25269.047252}}
{"target": -500.0, "params": {"cD2": -1.698562568487338, "cNe": 0.2741195692888052, "log_nD": 19.017523493818913, "log_nNe": 18.13491533988912}, "datetime": {"datetime": "2022-05-11 08:05:05", "elapsed": 64680.059233, "delta": 115.402338}}
{"target": -137.50569080709346, "params": {"cD2": 1.9291652619954878, "cNe": -2.3382117557539353, "log_nD": 20.481352468376993, "log_nNe": 18.32017286392005}, "datetime": {"datetime": "2022-05-11 08:07:55", "elapsed": 64850.465092, "delta": 170.405859}}
{"target": -500.0, "params": {"cD2": -5.207378490154264, "cNe": -2.495311201362295, "log_nD": 21.549046685666045, "log_nNe": 17.23141870824055}, "datetime": {"datetime": "2022-05-11 08:08:35", "elapsed": 64890.38302, "delta": 39.917928}}
{"target": -500.0, "params": {"cD2": -1.7215974165139656, "cNe": -0.9904373793277106, "log_nD": 21.995182248757242, "log_nNe": 17.924471232457133}, "datetime": {"datetime": "2022-05-11 08:09:15", "elapsed": 64929.963413, "delta": 39.580393}}
{"target": -127.83196087825209, "params": {"cD2": 1.6219570497333233, "cNe": -2.132151118640852, "log_nD": 21.160217814435306, "log_nNe": 19.462752285337373}, "datetime": {"datetime": "2022-05-11 08:12:18", "elapsed": 65112.778389, "delta": 182.814976}}
{"target": -130.8178285973124, "params": {"cD2": 2.4804332417979804, "cNe": -0.43076861988126575, "log_nD": 20.841190850088246, "log_nNe": 18.37991671666608}, "datetime": {"datetime": "2022-05-11 08:15:12", "elapsed": 65286.940087, "delta": 174.161698}}
{"target": -107.30271668811892, "params": {"cD2": 2.8891485770289265, "cNe": -2.6034816219864734, "log_nD": 21.05720926429037, "log_nNe": 19.251590213823405}, "datetime": {"datetime": "2022-05-11 08:18:28", "elapsed": 65483.184694, "delta": 196.244607}}
{"target": -252.26894403296984, "params": {"cD2": 0.8917631794411989, "cNe": -3.4538833503020836, "log_nD": 20.697278530351102, "log_nNe": 17.585213131076728}, "datetime": {"datetime": "2022-05-11 08:20:53", "elapsed": 65627.896158, "delta": 144.711464}}
{"target": -103.16817629645575, "params": {"cD2": -5.442831009256427, "cNe": -0.07342072391953103, "log_nD": 19.190410138244562, "log_nNe": 19.089598236393087}, "datetime": {"datetime": "2022-05-11 08:23:48", "elapsed": 65803.629719, "delta": 175.733561}}
{"target": -98.19325554057548, "params": {"cD2": -8.123969775442509, "cNe": -2.3070525357062923, "log_nD": 18.498387970682327, "log_nNe": 18.959241832594685}, "datetime": {"datetime": "2022-05-11 08:26:43", "elapsed": 65978.515717, "delta": 174.885998}}
{"target": -500.0, "params": {"cD2": -0.29190329704605444, "cNe": 3.5675138615417503, "log_nD": 18.128470680326345, "log_nNe": 18.607642058261632}, "datetime": {"datetime": "2022-05-11 08:28:18", "elapsed": 66073.69493, "delta": 95.179213}}
{"target": -98.28520717400652, "params": {"cD2": 1.4863645957013425, "cNe": -2.6267983385827147, "log_nD": 19.752132927802723, "log_nNe": 19.36767686983293}, "datetime": {"datetime": "2022-05-11 08:31:15", "elapsed": 66250.472006, "delta": 176.777076}}
{"target": -117.20611987197668, "params": {"cD2": -0.07504137460737455, "cNe": 4.042355648692782, "log_nD": 19.770034442095803, "log_nNe": 19.64188710562109}, "datetime": {"datetime": "2022-05-11 08:34:16", "elapsed": 66431.501082, "delta": 181.029076}}
{"target": -500.0, "params": {"cD2": 2.785431847428786, "cNe": 1.1317949027405518, "log_nD": 20.53498546596113, "log_nNe": 19.811553296922412}, "datetime": {"datetime": "2022-05-11 08:34:54", "elapsed": 66469.47207, "delta": 37.970988}}
{"target": -98.56680550264781, "params": {"cD2": 3.1743153257991494, "cNe": 0.19454134543672552, "log_nD": 20.08185973766603, "log_nNe": 19.468736204703752}, "datetime": {"datetime": "2022-05-11 08:38:21", "elapsed": 66676.099856, "delta": 206.627786}}
{"target": -145.9864127233102, "params": {"cD2": 3.526859860160098, "cNe": -2.444357570667325, "log_nD": 21.15441571084599, "log_nNe": 17.971972264104238}, "datetime": {"datetime": "2022-05-11 08:41:25", "elapsed": 66859.880879, "delta": 183.781023}}
{"target": -500.0, "params": {"cD2": -5.582327635341676, "cNe": -0.740566942439516, "log_nD": 18.710975254342607, "log_nNe": 15.810918817166295}, "datetime": {"datetime": "2022-05-11 08:47:35", "elapsed": 67230.075436, "delta": 370.194557}}
{"target": -119.52118633688839, "params": {"cD2": 2.5287504095975066, "cNe": -2.3695534177876247, "log_nD": 18.940158291950063, "log_nNe": 18.67234458774252}, "datetime": {"datetime": "2022-05-11 08:50:28", "elapsed": 67402.845825, "delta": 172.770389}}
{"target": -500.0, "params": {"cD2": 3.4715713981788063, "cNe": 2.094569482959809, "log_nD": 18.69376033754239, "log_nNe": 19.844794512942716}, "datetime": {"datetime": "2022-05-11 08:51:07", "elapsed": 67442.39982, "delta": 39.553995}}
{"target": -99.98973582414041, "params": {"cD2": 3.762274521338653, "cNe": -2.08710107513634, "log_nD": 19.907970203614795, "log_nNe": 19.125910729597535}, "datetime": {"datetime": "2022-05-11 08:54:21", "elapsed": 67636.499495, "delta": 194.099675}}
{"target": -500.0, "params": {"cD2": 0.5763568007345578, "cNe": -5.13851097065223, "log_nD": 20.525742016198134, "log_nNe": 19.13706456649146}, "datetime": {"datetime": "2022-05-11 08:54:59", "elapsed": 67674.663635, "delta": 38.16414}}
{"target": -500.0, "params": {"cD2": 2.8446019187142424, "cNe": -1.5035776232970526, "log_nD": 20.744777535360907, "log_nNe": 17.291079653114437}, "datetime": {"datetime": "2022-05-11 08:56:42", "elapsed": 67777.193519, "delta": 102.529884}}
{"target": -500.0, "params": {"cD2": -6.270684744159798, "cNe": -1.5581615300980824, "log_nD": 19.239466749550896, "log_nNe": 20.92230304625439}, "datetime": {"datetime": "2022-05-11 08:57:15", "elapsed": 67810.416933, "delta": 33.223414}}
{"target": -500.0, "params": {"cD2": -3.563859833600443, "cNe": 4.029883308486517, "log_nD": 18.949204347766834, "log_nNe": 17.751680295962856}, "datetime": {"datetime": "2022-05-11 09:00:20", "elapsed": 67994.871, "delta": 184.454067}}
{"target": -148.48050008052192, "params": {"cD2": 1.6228481572529407, "cNe": -3.834665722767054, "log_nD": 20.974503528286785, "log_nNe": 19.5494435754294}, "datetime": {"datetime": "2022-05-11 09:03:23", "elapsed": 68178.358128, "delta": 183.487128}}
{"target": -500.0, "params": {"cD2": -5.656671902278149, "cNe": 0.9069355307527829, "log_nD": 18.31737021140091, "log_nNe": 20.974005809929295}, "datetime": {"datetime": "2022-05-11 09:03:56", "elapsed": 68211.178041, "delta": 32.819913}}
{"target": -144.20071985302343, "params": {"cD2": 3.014462332425978, "cNe": -3.5946995558283157, "log_nD": 19.993266114313535, "log_nNe": 18.457908334043076}, "datetime": {"datetime": "2022-05-11 09:06:53", "elapsed": 68388.01764, "delta": 176.839599}}
{"target": -500.0, "params": {"cD2": -1.7971824583988285, "cNe": -2.9624589825664107, "log_nD": 21.658080443647933, "log_nNe": 20.218179483575415}, "datetime": {"datetime": "2022-05-11 09:07:59", "elapsed": 68454.396502, "delta": 66.378862}}
{"target": -500.0, "params": {"cD2": -5.382996794425362, "cNe": 3.3423471768401365, "log_nD": 19.419801356766484, "log_nNe": 17.37050210933999}, "datetime": {"datetime": "2022-05-11 09:09:14", "elapsed": 68529.560832, "delta": 75.16433}}
{"target": -500.0, "params": {"cD2": -3.571782972895758, "cNe": 3.0096720354162243, "log_nD": 20.73818876736519, "log_nNe": 20.76528646772557}, "datetime": {"datetime": "2022-05-11 09:09:55", "elapsed": 68570.194691, "delta": 40.633859}}
{"target": -500.0, "params": {"cD2": -3.8944432811637566, "cNe": 3.159303838011194, "log_nD": 22.0, "log_nNe": 19.449180279327262}, "datetime": {"datetime": "2022-05-11 09:10:35", "elapsed": 68610.589795, "delta": 40.395104}}
{"target": -500.0, "params": {"cD2": -1.5784183386834956, "cNe": 4.816249959696304, "log_nD": 19.391808129254073, "log_nNe": 19.936877098266997}, "datetime": {"datetime": "2022-05-11 09:11:14", "elapsed": 68649.48699, "delta": 38.897195}}
{"target": -210.4891650290125, "params": {"cD2": -6.473343572537701, "cNe": 3.393846711360069, "log_nD": 19.377357993848566, "log_nNe": 18.75299874264006}, "datetime": {"datetime": "2022-05-11 09:14:01", "elapsed": 68816.098536, "delta": 166.611546}}
{"target": -102.8732864814013, "params": {"cD2": -0.8322379997659493, "cNe": -5.925991304353856, "log_nD": 19.40247204808806, "log_nNe": 19.103281315675968}, "datetime": {"datetime": "2022-05-11 09:16:36", "elapsed": 68970.850649, "delta": 154.752113}}
{"target": -500.0, "params": {"cD2": 2.8892608566720455, "cNe": -2.5138933578921723, "log_nD": 18.354040844214165, "log_nNe": 20.142834051142035}, "datetime": {"datetime": "2022-05-11 09:17:33", "elapsed": 69028.773356, "delta": 57.922707}}
{"target": -500.0, "params": {"cD2": -3.991572719285994, "cNe": -3.364804430281133, "log_nD": 18.934315425904135, "log_nNe": 15.573470353303751}, "datetime": {"datetime": "2022-05-11 09:23:02", "elapsed": 69356.919041, "delta": 328.145685}}
{"target": -500.0, "params": {"cD2": -3.5897613544353106, "cNe": -1.6611472022375189, "log_nD": 21.915477718016376, "log_nNe": 18.037579007547738}, "datetime": {"datetime": "2022-05-11 09:23:43", "elapsed": 69397.859069, "delta": 40.940028}}
{"target": -500.0, "params": {"cD2": 2.488761965035854, "cNe": -3.9053676742092893, "log_nD": 18.779701235520164, "log_nNe": 19.486616593877116}, "datetime": {"datetime": "2022-05-11 09:24:22", "elapsed": 69437.210939, "delta": 39.35187}}
{"target": -500.0, "params": {"cD2": -4.493710349565118, "cNe": 0.30349831473293576, "log_nD": 21.415432256912393, "log_nNe": 20.747815581187528}, "datetime": {"datetime": "2022-05-11 09:25:09", "elapsed": 69484.328042, "delta": 47.117103}}
{"target": -500.0, "params": {"cD2": -1.257803135510834, "cNe": -5.252466212991823, "log_nD": 18.41321856184517, "log_nNe": 17.84276513494126}, "datetime": {"datetime": "2022-05-11 09:27:36", "elapsed": 69630.928148, "delta": 146.600106}}
{"target": -12.818066563555213, "params": {"cD2": -5.435557698867151, "cNe": 3.4062303685728086, "log_nD": 20.426681060539384, "log_nNe": 19.964646066217245}, "datetime": {"datetime": "2022-05-11 09:30:19", "elapsed": 69794.630629, "delta": 163.702481}}
{"target": -121.00963632618526, "params": {"cD2": 3.288477122681066, "cNe": 0.6149701793280816, "log_nD": 17.84955225269133, "log_nNe": 19.21188223827311}, "datetime": {"datetime": "2022-05-11 09:33:28", "elapsed": 69983.107922, "delta": 188.477293}}
{"target": -500.0, "params": {"cD2": -5.79733383914398, "cNe": -4.4527321427695075, "log_nD": 19.443186610583567, "log_nNe": 20.340056314158236}, "datetime": {"datetime": "2022-05-11 09:34:04", "elapsed": 70018.875451, "delta": 35.767529}}
{"target": -500.0, "params": {"cD2": -4.119218922775672, "cNe": 4.168814219007674, "log_nD": 19.572193139552397, "log_nNe": 20.33340306591243}, "datetime": {"datetime": "2022-05-11 09:34:59", "elapsed": 70074.013191, "delta": 55.13774}}
{"target": -96.87085239999092, "params": {"cD2": -1.2955478175613824, "cNe": -4.51902659968428, "log_nD": 17.349631683166365, "log_nNe": 19.075966514792054}, "datetime": {"datetime": "2022-05-11 09:37:50", "elapsed": 70245.574556, "delta": 171.561365}}
{"target": -500.0, "params": {"cD2": 0.5176211809946771, "cNe": 2.8958088780659494, "log_nD": 20.085222605284788, "log_nNe": 20.676927195586156}, "datetime": {"datetime": "2022-05-11 09:38:30", "elapsed": 70285.686385, "delta": 40.111829}}
{"target": -94.99624759986852, "params": {"cD2": -5.480047874647011, "cNe": -5.197989524304657, "log_nD": 20.63090766704444, "log_nNe": 18.99997255169448}, "datetime": {"datetime": "2022-05-11 09:40:57", "elapsed": 70432.469052, "delta": 146.782667}}
{"target": -99.61907789945529, "params": {"cD2": -5.892664699265606, "cNe": -3.7650447628749966, "log_nD": 17.013715052099382, "log_nNe": 19.40658985720126}, "datetime": {"datetime": "2022-05-11 09:43:40", "elapsed": 70595.115446, "delta": 162.646394}}
{"target": -500.0, "params": {"cD2": -5.379438814842186, "cNe": -0.42379221772576514, "log_nD": 17.52721358067896, "log_nNe": 20.574470842937814}, "datetime": {"datetime": "2022-05-11 09:44:16", "elapsed": 70631.108673, "delta": 35.993227}}
{"target": -91.09733356645071, "params": {"cD2": -2.1311550395281516, "cNe": -5.968877008210448, "log_nD": 18.091927298353724, "log_nNe": 19.308182236000086}, "datetime": {"datetime": "2022-05-11 09:47:02", "elapsed": 70797.54313, "delta": 166.434457}}
{"target": -500.0, "params": {"cD2": 0.12964764162338227, "cNe": -4.2616176402552775, "log_nD": 21.35819050769618, "log_nNe": 20.20162515950276}, "datetime": {"datetime": "2022-05-11 09:49:18", "elapsed": 70933.117576, "delta": 135.574446}}
{"target": -89.08952388737949, "params": {"cD2": 0.8043665348950436, "cNe": -4.6570291385805085, "log_nD": 18.27709791660426, "log_nNe": 19.329059593946127}, "datetime": {"datetime": "2022-05-11 09:52:04", "elapsed": 71099.345378, "delta": 166.227802}}
{"target": -500.0, "params": {"cD2": -1.2862305593374006, "cNe": -5.303410751824061, "log_nD": 18.387057561009165, "log_nNe": 20.458847295326315}, "datetime": {"datetime": "2022-05-11 09:52:39", "elapsed": 71134.506789, "delta": 35.161411}}
{"target": -500.0, "params": {"cD2": -7.286011653591699, "cNe": -2.3386752438795373, "log_nD": 17.116809013560662, "log_nNe": 18.061793747913853}, "datetime": {"datetime": "2022-05-11 09:55:00", "elapsed": 71274.848998, "delta": 140.342209}}
{"target": -224.02499653344552, "params": {"cD2": 3.336843069541844, "cNe": -1.0969075249761222, "log_nD": 17.98627575383728, "log_nNe": 18.565783080715544}, "datetime": {"datetime": "2022-05-11 09:58:22", "elapsed": 71477.115496, "delta": 202.266498}}
{"target": -500.0, "params": {"cD2": -6.441810089082581, "cNe": -4.355677131316488, "log_nD": 20.738859423319973, "log_nNe": 17.380502393904187}, "datetime": {"datetime": "2022-05-11 09:59:18", "elapsed": 71533.27854, "delta": 56.163044}}
{"target": -500.0, "params": {"cD2": 2.1287932634751243, "cNe": -2.469001408442441, "log_nD": 17.512686725967338, "log_nNe": 17.596898973398115}, "datetime": {"datetime": "2022-05-11 10:02:59", "elapsed": 71754.589734, "delta": 221.311194}}
{"target": -86.5110896010489, "params": {"cD2": -3.790642945027024, "cNe": -0.22036870254868113, "log_nD": 20.37969206524883, "log_nNe": 19.32109266197485}, "datetime": {"datetime": "2022-05-11 10:05:34", "elapsed": 71909.014693, "delta": 154.424959}}
{"target": -97.47604868239397, "params": {"cD2": -0.36307149519602006, "cNe": -5.757092386746363, "log_nD": 17.845870203682928, "log_nNe": 19.156452991850976}, "datetime": {"datetime": "2022-05-11 10:08:17", "elapsed": 72072.079807, "delta": 163.065114}}
{"target": -500.0, "params": {"cD2": -0.29667134410891444, "cNe": -1.625822847068017, "log_nD": 21.810755188794083, "log_nNe": 20.320378629433726}, "datetime": {"datetime": "2022-05-11 10:09:25", "elapsed": 72140.474595, "delta": 68.394788}}
{"target": -500.0, "params": {"cD2": 0.5418449742088054, "cNe": -5.854509254700753, "log_nD": 19.02609247596432, "log_nNe": 18.05746351391239}, "datetime": {"datetime": "2022-05-11 10:11:17", "elapsed": 72252.376866, "delta": 111.902271}}
{"target": -500.0, "params": {"cD2": 2.3317044541341385, "cNe": -2.816998800789989, "log_nD": 19.927810545299003, "log_nNe": 20.56965576109513}, "datetime": {"datetime": "2022-05-11 10:11:54", "elapsed": 72288.948199, "delta": 36.571333}}
{"target": -161.19992451708623, "params": {"cD2": -4.37728581909198, "cNe": 1.7151456944557744, "log_nD": 19.476682774855764, "log_nNe": 18.695351281048328}, "datetime": {"datetime": "2022-05-11 10:14:37", "elapsed": 72452.395121, "delta": 163.446922}}
{"target": -500.0, "params": {"cD2": 0.6624400731185096, "cNe": -5.995867284437, "log_nD": 19.07546965494222, "log_nNe": 19.837414768231962}, "datetime": {"datetime": "2022-05-11 10:15:35", "elapsed": 72510.686735, "delta": 58.291614}}
{"target": -500.0, "params": {"cD2": -6.763771119131878, "cNe": -4.691266911099795, "log_nD": 18.89827649377714, "log_nNe": 17.6851304338736}, "datetime": {"datetime": "2022-05-11 10:17:31", "elapsed": 72626.706985, "delta": 116.02025}}
