{"target": -500.0, "params": {"cD2": -5.196591047664121, "cNe": -3.513465724822027, "log_nD": 20.65834761907941, "log_nNe": 16.126398862494298}, "datetime": {"datetime": "2022-05-10 21:05:53", "elapsed": 25128.327446, "delta": 52.124935}}
{"target": -500.0, "params": {"cD2": -3.2356306859915858, "cNe": -3.9685422711841696, "log_nD": 21.450184293505707, "log_nNe": 16.437927362396497}, "datetime": {"datetime": "2022-05-10 21:06:30", "elapsed": 25165.743801, "delta": 37.416355}}
{"target": -500.0, "params": {"cD2": -6.154905092753791, "cNe": 2.0293322002775938, "log_nD": 18.52083905693395, "log_nNe": 17.833230009753436}, "datetime": {"datetime": "2022-05-10 21:09:36", "elapsed": 25351.123627, "delta": 185.379826}}
{"target": -102.54068351360593, "params": {"cD2": -6.2260878937412185, "cNe": -3.9233905520619805, "log_nD": 19.701135958323636, "log_nNe": 18.77884191449912}, "datetime": {"datetime": "2022-05-10 21:12:00", "elapsed": 25494.827678, "delta": 143.704051}}
{"target": -500.0, "params": {"cD2": -3.0360285231607795, "cNe": 0.28673973990536394, "log_nD": 19.61837251946613, "log_nNe": 17.668585429620077}, "datetime": {"datetime": "2022-05-10 21:13:07", "elapsed": 25561.969014, "delta": 67.141336}}
{"target": -119.47139438807032, "params": {"cD2": 2.44296795788129, "cNe": 1.0843209212841458, "log_nD": 20.54351518300531, "log_nNe": 19.11214604548554}, "datetime": {"datetime": "2022-05-10 21:16:10", "elapsed": 25745.531262, "delta": 183.562248}}
{"target": -500.0, "params": {"cD2": 2.405387199556218, "cNe": 1.1042424731523095, "log_nD": 18.93935925315717, "log_nNe": 20.747665469023218}, "datetime": {"datetime": "2022-05-10 21:16:44", "elapsed": 25778.826926, "delta": 33.295664}}
{"target": -126.85438395117765, "params": {"cD2": 3.506283751595479, "cNe": 0.7204830871274108, "log_nD": 19.610400522973503, "log_nNe": 19.1989099139593}, "datetime": {"datetime": "2022-05-10 21:19:51", "elapsed": 25966.057436, "delta": 187.23051}}
{"target": -88.8555791456253, "params": {"cD2": 1.3434997254822234, "cNe": -2.908989413611221, "log_nD": 17.820964687458492, "log_nNe": 19.297647061369897}, "datetime": {"datetime": "2022-05-10 21:22:49", "elapsed": 26144.738396, "delta": 178.68096}}
{"target": -500.0, "params": {"cD2": 2.0703081819878015, "cNe": -0.2501206616846243, "log_nD": 19.405341341321268, "log_nNe": 20.761185686003568}, "datetime": {"datetime": "2022-05-10 21:27:31", "elapsed": 26426.048051, "delta": 281.309655}}
{"target": -500.0, "params": {"cD2": -2.884309904199399, "cNe": -2.107964245457261, "log_nD": 18.934180313613368, "log_nNe": 17.902879242984774}, "datetime": {"datetime": "2022-05-10 21:29:38", "elapsed": 26553.672741, "delta": 127.62469}}
{"target": -500.0, "params": {"cD2": -6.479369343853823, "cNe": -2.892939966868111, "log_nD": 21.251904256453155, "log_nNe": 18.537953030110387}, "datetime": {"datetime": "2022-05-10 21:30:25", "elapsed": 26599.820893, "delta": 46.148152}}
{"target": -500.0, "params": {"cD2": 3.682070820437442, "cNe": 1.5881702884170146, "log_nD": 19.690114177442975, "log_nNe": 20.933897471728905}, "datetime": {"datetime": "2022-05-10 21:30:57", "elapsed": 26632.220428, "delta": 32.399535}}
{"target": -500.0, "params": {"cD2": -4.9323237557642035, "cNe": -3.919561038924895, "log_nD": 21.5501821995205, "log_nNe": 19.53396750596222}, "datetime": {"datetime": "2022-05-10 21:31:39", "elapsed": 26674.753892, "delta": 42.533464}}
{"target": -500.0, "params": {"cD2": 2.1161017908598723, "cNe": 2.546499283067541, "log_nD": 19.588955419259175, "log_nNe": 20.7015104852753}, "datetime": {"datetime": "2022-05-10 21:32:17", "elapsed": 26712.213543, "delta": 37.459651}}
{"target": -119.63287027936556, "params": {"cD2": -1.0882491435828499, "cNe": -1.6665030929427793, "log_nD": 18.230847075907704, "log_nNe": 18.697804271797295}, "datetime": {"datetime": "2022-05-10 21:35:11", "elapsed": 26886.296036, "delta": 174.082493}}
{"target": -500.0, "params": {"cD2": 3.123250735574196, "cNe": 0.3116851907795777, "log_nD": 20.203546203898995, "log_nNe": 20.725538845487993}, "datetime": {"datetime": "2022-05-10 21:35:45", "elapsed": 26919.806952, "delta": 33.510916}}
{"target": -500.0, "params": {"cD2": -5.058467054621782, "cNe": 0.6253417717367565, "log_nD": 21.98673619154399, "log_nNe": 18.16811332551021}, "datetime": {"datetime": "2022-05-10 21:36:24", "elapsed": 26959.104113, "delta": 39.297161}}
{"target": -500.0, "params": {"cD2": -4.22316046699328, "cNe": -4.70389117181263, "log_nD": 19.854260770604107, "log_nNe": 16.620800048154823}, "datetime": {"datetime": "2022-05-10 21:37:41", "elapsed": 27036.148404, "delta": 77.044291}}
{"target": -104.54208087036078, "params": {"cD2": -5.659114224016962, "cNe": 2.683827534142633, "log_nD": 20.669026992863753, "log_nNe": 18.360434612104793}, "datetime": {"datetime": "2022-05-10 21:39:40", "elapsed": 27154.849247, "delta": 118.700843}}
{"target": -500.0, "params": {"cD2": -5.055222547756025, "cNe": 1.6368445889182721, "log_nD": 20.078728635819655, "log_nNe": 16.808626563087188}, "datetime": {"datetime": "2022-05-10 21:40:44", "elapsed": 27219.528452, "delta": 64.679205}}
{"target": -500.0, "params": {"cD2": -1.7865991771256358, "cNe": -0.8167563831381557, "log_nD": 19.14325630567953, "log_nNe": 19.62608787488018}, "datetime": {"datetime": "2022-05-10 21:41:23", "elapsed": 27257.902884, "delta": 38.374432}}
{"target": -500.0, "params": {"cD2": -6.149400544615674, "cNe": -3.2863717646147896, "log_nD": 20.56135036410539, "log_nNe": 20.189953365547762}, "datetime": {"datetime": "2022-05-10 21:43:51", "elapsed": 27405.81378, "delta": 147.910896}}
{"target": -86.03761540613397, "params": {"cD2": -1.3029749740642655, "cNe": 1.2673164764039082, "log_nD": 20.449141387207384, "log_nNe": 19.423745102272125}, "datetime": {"datetime": "2022-05-10 21:46:28", "elapsed": 27563.746427, "delta": 157.932647}}
{"target": -500.0, "params": {"cD2": 0.10502226888557836, "cNe": -3.6004090639819326, "log_nD": 17.649820869817002, "log_nNe": 18.225839698186757}, "datetime": {"datetime": "2022-05-10 21:48:17", "elapsed": 27672.285458, "delta": 108.539031}}
{"target": -227.60367564070984, "params": {"cD2": -0.14641833210442157, "cNe": -2.024241307986902, "log_nD": 20.15709780116588, "log_nNe": 18.003036093021752}, "datetime": {"datetime": "2022-05-10 21:50:58", "elapsed": 27832.825662, "delta": 160.540204}}
{"target": -500.0, "params": {"cD2": -5.061392301258521, "cNe": -5.17844741150348, "log_nD": 19.19120761655915, "log_nNe": 18.08064791750833}, "datetime": {"datetime": "2022-05-10 21:52:17", "elapsed": 27912.612527, "delta": 79.786865}}
{"target": -111.6455558350565, "params": {"cD2": 3.141736299800915, "cNe": -0.7371866784802731, "log_nD": 18.242147967879358, "log_nNe": 20.115051842058364}, "datetime": {"datetime": "2022-05-10 21:55:35", "elapsed": 28110.364748, "delta": 197.752221}}
{"target": -500.0, "params": {"cD2": -3.4866134735565213, "cNe": -0.9993017064496469, "log_nD": 21.20042884335878, "log_nNe": 21.0}, "datetime": {"datetime": "2022-05-10 22:02:16", "elapsed": 28511.145564, "delta": 400.780816}}
{"target": -500.0, "params": {"cD2": -6.256401388822948, "cNe": -3.475094465497508, "log_nD": 17.70345734921787, "log_nNe": 17.903131933472043}, "datetime": {"datetime": "2022-05-10 22:04:43", "elapsed": 28658.258937, "delta": 147.113373}}
{"target": -98.96096428112135, "params": {"cD2": -7.604525166828615, "cNe": -2.8014364927441844, "log_nD": 19.958673222568518, "log_nNe": 19.274280233535098}, "datetime": {"datetime": "2022-05-10 22:07:20", "elapsed": 28814.885016, "delta": 156.626079}}
{"target": -500.0, "params": {"cD2": -6.285632509272849, "cNe": 0.34321568005066977, "log_nD": 19.737455927000966, "log_nNe": 16.749370760279575}, "datetime": {"datetime": "2022-05-10 22:08:44", "elapsed": 28899.153531, "delta": 84.268515}}
{"target": -124.29248402032069, "params": {"cD2": -0.04046399677348981, "cNe": 2.3897145089109086, "log_nD": 19.66169565456961, "log_nNe": 19.37291306058583}, "datetime": {"datetime": "2022-05-10 22:11:36", "elapsed": 29071.612986, "delta": 172.459455}}
{"target": -98.22584688575604, "params": {"cD2": -7.123224987075264, "cNe": 2.0060268074918763, "log_nD": 19.960159941113204, "log_nNe": 18.744351774350196}, "datetime": {"datetime": "2022-05-10 22:13:55", "elapsed": 29209.941276, "delta": 138.32829}}
{"target": -500.0, "params": {"cD2": -6.699194096843703, "cNe": -2.9348660572213614, "log_nD": 18.791616483480517, "log_nNe": 20.14754914915002}, "datetime": {"datetime": "2022-05-10 22:15:29", "elapsed": 29304.01314, "delta": 94.071864}}
{"target": -500.0, "params": {"cD2": -1.0957048033724284, "cNe": -3.7729325147306048, "log_nD": 18.564214875676452, "log_nNe": 16.95580196050417}, "datetime": {"datetime": "2022-05-10 22:22:27", "elapsed": 29722.645667, "delta": 418.632527}}
{"target": -122.42127190568696, "params": {"cD2": -3.181616987959333, "cNe": 3.4006550059601577, "log_nD": 19.38264908025149, "log_nNe": 19.197338221856914}, "datetime": {"datetime": "2022-05-10 22:25:24", "elapsed": 29898.795947, "delta": 176.15028}}
{"target": -500.0, "params": {"cD2": -2.012427220430972, "cNe": -2.3270213032921134, "log_nD": 19.61263346732342, "log_nNe": 16.87558254135236}, "datetime": {"datetime": "2022-05-10 22:26:41", "elapsed": 29976.38378, "delta": 77.587833}}
{"target": -238.56974326142023, "params": {"cD2": -1.364080646242333, "cNe": 3.3467881355822593, "log_nD": 19.277939867632135, "log_nNe": 19.03826122416749}, "datetime": {"datetime": "2022-05-10 22:29:33", "elapsed": 30148.050527, "delta": 171.666747}}
{"target": -500.0, "params": {"cD2": 1.3219448944519634, "cNe": 1.5413705684021153, "log_nD": 19.590403941516147, "log_nNe": 17.724079265537938}, "datetime": {"datetime": "2022-05-10 22:32:27", "elapsed": 30322.098908, "delta": 174.048381}}
{"target": -500.0, "params": {"cD2": -6.500841833990517, "cNe": 1.1799969902208172, "log_nD": 21.182559265504857, "log_nNe": 17.55304257900144}, "datetime": {"datetime": "2022-05-10 22:33:14", "elapsed": 30369.092755, "delta": 46.993847}}
{"target": -125.6262990215946, "params": {"cD2": 0.656517500723103, "cNe": 1.1107552824651492, "log_nD": 19.055221314496794, "log_nNe": 19.273500835537796}, "datetime": {"datetime": "2022-05-10 22:36:21", "elapsed": 30556.100037, "delta": 187.007282}}
{"target": -500.0, "params": {"cD2": -4.602955153316875, "cNe": 2.184487321626171, "log_nD": 21.68395952466817, "log_nNe": 17.527203641105825}, "datetime": {"datetime": "2022-05-10 22:37:00", "elapsed": 30595.492594, "delta": 39.392557}}
{"target": -500.0, "params": {"cD2": -3.0478717284498016, "cNe": 2.190668572476374, "log_nD": 21.108851722192373, "log_nNe": 16.567062594974118}, "datetime": {"datetime": "2022-05-10 22:37:40", "elapsed": 30635.529251, "delta": 40.036657}}
{"target": -48.351985396214786, "params": {"cD2": -2.3780816807910963, "cNe": 2.59910374877664, "log_nD": 21.304946280122543, "log_nNe": 19.729816893292675}, "datetime": {"datetime": "2022-05-10 22:40:34", "elapsed": 30809.360524, "delta": 173.831273}}
{"target": -500.0, "params": {"cD2": -1.395555049560187, "cNe": -0.6182867672383381, "log_nD": 19.66953804223595, "log_nNe": 17.760541250737337}, "datetime": {"datetime": "2022-05-10 22:41:44", "elapsed": 30878.999244, "delta": 69.63872}}
{"target": -95.27495502194715, "params": {"cD2": -4.714615421258933, "cNe": -1.1236378230535056, "log_nD": 19.804801240664915, "log_nNe": 19.004851421546572}, "datetime": {"datetime": "2022-05-10 22:44:16", "elapsed": 31031.727677, "delta": 152.728433}}
{"target": -500.0, "params": {"cD2": -2.031508051925166, "cNe": 3.2482675545031983, "log_nD": 19.931365146785325, "log_nNe": 17.235475692360634}, "datetime": {"datetime": "2022-05-10 22:45:35", "elapsed": 31110.059505, "delta": 78.331828}}
{"target": -500.0, "params": {"cD2": -7.483624477377197, "cNe": -1.0741822049944252, "log_nD": 18.243718178443206, "log_nNe": 17.75129761178419}, "datetime": {"datetime": "2022-05-10 22:48:50", "elapsed": 31304.916464, "delta": 194.856959}}
{"target": -500.0, "params": {"cD2": -3.9005197485332648, "cNe": -3.259816431723298, "log_nD": 21.71331465804865, "log_nNe": 18.031022843938022}, "datetime": {"datetime": "2022-05-10 22:49:29", "elapsed": 31344.458622, "delta": 39.542158}}
{"target": -96.74777633129149, "params": {"cD2": -3.037649409798251, "cNe": 3.5669630843774915, "log_nD": 21.109769568104138, "log_nNe": 18.414719275403574}, "datetime": {"datetime": "2022-05-10 22:51:31", "elapsed": 31466.361787, "delta": 121.903165}}
{"target": -118.6296271513782, "params": {"cD2": -2.3878535320784104, "cNe": 2.533020215055422, "log_nD": 17.53523719857154, "log_nNe": 19.658278105206193}, "datetime": {"datetime": "2022-05-10 22:54:45", "elapsed": 31660.555412, "delta": 194.193625}}
{"target": -500.0, "params": {"cD2": -7.744995606482047, "cNe": -2.9833978728367345, "log_nD": 18.886797769045003, "log_nNe": 17.751611752095993}, "datetime": {"datetime": "2022-05-10 22:56:42", "elapsed": 31776.924913, "delta": 116.369501}}
{"target": -500.0, "params": {"cD2": -7.0332092992236905, "cNe": 1.1472117339610977, "log_nD": 18.51131391203283, "log_nNe": 19.82394378474271}, "datetime": {"datetime": "2022-05-10 22:57:21", "elapsed": 31816.307012, "delta": 39.382099}}
{"target": -500.0, "params": {"cD2": -5.388160000415147, "cNe": -0.3769632855197713, "log_nD": 17.381486571272692, "log_nNe": 20.53288692422224}, "datetime": {"datetime": "2022-05-10 22:57:59", "elapsed": 31854.454814, "delta": 38.147802}}
{"target": -121.42339119187814, "params": {"cD2": -1.1007717883271941, "cNe": 2.164554919435293, "log_nD": 21.211725349348125, "log_nNe": 18.095643799469485}, "datetime": {"datetime": "2022-05-10 22:59:49", "elapsed": 31964.731979, "delta": 110.277165}}
{"target": -80.24211788448766, "params": {"cD2": -1.5057996818016441, "cNe": -0.48099571866931257, "log_nD": 21.028313231386928, "log_nNe": 19.308235357474974}, "datetime": {"datetime": "2022-05-10 23:02:27", "elapsed": 32122.013955, "delta": 157.281976}}
{"target": -155.30143133245647, "params": {"cD2": -1.1790858899597936, "cNe": 1.2730008754326487, "log_nD": 17.44676682425853, "log_nNe": 20.280637324001454}, "datetime": {"datetime": "2022-05-10 23:10:53", "elapsed": 32628.335982, "delta": 506.322027}}
{"target": -89.51174196282402, "params": {"cD2": -5.810377874910125, "cNe": -4.699606126316619, "log_nD": 18.209260413199484, "log_nNe": 19.31398322965787}, "datetime": {"datetime": "2022-05-10 23:13:36", "elapsed": 32791.150032, "delta": 162.81405}}
{"target": -77.15579876563939, "params": {"cD2": -0.7776465999572251, "cNe": 3.0423284614038053, "log_nD": 18.067642945777052, "log_nNe": 20.172403560997765}, "datetime": {"datetime": "2022-05-10 23:17:14", "elapsed": 33009.683834, "delta": 218.533802}}
{"target": -500.0, "params": {"cD2": -0.5983858216984428, "cNe": 1.6662609509402329, "log_nD": 19.826735243455314, "log_nNe": 20.96485255402519}, "datetime": {"datetime": "2022-05-10 23:17:47", "elapsed": 33042.610291, "delta": 32.926457}}
{"target": -500.0, "params": {"cD2": -1.5899689391946588, "cNe": -3.476847235941012, "log_nD": 20.90720295992174, "log_nNe": 16.137742814048845}, "datetime": {"datetime": "2022-05-10 23:18:33", "elapsed": 33088.384504, "delta": 45.774213}}
{"target": -500.0, "params": {"cD2": -0.21652966998951095, "cNe": -3.1014447351125063, "log_nD": 19.85397631510753, "log_nNe": 16.6049945097724}, "datetime": {"datetime": "2022-05-10 23:21:05", "elapsed": 33240.439365, "delta": 152.054861}}
{"target": -99.85477491821479, "params": {"cD2": -1.371215487971113, "cNe": 3.640921508081224, "log_nD": 20.92790587157513, "log_nNe": 18.816517127151265}, "datetime": {"datetime": "2022-05-10 23:23:06", "elapsed": 33361.191646, "delta": 120.752281}}
{"target": -500.0, "params": {"cD2": -1.4810375681061494, "cNe": 3.317582231236919, "log_nD": 19.765899923313434, "log_nNe": 20.624610719848903}, "datetime": {"datetime": "2022-05-10 23:24:02", "elapsed": 33417.007615, "delta": 55.815969}}
{"target": -500.0, "params": {"cD2": -3.7796756914765663, "cNe": 3.225802515076162, "log_nD": 17.754776483312888, "log_nNe": 18.75540203853263}, "datetime": {"datetime": "2022-05-10 23:25:35", "elapsed": 33510.565015, "delta": 93.5574}}
{"target": -500.0, "params": {"cD2": -7.203734075950956, "cNe": -1.1374717877235387, "log_nD": 19.622832595046383, "log_nNe": 16.63246287341446}, "datetime": {"datetime": "2022-05-10 23:27:03", "elapsed": 33598.263333, "delta": 87.698318}}
{"target": -500.0, "params": {"cD2": -4.235233334983624, "cNe": 2.4554444462917298, "log_nD": 19.24025781963711, "log_nNe": 20.53971533751493}, "datetime": {"datetime": "2022-05-10 23:28:28", "elapsed": 33682.828792, "delta": 84.565459}}
{"target": -500.0, "params": {"cD2": 1.2191511725328652, "cNe": 3.261584316856059, "log_nD": 18.745579047533635, "log_nNe": 19.417657688963708}, "datetime": {"datetime": "2022-05-10 23:29:34", "elapsed": 33749.592841, "delta": 66.764049}}
{"target": -500.0, "params": {"cD2": -2.7007062694084856, "cNe": 1.5683221705016963, "log_nD": 18.27881731632619, "log_nNe": 20.91069070336377}, "datetime": {"datetime": "2022-05-10 23:30:07", "elapsed": 33782.611533, "delta": 33.018692}}
{"target": -92.74242389859741, "params": {"cD2": -1.8372692461045586, "cNe": -2.904078980830997, "log_nD": 19.17590969521821, "log_nNe": 19.404277646328236}, "datetime": {"datetime": "2022-05-10 23:32:53", "elapsed": 33948.413333, "delta": 165.8018}}
{"target": -500.0, "params": {"cD2": -6.704372372380907, "cNe": 2.281904402266221, "log_nD": 19.95443624287151, "log_nNe": 17.0778206056921}, "datetime": {"datetime": "2022-05-10 23:33:59", "elapsed": 34014.281563, "delta": 65.86823}}
{"target": -118.48172455048609, "params": {"cD2": -0.2417840496753989, "cNe": -4.387549175279026, "log_nD": 19.311663402970417, "log_nNe": 18.558117859830404}, "datetime": {"datetime": "2022-05-10 23:36:50", "elapsed": 34185.490791, "delta": 171.209228}}
{"target": -500.0, "params": {"cD2": -1.6936472662229773, "cNe": -3.6821428785352657, "log_nD": 21.613963464589794, "log_nNe": 18.517844148325906}, "datetime": {"datetime": "2022-05-10 23:37:29", "elapsed": 34224.38281, "delta": 38.892019}}
{"target": -150.19145412633682, "params": {"cD2": -5.273495675734153, "cNe": -1.932177860435031, "log_nD": 17.048263893994626, "log_nNe": 19.835770359547247}, "datetime": {"datetime": "2022-05-10 23:40:33", "elapsed": 34408.625987, "delta": 184.243177}}
{"target": -94.25167917317492, "params": {"cD2": -1.9057996198666292, "cNe": -2.103731164704346, "log_nD": 17.070222396925402, "log_nNe": 19.12322523737999}, "datetime": {"datetime": "2022-05-10 23:43:41", "elapsed": 34596.163403, "delta": 187.537416}}
{"target": -500.0, "params": {"cD2": 0.883394792667209, "cNe": -3.192185582005504, "log_nD": 18.789441507782353, "log_nNe": 17.393079668853417}, "datetime": {"datetime": "2022-05-10 23:47:44", "elapsed": 34839.621005, "delta": 243.457602}}
{"target": -111.13932783060524, "params": {"cD2": 0.10567871421752768, "cNe": -3.5234066171220246, "log_nD": 20.621376469454294, "log_nNe": 18.93714241674026}, "datetime": {"datetime": "2022-05-10 23:50:24", "elapsed": 34999.16244, "delta": 159.541435}}
{"target": -500.0, "params": {"cD2": -2.700796208467253, "cNe": 3.256058134419111, "log_nD": 18.616377571016617, "log_nNe": 20.61324789977528}, "datetime": {"datetime": "2022-05-10 23:51:04", "elapsed": 35038.941067, "delta": 39.778627}}
{"target": -500.0, "params": {"cD2": -0.43571800642964537, "cNe": -3.204815939583554, "log_nD": 21.3933726812281, "log_nNe": 17.400513046857967}, "datetime": {"datetime": "2022-05-10 23:51:44", "elapsed": 35079.083722, "delta": 40.142655}}
{"target": -107.3667280136205, "params": {"cD2": -0.6030832528435592, "cNe": -2.025889947472992, "log_nD": 20.219201402716504, "log_nNe": 19.66008481701507}, "datetime": {"datetime": "2022-05-10 23:54:40", "elapsed": 35254.818191, "delta": 175.734469}}
{"target": -500.0, "params": {"cD2": -6.361712878387752, "cNe": -1.3466649226957372, "log_nD": 21.10660966877999, "log_nNe": 16.435410440736284}, "datetime": {"datetime": "2022-05-10 23:55:27", "elapsed": 35302.428506, "delta": 47.610315}}
{"target": -11.286753977864882, "params": {"cD2": -2.659221146945306, "cNe": 4.104138660535836, "log_nD": 20.593664952446552, "log_nNe": 19.97049717065014}, "datetime": {"datetime": "2022-05-10 23:58:06", "elapsed": 35460.803226, "delta": 158.37472}}
{"target": -500.0, "params": {"cD2": -5.046279969961754, "cNe": -0.9551007769243629, "log_nD": 17.292772160208443, "log_nNe": 16.598475039589353}, "datetime": {"datetime": "2022-05-11 00:05:53", "elapsed": 35928.728303, "delta": 467.925077}}
{"target": -500.0, "params": {"cD2": -3.1471335324494625, "cNe": -0.04602391289607688, "log_nD": 19.928314363569154, "log_nNe": 20.983780643079804}, "datetime": {"datetime": "2022-05-11 00:06:28", "elapsed": 35963.13197, "delta": 34.403667}}
{"target": -500.0, "params": {"cD2": -0.22564179059676084, "cNe": 3.189497965880167, "log_nD": 19.99356983438326, "log_nNe": 17.860431452380336}, "datetime": {"datetime": "2022-05-11 00:07:47", "elapsed": 36042.098441, "delta": 78.966471}}
{"target": -500.0, "params": {"cD2": -7.49834047247157, "cNe": -0.2028608838180236, "log_nD": 20.816640018177306, "log_nNe": 17.332768565789806}, "datetime": {"datetime": "2022-05-11 00:08:44", "elapsed": 36099.633404, "delta": 57.534963}}
{"target": -99.52722490698807, "params": {"cD2": -2.675902313121167, "cNe": -1.2677453869680164, "log_nD": 20.632020163172605, "log_nNe": 18.79229534736269}, "datetime": {"datetime": "2022-05-11 00:11:00", "elapsed": 36234.995118, "delta": 135.361714}}
{"target": -500.0, "params": {"cD2": -3.9954246127863304, "cNe": -0.8843768139736375, "log_nD": 20.05712154239058, "log_nNe": 15.348048475847898}, "datetime": {"datetime": "2022-05-11 00:12:08", "elapsed": 36303.557108, "delta": 68.56199}}
