{"target": -500.0, "params": {"cD2": 0.0, "cNe": 0.0, "log_nD": 17.0, "log_nNe": 18.0}, "datetime": {"datetime": "2022-05-10 14:07:05", "elapsed": 0.0, "delta": 0.0}}
{"target": -500.0, "params": {"cD2": 0.0, "cNe": 0.0, "log_nD": 18.25, "log_nNe": 18.0}, "datetime": {"datetime": "2022-05-10 14:09:48", "elapsed": 163.589782, "delta": 163.589782}}
{"target": -500.0, "params": {"cD2": 0.0, "cNe": 0.0, "log_nD": 19.5, "log_nNe": 18.0}, "datetime": {"datetime": "2022-05-10 14:11:40", "elapsed": 274.858044, "delta": 111.268262}}
{"target": -137.65760843224982, "params": {"cD2": 0.0, "cNe": 0.0, "log_nD": 20.75, "log_nNe": 18.0}, "datetime": {"datetime": "2022-05-10 14:13:42", "elapsed": 396.903685, "delta": 122.045641}}
{"target": -500.0, "params": {"cD2": 0.0, "cNe": 0.0, "log_nD": 22.0, "log_nNe": 18.0}, "datetime": {"datetime": "2022-05-10 14:14:21", "elapsed": 435.831419, "delta": 38.927734}}
{"target": -223.73469127018916, "params": {"cD2": 0.0, "cNe": 0.0, "log_nD": 17.0, "log_nNe": 18.625}, "datetime": {"datetime": "2022-05-10 14:17:56", "elapsed": 650.831852, "delta": 215.000433}}
{"target": -224.48434473364452, "params": {"cD2": 0.0, "cNe": 0.0, "log_nD": 18.25, "log_nNe": 18.625}, "datetime": {"datetime": "2022-05-10 14:21:33", "elapsed": 868.415261, "delta": 217.583409}}
{"target": -224.34770464552136, "params": {"cD2": 0.0, "cNe": 0.0, "log_nD": 19.5, "log_nNe": 18.625}, "datetime": {"datetime": "2022-05-10 14:24:41", "elapsed": 1056.631987, "delta": 188.216726}}
{"target": -110.64275110448288, "params": {"cD2": 0.0, "cNe": 0.0, "log_nD": 20.75, "log_nNe": 18.625}, "datetime": {"datetime": "2022-05-10 14:27:07", "elapsed": 1202.036106, "delta": 145.404119}}
{"target": -500.0, "params": {"cD2": 0.0, "cNe": 0.0, "log_nD": 22.0, "log_nNe": 18.625}, "datetime": {"datetime": "2022-05-10 14:27:49", "elapsed": 1243.798727, "delta": 41.762621}}
{"target": -110.70608496960662, "params": {"cD2": 0.0, "cNe": 0.0, "log_nD": 17.0, "log_nNe": 19.25}, "datetime": {"datetime": "2022-05-10 14:31:07", "elapsed": 1442.120858, "delta": 198.322131}}
{"target": -109.31715532819541, "params": {"cD2": 0.0, "cNe": 0.0, "log_nD": 18.25, "log_nNe": 19.25}, "datetime": {"datetime": "2022-05-10 14:34:24", "elapsed": 1639.751749, "delta": 197.630891}}
{"target": -101.76743672985863, "params": {"cD2": 0.0, "cNe": 0.0, "log_nD": 19.5, "log_nNe": 19.25}, "datetime": {"datetime": "2022-05-10 14:37:51", "elapsed": 1845.847896, "delta": 206.096147}}
{"target": -92.45511433562898, "params": {"cD2": 0.0, "cNe": 0.0, "log_nD": 20.75, "log_nNe": 19.25}, "datetime": {"datetime": "2022-05-10 14:40:42", "elapsed": 2016.966635, "delta": 171.118739}}
{"target": -500.0, "params": {"cD2": 0.0, "cNe": 0.0, "log_nD": 22.0, "log_nNe": 19.25}, "datetime": {"datetime": "2022-05-10 14:41:22", "elapsed": 2057.604855, "delta": 40.63822}}
{"target": -500.0, "params": {"cD2": 0.0, "cNe": 0.0, "log_nD": 17.0, "log_nNe": 19.875}, "datetime": {"datetime": "2022-05-10 14:42:07", "elapsed": 2101.878958, "delta": 44.274103}}
{"target": -500.0, "params": {"cD2": 0.0, "cNe": 0.0, "log_nD": 18.25, "log_nNe": 19.875}, "datetime": {"datetime": "2022-05-10 14:42:49", "elapsed": 2144.309687, "delta": 42.430729}}
{"target": -500.0, "params": {"cD2": 0.0, "cNe": 0.0, "log_nD": 19.5, "log_nNe": 19.875}, "datetime": {"datetime": "2022-05-10 14:43:32", "elapsed": 2186.962587, "delta": 42.6529}}
{"target": -106.53746132419809, "params": {"cD2": 0.0, "cNe": 0.0, "log_nD": 20.75, "log_nNe": 19.875}, "datetime": {"datetime": "2022-05-10 14:46:40", "elapsed": 2375.61564, "delta": 188.653053}}
{"target": -500.0, "params": {"cD2": 0.0, "cNe": 0.0, "log_nD": 22.0, "log_nNe": 19.875}, "datetime": {"datetime": "2022-05-10 14:47:21", "elapsed": 2416.027388, "delta": 40.411748}}
{"target": -500.0, "params": {"cD2": 0.0, "cNe": 0.0, "log_nD": 17.0, "log_nNe": 20.5}, "datetime": {"datetime": "2022-05-10 14:48:01", "elapsed": 2456.135287, "delta": 40.107899}}
{"target": -500.0, "params": {"cD2": 0.0, "cNe": 0.0, "log_nD": 18.25, "log_nNe": 20.5}, "datetime": {"datetime": "2022-05-10 14:48:40", "elapsed": 2494.998696, "delta": 38.863409}}
{"target": -500.0, "params": {"cD2": 0.0, "cNe": 0.0, "log_nD": 19.5, "log_nNe": 20.5}, "datetime": {"datetime": "2022-05-10 14:49:19", "elapsed": 2534.663732, "delta": 39.665036}}
{"target": -500.0, "params": {"cD2": 0.0, "cNe": 0.0, "log_nD": 20.75, "log_nNe": 20.5}, "datetime": {"datetime": "2022-05-10 14:49:58", "elapsed": 2573.1507, "delta": 38.486968}}
{"target": -500.0, "params": {"cD2": 0.0, "cNe": 0.0, "log_nD": 22.0, "log_nNe": 20.5}, "datetime": {"datetime": "2022-05-10 14:50:40", "elapsed": 2615.28995, "delta": 42.13925}}
{"target": -500.0, "params": {"cD2": -6.836887832514087, "cNe": -2.63327727751561, "log_nD": 20.229854565369244, "log_nNe": 17.118665452306445}, "datetime": {"datetime": "2022-05-10 14:51:41", "elapsed": 2676.01976, "delta": 60.72981}}
{"target": -78.38277187721758, "params": {"cD2": -1.1159166883742926e-08, "cNe": -1.147758743768514e-07, "log_nD": 20.629200484344086, "log_nNe": 19.57500888533494}, "datetime": {"datetime": "2022-05-10 14:54:35", "elapsed": 2850.290729, "delta": 174.270969}}
{"target": -121.4919207820077, "params": {"cD2": 0.2110232105286869, "cNe": -0.17401412747424594, "log_nD": 18.08076643999895, "log_nNe": 19.00153073553408}, "datetime": {"datetime": "2022-05-10 14:57:31", "elapsed": 3026.707033, "delta": 176.416304}}
{"target": -84.16419746005388, "params": {"cD2": 0.2075259082130323, "cNe": -0.15280682263920653, "log_nD": 20.901194202818225, "log_nNe": 19.375081990028317}, "datetime": {"datetime": "2022-05-10 15:00:14", "elapsed": 3189.53434, "delta": 162.827307}}
{"target": -107.14376530076234, "params": {"cD2": -0.08926260212142267, "cNe": -0.23334125186607224, "log_nD": 17.54084789738693, "log_nNe": 19.247284393308373}, "datetime": {"datetime": "2022-05-10 15:03:26", "elapsed": 3381.662103, "delta": 192.127763}}
{"target": -103.3879255898978, "params": {"cD2": -0.07870484893762963, "cNe": -0.3265994481911143, "log_nD": 20.428258272811014, "log_nNe": 18.949313055348835}, "datetime": {"datetime": "2022-05-10 15:06:04", "elapsed": 3539.156082, "delta": 157.493979}}
{"target": -104.57537818590986, "params": {"cD2": 0.267843027307314, "cNe": 0.02486098981460222, "log_nD": 20.125727879705973, "log_nNe": 19.04085644397072}, "datetime": {"datetime": "2022-05-10 15:08:56", "elapsed": 3711.197333, "delta": 172.041251}}
{"target": -111.07600018781855, "params": {"cD2": 0.5491784514004507, "cNe": -0.6052826874012638, "log_nD": 20.2981592601461, "log_nNe": 18.766232331380397}, "datetime": {"datetime": "2022-05-10 15:11:36", "elapsed": 3871.734691, "delta": 160.537358}}
{"target": -100.5788537194931, "params": {"cD2": 1.072924535186738, "cNe": 0.33556547174054074, "log_nD": 20.427271878799274, "log_nNe": 19.275580339787695}, "datetime": {"datetime": "2022-05-10 15:14:41", "elapsed": 4056.186225, "delta": 184.451534}}
{"target": -99.89007882319086, "params": {"cD2": 0.6916053294678164, "cNe": -0.11333090956925981, "log_nD": 20.605109930463506, "log_nNe": 19.17398377471573}, "datetime": {"datetime": "2022-05-10 15:17:33", "elapsed": 4228.058417, "delta": 171.872192}}
{"target": -113.57850349960391, "params": {"cD2": 0.8253685169184417, "cNe": 0.276648153329401, "log_nD": 20.573413680714523, "log_nNe": 18.62151744425093}, "datetime": {"datetime": "2022-05-10 15:20:06", "elapsed": 4380.904285, "delta": 152.845868}}
{"target": -79.7280558757479, "params": {"cD2": 0.3949875117626287, "cNe": 0.3197766877941142, "log_nD": 20.768342720884142, "log_nNe": 19.5164648397176}, "datetime": {"datetime": "2022-05-10 15:22:57", "elapsed": 4552.166902, "delta": 171.262617}}
{"target": -103.26336410773546, "params": {"cD2": 0.5909157165403794, "cNe": 0.8044730735129783, "log_nD": 20.45806313941188, "log_nNe": 19.075065163599866}, "datetime": {"datetime": "2022-05-10 15:25:44", "elapsed": 4719.169942, "delta": 167.00304}}
{"target": -109.90618427249467, "params": {"cD2": 0.11471067575538964, "cNe": -0.4541116527812713, "log_nD": 19.585532198702825, "log_nNe": 19.05570301469963}, "datetime": {"datetime": "2022-05-10 15:28:42", "elapsed": 4897.039495, "delta": 177.869553}}
{"target": -99.01266850285617, "params": {"cD2": 1.2192055767975059, "cNe": 0.8542084928610937, "log_nD": 20.86202989576116, "log_nNe": 19.130862357636786}, "datetime": {"datetime": "2022-05-10 15:31:31", "elapsed": 5066.468789, "delta": 169.429294}}
{"target": -126.39321977721406, "params": {"cD2": -0.5956637916559213, "cNe": 0.2486485601616817, "log_nD": 17.059096103488876, "log_nNe": 18.98627939890509}, "datetime": {"datetime": "2022-05-10 15:34:35", "elapsed": 5250.406383, "delta": 183.937594}}
{"target": -124.2237900134678, "params": {"cD2": 1.4488553082994147, "cNe": 0.9924461899654808, "log_nD": 20.233864015232655, "log_nNe": 18.898637401516446}, "datetime": {"datetime": "2022-05-10 15:37:29", "elapsed": 5424.464773, "delta": 174.05839}}
{"target": -123.91692564912532, "params": {"cD2": -0.13615770749188805, "cNe": 0.1832972708263518, "log_nD": 17.568178292573236, "log_nNe": 19.047349434408417}, "datetime": {"datetime": "2022-05-10 15:40:30", "elapsed": 5605.770735, "delta": 181.305962}}
{"target": -119.06361448204385, "params": {"cD2": -0.3760698042860646, "cNe": -0.36545871570204014, "log_nD": 18.350227650883568, "log_nNe": 18.99582190300623}, "datetime": {"datetime": "2022-05-10 15:43:27", "elapsed": 5781.97037, "delta": 176.199635}}
{"target": -112.56755302667612, "params": {"cD2": 1.8621267546153586, "cNe": 0.29786308277296136, "log_nD": 20.716359463594788, "log_nNe": 18.903399784141126}, "datetime": {"datetime": "2022-05-10 15:46:25", "elapsed": 5960.732311, "delta": 178.761941}}
{"target": -92.72740437843251, "params": {"cD2": 1.9676729079779687, "cNe": 0.8392484680383342, "log_nD": 20.641686755677576, "log_nNe": 19.55870893232398}, "datetime": {"datetime": "2022-05-10 15:49:44", "elapsed": 6159.139823, "delta": 198.407512}}
{"target": -122.05444429673028, "params": {"cD2": 2.9568717208223063, "cNe": 0.37728645336415134, "log_nD": 20.530780902664162, "log_nNe": 19.060307889713012}, "datetime": {"datetime": "2022-05-10 15:52:55", "elapsed": 6350.755006, "delta": 191.615183}}
{"target": -113.90250456103834, "params": {"cD2": 2.3801305433364477, "cNe": 1.08441636903964, "log_nD": 20.859924706662373, "log_nNe": 18.970721540560547}, "datetime": {"datetime": "2022-05-10 15:55:58", "elapsed": 6533.682461, "delta": 182.927455}}
{"target": -116.59858693711968, "params": {"cD2": 2.341402663895593, "cNe": 1.1806748700889393, "log_nD": 19.807104216785852, "log_nNe": 19.362393283321996}, "datetime": {"datetime": "2022-05-10 15:59:12", "elapsed": 6727.067807, "delta": 193.385346}}
{"target": -110.82288563789412, "params": {"cD2": 2.2694096009652527, "cNe": 0.4782829036200998, "log_nD": 20.119226291002864, "log_nNe": 19.269022120643903}, "datetime": {"datetime": "2022-05-10 16:02:25", "elapsed": 6920.216181, "delta": 193.148374}}
{"target": -500.0, "params": {"cD2": 2.857911297876288, "cNe": 1.0513150624942382, "log_nD": 20.483297980209667, "log_nNe": 19.759392627930158}, "datetime": {"datetime": "2022-05-10 16:03:03", "elapsed": 6958.032252, "delta": 37.816071}}
{"target": -245.23575252732476, "params": {"cD2": 2.561434675506378, "cNe": 0.6351391040209264, "log_nD": 20.29317433040143, "log_nNe": 18.51027051003441}, "datetime": {"datetime": "2022-05-10 16:06:04", "elapsed": 7139.575273, "delta": 181.543021}}
{"target": -127.6690696135297, "params": {"cD2": 1.7932212612245024, "cNe": 2.148790785624474, "log_nD": 19.928283277090777, "log_nNe": 19.264499258195713}, "datetime": {"datetime": "2022-05-10 16:09:07", "elapsed": 7322.454455, "delta": 182.879182}}
{"target": -106.30106638974463, "params": {"cD2": 1.6991771408273117, "cNe": 1.1686435333010907, "log_nD": 19.945756181393218, "log_nNe": 19.47705715338664}, "datetime": {"datetime": "2022-05-10 16:12:26", "elapsed": 7521.762923, "delta": 199.308468}}
{"target": -128.1570631260476, "params": {"cD2": 2.904465362850651, "cNe": -0.2775246623561358, "log_nD": 20.98147392887616, "log_nNe": 18.462930753551007}, "datetime": {"datetime": "2022-05-10 16:15:24", "elapsed": 7698.819878, "delta": 177.056955}}
{"target": -104.22495346914116, "params": {"cD2": 2.60884222007293, "cNe": -0.19560502253956807, "log_nD": 20.799779122157265, "log_nNe": 19.198682404061845}, "datetime": {"datetime": "2022-05-10 16:18:44", "elapsed": 7898.903564, "delta": 200.083686}}
{"target": -122.03320748687688, "params": {"cD2": 3.3062834446056533, "cNe": -0.36949210111598296, "log_nD": 20.41948894103046, "log_nNe": 18.984902632035794}, "datetime": {"datetime": "2022-05-10 16:21:55", "elapsed": 8090.310172, "delta": 191.406608}}
{"target": -102.2784252045668, "params": {"cD2": 1.987483177952596, "cNe": -0.547391029936691, "log_nD": 20.10666829203303, "log_nNe": 19.235731715959748}, "datetime": {"datetime": "2022-05-10 16:25:12", "elapsed": 8286.928671, "delta": 196.618499}}
{"target": -104.16048219620423, "params": {"cD2": 1.7710844817276474, "cNe": 1.290942213809018, "log_nD": 20.78019616533716, "log_nNe": 19.166819631196365}, "datetime": {"datetime": "2022-05-10 16:28:14", "elapsed": 8469.444271, "delta": 182.5156}}
{"target": -83.0281833860957, "params": {"cD2": 2.0040781006850126, "cNe": 0.6750728036805091, "log_nD": 21.229861586313987, "log_nNe": 19.18611404110475}, "datetime": {"datetime": "2022-05-10 16:31:15", "elapsed": 8649.908179, "delta": 180.463908}}
{"target": -114.43282430358234, "params": {"cD2": 2.385248906211114, "cNe": -0.5194959168355844, "log_nD": 19.247921726447256, "log_nNe": 19.081408579409356}, "datetime": {"datetime": "2022-05-10 16:34:16", "elapsed": 8831.111845, "delta": 181.203666}}
{"target": -97.09751432020214, "params": {"cD2": 1.7298247673237774, "cNe": 0.6212010910807872, "log_nD": 20.70273517084846, "log_nNe": 19.34927202120504}, "datetime": {"datetime": "2022-05-10 16:37:30", "elapsed": 9024.866626, "delta": 193.754781}}
{"target": -132.55220326574496, "params": {"cD2": 2.049197756185281, "cNe": 1.3023933942638926, "log_nD": 19.152600911376155, "log_nNe": 19.177050841831537}, "datetime": {"datetime": "2022-05-10 16:40:32", "elapsed": 9207.205754, "delta": 182.339128}}
{"target": -145.79803257994894, "params": {"cD2": 2.3947284113600933, "cNe": -1.1086594543823711, "log_nD": 20.0699548199879, "log_nNe": 19.78586973236112}, "datetime": {"datetime": "2022-05-10 16:43:47", "elapsed": 9402.731828, "delta": 195.526074}}
{"target": -738380.2790879135, "params": {"cD2": 2.9895977836327727, "cNe": 0.6734903671776813, "log_nD": 21.949386434817576, "log_nNe": 18.546628819810948}, "datetime": {"datetime": "2022-05-10 16:46:25", "elapsed": 9560.331927, "delta": 157.600099}}
{"target": -243.12914873834683, "params": {"cD2": 2.73817875024935, "cNe": -0.7472051477183158, "log_nD": 20.58136792313733, "log_nNe": 18.254083332149197}, "datetime": {"datetime": "2022-05-10 16:49:26", "elapsed": 9740.939216, "delta": 180.607289}}
{"target": -500.0, "params": {"cD2": 1.5382553865651225, "cNe": -1.4887431361880321, "log_nD": 18.530278141372744, "log_nNe": 20.407303922611337}, "datetime": {"datetime": "2022-05-10 16:50:00", "elapsed": 9775.497839, "delta": 34.558623}}
{"target": -500.0, "params": {"cD2": 0.620446186175041, "cNe": 1.962119619051773, "log_nD": 18.52151587674598, "log_nNe": 20.340167684492393}, "datetime": {"datetime": "2022-05-10 16:51:10", "elapsed": 9845.532417, "delta": 70.034578}}
{"target": -500.0, "params": {"cD2": -1.7028197979559847, "cNe": -0.81387803749675, "log_nD": 21.926657083881658, "log_nNe": 18.005880632499295}, "datetime": {"datetime": "2022-05-10 16:51:49", "elapsed": 9883.83471, "delta": 38.302293}}
{"target": -500.0, "params": {"cD2": -1.7903024664757474, "cNe": -1.3570999691834729, "log_nD": 20.997770138377753, "log_nNe": 20.3955630026823}, "datetime": {"datetime": "2022-05-10 16:52:25", "elapsed": 9919.777468, "delta": 35.942758}}
{"target": -500.0, "params": {"cD2": 0.4384420829480334, "cNe": -2.2536994918049422, "log_nD": 20.421452038350512, "log_nNe": 20.54269691146707}, "datetime": {"datetime": "2022-05-10 16:52:59", "elapsed": 9953.837906, "delta": 34.060438}}
{"target": -500.0, "params": {"cD2": 0.4936534578402658, "cNe": 2.138445757864456, "log_nD": 18.61103940883983, "log_nNe": 18.233878446895815}, "datetime": {"datetime": "2022-05-10 16:55:06", "elapsed": 10081.695809, "delta": 127.857903}}
{"target": -500.0, "params": {"cD2": -0.5980759661824074, "cNe": -2.3663813393526474, "log_nD": 21.587068992620324, "log_nNe": 18.878200974545475}, "datetime": {"datetime": "2022-05-10 16:55:46", "elapsed": 10120.925366, "delta": 39.229557}}
{"target": -109.11837908467679, "params": {"cD2": -1.7556006303322758, "cNe": -1.910306138920256, "log_nD": 19.790560615675318, "log_nNe": 18.42949819415893}, "datetime": {"datetime": "2022-05-10 16:58:25", "elapsed": 10279.860588, "delta": 158.935222}}
{"target": -500.0, "params": {"cD2": -1.1546790160527791, "cNe": -2.1301687071853546, "log_nD": 18.832534726638766, "log_nNe": 20.443762159739524}, "datetime": {"datetime": "2022-05-10 16:59:04", "elapsed": 10319.279922, "delta": 39.419334}}
{"target": -100.19667792510326, "params": {"cD2": -2.4635788231451445, "cNe": 0.09614221805652116, "log_nD": 19.99907556050576, "log_nNe": 19.093859989882738}, "datetime": {"datetime": "2022-05-10 17:01:39", "elapsed": 10474.289286, "delta": 155.009364}}
{"target": -101.78012263181417, "params": {"cD2": 0.17075684295483667, "cNe": -2.781545572449178, "log_nD": 19.04317583468209, "log_nNe": 18.87887149931327}, "datetime": {"datetime": "2022-05-10 17:04:30", "elapsed": 10645.35568, "delta": 171.066394}}
{"target": -136.6534577392647, "params": {"cD2": -1.3747642427660163, "cNe": -3.647075194163532, "log_nD": 20.258650216691475, "log_nNe": 19.825220082889164}, "datetime": {"datetime": "2022-05-10 17:07:23", "elapsed": 10817.92417, "delta": 172.56849}}
{"target": -500.0, "params": {"cD2": -2.987465148956763, "cNe": -2.6027128308664746, "log_nD": 21.395394196417136, "log_nNe": 19.000713008906853}, "datetime": {"datetime": "2022-05-10 17:08:02", "elapsed": 10856.853721, "delta": 38.929551}}
{"target": -139.9681648956772, "params": {"cD2": -3.5095286381222586, "cNe": -1.3900286709293361, "log_nD": 19.825300743193637, "log_nNe": 19.954868610997764}, "datetime": {"datetime": "2022-05-10 17:11:03", "elapsed": 11038.709426, "delta": 181.855705}}
{"target": -211.78799016904867, "params": {"cD2": -3.8311868548332866, "cNe": -1.1338833149904652, "log_nD": 20.487940604634232, "log_nNe": 17.85343091075502}, "datetime": {"datetime": "2022-05-10 17:13:00", "elapsed": 11155.464764, "delta": 116.755338}}
{"target": -95.14814172782549, "params": {"cD2": -3.255310087463514, "cNe": -3.267977352034856, "log_nD": 19.225346823364173, "log_nNe": 19.067808744196547}, "datetime": {"datetime": "2022-05-10 17:15:53", "elapsed": 11328.002036, "delta": 172.537272}}
{"target": -107.25037965048239, "params": {"cD2": -2.6942875333975618, "cNe": -1.213062042273958, "log_nD": 18.03990565265679, "log_nNe": 18.991792272079323}, "datetime": {"datetime": "2022-05-10 17:18:49", "elapsed": 11504.238022, "delta": 176.235986}}
{"target": -500.0, "params": {"cD2": -2.211137346221886, "cNe": -0.16717575310972632, "log_nD": 18.653425538920867, "log_nNe": 20.792330970570628}, "datetime": {"datetime": "2022-05-10 17:19:24", "elapsed": 11538.87742, "delta": 34.639398}}
{"target": -102.09938510061862, "params": {"cD2": -5.114280526548241, "cNe": -2.6516967679150163, "log_nD": 20.20711752609497, "log_nNe": 18.650389384211717}, "datetime": {"datetime": "2022-05-10 17:21:32", "elapsed": 11667.513759, "delta": 128.636339}}
{"target": -500.0, "params": {"cD2": -4.404386045784381, "cNe": -1.881238911268857, "log_nD": 18.568919618779965, "log_nNe": 17.889505945185707}, "datetime": {"datetime": "2022-05-10 17:24:04", "elapsed": 11819.473665, "delta": 151.959906}}
{"target": -500.0, "params": {"cD2": -3.5526634328369355, "cNe": -3.0873242574005952, "log_nD": 20.151474434991407, "log_nNe": 17.173350673638403}, "datetime": {"datetime": "2022-05-10 17:25:05", "elapsed": 11879.904261, "delta": 60.430596}}
{"target": -500.0, "params": {"cD2": -2.400053661770688, "cNe": -0.8883288702924261, "log_nD": 19.181984872145286, "log_nNe": 16.93315626035298}, "datetime": {"datetime": "2022-05-10 17:29:57", "elapsed": 12171.820037, "delta": 291.915776}}
{"target": -218.2521720893987, "params": {"cD2": -1.5046480157884954, "cNe": -3.079916073459838, "log_nD": 18.06306644175752, "log_nNe": 18.539780686620517}, "datetime": {"datetime": "2022-05-10 17:32:53", "elapsed": 12347.997607, "delta": 176.17757}}
{"target": -500.0, "params": {"cD2": -1.48095674113491, "cNe": -3.8714649766707208, "log_nD": 20.07016785454345, "log_nNe": 17.733965795513335}, "datetime": {"datetime": "2022-05-10 17:34:12", "elapsed": 12426.782845, "delta": 78.785238}}
{"target": -500.0, "params": {"cD2": -2.189919765694458, "cNe": 0.8192245702497031, "log_nD": 18.304993687256854, "log_nNe": 17.993454093310348}, "datetime": {"datetime": "2022-05-10 17:36:56", "elapsed": 12590.966703, "delta": 164.183858}}
{"target": -500.0, "params": {"cD2": -1.883919755762868, "cNe": 0.7334131671482675, "log_nD": 20.595757418414657, "log_nNe": 17.200908862478837}, "datetime": {"datetime": "2022-05-10 17:37:45", "elapsed": 12640.263779, "delta": 49.297076}}
{"target": -500.0, "params": {"cD2": -0.9615349431010078, "cNe": -1.7223842766485395, "log_nD": 20.74719332205399, "log_nNe": 16.747709256499316}, "datetime": {"datetime": "2022-05-10 17:38:34", "elapsed": 12689.726112, "delta": 49.462333}}
{"target": -222.42069315105323, "params": {"cD2": -4.150479007201195, "cNe": 0.10241072451045556, "log_nD": 18.85542704751203, "log_nNe": 18.601824917601732}, "datetime": {"datetime": "2022-05-10 17:41:39", "elapsed": 12874.084978, "delta": 184.358866}}
