{"target": -500.0, "params": {"cD2": 0.0, "cNe": 0.0, "log_nD": 17.0, "log_nNe": 18.0}, "datetime": {"datetime": "2022-05-16 18:33:32", "elapsed": 0.0, "delta": 0.0}}
{"target": -500.0, "params": {"cD2": 0.0, "cNe": 0.0, "log_nD": 18.25, "log_nNe": 18.0}, "datetime": {"datetime": "2022-05-16 18:36:20", "elapsed": 167.428489, "delta": 167.428489}}
{"target": -500.0, "params": {"cD2": 0.0, "cNe": 0.0, "log_nD": 19.5, "log_nNe": 18.0}, "datetime": {"datetime": "2022-05-16 18:38:13", "elapsed": 280.573634, "delta": 113.145145}}
{"target": -137.65760843224982, "params": {"cD2": 0.0, "cNe": 0.0, "log_nD": 20.75, "log_nNe": 18.0}, "datetime": {"datetime": "2022-05-16 18:40:18", "elapsed": 405.516495, "delta": 124.942861}}
{"target": -500.0, "params": {"cD2": 0.0, "cNe": 0.0, "log_nD": 22.0, "log_nNe": 18.0}, "datetime": {"datetime": "2022-05-16 18:40:58", "elapsed": 445.561336, "delta": 40.044841}}
{"target": -223.73469127018916, "params": {"cD2": 0.0, "cNe": 0.0, "log_nD": 17.0, "log_nNe": 18.625}, "datetime": {"datetime": "2022-05-16 18:44:33", "elapsed": 661.146944, "delta": 215.585608}}
{"target": -224.48434473364452, "params": {"cD2": 0.0, "cNe": 0.0, "log_nD": 18.25, "log_nNe": 18.625}, "datetime": {"datetime": "2022-05-16 18:48:07", "elapsed": 874.356461, "delta": 213.209517}}
{"target": -224.34770464552136, "params": {"cD2": 0.0, "cNe": 0.0, "log_nD": 19.5, "log_nNe": 18.625}, "datetime": {"datetime": "2022-05-16 18:51:09", "elapsed": 1056.35479, "delta": 181.998329}}
{"target": -110.64275110448288, "params": {"cD2": 0.0, "cNe": 0.0, "log_nD": 20.75, "log_nNe": 18.625}, "datetime": {"datetime": "2022-05-16 18:53:27", "elapsed": 1195.047705, "delta": 138.692915}}
{"target": -500.0, "params": {"cD2": 0.0, "cNe": 0.0, "log_nD": 22.0, "log_nNe": 18.625}, "datetime": {"datetime": "2022-05-16 18:54:07", "elapsed": 1234.603992, "delta": 39.556287}}
{"target": -110.70608496960662, "params": {"cD2": 0.0, "cNe": 0.0, "log_nD": 17.0, "log_nNe": 19.25}, "datetime": {"datetime": "2022-05-16 18:57:23", "elapsed": 1430.623944, "delta": 196.019952}}
{"target": -109.31715532819541, "params": {"cD2": 0.0, "cNe": 0.0, "log_nD": 18.25, "log_nNe": 19.25}, "datetime": {"datetime": "2022-05-16 19:00:38", "elapsed": 1625.285647, "delta": 194.661703}}
{"target": -101.76743672985863, "params": {"cD2": 0.0, "cNe": 0.0, "log_nD": 19.5, "log_nNe": 19.25}, "datetime": {"datetime": "2022-05-16 19:03:54", "elapsed": 1821.569482, "delta": 196.283835}}
{"target": -92.45511433562898, "params": {"cD2": 0.0, "cNe": 0.0, "log_nD": 20.75, "log_nNe": 19.25}, "datetime": {"datetime": "2022-05-16 19:06:38", "elapsed": 1985.581698, "delta": 164.012216}}
{"target": -500.0, "params": {"cD2": 0.0, "cNe": 0.0, "log_nD": 22.0, "log_nNe": 19.25}, "datetime": {"datetime": "2022-05-16 19:07:18", "elapsed": 2025.839741, "delta": 40.258043}}
{"target": -500.0, "params": {"cD2": 0.0, "cNe": 0.0, "log_nD": 17.0, "log_nNe": 19.875}, "datetime": {"datetime": "2022-05-16 19:07:57", "elapsed": 2064.965464, "delta": 39.125723}}
{"target": -500.0, "params": {"cD2": 0.0, "cNe": 0.0, "log_nD": 18.25, "log_nNe": 19.875}, "datetime": {"datetime": "2022-05-16 19:08:37", "elapsed": 2104.405652, "delta": 39.440188}}
{"target": -500.0, "params": {"cD2": 0.0, "cNe": 0.0, "log_nD": 19.5, "log_nNe": 19.875}, "datetime": {"datetime": "2022-05-16 19:09:16", "elapsed": 2143.836976, "delta": 39.431324}}
{"target": -106.53746132419809, "params": {"cD2": 0.0, "cNe": 0.0, "log_nD": 20.75, "log_nNe": 19.875}, "datetime": {"datetime": "2022-05-16 19:12:19", "elapsed": 2326.933241, "delta": 183.096265}}
{"target": -500.0, "params": {"cD2": 0.0, "cNe": 0.0, "log_nD": 22.0, "log_nNe": 19.875}, "datetime": {"datetime": "2022-05-16 19:13:00", "elapsed": 2367.78103, "delta": 40.847789}}
{"target": -500.0, "params": {"cD2": 0.0, "cNe": 0.0, "log_nD": 17.0, "log_nNe": 20.5}, "datetime": {"datetime": "2022-05-16 19:13:42", "elapsed": 2409.673502, "delta": 41.892472}}
{"target": -500.0, "params": {"cD2": 0.0, "cNe": 0.0, "log_nD": 18.25, "log_nNe": 20.5}, "datetime": {"datetime": "2022-05-16 19:14:23", "elapsed": 2451.014443, "delta": 41.340941}}
{"target": -500.0, "params": {"cD2": 0.0, "cNe": 0.0, "log_nD": 19.5, "log_nNe": 20.5}, "datetime": {"datetime": "2022-05-16 19:15:03", "elapsed": 2491.198658, "delta": 40.184215}}
{"target": -500.0, "params": {"cD2": 0.0, "cNe": 0.0, "log_nD": 20.75, "log_nNe": 20.5}, "datetime": {"datetime": "2022-05-16 19:15:43", "elapsed": 2530.395625, "delta": 39.196967}}
{"target": -500.0, "params": {"cD2": 0.0, "cNe": 0.0, "log_nD": 22.0, "log_nNe": 20.5}, "datetime": {"datetime": "2022-05-16 19:16:26", "elapsed": 2573.524908, "delta": 43.129283}}
{"target": -101.10621955208981, "params": {"cD2": -4.673035719643505e-07, "cNe": -1.798748538492292e-06, "log_nD": 20.14488255898984, "log_nNe": 19.100346041003757}, "datetime": {"datetime": "2022-05-16 19:19:24", "elapsed": 2751.952333, "delta": 178.427425}}
{"target": -120.06456378908251, "params": {"cD2": 2.212979607325896e-07, "cNe": 2.429539885236377e-06, "log_nD": 18.8884085682948, "log_nNe": 19.062324796079192}, "datetime": {"datetime": "2022-05-16 19:22:24", "elapsed": 2932.074472, "delta": 180.122139}}
{"target": -77.73139903953145, "params": {"cD2": -2.3299380645624912e-07, "cNe": 1.367059146823587e-06, "log_nD": 20.656993103629077, "log_nNe": 19.576615679272702}, "datetime": {"datetime": "2022-05-16 19:25:21", "elapsed": 3108.575362, "delta": 176.50089}}
{"target": -121.17930507564343, "params": {"cD2": 7.798126445498127e-07, "cNe": -2.2704162558527162e-07, "log_nD": 17.5841413196077, "log_nNe": 19.059847497954912}, "datetime": {"datetime": "2022-05-16 19:28:22", "elapsed": 3289.430352, "delta": 180.85499}}
{"target": -105.68499650249595, "params": {"cD2": 0.48263833423910185, "cNe": 0.09663155111500998, "log_nD": 20.58314211503039, "log_nNe": 18.90026401336018}, "datetime": {"datetime": "2022-05-16 19:31:00", "elapsed": 3447.67955, "delta": 158.249198}}
{"target": -66.71818656525008, "params": {"cD2": -8.153712051881328, "cNe": -1.9153056905193147, "log_nD": 20.877618761643753, "log_nNe": 19.613045122143323}, "datetime": {"datetime": "2022-05-16 19:33:55", "elapsed": 3622.825843, "delta": 175.146293}}
{"target": -500.0, "params": {"cD2": 1.385025140807283, "cNe": 5.081484141838136, "log_nD": 21.56386501762293, "log_nNe": 15.0}, "datetime": {"datetime": "2022-05-16 19:34:40", "elapsed": 3667.923181, "delta": 45.097338}}
{"target": -500.0, "params": {"cD2": 2.2440302104554313, "cNe": -10.121852104146315, "log_nD": 17.0, "log_nNe": 15.0}, "datetime": {"datetime": "2022-05-16 19:42:48", "elapsed": 4155.459603, "delta": 487.536422}}
{"target": -500.0, "params": {"cD2": 2.505072543861411, "cNe": -11.927720573576421, "log_nD": 20.87296977143488, "log_nNe": 16.87060064510522}, "datetime": {"datetime": "2022-05-16 19:44:24", "elapsed": 4252.166453, "delta": 96.70685}}
{"target": -96.43227724431254, "params": {"cD2": -3.1475341979602707, "cNe": -3.6413172420726223, "log_nD": 19.56239977255479, "log_nNe": 19.05168145344055}, "datetime": {"datetime": "2022-05-16 19:47:10", "elapsed": 4417.967638, "delta": 165.801185}}
{"target": -500.0, "params": {"cD2": 9.493715097083435, "cNe": -6.824156595154969, "log_nD": 20.522765641027778, "log_nNe": 18.361147036617243}, "datetime": {"datetime": "2022-05-16 19:48:21", "elapsed": 4489.037835, "delta": 71.070197}}
{"target": -263.0331333532383, "params": {"cD2": 4.619763812976281, "cNe": 3.6546590727082013, "log_nD": 20.665090946673466, "log_nNe": 18.384336560875997}, "datetime": {"datetime": "2022-05-16 19:55:03", "elapsed": 4891.21187, "delta": 402.174035}}
{"target": -500.0, "params": {"cD2": 9.388161992225225, "cNe": -2.5409422057611546, "log_nD": 20.43040746769377, "log_nNe": 19.33257281652368}, "datetime": {"datetime": "2022-05-16 19:55:42", "elapsed": 4930.142712, "delta": 38.930842}}
{"target": -68.807529181283, "params": {"cD2": -4.866058800789592, "cNe": -1.9372182962103413, "log_nD": 20.697418228120547, "log_nNe": 19.466293186956786}, "datetime": {"datetime": "2022-05-16 19:58:25", "elapsed": 5092.595714, "delta": 162.453002}}
{"target": -53.76185895587156, "params": {"cD2": -3.4047329649758384, "cNe": 5.510678303600658, "log_nD": 20.817459298178957, "log_nNe": 19.706607470707404}, "datetime": {"datetime": "2022-05-16 20:00:53", "elapsed": 5240.955666, "delta": 148.359952}}
{"target": -110.52415617737763, "params": {"cD2": -7.76604250039778, "cNe": 7.45264641322764, "log_nD": 20.56731135057277, "log_nNe": 18.603919065777376}, "datetime": {"datetime": "2022-05-16 20:03:06", "elapsed": 5373.400628, "delta": 132.444962}}
{"target": -500.0, "params": {"cD2": -7.08575664246356, "cNe": 9.88525696286759, "log_nD": 17.0, "log_nNe": 19.056995826275806}, "datetime": {"datetime": "2022-05-16 20:04:16", "elapsed": 5443.284452, "delta": 69.883824}}
{"target": -500.0, "params": {"cD2": 4.22739641279264, "cNe": -11.57596404573298, "log_nD": 17.0, "log_nNe": 19.066987935496577}, "datetime": {"datetime": "2022-05-16 20:05:44", "elapsed": 5531.650201, "delta": 88.365749}}
{"target": -84.7462067442572, "params": {"cD2": -5.388105910113261, "cNe": 3.2732912461832386, "log_nD": 20.546621029443866, "log_nNe": 19.247139269120463}, "datetime": {"datetime": "2022-05-16 20:08:06", "elapsed": 5673.492432, "delta": 141.842231}}
{"target": -104.42242501915308, "params": {"cD2": -5.918957643864322, "cNe": -0.34467024333251445, "log_nD": 20.54745953989584, "log_nNe": 18.59935038484724}, "datetime": {"datetime": "2022-05-16 20:10:16", "elapsed": 5803.693938, "delta": 130.201506}}
{"target": -52.26714570420831, "params": {"cD2": -4.500885862569009, "cNe": 2.414465886970987, "log_nD": 20.65845261350735, "log_nNe": 19.75818093419887}, "datetime": {"datetime": "2022-05-16 20:12:59", "elapsed": 5966.597255, "delta": 162.903317}}
{"target": -114.06686942336432, "params": {"cD2": -3.624343427405907, "cNe": 4.080072704899091, "log_nD": 19.623720773294238, "log_nNe": 19.057012787230146}, "datetime": {"datetime": "2022-05-16 20:15:45", "elapsed": 6132.841662, "delta": 166.244407}}
{"target": -53.66207892327686, "params": {"cD2": -4.57207663718976, "cNe": 1.8444797314591703, "log_nD": 20.89852721460639, "log_nNe": 19.645324895613218}, "datetime": {"datetime": "2022-05-16 20:18:28", "elapsed": 6295.578921, "delta": 162.737259}}
{"target": -500.0, "params": {"cD2": -11.23825129017506, "cNe": 4.6903685954924015, "log_nD": 21.34959031117576, "log_nNe": 18.9973963923753}, "datetime": {"datetime": "2022-05-16 20:19:21", "elapsed": 6348.872729, "delta": 53.293808}}
{"target": -9.86642657320158, "params": {"cD2": -8.256900425132239, "cNe": 10.571857146462474, "log_nD": 20.68944622666522, "log_nNe": 19.954823831312673}, "datetime": {"datetime": "2022-05-16 20:21:36", "elapsed": 6484.151262, "delta": 135.278533}}
{"target": -500.0, "params": {"cD2": -7.37883251767511, "cNe": -3.7968500280936315, "log_nD": 21.007886145669815, "log_nNe": 20.055468811055867}, "datetime": {"datetime": "2022-05-16 20:23:07", "elapsed": 6574.582131, "delta": 90.430869}}
{"target": -74.41619067706084, "params": {"cD2": -3.7540112602922355, "cNe": 9.827580193254834, "log_nD": 20.385907183102532, "log_nNe": 19.632568041319505}, "datetime": {"datetime": "2022-05-16 20:25:07", "elapsed": 6694.452773, "delta": 119.870642}}
{"target": -98.62229836240938, "params": {"cD2": -10.584763393590933, "cNe": -0.9212393851422359, "log_nD": 19.95561537321095, "log_nNe": 19.17774594146001}, "datetime": {"datetime": "2022-05-16 20:27:43", "elapsed": 6850.950969, "delta": 156.498196}}
{"target": -44.22995880422985, "params": {"cD2": -2.752309320876737, "cNe": 11.418113629542297, "log_nD": 20.86681997497334, "log_nNe": 20.10691348192864}, "datetime": {"datetime": "2022-05-16 20:30:00", "elapsed": 6987.757752, "delta": 136.806783}}
{"target": -17.54111852911223, "params": {"cD2": -6.006296630440647, "cNe": 8.661805656290992, "log_nD": 20.609135684082855, "log_nNe": 20.093216782471433}, "datetime": {"datetime": "2022-05-16 20:32:23", "elapsed": 7130.75138, "delta": 142.993628}}
{"target": -70.65961672060763, "params": {"cD2": -9.664066055220134, "cNe": 12.0, "log_nD": 20.37094141813926, "log_nNe": 20.24929600745391}, "datetime": {"datetime": "2022-05-16 20:34:33", "elapsed": 7260.884921, "delta": 130.133541}}
{"target": -500.0, "params": {"cD2": -10.36314401127703, "cNe": 10.687193464430207, "log_nD": 21.08932414122126, "log_nNe": 20.232708228521684}, "datetime": {"datetime": "2022-05-16 20:35:29", "elapsed": 7316.805117, "delta": 55.920196}}
{"target": -17.076095049019063, "params": {"cD2": -7.213235008577315, "cNe": 12.0, "log_nD": 20.413708267025807, "log_nNe": 19.926503683314948}, "datetime": {"datetime": "2022-05-16 20:37:24", "elapsed": 7431.423279, "delta": 114.618162}}
{"target": -69.78095098321451, "params": {"cD2": -10.785001668336243, "cNe": 5.579178543481188, "log_nD": 20.303052126352917, "log_nNe": 19.67191613977505}, "datetime": {"datetime": "2022-05-16 20:39:46", "elapsed": 7573.814697, "delta": 142.391418}}
{"target": -9.568635890603987, "params": {"cD2": -5.06672381138638, "cNe": 11.577894147731756, "log_nD": 20.632220182988306, "log_nNe": 19.972209406766158}, "datetime": {"datetime": "2022-05-16 20:41:51", "elapsed": 7699.193273, "delta": 125.378576}}
{"target": -52.67005249678034, "params": {"cD2": -8.256754119402899, "cNe": 6.785994329476782, "log_nD": 20.680232119284597, "log_nNe": 19.740245791340925}, "datetime": {"datetime": "2022-05-16 20:44:21", "elapsed": 7848.266411, "delta": 149.073138}}
{"target": -50.472993879486154, "params": {"cD2": 1.8292451800315987, "cNe": 11.714474301586016, "log_nD": 20.79103103572659, "log_nNe": 19.921030846894993}, "datetime": {"datetime": "2022-05-16 20:48:10", "elapsed": 8078.228234, "delta": 229.961823}}
{"target": -19.471250223675586, "params": {"cD2": -11.575853923268113, "cNe": 10.89579265750966, "log_nD": 20.26791187403411, "log_nNe": 19.941773823547507}, "datetime": {"datetime": "2022-05-16 20:50:10", "elapsed": 8197.990336, "delta": 119.762102}}
{"target": -500.0, "params": {"cD2": -8.183786312487056, "cNe": 8.639898332638555, "log_nD": 20.644459750476365, "log_nNe": 17.80986747162785}, "datetime": {"datetime": "2022-05-16 20:51:11", "elapsed": 8258.953031, "delta": 60.962695}}
{"target": -9.04298805945842, "params": {"cD2": -2.1849770941186266, "cNe": 8.941796235076463, "log_nD": 20.66180717992855, "log_nNe": 19.989231566439607}, "datetime": {"datetime": "2022-05-16 20:53:24", "elapsed": 8391.298643, "delta": 132.345612}}
{"target": -500.0, "params": {"cD2": 10.055411252494878, "cNe": 5.590855102462481, "log_nD": 17.860783259736856, "log_nNe": 19.126949991366295}, "datetime": {"datetime": "2022-05-16 20:54:33", "elapsed": 8460.93423, "delta": 69.635587}}
{"target": -95.3473074452452, "params": {"cD2": -7.073592381083115, "cNe": -3.494436647565202, "log_nD": 18.255989537789638, "log_nNe": 19.06391663240377}, "datetime": {"datetime": "2022-05-16 20:57:35", "elapsed": 8643.165311, "delta": 182.231081}}
{"target": -500.0, "params": {"cD2": -12.0, "cNe": -12.0, "log_nD": 19.096610252754974, "log_nNe": 19.023711030001788}, "datetime": {"datetime": "2022-05-16 20:59:04", "elapsed": 8731.804229, "delta": 88.638918}}
{"target": -212.2588375397922, "params": {"cD2": -12.0, "cNe": 12.0, "log_nD": 20.121572249686, "log_nNe": 19.090612528679976}, "datetime": {"datetime": "2022-05-16 21:01:19", "elapsed": 8866.262293, "delta": 134.458064}}
{"target": -9.048361742364207, "params": {"cD2": -6.357928935775687, "cNe": 9.495442695350846, "log_nD": 20.62085530915891, "log_nNe": 19.980637331298205}, "datetime": {"datetime": "2022-05-16 21:03:34", "elapsed": 9002.019388, "delta": 135.757095}}
{"target": -14.957024894961853, "params": {"cD2": -11.190447255914826, "cNe": 8.66839924980492, "log_nD": 20.521302840848982, "log_nNe": 19.919308904572283}, "datetime": {"datetime": "2022-05-16 21:05:52", "elapsed": 9139.997277, "delta": 137.977889}}
{"target": -60.52953854039892, "params": {"cD2": -1.0532326688153875, "cNe": 12.0, "log_nD": 20.55772058893739, "log_nNe": 20.196037409530394}, "datetime": {"datetime": "2022-05-16 21:08:12", "elapsed": 9279.773615, "delta": 139.776338}}
{"target": -17.924254763102386, "params": {"cD2": -7.8802405384588345, "cNe": 11.119143888777742, "log_nD": 20.607644517898777, "log_nNe": 19.891170599121626}, "datetime": {"datetime": "2022-05-16 21:10:21", "elapsed": 9408.558517, "delta": 128.784902}}
{"target": -208.09920419283043, "params": {"cD2": -1.6572628000754765, "cNe": 11.628305655445946, "log_nD": 20.45162473360657, "log_nNe": 18.84005671546867}, "datetime": {"datetime": "2022-05-16 21:12:26", "elapsed": 9534.223079, "delta": 125.664562}}
{"target": -500.0, "params": {"cD2": -12.0, "cNe": 12.0, "log_nD": 18.957093827911294, "log_nNe": 15.0}, "datetime": {"datetime": "2022-05-16 21:17:14", "elapsed": 9821.489161, "delta": 287.266082}}
{"target": -500.0, "params": {"cD2": -6.156163539077098, "cNe": 5.005909952494044, "log_nD": 18.358661239661757, "log_nNe": 19.1344955090315}, "datetime": {"datetime": "2022-05-16 21:18:24", "elapsed": 9891.783483, "delta": 70.294322}}
{"target": -95.63812049596118, "params": {"cD2": 4.814184066686743, "cNe": -3.5794331432462556, "log_nD": 18.270402587705853, "log_nNe": 19.070784326587027}, "datetime": {"datetime": "2022-05-16 21:21:28", "elapsed": 10075.45596, "delta": 183.672477}}
{"target": -97.40931397058502, "params": {"cD2": -10.789261390127033, "cNe": 2.4809762677663016, "log_nD": 20.086880294954224, "log_nNe": 18.8317298293439}, "datetime": {"datetime": "2022-05-16 21:23:49", "elapsed": 10216.758162, "delta": 141.302202}}
{"target": -500.0, "params": {"cD2": 12.0, "cNe": -12.0, "log_nD": 19.48606883908477, "log_nNe": 15.0}, "datetime": {"datetime": "2022-05-16 21:31:59", "elapsed": 10706.508098, "delta": 489.749936}}
{"target": -500.0, "params": {"cD2": 8.086425940977591, "cNe": 6.597107239375497, "log_nD": 20.871940246655907, "log_nNe": 20.04804399845772}, "datetime": {"datetime": "2022-05-16 21:32:42", "elapsed": 10749.659214, "delta": 43.151116}}
{"target": -104.48309047880655, "params": {"cD2": -3.775057010294926, "cNe": -6.346435815085979, "log_nD": 17.922320720777815, "log_nNe": 18.978118470634428}, "datetime": {"datetime": "2022-05-16 21:35:33", "elapsed": 10920.338446, "delta": 170.679232}}
{"target": -96.64308937253328, "params": {"cD2": -0.8308514435964938, "cNe": -4.586988843677778, "log_nD": 18.391113182071972, "log_nNe": 19.099681189307436}, "datetime": {"datetime": "2022-05-16 21:38:24", "elapsed": 11091.312123, "delta": 170.973677}}
{"target": -22.442184088041827, "params": {"cD2": -8.947275459634067, "cNe": 10.470582199202383, "log_nD": 20.302334716225985, "log_nNe": 20.124512993510073}, "datetime": {"datetime": "2022-05-16 21:40:30", "elapsed": 11217.365233, "delta": 126.05311}}
{"target": -103.23375417116976, "params": {"cD2": -10.485113522268255, "cNe": -6.866995749202573, "log_nD": 17.274615112927624, "log_nNe": 19.052477205473238}, "datetime": {"datetime": "2022-05-16 21:43:18", "elapsed": 11385.6865, "delta": 168.321267}}
{"target": -500.0, "params": {"cD2": -12.0, "cNe": -0.7560918711802221, "log_nD": 20.564477154468825, "log_nNe": 19.473467776782574}, "datetime": {"datetime": "2022-05-16 21:43:57", "elapsed": 11425.163886, "delta": 39.477386}}
{"target": -50.72238772721614, "params": {"cD2": -10.260015658509198, "cNe": 8.91497470011167, "log_nD": 20.38440360263064, "log_nNe": 19.845553077894092}, "datetime": {"datetime": "2022-05-16 21:46:03", "elapsed": 11550.612937, "delta": 125.449051}}
{"target": -61.16403262215052, "params": {"cD2": -4.522808314151831, "cNe": -2.043911127193522, "log_nD": 20.957193321222146, "log_nNe": 19.48849962274349}, "datetime": {"datetime": "2022-05-16 21:48:51", "elapsed": 11718.845837, "delta": 168.2329}}
{"target": -208.98771969991364, "params": {"cD2": -5.753585794821351, "cNe": 4.265983361494873, "log_nD": 20.054786541139084, "log_nNe": 19.25570730560793}, "datetime": {"datetime": "2022-05-16 21:51:02", "elapsed": 11849.391814, "delta": 130.545977}}
{"target": -98.10899414041367, "params": {"cD2": -4.2993728351226705, "cNe": -1.6732177724690747, "log_nD": 19.945149245155307, "log_nNe": 18.839773999410486}, "datetime": {"datetime": "2022-05-16 21:53:27", "elapsed": 11994.855271, "delta": 145.463457}}
{"target": -96.05169621361718, "params": {"cD2": -5.953343984984095, "cNe": -2.3414344137418586, "log_nD": 17.29536508747596, "log_nNe": 19.049168735018206}, "datetime": {"datetime": "2022-05-16 21:56:33", "elapsed": 12181.111451, "delta": 186.25618}}
{"target": -98.67809347149343, "params": {"cD2": -10.10535292287691, "cNe": 1.0747057320903846, "log_nD": 19.537204162178842, "log_nNe": 18.95134961002374}, "datetime": {"datetime": "2022-05-16 21:59:16", "elapsed": 12343.593514, "delta": 162.482063}}
{"target": -50.055700803122136, "params": {"cD2": -12.0, "cNe": 12.0, "log_nD": 19.80411959826654, "log_nNe": 20.052544276488547}, "datetime": {"datetime": "2022-05-16 22:01:49", "elapsed": 12496.745749, "delta": 153.152235}}
{"target": -60.58106280277918, "params": {"cD2": -0.47034433890692995, "cNe": 10.03704448473335, "log_nD": 20.596680797714153, "log_nNe": 19.80709666815236}, "datetime": {"datetime": "2022-05-16 22:04:01", "elapsed": 12628.640121, "delta": 131.894372}}
{"target": -108.56112404616664, "params": {"cD2": -4.144020544290042, "cNe": 3.568903666111847, "log_nD": 20.40929925161238, "log_nNe": 18.725122638041395}, "datetime": {"datetime": "2022-05-16 22:05:57", "elapsed": 12744.362374, "delta": 115.722253}}
{"target": -54.49256293820341, "params": {"cD2": -4.491854923611658, "cNe": 11.943343253845814, "log_nD": 20.89006124153348, "log_nNe": 19.649724861182488}, "datetime": {"datetime": "2022-05-16 22:08:06", "elapsed": 12873.566508, "delta": 129.204134}}
{"target": -500.0, "params": {"cD2": 12.0, "cNe": 12.0, "log_nD": 17.0, "log_nNe": 16.004730888147918}, "datetime": {"datetime": "2022-05-16 22:16:16", "elapsed": 13363.607073, "delta": 490.040565}}
