{"target": -500.0, "params": {"cD2": -4.950044999050055, "cNe": 12.0, "log_nD": 17.0, "log_nNe": 16.507948174715892}, "datetime": {"datetime": "2022-05-17 23:06:38", "elapsed": 102785.615171, "delta": 482.88911}}
{"target": -92.51510628864472, "params": {"cD2": 8.661757999572366, "cNe": -6.6745750605616685, "log_nD": 17.048045186491198, "log_nNe": 19.293976168021373}, "datetime": {"datetime": "2022-05-17 23:09:35", "elapsed": 102963.020667, "delta": 177.405496}}
{"target": -97.90212495469791, "params": {"cD2": -7.5949790208910875, "cNe": -6.661403950886365, "log_nD": 17.169537381870907, "log_nNe": 19.176332663798615}, "datetime": {"datetime": "2022-05-17 23:12:18", "elapsed": 103126.033848, "delta": 163.013181}}
{"target": -132.08499212799026, "params": {"cD2": 4.420482001289828, "cNe": 12.0, "log_nD": 22.0, "log_nNe": 16.80373534019774}, "datetime": {"datetime": "2022-05-17 23:19:23", "elapsed": 103550.33863, "delta": 424.304782}}
{"target": -500.0, "params": {"cD2": 4.831040472798193, "cNe": 9.478433963277634, "log_nD": 21.296106420846986, "log_nNe": 16.797300009115688}, "datetime": {"datetime": "2022-05-17 23:23:15", "elapsed": 103783.160716, "delta": 232.822086}}
{"target": -500.0, "params": {"cD2": 6.089046106703338, "cNe": -12.0, "log_nD": 20.76101964826062, "log_nNe": 15.0}, "datetime": {"datetime": "2022-05-17 23:29:27", "elapsed": 104154.893122, "delta": 371.732406}}
{"target": -123.65088635655583, "params": {"cD2": 2.3621850582173995, "cNe": 0.25754246898937494, "log_nD": 19.310911165652385, "log_nNe": 19.095472238574153}, "datetime": {"datetime": "2022-05-17 23:32:34", "elapsed": 104341.977461, "delta": 187.084339}}
{"target": -500.0, "params": {"cD2": -5.276667281945069, "cNe": 12.0, "log_nD": 20.151218137001617, "log_nNe": 15.0}, "datetime": {"datetime": "2022-05-17 23:33:55", "elapsed": 104422.814826, "delta": 80.837365}}
{"target": -16.2583136708208, "params": {"cD2": -7.62021297896803, "cNe": 3.4398214235681284, "log_nD": 20.139807793568995, "log_nNe": 20.06028703779895}, "datetime": {"datetime": "2022-05-17 23:36:56", "elapsed": 104603.614804, "delta": 180.799978}}
{"target": -94.83722390105312, "params": {"cD2": -12.0, "cNe": -4.554603607082939, "log_nD": 17.339553214494362, "log_nNe": 19.147093403666126}, "datetime": {"datetime": "2022-05-17 23:39:48", "elapsed": 104775.807097, "delta": 172.192293}}
{"target": -500.0, "params": {"cD2": -3.185577610209123, "cNe": 12.0, "log_nD": 22.0, "log_nNe": 16.99830598097768}, "datetime": {"datetime": "2022-05-17 23:40:33", "elapsed": 104820.400503, "delta": 44.593406}}
{"target": -500.0, "params": {"cD2": 4.810092582608197, "cNe": 12.0, "log_nD": 17.0, "log_nNe": 16.717060389599503}, "datetime": {"datetime": "2022-05-17 23:48:33", "elapsed": 105301.19099, "delta": 480.790487}}
{"target": -11.01518811865201, "params": {"cD2": -5.073420668210974, "cNe": 8.186068268624307, "log_nD": 20.71062180413681, "log_nNe": 19.932459847649593}, "datetime": {"datetime": "2022-05-17 23:51:01", "elapsed": 105448.399568, "delta": 147.208578}}
{"target": -21.450922141153868, "params": {"cD2": -8.29459712037476, "cNe": 9.109601397435306, "log_nD": 20.09948500378592, "log_nNe": 19.966345483652972}, "datetime": {"datetime": "2022-05-17 23:53:24", "elapsed": 105591.586566, "delta": 143.186998}}
{"target": -21.25170010501133, "params": {"cD2": -2.928143335270022, "cNe": 2.927674275471606, "log_nD": 20.510671131247847, "log_nNe": 19.900456522848327}, "datetime": {"datetime": "2022-05-17 23:56:13", "elapsed": 105760.894508, "delta": 169.307942}}
{"target": -102.95423839833045, "params": {"cD2": 0.5639947816328714, "cNe": -5.463270290148729, "log_nD": 17.960110201375404, "log_nNe": 18.95981812250806}, "datetime": {"datetime": "2022-05-17 23:59:04", "elapsed": 105931.583487, "delta": 170.688979}}
{"target": -52.098173730660655, "params": {"cD2": -8.236421765432954, "cNe": 11.218447616288906, "log_nD": 20.10650055972289, "log_nNe": 20.200199937368644}, "datetime": {"datetime": "2022-05-18 00:01:34", "elapsed": 106081.926287, "delta": 150.3428}}
{"target": -500.0, "params": {"cD2": 4.810921299498191, "cNe": 12.0, "log_nD": 18.335120011744262, "log_nNe": 21.0}, "datetime": {"datetime": "2022-05-18 00:02:13", "elapsed": 106120.859155, "delta": 38.932868}}
{"target": -66.70031216794011, "params": {"cD2": -6.308477029862052, "cNe": 1.2555292937865268, "log_nD": 20.960821547450948, "log_nNe": 19.292295799771782}, "datetime": {"datetime": "2022-05-18 00:04:56", "elapsed": 106284.017214, "delta": 163.158059}}
{"target": -500.0, "params": {"cD2": 3.8322124888728766, "cNe": -2.7722749777961724, "log_nD": 18.218081091083842, "log_nNe": 19.470964457980337}, "datetime": {"datetime": "2022-05-18 00:05:49", "elapsed": 106336.965748, "delta": 52.948534}}
{"target": -49.33457542192661, "params": {"cD2": -1.9382350879947552, "cNe": 7.1189019778522, "log_nD": 21.13575182852865, "log_nNe": 19.57052989230918}, "datetime": {"datetime": "2022-05-18 00:08:13", "elapsed": 106481.175183, "delta": 144.209435}}
{"target": -500.0, "params": {"cD2": -10.113467498468403, "cNe": 3.9653940445497486, "log_nD": 21.23678707724606, "log_nNe": 19.673777240385494}, "datetime": {"datetime": "2022-05-18 00:09:04", "elapsed": 106531.590436, "delta": 50.415253}}
{"target": -115.9011562809741, "params": {"cD2": 4.150694160379015, "cNe": -1.7794484203452576, "log_nD": 18.250966261303034, "log_nNe": 18.7779241399887}, "datetime": {"datetime": "2022-05-18 00:12:11", "elapsed": 106718.81101, "delta": 187.220574}}
{"target": -99.54942825713418, "params": {"cD2": 5.281436050653966, "cNe": -3.8099385367172527, "log_nD": 18.501983399887337, "log_nNe": 18.94028216172738}, "datetime": {"datetime": "2022-05-18 00:15:23", "elapsed": 106910.303946, "delta": 191.492936}}
{"target": -100.38519714160284, "params": {"cD2": 0.8560898247929636, "cNe": -3.2516486056789287, "log_nD": 17.30077445194631, "log_nNe": 18.87785270552574}, "datetime": {"datetime": "2022-05-18 00:18:24", "elapsed": 107092.243004, "delta": 181.939058}}
{"target": -139.74278213606416, "params": {"cD2": 1.4632792062420314, "cNe": -11.466532134825663, "log_nD": 19.98145885296861, "log_nNe": 18.713402054699557}, "datetime": {"datetime": "2022-05-18 00:21:20", "elapsed": 107267.455184, "delta": 175.21218}}
{"target": -102.63577111167452, "params": {"cD2": -4.4262038299307696, "cNe": -2.912368885819761, "log_nD": 20.372511672611996, "log_nNe": 18.690535462263266}, "datetime": {"datetime": "2022-05-18 00:23:41", "elapsed": 107409.228368, "delta": 141.773184}}
{"target": -130.72313001559473, "params": {"cD2": 0.8964470555991461, "cNe": -2.9441147397834397, "log_nD": 20.211716881502365, "log_nNe": 18.313933952786304}, "datetime": {"datetime": "2022-05-18 00:26:45", "elapsed": 107592.794182, "delta": 183.565814}}
{"target": -500.0, "params": {"cD2": 11.626298456892059, "cNe": -10.930417756268744, "log_nD": 17.762836864877077, "log_nNe": 19.307687839980094}, "datetime": {"datetime": "2022-05-18 00:27:30", "elapsed": 107637.464858, "delta": 44.670676}}
{"target": -90.69429551436329, "params": {"cD2": 4.85712990063022, "cNe": -4.403865487142515, "log_nD": 17.814031233893726, "log_nNe": 19.25953647463636}, "datetime": {"datetime": "2022-05-18 00:30:23", "elapsed": 107810.780633, "delta": 173.315775}}
{"target": -105.54410226892836, "params": {"cD2": -5.085573731822686, "cNe": 5.534235722535264, "log_nD": 20.69309472170457, "log_nNe": 18.62333927391484}, "datetime": {"datetime": "2022-05-18 00:32:26", "elapsed": 107934.047449, "delta": 123.266816}}
{"target": -104.33963562870171, "params": {"cD2": -2.049251613270513, "cNe": -0.480011141574868, "log_nD": 21.04394300009106, "log_nNe": 18.50996458041608}, "datetime": {"datetime": "2022-05-18 00:34:44", "elapsed": 108071.269559, "delta": 137.22211}}
{"target": -120.85516836944811, "params": {"cD2": -2.883051674073501, "cNe": -6.298107763925185, "log_nD": 19.981292866895714, "log_nNe": 18.453225841525583}, "datetime": {"datetime": "2022-05-18 00:37:10", "elapsed": 108218.092884, "delta": 146.823325}}
{"target": -500.0, "params": {"cD2": 12.0, "cNe": 12.0, "log_nD": 18.651576006879903, "log_nNe": 17.178185386287797}, "datetime": {"datetime": "2022-05-18 00:45:06", "elapsed": 108694.245879, "delta": 476.152995}}
{"target": -100.7395437236679, "params": {"cD2": 10.185923066444232, "cNe": -4.12439261461623, "log_nD": 17.927138533055174, "log_nNe": 18.907171349163082}, "datetime": {"datetime": "2022-05-18 00:48:02", "elapsed": 108869.651435, "delta": 175.405556}}
{"target": -14.01544195480834, "params": {"cD2": 1.328449546973832, "cNe": 7.936019439216056, "log_nD": 21.181865104047983, "log_nNe": 19.833623139416193}, "datetime": {"datetime": "2022-05-18 00:50:28", "elapsed": 109015.929986, "delta": 146.278551}}
{"target": -103.77442584518491, "params": {"cD2": 12.0, "cNe": -4.256542973961832, "log_nD": 17.463136815069902, "log_nNe": 18.79742301724432}, "datetime": {"datetime": "2022-05-18 00:53:22", "elapsed": 109189.265115, "delta": 173.335129}}
{"target": -219.7671591481977, "params": {"cD2": 1.9760307122203002, "cNe": -3.217811027007061, "log_nD": 17.596324102790664, "log_nNe": 18.53668970880928}, "datetime": {"datetime": "2022-05-18 00:56:30", "elapsed": 109377.489357, "delta": 188.224242}}
{"target": -99.42479477647973, "params": {"cD2": -8.926625915311408, "cNe": 3.766883427098321, "log_nD": 20.10625466011278, "log_nNe": 18.976389709676496}, "datetime": {"datetime": "2022-05-18 00:58:50", "elapsed": 109518.142429, "delta": 140.653072}}
{"target": -60.08357335987721, "params": {"cD2": -0.4344466032950951, "cNe": 6.5178139520131495, "log_nD": 20.725292503232353, "log_nNe": 19.732385549790727}, "datetime": {"datetime": "2022-05-18 01:01:11", "elapsed": 109658.624738, "delta": 140.482309}}
{"target": -500.0, "params": {"cD2": -1.2110602923323022, "cNe": -11.261375049432576, "log_nD": 20.199254159636986, "log_nNe": 19.00781093446053}, "datetime": {"datetime": "2022-05-18 01:01:55", "elapsed": 109702.758649, "delta": 44.133911}}
{"target": -101.36333344070174, "params": {"cD2": -3.2490978133577144, "cNe": -1.5129153851752761, "log_nD": 18.60521597217989, "log_nNe": 18.99647395905074}, "datetime": {"datetime": "2022-05-18 01:05:09", "elapsed": 109897.065344, "delta": 194.306695}}
{"target": -100.44450309843718, "params": {"cD2": -3.5881528040768202, "cNe": -0.5165735012766675, "log_nD": 20.664542834095833, "log_nNe": 18.53848075979151}, "datetime": {"datetime": "2022-05-18 01:07:19", "elapsed": 110026.969808, "delta": 129.904464}}
{"target": -10.890206264260058, "params": {"cD2": -2.494541993265692, "cNe": 4.251929543567137, "log_nD": 20.645688596773258, "log_nNe": 19.971258283868313}, "datetime": {"datetime": "2022-05-18 01:10:07", "elapsed": 110194.311486, "delta": 167.341678}}
{"target": -114.8011819209076, "params": {"cD2": -0.6762250212797153, "cNe": -6.095837934526008, "log_nD": 19.793743158664572, "log_nNe": 18.799537711623536}, "datetime": {"datetime": "2022-05-18 01:12:48", "elapsed": 110356.009781, "delta": 161.698295}}
{"target": -105.32768088330742, "params": {"cD2": -0.7997630415797216, "cNe": -1.4622881495466462, "log_nD": 19.978472093845028, "log_nNe": 18.723721209286538}, "datetime": {"datetime": "2022-05-18 01:15:40", "elapsed": 110527.954063, "delta": 171.944282}}
{"target": -13.308673085601981, "params": {"cD2": -0.5072095876809559, "cNe": 11.723918771182056, "log_nD": 20.736452932415858, "log_nNe": 20.03797257152122}, "datetime": {"datetime": "2022-05-18 01:17:51", "elapsed": 110658.860164, "delta": 130.906101}}
{"target": -87.05581591035819, "params": {"cD2": -2.545136792120653, "cNe": -8.787742679078466, "log_nD": 20.70567902457386, "log_nNe": 19.37600150689606}, "datetime": {"datetime": "2022-05-18 01:20:22", "elapsed": 110810.191143, "delta": 151.330979}}
{"target": -145.80752195605146, "params": {"cD2": 4.744660941514383, "cNe": -10.066891155113858, "log_nD": 19.812159059031185, "log_nNe": 18.631692389032448}, "datetime": {"datetime": "2022-05-18 01:23:24", "elapsed": 110991.294827, "delta": 181.103684}}
{"target": -101.61118482096066, "params": {"cD2": -7.051336362700599, "cNe": -5.594990813370501, "log_nD": 17.848602467528128, "log_nNe": 19.016681444806835}, "datetime": {"datetime": "2022-05-18 01:26:20", "elapsed": 111168.219757, "delta": 176.92493}}
{"target": -94.08139636374042, "params": {"cD2": -1.1445575404378114, "cNe": -4.6483633386891565, "log_nD": 18.663952669019967, "log_nNe": 19.193107504641052}, "datetime": {"datetime": "2022-05-18 01:29:13", "elapsed": 111340.914137, "delta": 172.69438}}
{"target": -500.0, "params": {"cD2": 4.9950790252863575, "cNe": -4.155755757620191, "log_nD": 17.62660495925689, "log_nNe": 20.100295332270456}, "datetime": {"datetime": "2022-05-18 01:31:02", "elapsed": 111450.246513, "delta": 109.332376}}
{"target": -73.31832560596784, "params": {"cD2": -5.7429842764343935, "cNe": -0.7452437676893489, "log_nD": 20.907730781141794, "log_nNe": 19.17089908854495}, "datetime": {"datetime": "2022-05-18 01:33:50", "elapsed": 111617.45376, "delta": 167.207247}}
{"target": -26.35787515612928, "params": {"cD2": -3.6288684116136647, "cNe": 4.686133013689194, "log_nD": 21.036723027040804, "log_nNe": 19.73946645633161}, "datetime": {"datetime": "2022-05-18 01:36:44", "elapsed": 111791.4616, "delta": 174.00784}}
{"target": -71.79950689563528, "params": {"cD2": 0.1309664969358625, "cNe": 12.0, "log_nD": 21.314448888951834, "log_nNe": 19.11137886066613}, "datetime": {"datetime": "2022-05-18 01:39:01", "elapsed": 111929.247689, "delta": 137.786089}}
{"target": -100.11767651606378, "params": {"cD2": -8.301785649007808, "cNe": -0.9916160884097434, "log_nD": 20.09026503794397, "log_nNe": 18.558661959599025}, "datetime": {"datetime": "2022-05-18 01:41:33", "elapsed": 112080.551897, "delta": 151.304208}}
{"target": -58.40573077061444, "params": {"cD2": -4.7615383150531185, "cNe": 5.869185987802207, "log_nD": 20.864385290663122, "log_nNe": 19.604601984478556}, "datetime": {"datetime": "2022-05-18 01:44:10", "elapsed": 112237.930436, "delta": 157.378539}}
{"target": -89.81895652219333, "params": {"cD2": 7.036529039422551, "cNe": -2.3452685141885534, "log_nD": 17.0, "log_nNe": 19.27337593348458}, "datetime": {"datetime": "2022-05-18 01:47:25", "elapsed": 112433.048354, "delta": 195.117918}}
{"target": -500.0, "params": {"cD2": -2.5771051091617636, "cNe": 11.183708995733419, "log_nD": 21.458350127985128, "log_nNe": 19.59527277432496}, "datetime": {"datetime": "2022-05-18 01:48:16", "elapsed": 112483.900474, "delta": 50.85212}}
{"target": -106.67966249797325, "params": {"cD2": -10.497968645160201, "cNe": -0.4018423825664055, "log_nD": 19.95064997232829, "log_nNe": 20.210928778240543}, "datetime": {"datetime": "2022-05-18 01:51:34", "elapsed": 112681.289343, "delta": 197.388869}}
{"target": -83.6529016863494, "params": {"cD2": -1.847650171135431, "cNe": -2.559143491303441, "log_nD": 20.936651628985313, "log_nNe": 19.340835041404596}, "datetime": {"datetime": "2022-05-18 01:54:21", "elapsed": 112849.03784, "delta": 167.748497}}
{"target": -105.39291453178896, "params": {"cD2": 4.773986789593266, "cNe": -5.626131459053628, "log_nD": 18.35712533569265, "log_nNe": 18.88610131081748}, "datetime": {"datetime": "2022-05-18 01:57:14", "elapsed": 113021.357637, "delta": 172.319797}}
{"target": -114.49935921881094, "params": {"cD2": 3.7714934458164286, "cNe": -11.725346694457654, "log_nD": 19.70484411174712, "log_nNe": 19.22166454384692}, "datetime": {"datetime": "2022-05-18 01:59:57", "elapsed": 113184.709602, "delta": 163.351965}}
{"target": -10.27780246202721, "params": {"cD2": 0.8758344398962166, "cNe": 10.53892141268583, "log_nD": 21.15653813477089, "log_nNe": 19.92986736558933}, "datetime": {"datetime": "2022-05-18 02:02:09", "elapsed": 113316.994721, "delta": 132.285119}}
{"target": -88.25715866884734, "params": {"cD2": 5.268338749288468, "cNe": -3.2369492374064652, "log_nD": 19.08163233758915, "log_nNe": 19.337427504737054}, "datetime": {"datetime": "2022-05-18 02:05:12", "elapsed": 113499.7444, "delta": 182.749679}}
{"target": -500.0, "params": {"cD2": 1.2710770362854509, "cNe": -12.0, "log_nD": 20.08803996400803, "log_nNe": 17.889917027654892}, "datetime": {"datetime": "2022-05-18 02:06:53", "elapsed": 113600.894205, "delta": 101.149805}}
{"target": -118.2628253507489, "params": {"cD2": -4.734113686513685, "cNe": -0.10900219745098436, "log_nD": 18.939657213980468, "log_nNe": 18.862742884894658}, "datetime": {"datetime": "2022-05-18 02:09:52", "elapsed": 113779.399035, "delta": 178.50483}}
{"target": -52.627546450120185, "params": {"cD2": -11.908659096215189, "cNe": 2.467598355105755, "log_nD": 20.122756051505707, "log_nNe": 19.87409434461565}, "datetime": {"datetime": "2022-05-18 02:12:48", "elapsed": 113956.076442, "delta": 176.677407}}
