{"target": -95.80693566724932, "params": {"cD2": 10.250338996816474, "cNe": -6.829824004052469, "log_nD": 17.862774165397084, "log_nNe": 19.234258900815536}, "datetime": {"datetime": "2022-05-17 18:54:11", "elapsed": 87638.463457, "delta": 202.706455}}
{"target": -24.663753442112117, "params": {"cD2": -7.465145170132312, "cNe": 5.674737858891405, "log_nD": 20.705017347124425, "log_nNe": 20.105476264510465}, "datetime": {"datetime": "2022-05-17 18:57:24", "elapsed": 87831.830194, "delta": 193.366737}}
{"target": -107.38490249175125, "params": {"cD2": -6.01699618636027, "cNe": -4.151109951321791, "log_nD": 17.96773984667084, "log_nNe": 18.714180364252517}, "datetime": {"datetime": "2022-05-17 19:00:43", "elapsed": 88030.760237, "delta": 198.930043}}
{"target": -110.481461902861, "params": {"cD2": -7.544551807293816, "cNe": -6.591397888726231, "log_nD": 17.772121024097267, "log_nNe": 18.73330882019425}, "datetime": {"datetime": "2022-05-17 19:04:26", "elapsed": 88254.01186, "delta": 223.251623}}
{"target": -12.3082130190265, "params": {"cD2": -0.33698224930933485, "cNe": 7.0589804201085755, "log_nD": 20.89161779442907, "log_nNe": 19.90158627074731}, "datetime": {"datetime": "2022-05-17 19:08:09", "elapsed": 88476.539729, "delta": 222.527869}}
{"target": -131.53862162112713, "params": {"cD2": 0.29776928294665694, "cNe": -11.596141317170895, "log_nD": 20.882592655174516, "log_nNe": 18.879573770921603}, "datetime": {"datetime": "2022-05-17 19:11:04", "elapsed": 88651.423921, "delta": 174.884192}}
{"target": -20.244118659884272, "params": {"cD2": 2.362530191784881, "cNe": 11.995576090293739, "log_nD": 21.440084109329597, "log_nNe": 19.520802148007636}, "datetime": {"datetime": "2022-05-17 19:13:51", "elapsed": 88819.152933, "delta": 167.729012}}
{"target": -109.99185944616055, "params": {"cD2": -3.4739218988417058, "cNe": -8.763781380607032, "log_nD": 18.37010040355142, "log_nNe": 18.876414753327513}, "datetime": {"datetime": "2022-05-17 19:17:41", "elapsed": 89048.849464, "delta": 229.696531}}
{"target": -23.620426625521294, "params": {"cD2": -9.840993249411484, "cNe": 9.209992571042878, "log_nD": 19.979915833443044, "log_nNe": 20.040522927924663}, "datetime": {"datetime": "2022-05-17 19:20:40", "elapsed": 89227.409139, "delta": 178.559675}}
{"target": -70.23276276138213, "params": {"cD2": -4.354916836684106, "cNe": 5.0607700776408215, "log_nD": 20.896502221686752, "log_nNe": 20.188635363306087}, "datetime": {"datetime": "2022-05-17 19:24:13", "elapsed": 89440.996263, "delta": 213.587124}}
{"target": -39.69727276574006, "params": {"cD2": -7.026949323580337, "cNe": 2.8206867873583636, "log_nD": 21.122770719159064, "log_nNe": 19.56617962318058}, "datetime": {"datetime": "2022-05-17 19:27:08", "elapsed": 89615.79932, "delta": 174.803057}}
{"target": -102.7016577082555, "params": {"cD2": -5.965185393287495, "cNe": -7.426499702739331, "log_nD": 18.145583315407773, "log_nNe": 19.088412982870572}, "datetime": {"datetime": "2022-05-17 19:29:58", "elapsed": 89785.710655, "delta": 169.911335}}
{"target": -9.607915205667343, "params": {"cD2": -8.453924253866175, "cNe": 12.0, "log_nD": 20.30266164849034, "log_nNe": 20.028290959068606}, "datetime": {"datetime": "2022-05-17 19:32:00", "elapsed": 89907.819557, "delta": 122.108902}}
{"target": -98.73748288658476, "params": {"cD2": -3.7842637033356628, "cNe": -6.91060696810558, "log_nD": 18.723050162279183, "log_nNe": 19.18122680146592}, "datetime": {"datetime": "2022-05-17 19:34:41", "elapsed": 90068.610125, "delta": 160.790568}}
{"target": -30.512695440662277, "params": {"cD2": 0.08316816637710295, "cNe": 11.28175158998471, "log_nD": 21.20574301125633, "log_nNe": 19.524453963247648}, "datetime": {"datetime": "2022-05-17 19:36:42", "elapsed": 90190.106882, "delta": 121.496757}}
{"target": -221.9555997006553, "params": {"cD2": 11.47208995810428, "cNe": -4.101019873105159, "log_nD": 18.401193649428834, "log_nNe": 18.51036787715899}, "datetime": {"datetime": "2022-05-17 19:39:53", "elapsed": 90380.423982, "delta": 190.3171}}
{"target": -7.819778933649336, "params": {"cD2": -3.728615903017001, "cNe": 7.113906336196145, "log_nD": 20.66251478152856, "log_nNe": 19.997832377119984}, "datetime": {"datetime": "2022-05-17 19:42:24", "elapsed": 90532.144116, "delta": 151.720134}}
{"target": -63.598449300837736, "params": {"cD2": -6.321681375359551, "cNe": 8.567055422712151, "log_nD": 20.80828430939075, "log_nNe": 19.543169912096875}, "datetime": {"datetime": "2022-05-17 19:44:43", "elapsed": 90671.140763, "delta": 138.996647}}
{"target": -70.52983608377482, "params": {"cD2": -9.113721161436647, "cNe": 2.4440051037196966, "log_nD": 20.127784718414127, "log_nNe": 19.69582640248877}, "datetime": {"datetime": "2022-05-17 19:47:32", "elapsed": 90840.245599, "delta": 169.104836}}
{"target": -64.88677055984978, "params": {"cD2": -5.322845050367996, "cNe": -0.275044056827614, "log_nD": 20.81260471693038, "log_nNe": 19.51191099620335}, "datetime": {"datetime": "2022-05-17 19:50:18", "elapsed": 91006.08728, "delta": 165.841681}}
{"target": -500.0, "params": {"cD2": -11.867828380244454, "cNe": 2.7662508227063007, "log_nD": 21.101222300977785, "log_nNe": 20.152591820109205}, "datetime": {"datetime": "2022-05-17 19:51:15", "elapsed": 91062.943288, "delta": 56.856008}}
{"target": -500.0, "params": {"cD2": -8.13154860717882, "cNe": -0.22467638151595537, "log_nD": 20.539037783636566, "log_nNe": 18.72342881394288}, "datetime": {"datetime": "2022-05-17 19:52:16", "elapsed": 91123.566658, "delta": 60.62337}}
{"target": -94.59780495518034, "params": {"cD2": -9.088200795293542, "cNe": 1.809096373757086, "log_nD": 20.530613677692784, "log_nNe": 20.102352352492517}, "datetime": {"datetime": "2022-05-17 19:55:20", "elapsed": 91308.10316, "delta": 184.536502}}
{"target": -104.10592412637851, "params": {"cD2": 0.680937957679031, "cNe": -6.587712590887426, "log_nD": 17.526563223081197, "log_nNe": 18.9996268847256}, "datetime": {"datetime": "2022-05-17 19:58:30", "elapsed": 91497.811771, "delta": 189.708611}}
{"target": -74.9334159617012, "params": {"cD2": -3.161236197110126, "cNe": -2.6817747325231736, "log_nD": 20.38220720744816, "log_nNe": 19.547492126880574}, "datetime": {"datetime": "2022-05-17 20:01:46", "elapsed": 91693.597086, "delta": 195.785315}}
{"target": -100.78665284988871, "params": {"cD2": -4.368793939340376, "cNe": -2.6256471978291103, "log_nD": 20.685230273992243, "log_nNe": 18.52468495135501}, "datetime": {"datetime": "2022-05-17 20:04:18", "elapsed": 91845.918559, "delta": 152.321473}}
{"target": -118.12667870626127, "params": {"cD2": -2.096039998651509, "cNe": 0.43003299590856, "log_nD": 19.221462509038908, "log_nNe": 19.018646088017945}, "datetime": {"datetime": "2022-05-17 20:07:32", "elapsed": 92039.604576, "delta": 193.686017}}
{"target": -16.846824977704074, "params": {"cD2": -8.832541710569412, "cNe": 7.494077829336348, "log_nD": 20.17923611251815, "log_nNe": 20.1237315628055}, "datetime": {"datetime": "2022-05-17 20:10:24", "elapsed": 92211.362331, "delta": 171.757755}}
{"target": -500.0, "params": {"cD2": -4.598040055614796, "cNe": -11.837881554489144, "log_nD": 17.900276264405097, "log_nNe": 18.302695236004055}, "datetime": {"datetime": "2022-05-17 20:11:49", "elapsed": 92297.159202, "delta": 85.796871}}
{"target": -136.2790922856237, "params": {"cD2": -1.833639839928125, "cNe": -11.888198036961125, "log_nD": 20.321189585768003, "log_nNe": 18.367988243781916}, "datetime": {"datetime": "2022-05-17 20:14:18", "elapsed": 92446.180767, "delta": 149.021565}}
{"target": -101.12935862064094, "params": {"cD2": -1.0246366644985585, "cNe": -9.01718854777244, "log_nD": 20.38149049619497, "log_nNe": 19.398677183365557}, "datetime": {"datetime": "2022-05-17 20:17:07", "elapsed": 92614.536194, "delta": 168.355427}}
{"target": -62.51368184122137, "params": {"cD2": -11.888845923434737, "cNe": 11.637586187146134, "log_nD": 19.99127565859337, "log_nNe": 19.880635744272066}, "datetime": {"datetime": "2022-05-17 20:19:55", "elapsed": 92782.856504, "delta": 168.32031}}
{"target": -500.0, "params": {"cD2": -3.526507772465178, "cNe": -12.0, "log_nD": 22.0, "log_nNe": 15.0}, "datetime": {"datetime": "2022-05-17 20:20:49", "elapsed": 92836.254799, "delta": 53.398295}}
{"target": -111.49941433422396, "params": {"cD2": -1.3388041834665667, "cNe": -6.920995053824078, "log_nD": 19.95728176506335, "log_nNe": 19.01365007625361}, "datetime": {"datetime": "2022-05-17 20:23:39", "elapsed": 93006.926243, "delta": 170.671444}}
{"target": -99.47878937296034, "params": {"cD2": 2.7969037566084394, "cNe": -12.0, "log_nD": 20.71959848238032, "log_nNe": 19.59812124871176}, "datetime": {"datetime": "2022-05-17 20:26:46", "elapsed": 93193.492556, "delta": 186.566313}}
{"target": -142.22243111171414, "params": {"cD2": 2.9420047114900036, "cNe": -11.428370879345703, "log_nD": 21.318853527335172, "log_nNe": 19.41448341238008}, "datetime": {"datetime": "2022-05-17 20:30:14", "elapsed": 93401.316328, "delta": 207.823772}}
{"target": -500.0, "params": {"cD2": -5.085760935586942, "cNe": -4.869105082425377, "log_nD": 18.008553514135567, "log_nNe": 15.0}, "datetime": {"datetime": "2022-05-17 20:39:27", "elapsed": 93954.340695, "delta": 553.024367}}
{"target": -112.03865465070491, "params": {"cD2": -4.498571947392284, "cNe": -2.1388344680317277, "log_nD": 20.25743552243801, "log_nNe": 18.1320890510454}, "datetime": {"datetime": "2022-05-17 20:41:59", "elapsed": 94106.950586, "delta": 152.609891}}
{"target": -93.35104444713075, "params": {"cD2": -0.7099175447290342, "cNe": -11.94700094190257, "log_nD": 20.882532631259746, "log_nNe": 19.531939104276958}, "datetime": {"datetime": "2022-05-17 20:44:45", "elapsed": 94272.933364, "delta": 165.982778}}
{"target": -115.18445794396946, "params": {"cD2": 8.735484849916846, "cNe": -8.113413783652772, "log_nD": 18.95314780406452, "log_nNe": 18.839665973189646}, "datetime": {"datetime": "2022-05-17 20:47:48", "elapsed": 94455.784481, "delta": 182.851117}}
{"target": -96.86675497086206, "params": {"cD2": 3.154337483156233, "cNe": -2.167140881922002, "log_nD": 18.33224500982352, "log_nNe": 19.044334593075266}, "datetime": {"datetime": "2022-05-17 20:51:22", "elapsed": 94669.534284, "delta": 213.749803}}
{"target": -92.17387521514569, "params": {"cD2": -3.0674741509534678, "cNe": -5.169448800350792, "log_nD": 18.33312966513912, "log_nNe": 19.25953353364633}, "datetime": {"datetime": "2022-05-17 20:55:46", "elapsed": 94933.49462, "delta": 263.960336}}
{"target": -500.0, "params": {"cD2": -4.016534358454048, "cNe": -12.0, "log_nD": 20.501087734603267, "log_nNe": 17.364702008552065}, "datetime": {"datetime": "2022-05-17 20:56:43", "elapsed": 94991.137663, "delta": 57.643043}}
{"target": -500.0, "params": {"cD2": 4.420995439256248, "cNe": 12.0, "log_nD": 19.838962647903863, "log_nNe": 15.0}, "datetime": {"datetime": "2022-05-17 21:04:27", "elapsed": 95454.512835, "delta": 463.375172}}
{"target": -500.0, "params": {"cD2": 4.254904266357642, "cNe": -12.0, "log_nD": 21.010804539319054, "log_nNe": 20.345056507647648}, "datetime": {"datetime": "2022-05-17 21:05:18", "elapsed": 95505.933273, "delta": 51.420438}}
{"target": -500.0, "params": {"cD2": 2.7777253636984796, "cNe": -7.472640973627706, "log_nD": 20.94458268190982, "log_nNe": 18.835344160334078}, "datetime": {"datetime": "2022-05-17 21:06:13", "elapsed": 95560.670967, "delta": 54.737694}}
{"target": -500.0, "params": {"cD2": 0.44210836286362465, "cNe": -10.975175140805334, "log_nD": 20.46795437151314, "log_nNe": 19.86566443641974}, "datetime": {"datetime": "2022-05-17 21:07:20", "elapsed": 95627.570675, "delta": 66.899708}}
{"target": -115.47469152013267, "params": {"cD2": -2.0286527116304933, "cNe": -12.0, "log_nD": 20.637629737992974, "log_nNe": 19.0939090037979}, "datetime": {"datetime": "2022-05-17 21:10:04", "elapsed": 95792.041093, "delta": 164.470418}}
{"target": -106.53766974590695, "params": {"cD2": -0.3469064083864719, "cNe": -9.147185406445622, "log_nD": 21.251738055406456, "log_nNe": 19.233135429681834}, "datetime": {"datetime": "2022-05-17 21:12:57", "elapsed": 95964.308876, "delta": 172.267783}}
{"target": -100.3205395144873, "params": {"cD2": -1.717453971040289, "cNe": -5.721852216439889, "log_nD": 20.406317691709987, "log_nNe": 19.201681065413766}, "datetime": {"datetime": "2022-05-17 21:16:07", "elapsed": 96155.234263, "delta": 190.925387}}
{"target": -91.91653227579508, "params": {"cD2": 8.102971956736596, "cNe": -5.0714207499068324, "log_nD": 17.56633237884209, "log_nNe": 19.25892014301985}, "datetime": {"datetime": "2022-05-17 21:19:17", "elapsed": 96344.35586, "delta": 189.121597}}
{"target": -103.94506028895027, "params": {"cD2": -6.725104033833986, "cNe": -5.603331259141665, "log_nD": 18.611822321851136, "log_nNe": 18.927871006033048}, "datetime": {"datetime": "2022-05-17 21:22:17", "elapsed": 96525.189877, "delta": 180.834017}}
{"target": -500.0, "params": {"cD2": 12.0, "cNe": -12.0, "log_nD": 17.0, "log_nNe": 18.9457286094181}, "datetime": {"datetime": "2022-05-17 21:24:05", "elapsed": 96633.088966, "delta": 107.899089}}
{"target": -500.0, "params": {"cD2": -5.3701216121956366, "cNe": 12.0, "log_nD": 22.0, "log_nNe": 15.0}, "datetime": {"datetime": "2022-05-17 21:29:25", "elapsed": 96952.414014, "delta": 319.325048}}
{"target": -500.0, "params": {"cD2": -0.24263350814096896, "cNe": -11.672018993066777, "log_nD": 21.401306664692537, "log_nNe": 19.71120069244916}, "datetime": {"datetime": "2022-05-17 21:30:42", "elapsed": 97029.620189, "delta": 77.206175}}
{"target": -79.71636163662077, "params": {"cD2": -3.416192956813461, "cNe": 7.586390918163552, "log_nD": 20.654622672089115, "log_nNe": 19.40667607065957}, "datetime": {"datetime": "2022-05-17 21:32:52", "elapsed": 97160.208915, "delta": 130.588726}}
{"target": -91.72640613174002, "params": {"cD2": -1.7669393599110066, "cNe": -7.71638519229456, "log_nD": 21.087896506406572, "log_nNe": 19.24916162899737}, "datetime": {"datetime": "2022-05-17 21:37:29", "elapsed": 97436.938388, "delta": 276.729473}}
{"target": -107.03404367894994, "params": {"cD2": 0.09613752030097444, "cNe": -7.5757470303744565, "log_nD": 20.925872396815812, "log_nNe": 19.231991341796174}, "datetime": {"datetime": "2022-05-17 21:40:16", "elapsed": 97604.122378, "delta": 167.18399}}
{"target": -102.09981846384574, "params": {"cD2": -5.355778673193208, "cNe": -7.371697036071443, "log_nD": 18.467120488194983, "log_nNe": 19.115987107588026}, "datetime": {"datetime": "2022-05-17 21:43:07", "elapsed": 97774.422538, "delta": 170.30016}}
{"target": -59.109792012142215, "params": {"cD2": -7.480643356787036, "cNe": 4.107044204242985, "log_nD": 20.646547648241814, "log_nNe": 19.680410126401938}, "datetime": {"datetime": "2022-05-17 21:45:45", "elapsed": 97932.816941, "delta": 158.394403}}
{"target": -69.85557123462965, "params": {"cD2": -8.214993409077234, "cNe": -0.6774409738624989, "log_nD": 20.758548599281422, "log_nNe": 19.708108108922932}, "datetime": {"datetime": "2022-05-17 21:48:39", "elapsed": 98106.921472, "delta": 174.104531}}
{"target": -500.0, "params": {"cD2": -12.0, "cNe": 1.9779683180089158, "log_nD": 17.0, "log_nNe": 18.322467298066698}, "datetime": {"datetime": "2022-05-17 21:50:41", "elapsed": 98228.772584, "delta": 121.851112}}
{"target": -94.96226845461187, "params": {"cD2": 10.972564619046189, "cNe": -3.828787801852666, "log_nD": 17.009444439908126, "log_nNe": 19.10411498638265}, "datetime": {"datetime": "2022-05-17 21:53:43", "elapsed": 98411.061742, "delta": 182.289158}}
{"target": -102.94878203823882, "params": {"cD2": -2.2942427861450945, "cNe": -5.019427654453426, "log_nD": 18.852987231733728, "log_nNe": 18.914967041117528}, "datetime": {"datetime": "2022-05-17 21:56:33", "elapsed": 98580.733733, "delta": 169.671991}}
{"target": -21.809528671989902, "params": {"cD2": 0.25756803222682123, "cNe": 11.684427496330585, "log_nD": 20.851294061943946, "log_nNe": 19.84187501858881}, "datetime": {"datetime": "2022-05-17 21:58:43", "elapsed": 98711.115548, "delta": 130.381815}}
{"target": -107.99972719068647, "params": {"cD2": -3.2902863767524266, "cNe": 0.7518800102668592, "log_nD": 20.47964834906802, "log_nNe": 18.362481729697123}, "datetime": {"datetime": "2022-05-17 22:00:49", "elapsed": 98836.886877, "delta": 125.771329}}
{"target": -46.273141371326616, "params": {"cD2": -10.882331510997208, "cNe": 9.459247321197637, "log_nD": 20.02370743062086, "log_nNe": 20.187800894079697}, "datetime": {"datetime": "2022-05-17 22:03:21", "elapsed": 98988.849775, "delta": 151.962898}}
{"target": -121.46767734860063, "params": {"cD2": 2.600079919269426, "cNe": -12.0, "log_nD": 20.903940005050494, "log_nNe": 19.306127428280604}, "datetime": {"datetime": "2022-05-17 22:06:33", "elapsed": 99180.948392, "delta": 192.098617}}
{"target": -51.40435598788622, "params": {"cD2": -8.896933741499524, "cNe": 4.0891102382617674, "log_nD": 19.99867572237626, "log_nNe": 20.220912388663386}, "datetime": {"datetime": "2022-05-17 22:09:52", "elapsed": 99379.804938, "delta": 198.856546}}
{"target": -100.2497388649355, "params": {"cD2": 8.371345354343232, "cNe": -6.007922415119404, "log_nD": 19.185083628972546, "log_nNe": 19.170895774433973}, "datetime": {"datetime": "2022-05-17 22:12:39", "elapsed": 99547.078478, "delta": 167.27354}}
{"target": -243.25649327506807, "params": {"cD2": -0.17519288028147312, "cNe": 7.042463797323405, "log_nD": 19.65941973752281, "log_nNe": 19.058969808784607}, "datetime": {"datetime": "2022-05-17 22:15:52", "elapsed": 99740.051054, "delta": 192.972576}}
{"target": -22.004292711102543, "params": {"cD2": 0.22407406383311776, "cNe": 3.7872519463048997, "log_nD": 20.746354989491262, "log_nNe": 19.8684347277992}, "datetime": {"datetime": "2022-05-17 22:18:47", "elapsed": 99914.916094, "delta": 174.86504}}
{"target": -99.61898830155138, "params": {"cD2": -4.912644474895298, "cNe": 1.368699443808648, "log_nD": 19.970776854791033, "log_nNe": 18.676914418938367}, "datetime": {"datetime": "2022-05-17 22:21:08", "elapsed": 100056.199046, "delta": 141.282952}}
{"target": -500.0, "params": {"cD2": -5.924075146141291, "cNe": -0.3371914578538693, "log_nD": 20.01952098913538, "log_nNe": 19.570476715041842}, "datetime": {"datetime": "2022-05-17 22:21:51", "elapsed": 100098.531173, "delta": 42.332127}}
{"target": -6.257543607311368, "params": {"cD2": -3.472123262841496, "cNe": 9.394297128160606, "log_nD": 20.691903639432574, "log_nNe": 20.002280436681634}, "datetime": {"datetime": "2022-05-17 22:24:08", "elapsed": 100235.687426, "delta": 137.156253}}
{"target": -101.18876326485876, "params": {"cD2": -5.742379981234271, "cNe": 0.4530320798373424, "log_nD": 19.536659175449337, "log_nNe": 18.739966961155478}, "datetime": {"datetime": "2022-05-17 22:26:52", "elapsed": 100399.620914, "delta": 163.933488}}
{"target": -15.973745266123608, "params": {"cD2": -6.8556932664455426, "cNe": 2.94833051297338, "log_nD": 20.395913369113902, "log_nNe": 19.988974398924352}, "datetime": {"datetime": "2022-05-17 22:29:41", "elapsed": 100568.333109, "delta": 168.712195}}
{"target": -28.764521769663144, "params": {"cD2": -0.954211313575378, "cNe": 8.75726844335987, "log_nD": 21.209789809493614, "log_nNe": 19.55654269402533}, "datetime": {"datetime": "2022-05-17 22:31:59", "elapsed": 100706.629478, "delta": 138.296369}}
{"target": -78.23351830823557, "params": {"cD2": -2.5026097398049973, "cNe": 11.970836972193283, "log_nD": 21.017951485626476, "log_nNe": 19.28106061895581}, "datetime": {"datetime": "2022-05-17 22:34:03", "elapsed": 100830.933012, "delta": 124.303534}}
{"target": -5.854831137182706, "params": {"cD2": -5.678559637576238, "cNe": 6.152010108971104, "log_nD": 20.76748895285407, "log_nNe": 20.019107481070883}, "datetime": {"datetime": "2022-05-17 22:36:47", "elapsed": 100994.999442, "delta": 164.06643}}
{"target": -114.80786256549283, "params": {"cD2": -5.445034706409313, "cNe": -6.516156326696248, "log_nD": 19.333866528960833, "log_nNe": 18.67493985520858}, "datetime": {"datetime": "2022-05-17 22:39:44", "elapsed": 101171.960726, "delta": 176.961284}}
{"target": -102.62231326825922, "params": {"cD2": 2.2911549338343082, "cNe": -3.2603262386741294, "log_nD": 19.815938865147814, "log_nNe": 18.99974353279309}, "datetime": {"datetime": "2022-05-17 22:42:58", "elapsed": 101365.986011, "delta": 194.025285}}
{"target": -99.44661212420614, "params": {"cD2": -5.942523422798412, "cNe": -1.971538830497778, "log_nD": 19.831362186804412, "log_nNe": 18.70392544903086}, "datetime": {"datetime": "2022-05-17 22:45:24", "elapsed": 101512.00984, "delta": 146.023829}}
{"target": -139.55526574516495, "params": {"cD2": -3.344242061750992, "cNe": 1.3104587169969473, "log_nD": 17.580908737293765, "log_nNe": 18.986263057395554}, "datetime": {"datetime": "2022-05-17 22:48:33", "elapsed": 101700.791173, "delta": 188.781333}}
{"target": -119.51408660143069, "params": {"cD2": -1.5975733703658468, "cNe": -12.0, "log_nD": 21.185386227641473, "log_nNe": 18.691974703756852}, "datetime": {"datetime": "2022-05-17 22:51:03", "elapsed": 101851.037724, "delta": 150.246551}}
{"target": -500.0, "params": {"cD2": 3.2281192066179702, "cNe": -5.742790013285269, "log_nD": 17.67790281372082, "log_nNe": 19.41771053520323}, "datetime": {"datetime": "2022-05-17 22:51:46", "elapsed": 101893.87649, "delta": 42.838766}}
{"target": -500.0, "params": {"cD2": 6.510758749738315, "cNe": -0.9753927310487391, "log_nD": 17.933464868884247, "log_nNe": 19.629491591943086}, "datetime": {"datetime": "2022-05-17 22:52:36", "elapsed": 101943.794631, "delta": 49.918141}}
{"target": -102.13149018089439, "params": {"cD2": -10.323715083698264, "cNe": 11.387740660530042, "log_nD": 19.769691671094673, "log_nNe": 19.990120079537938}, "datetime": {"datetime": "2022-05-17 22:55:35", "elapsed": 102122.631046, "delta": 178.836415}}
{"target": -102.84758502180264, "params": {"cD2": 1.7894312158435142, "cNe": -2.4145921741231398, "log_nD": 17.886044378336617, "log_nNe": 18.876638845313217}, "datetime": {"datetime": "2022-05-17 22:58:35", "elapsed": 102302.726061, "delta": 180.095015}}
