{"target": -8.28618232936859, "params": {"cD2": -5.5318944838603725, "cNe": 5.656947214108932, "log_nD": 20.518136879487525, "log_nNe": 20.083923259836396}, "datetime": {"datetime": "2022-05-17 14:35:05", "elapsed": 72093.084266, "delta": 173.533889}}
{"target": -37.446101140266585, "params": {"cD2": -6.448229637175988, "cNe": 3.554192172029264, "log_nD": 21.14245187330705, "log_nNe": 19.58523667582478}, "datetime": {"datetime": "2022-05-17 14:38:05", "elapsed": 72272.621594, "delta": 179.537328}}
{"target": -97.96252621662947, "params": {"cD2": 12.0, "cNe": -4.340484567270788, "log_nD": 17.162279164082484, "log_nNe": 19.022860974686136}, "datetime": {"datetime": "2022-05-17 14:41:11", "elapsed": 72458.638281, "delta": 186.016687}}
{"target": -71.39161130619873, "params": {"cD2": -3.085177773697744, "cNe": -0.11018177512770855, "log_nD": 21.08837420936803, "log_nNe": 19.28866918185703}, "datetime": {"datetime": "2022-05-17 14:44:14", "elapsed": 72641.961607, "delta": 183.323326}}
{"target": -9.919938518278274, "params": {"cD2": 0.3182888471408205, "cNe": 9.76308503309226, "log_nD": 21.026717910600112, "log_nNe": 19.925629575071277}, "datetime": {"datetime": "2022-05-17 14:46:38", "elapsed": 72785.655497, "delta": 143.69389}}
{"target": -500.0, "params": {"cD2": 12.0, "cNe": -12.0, "log_nD": 17.83482944444229, "log_nNe": 15.0}, "datetime": {"datetime": "2022-05-17 14:55:37", "elapsed": 73324.703147, "delta": 539.04765}}
{"target": -98.5777178387462, "params": {"cD2": -2.2262425346568246, "cNe": 0.19599988440267424, "log_nD": 19.761673988529065, "log_nNe": 19.062274396781888}, "datetime": {"datetime": "2022-05-17 14:58:47", "elapsed": 73515.135796, "delta": 190.432649}}
{"target": -105.8720421240143, "params": {"cD2": -1.4509685584478866, "cNe": -2.0073955880960046, "log_nD": 20.360896521697256, "log_nNe": 18.71334631610484}, "datetime": {"datetime": "2022-05-17 15:01:35", "elapsed": 73682.595528, "delta": 167.459732}}
{"target": -500.0, "params": {"cD2": 12.0, "cNe": -12.0, "log_nD": 22.0, "log_nNe": 19.11540601281112}, "datetime": {"datetime": "2022-05-17 15:02:43", "elapsed": 73751.123309, "delta": 68.527781}}
{"target": -500.0, "params": {"cD2": -12.0, "cNe": -12.0, "log_nD": 18.807656357551068, "log_nNe": 17.437019417149877}, "datetime": {"datetime": "2022-05-17 15:05:22", "elapsed": 73909.327464, "delta": 158.204155}}
{"target": -500.0, "params": {"cD2": 12.0, "cNe": 12.0, "log_nD": 20.398340341358185, "log_nNe": 15.0}, "datetime": {"datetime": "2022-05-17 15:13:29", "elapsed": 74397.000141, "delta": 487.672677}}
{"target": -500.0, "params": {"cD2": -12.0, "cNe": -12.0, "log_nD": 20.51434376251071, "log_nNe": 15.0}, "datetime": {"datetime": "2022-05-17 15:14:54", "elapsed": 74481.463516, "delta": 84.463375}}
{"target": -500.0, "params": {"cD2": 12.0, "cNe": -12.0, "log_nD": 19.82007788384254, "log_nNe": 16.828279979766723}, "datetime": {"datetime": "2022-05-17 15:23:24", "elapsed": 74991.819071, "delta": 510.355555}}
{"target": -500.0, "params": {"cD2": 2.089437956708137, "cNe": 10.93572201713243, "log_nD": 20.42792442822017, "log_nNe": 20.35770708922022}, "datetime": {"datetime": "2022-05-17 15:24:16", "elapsed": 75043.938063, "delta": 52.118992}}
{"target": -500.0, "params": {"cD2": -7.797937129971674, "cNe": 5.974633555968644, "log_nD": 21.240514662099066, "log_nNe": 19.4749251905305}, "datetime": {"datetime": "2022-05-17 15:25:09", "elapsed": 75096.577388, "delta": 52.639325}}
{"target": -14.244577293383974, "params": {"cD2": -5.770625448681906, "cNe": 5.331649817429231, "log_nD": 21.04270324777135, "log_nNe": 19.81573468208156}, "datetime": {"datetime": "2022-05-17 15:28:18", "elapsed": 75285.964313, "delta": 189.386925}}
{"target": -12.55587869326899, "params": {"cD2": -2.9462889788227855, "cNe": 6.689274164639286, "log_nD": 21.140708186345837, "log_nNe": 19.822398760814796}, "datetime": {"datetime": "2022-05-17 15:31:07", "elapsed": 75454.815378, "delta": 168.851065}}
{"target": -56.88066524445104, "params": {"cD2": -5.07529560099248, "cNe": 1.3811353777674853, "log_nD": 21.030067248835923, "log_nNe": 19.467186380835855}, "datetime": {"datetime": "2022-05-17 15:34:07", "elapsed": 75634.905083, "delta": 180.089705}}
{"target": -28.089065037928464, "params": {"cD2": -7.527003626029624, "cNe": 2.3556585942673287, "log_nD": 21.06749765528449, "log_nNe": 19.751631514312578}, "datetime": {"datetime": "2022-05-17 15:37:30", "elapsed": 75837.26761, "delta": 202.362527}}
{"target": -56.05959897529834, "params": {"cD2": -6.38160703260232, "cNe": 1.9299922259175233, "log_nD": 20.272829144424488, "log_nNe": 19.863780601595384}, "datetime": {"datetime": "2022-05-17 15:40:52", "elapsed": 76039.825391, "delta": 202.557781}}
{"target": -500.0, "params": {"cD2": -4.597723035558845, "cNe": 8.65620839654531, "log_nD": 21.184536222471767, "log_nNe": 19.856006515584966}, "datetime": {"datetime": "2022-05-17 15:41:47", "elapsed": 76095.066167, "delta": 55.240776}}
{"target": -67.69248969547213, "params": {"cD2": -8.588721783171916, "cNe": 2.728837845964893, "log_nD": 20.698369193431496, "log_nNe": 19.49972632616722}, "datetime": {"datetime": "2022-05-17 15:44:59", "elapsed": 76286.691927, "delta": 191.62576}}
{"target": -5.504195529094447, "params": {"cD2": -6.559948118818542, "cNe": 6.272119684916227, "log_nD": 20.55214817927982, "log_nNe": 20.03459462185682}, "datetime": {"datetime": "2022-05-17 15:47:56", "elapsed": 76463.30036, "delta": 176.608433}}
{"target": -49.510947767103445, "params": {"cD2": -8.940258629490721, "cNe": 1.2117078430826962, "log_nD": 20.987654942132, "log_nNe": 19.760310672619653}, "datetime": {"datetime": "2022-05-17 15:51:12", "elapsed": 76660.232264, "delta": 196.931904}}
{"target": -23.02165211005254, "params": {"cD2": -2.892040654430179, "cNe": 5.067685652787489, "log_nD": 20.909894127454034, "log_nNe": 20.043183685349106}, "datetime": {"datetime": "2022-05-17 15:54:17", "elapsed": 76844.30655, "delta": 184.074286}}
{"target": -49.24413286671382, "params": {"cD2": -3.3543805780719484, "cNe": 9.611112131794581, "log_nD": 20.617874702306914, "log_nNe": 19.806724049867313}, "datetime": {"datetime": "2022-05-17 15:56:35", "elapsed": 76982.346161, "delta": 138.039611}}
{"target": -68.99670767961558, "params": {"cD2": -4.934341278373985, "cNe": 11.930762011016043, "log_nD": 20.62799007615964, "log_nNe": 19.584132427070234}, "datetime": {"datetime": "2022-05-17 15:58:49", "elapsed": 77116.443296, "delta": 134.097135}}
{"target": -500.0, "params": {"cD2": -5.26148221843044, "cNe": 4.164195044740794, "log_nD": 21.2413317547488, "log_nNe": 19.502055062211404}, "datetime": {"datetime": "2022-05-17 15:59:37", "elapsed": 77165.046731, "delta": 48.603435}}
{"target": -10.443849676070869, "params": {"cD2": -6.5765302388090925, "cNe": 4.324834191993297, "log_nD": 20.65338528069681, "log_nNe": 20.007198564077473}, "datetime": {"datetime": "2022-05-17 16:02:45", "elapsed": 77352.553074, "delta": 187.506343}}
{"target": -14.57105349036498, "params": {"cD2": -7.711121410766424, "cNe": 4.996371221897249, "log_nD": 20.940495096250114, "log_nNe": 19.846507551115838}, "datetime": {"datetime": "2022-05-17 16:05:52", "elapsed": 77539.665608, "delta": 187.112534}}
{"target": -88.46389779400594, "params": {"cD2": -5.620833685867553, "cNe": 5.794196725638784, "log_nD": 21.070947745630107, "log_nNe": 20.291656901831338}, "datetime": {"datetime": "2022-05-17 16:09:59", "elapsed": 77786.817093, "delta": 247.151485}}
{"target": -77.73165258776916, "params": {"cD2": -2.9846072339084273, "cNe": -0.9528147924876436, "log_nD": 20.795030907402204, "log_nNe": 19.357454227124517}, "datetime": {"datetime": "2022-05-17 16:13:02", "elapsed": 77969.602562, "delta": 182.785469}}
{"target": -68.03806328259658, "params": {"cD2": -1.2786839674384822, "cNe": 5.612741948325887, "log_nD": 20.977130210736682, "log_nNe": 19.51470856504772}, "datetime": {"datetime": "2022-05-17 16:15:44", "elapsed": 78132.22159, "delta": 162.619028}}
{"target": -9.846409403267716, "params": {"cD2": -7.269692662896403, "cNe": 6.194014366575814, "log_nD": 20.930461726049373, "log_nNe": 19.91715431167176}, "datetime": {"datetime": "2022-05-17 16:19:00", "elapsed": 78327.828971, "delta": 195.607381}}
{"target": -31.70557554804288, "params": {"cD2": -5.48504655494772, "cNe": 3.2591806188157157, "log_nD": 21.042421679112373, "log_nNe": 19.716872098910184}, "datetime": {"datetime": "2022-05-17 16:22:24", "elapsed": 78531.405169, "delta": 203.576198}}
{"target": -100.28128244502398, "params": {"cD2": -1.7018607711998295, "cNe": 8.894010613618292, "log_nD": 21.041538821035886, "log_nNe": 18.74101320759494}, "datetime": {"datetime": "2022-05-17 16:24:18", "elapsed": 78645.28759, "delta": 113.882421}}
{"target": -90.31463431137666, "params": {"cD2": -7.388412209945115, "cNe": 4.854115210994138, "log_nD": 20.401739147533522, "log_nNe": 20.350470160214876}, "datetime": {"datetime": "2022-05-17 16:27:35", "elapsed": 78842.700255, "delta": 197.412665}}
{"target": -14.5336729492928, "params": {"cD2": -6.6451977390677515, "cNe": 4.513407583473338, "log_nD": 21.040327107352553, "log_nNe": 19.917596322002424}, "datetime": {"datetime": "2022-05-17 16:30:55", "elapsed": 79043.108179, "delta": 200.407924}}
{"target": -63.19257589323226, "params": {"cD2": -2.152708172598455, "cNe": 6.100603644183074, "log_nD": 20.31773752409663, "log_nNe": 19.804005881454806}, "datetime": {"datetime": "2022-05-17 16:33:43", "elapsed": 79210.568262, "delta": 167.460083}}
{"target": -225.17733790168825, "params": {"cD2": 10.477431023264323, "cNe": -3.8564265973486407, "log_nD": 19.106367867620374, "log_nNe": 18.529784669558882}, "datetime": {"datetime": "2022-05-17 16:36:44", "elapsed": 79391.716944, "delta": 181.148682}}
{"target": -112.15608993990459, "params": {"cD2": -6.502475833264436, "cNe": -7.438107653019417, "log_nD": 18.308981297465287, "log_nNe": 18.741412731094318}, "datetime": {"datetime": "2022-05-17 16:39:50", "elapsed": 79578.05645, "delta": 186.339506}}
{"target": -104.0858293683692, "params": {"cD2": -6.310435413320572, "cNe": -5.08824794656083, "log_nD": 17.64941638164725, "log_nNe": 18.8541628355815}, "datetime": {"datetime": "2022-05-17 16:42:42", "elapsed": 79749.869541, "delta": 171.813091}}
{"target": -80.57415282791399, "params": {"cD2": -3.498452079884725, "cNe": 6.724206267887038, "log_nD": 20.487873415114883, "log_nNe": 20.308546748597834}, "datetime": {"datetime": "2022-05-17 16:45:32", "elapsed": 79920.231997, "delta": 170.362456}}
{"target": -8.23563100088651, "params": {"cD2": -2.2340000883928095, "cNe": 7.650744852183127, "log_nD": 21.12336599243922, "log_nNe": 19.946096436789848}, "datetime": {"datetime": "2022-05-17 16:48:08", "elapsed": 80076.134644, "delta": 155.902647}}
{"target": -14.257719868468042, "params": {"cD2": -6.695954226965494, "cNe": 5.342329753849633, "log_nD": 20.93040085489398, "log_nNe": 19.845933048450878}, "datetime": {"datetime": "2022-05-17 16:50:53", "elapsed": 80240.421084, "delta": 164.28644}}
{"target": -52.219883528988184, "params": {"cD2": -2.0306560625574015, "cNe": 7.870326935021527, "log_nD": 20.886229419220875, "log_nNe": 20.128392532751214}, "datetime": {"datetime": "2022-05-17 16:53:30", "elapsed": 80397.587794, "delta": 157.16671}}
{"target": -13.900605431472046, "params": {"cD2": -8.647014476457251, "cNe": 3.85948007715189, "log_nD": 20.862412855104566, "log_nNe": 19.904787845692304}, "datetime": {"datetime": "2022-05-17 16:56:23", "elapsed": 80570.635326, "delta": 173.047532}}
{"target": -8.964496410651313, "params": {"cD2": -0.7856474079934196, "cNe": 7.821863630663, "log_nD": 21.20932513948718, "log_nNe": 19.872549923147925}, "datetime": {"datetime": "2022-05-17 16:58:49", "elapsed": 80716.971553, "delta": 146.336227}}
{"target": -34.98629684404163, "params": {"cD2": -3.468804003117002, "cNe": 10.047436654885061, "log_nD": 20.58300700979188, "log_nNe": 20.119675611410443}, "datetime": {"datetime": "2022-05-17 17:01:04", "elapsed": 80851.527345, "delta": 134.555792}}
{"target": -19.117935663314622, "params": {"cD2": -1.6566580183086401, "cNe": 6.836614136408169, "log_nD": 21.133335621236398, "log_nNe": 19.713623518050113}, "datetime": {"datetime": "2022-05-17 17:03:34", "elapsed": 81002.202971, "delta": 150.675626}}
{"target": -186.45692830473502, "params": {"cD2": -7.004484898209874, "cNe": 11.972746621433494, "log_nD": 20.703531033582657, "log_nNe": 20.354234101500236}, "datetime": {"datetime": "2022-05-17 17:06:02", "elapsed": 81150.243791, "delta": 148.04082}}
{"target": -30.1165053047694, "params": {"cD2": 1.4071255421114535, "cNe": 12.0, "log_nD": 20.973077755254675, "log_nNe": 20.0583714681731}, "datetime": {"datetime": "2022-05-17 17:08:56", "elapsed": 81323.901586, "delta": 173.657795}}
{"target": -110.02877942413072, "params": {"cD2": 10.213381362208303, "cNe": -7.802458787630511, "log_nD": 17.601574301301714, "log_nNe": 18.807902935280246}, "datetime": {"datetime": "2022-05-17 17:12:07", "elapsed": 81515.248627, "delta": 191.347041}}
{"target": -106.89940327467434, "params": {"cD2": -5.732706789837037, "cNe": -2.9175584560268697, "log_nD": 19.540906973555444, "log_nNe": 18.404131429876777}, "datetime": {"datetime": "2022-05-17 17:14:52", "elapsed": 81680.094595, "delta": 164.845968}}
{"target": -8.477610051799259, "params": {"cD2": -0.7753257990763227, "cNe": 9.059932202175183, "log_nD": 21.08420115616365, "log_nNe": 19.916509260553465}, "datetime": {"datetime": "2022-05-17 17:17:13", "elapsed": 81820.631321, "delta": 140.536726}}
{"target": -5.622163565374487, "params": {"cD2": -4.915160647647959, "cNe": 8.398171558698987, "log_nD": 20.80208799915693, "log_nNe": 20.009379118257584}, "datetime": {"datetime": "2022-05-17 17:19:41", "elapsed": 81968.475188, "delta": 147.843867}}
{"target": -91.501815745948, "params": {"cD2": 4.525543576640244, "cNe": -5.512164899593119, "log_nD": 17.84133123773367, "log_nNe": 19.284309288182907}, "datetime": {"datetime": "2022-05-17 17:22:28", "elapsed": 82135.515613, "delta": 167.040425}}
{"target": -203.1367118583733, "params": {"cD2": -6.582938720018933, "cNe": 6.761752491986513, "log_nD": 20.351962267010485, "log_nNe": 18.587131594655933}, "datetime": {"datetime": "2022-05-17 17:24:38", "elapsed": 82265.317922, "delta": 129.802309}}
{"target": -109.66886377028204, "params": {"cD2": 12.0, "cNe": -2.103326873457852, "log_nD": 18.606180484054452, "log_nNe": 18.832476129333575}, "datetime": {"datetime": "2022-05-17 17:27:34", "elapsed": 82441.367766, "delta": 176.049844}}
{"target": -16.743906216602433, "params": {"cD2": -6.396293770198542, "cNe": 6.6715234654942535, "log_nD": 20.98287351760281, "log_nNe": 19.808484672746832}, "datetime": {"datetime": "2022-05-17 17:30:16", "elapsed": 82603.940605, "delta": 162.572839}}
{"target": -500.0, "params": {"cD2": 5.161022968922545, "cNe": -9.514165291591222, "log_nD": 18.035384651238466, "log_nNe": 19.06918532541738}, "datetime": {"datetime": "2022-05-17 17:31:47", "elapsed": 82694.765837, "delta": 90.825232}}
{"target": -101.42507487838353, "params": {"cD2": 4.31335966743676, "cNe": -1.2451063911045832, "log_nD": 17.82070412200899, "log_nNe": 19.075347895415064}, "datetime": {"datetime": "2022-05-17 17:34:58", "elapsed": 82886.176209, "delta": 191.410372}}
{"target": -87.70104551057649, "params": {"cD2": 6.158297877666181, "cNe": -3.751412642453114, "log_nD": 17.598158491800664, "log_nNe": 19.338044209260044}, "datetime": {"datetime": "2022-05-17 17:38:00", "elapsed": 83067.548864, "delta": 181.372655}}
{"target": -45.21246534933321, "params": {"cD2": -10.102273688729372, "cNe": 8.924393786837499, "log_nD": 20.60390152834914, "log_nNe": 20.15894330498144}, "datetime": {"datetime": "2022-05-17 17:40:32", "elapsed": 83219.560563, "delta": 152.011699}}
{"target": -123.21322939296397, "params": {"cD2": 0.928142517552647, "cNe": -7.9771568350371895, "log_nD": 20.38766083993546, "log_nNe": 18.998017848054886}, "datetime": {"datetime": "2022-05-17 17:43:29", "elapsed": 83396.987328, "delta": 177.426765}}
{"target": -44.93464529893616, "params": {"cD2": -6.84376873641418, "cNe": 4.693572178715126, "log_nD": 21.052879650854166, "log_nNe": 19.580977633491823}, "datetime": {"datetime": "2022-05-17 17:46:14", "elapsed": 83561.477613, "delta": 164.490285}}
{"target": -97.59410177535555, "params": {"cD2": -8.423716210453511, "cNe": -1.5070420549967611, "log_nD": 19.537713562325465, "log_nNe": 18.803652618691874}, "datetime": {"datetime": "2022-05-17 17:48:57", "elapsed": 83724.432063, "delta": 162.95445}}
{"target": -500.0, "params": {"cD2": -4.980846238501918, "cNe": -7.983551232187409, "log_nD": 17.647471380191764, "log_nNe": 19.52018423672074}, "datetime": {"datetime": "2022-05-17 17:49:38", "elapsed": 83765.517353, "delta": 41.08529}}
{"target": -116.15660035680787, "params": {"cD2": -4.024357397381159, "cNe": -3.36202650652766, "log_nD": 17.346960592873227, "log_nNe": 18.626248701779378}, "datetime": {"datetime": "2022-05-17 17:52:39", "elapsed": 83946.355425, "delta": 180.838072}}
{"target": -66.34148704323266, "params": {"cD2": -1.724230227707194, "cNe": 6.20205664949119, "log_nD": 21.14481793097556, "log_nNe": 20.13652045072979}, "datetime": {"datetime": "2022-05-17 17:55:42", "elapsed": 84129.508295, "delta": 183.15287}}
{"target": -123.66696862336067, "params": {"cD2": 6.924527488366262, "cNe": -6.53337156210213, "log_nD": 19.045602263382058, "log_nNe": 18.588090634899494}, "datetime": {"datetime": "2022-05-17 17:58:56", "elapsed": 84324.133029, "delta": 194.624734}}
{"target": -15.245531700774434, "params": {"cD2": -2.3289062361673913, "cNe": 6.404372625884136, "log_nD": 21.091605612805203, "log_nNe": 19.790183253022818}, "datetime": {"datetime": "2022-05-17 18:01:45", "elapsed": 84492.744841, "delta": 168.611812}}
{"target": -18.870049952356176, "params": {"cD2": -6.161063111470241, "cNe": 3.8850744514124074, "log_nD": 20.965141309691397, "log_nNe": 19.808011964781326}, "datetime": {"datetime": "2022-05-17 18:04:40", "elapsed": 84667.748043, "delta": 175.003202}}
{"target": -99.16959275242927, "params": {"cD2": -1.8127227800348875, "cNe": -4.120969747649995, "log_nD": 17.96515957028112, "log_nNe": 18.96010976596691}, "datetime": {"datetime": "2022-05-17 18:07:55", "elapsed": 84863.207087, "delta": 195.459044}}
{"target": -144.3658702803838, "params": {"cD2": 4.470830532433081, "cNe": -2.532986368656946, "log_nD": 17.916698912646254, "log_nNe": 19.760233064877763}, "datetime": {"datetime": "2022-05-17 18:11:17", "elapsed": 85064.322268, "delta": 201.115181}}
{"target": -45.72166995593582, "params": {"cD2": -8.203162456153077, "cNe": 2.252787647194408, "log_nD": 19.963591614743265, "log_nNe": 19.946884099477195}, "datetime": {"datetime": "2022-05-17 18:14:52", "elapsed": 85279.322885, "delta": 215.000617}}
{"target": -53.19302426141303, "params": {"cD2": -6.9475829548599215, "cNe": 8.82918726922264, "log_nD": 20.672848095844753, "log_nNe": 19.741771473902133}, "datetime": {"datetime": "2022-05-17 18:17:18", "elapsed": 85426.142619, "delta": 146.819734}}
{"target": -106.27962297050021, "params": {"cD2": -4.816718701742756, "cNe": -6.1373515882585785, "log_nD": 17.0, "log_nNe": 18.8654732490335}, "datetime": {"datetime": "2022-05-17 18:20:47", "elapsed": 85634.998905, "delta": 208.856286}}
{"target": -98.59545263460062, "params": {"cD2": -5.542047327168264, "cNe": -4.76067655642862, "log_nD": 18.17236338734643, "log_nNe": 19.044833402601636}, "datetime": {"datetime": "2022-05-17 18:24:21", "elapsed": 85848.400745, "delta": 213.40184}}
{"target": -107.15856427621439, "params": {"cD2": 10.04723542041442, "cNe": -7.514057810725698, "log_nD": 17.05659243120207, "log_nNe": 18.94023141616248}, "datetime": {"datetime": "2022-05-17 18:28:04", "elapsed": 86072.065651, "delta": 223.664906}}
{"target": -47.32634445441262, "params": {"cD2": -8.27769056842147, "cNe": 1.2353468942606192, "log_nD": 20.944254914512797, "log_nNe": 19.610057324462716}, "datetime": {"datetime": "2022-05-17 18:31:34", "elapsed": 86281.536737, "delta": 209.471086}}
{"target": -19.21365962425839, "params": {"cD2": 0.18706668084545441, "cNe": 6.417352485274911, "log_nD": 21.008586589822787, "log_nNe": 19.75784406960556}, "datetime": {"datetime": "2022-05-17 18:34:30", "elapsed": 86457.308773, "delta": 175.772036}}
{"target": -500.0, "params": {"cD2": 7.331931057566408, "cNe": -4.9404112452464775, "log_nD": 17.449723874604743, "log_nNe": 18.28796438305654}, "datetime": {"datetime": "2022-05-17 18:36:03", "elapsed": 86550.694122, "delta": 93.385349}}
{"target": -500.0, "params": {"cD2": -7.8881576171710535, "cNe": -1.4269191228607223, "log_nD": 19.273946586377498, "log_nNe": 19.626387712872692}, "datetime": {"datetime": "2022-05-17 18:37:12", "elapsed": 86620.223782, "delta": 69.52966}}
{"target": -133.98855137684154, "params": {"cD2": -6.562648546839597, "cNe": -3.216534981480926, "log_nD": 19.063050013292546, "log_nNe": 18.363623241982346}, "datetime": {"datetime": "2022-05-17 18:40:56", "elapsed": 86843.280131, "delta": 223.056349}}
{"target": -500.0, "params": {"cD2": -9.96497411749975, "cNe": -0.1486291146417642, "log_nD": 19.621137650798786, "log_nNe": 18.17159682551343}, "datetime": {"datetime": "2022-05-17 18:42:47", "elapsed": 86954.552092, "delta": 111.271961}}
{"target": -22.98508485894239, "params": {"cD2": -1.947375807683457, "cNe": 10.86218420772865, "log_nD": 20.357191837626, "log_nNe": 20.093078738593505}, "datetime": {"datetime": "2022-05-17 18:45:27", "elapsed": 87114.656874, "delta": 160.104782}}
{"target": -106.51801214204532, "params": {"cD2": 1.0145589398135968, "cNe": -6.0223892680562425, "log_nD": 20.96375121257836, "log_nNe": 19.414736755507626}, "datetime": {"datetime": "2022-05-17 18:49:00", "elapsed": 87328.208543, "delta": 213.551669}}
{"target": -500.0, "params": {"cD2": -7.228482844854849, "cNe": -8.827489592292821, "log_nD": 18.190576669136952, "log_nNe": 19.298221585673257}, "datetime": {"datetime": "2022-05-17 18:50:48", "elapsed": 87435.757002, "delta": 107.548459}}
