{"target": -500.0, "params": {"cD2": -12.0, "cNe": -12.0, "log_nD": 22.0, "log_nNe": 15.0}, "datetime": {"datetime": "2022-05-16 22:19:02", "elapsed": 13529.273154, "delta": 165.666081}}
{"target": -11.281301348314113, "params": {"cD2": -12.0, "cNe": 7.119892671838154, "log_nD": 20.131253626888697, "log_nNe": 20.083002284938804}, "datetime": {"datetime": "2022-05-16 22:21:27", "elapsed": 13674.264469, "delta": 144.991315}}
{"target": -62.92121160126649, "params": {"cD2": -12.0, "cNe": 8.241990930734117, "log_nD": 19.953639580302998, "log_nNe": 19.874850163150533}, "datetime": {"datetime": "2022-05-16 22:23:49", "elapsed": 13816.428306, "delta": 142.163837}}
{"target": -500.0, "params": {"cD2": -11.505243590297002, "cNe": 11.465854993870163, "log_nD": 19.73108255199941, "log_nNe": 20.926893727417273}, "datetime": {"datetime": "2022-05-16 22:24:25", "elapsed": 13852.411567, "delta": 35.983261}}
{"target": -500.0, "params": {"cD2": -12.0, "cNe": -12.0, "log_nD": 17.0, "log_nNe": 16.56527545062844}, "datetime": {"datetime": "2022-05-16 22:32:07", "elapsed": 14314.411236, "delta": 461.999669}}
{"target": -12.265397131038625, "params": {"cD2": -2.4983164985492614, "cNe": 11.804386766623168, "log_nD": 20.739336168936813, "log_nNe": 19.925085002512017}, "datetime": {"datetime": "2022-05-16 22:34:07", "elapsed": 14434.73868, "delta": 120.327444}}
{"target": -91.27507380223605, "params": {"cD2": -12.0, "cNe": -5.810300642847576, "log_nD": 17.755058460332602, "log_nNe": 19.295721220906824}, "datetime": {"datetime": "2022-05-16 22:36:55", "elapsed": 14603.02169, "delta": 168.28301}}
{"target": -91.2139103030196, "params": {"cD2": -3.370008193670348, "cNe": -3.569145606892244, "log_nD": 17.863399143001285, "log_nNe": 19.227149987659487}, "datetime": {"datetime": "2022-05-16 22:39:53", "elapsed": 14780.974869, "delta": 177.953179}}
{"target": -500.0, "params": {"cD2": 12.0, "cNe": 12.0, "log_nD": 19.903382866174194, "log_nNe": 16.289219451220116}, "datetime": {"datetime": "2022-05-16 22:47:44", "elapsed": 15251.781549, "delta": 470.80668}}
{"target": -500.0, "params": {"cD2": -12.0, "cNe": 12.0, "log_nD": 22.0, "log_nNe": 16.348123800230685}, "datetime": {"datetime": "2022-05-16 22:50:42", "elapsed": 15429.76526, "delta": 177.983711}}
{"target": -94.1922857797821, "params": {"cD2": -7.548873695401773, "cNe": -6.596203684982657, "log_nD": 17.765125183989188, "log_nNe": 19.25403967571183}, "datetime": {"datetime": "2022-05-16 22:53:28", "elapsed": 15596.107728, "delta": 166.342468}}
{"target": -29.593631370846023, "params": {"cD2": -11.663044911612678, "cNe": 8.920816285899125, "log_nD": 20.42606784865994, "log_nNe": 20.134385618106382}, "datetime": {"datetime": "2022-05-16 22:55:48", "elapsed": 15735.799901, "delta": 139.692173}}
{"target": -500.0, "params": {"cD2": -12.0, "cNe": 12.0, "log_nD": 17.0, "log_nNe": 15.0}, "datetime": {"datetime": "2022-05-16 23:03:54", "elapsed": 16221.472308, "delta": 485.672407}}
{"target": -94.38023067290862, "params": {"cD2": -6.085151841190002, "cNe": -0.7431781457217176, "log_nD": 19.71012023979603, "log_nNe": 19.10752895968457}, "datetime": {"datetime": "2022-05-16 23:06:38", "elapsed": 16386.051804, "delta": 164.579496}}
{"target": -10.991336058868601, "params": {"cD2": -10.163232016698913, "cNe": 11.799224313517591, "log_nD": 20.524813931186735, "log_nNe": 19.959682077240306}, "datetime": {"datetime": "2022-05-16 23:08:43", "elapsed": 16510.534809, "delta": 124.483005}}
{"target": -500.0, "params": {"cD2": -12.0, "cNe": -12.0, "log_nD": 17.0, "log_nNe": 19.569212115690107}, "datetime": {"datetime": "2022-05-16 23:09:22", "elapsed": 16549.451689, "delta": 38.91688}}
{"target": -10.687466985616185, "params": {"cD2": -12.0, "cNe": 6.547769240845818, "log_nD": 20.316848229184757, "log_nNe": 19.99072959627354}, "datetime": {"datetime": "2022-05-16 23:11:47", "elapsed": 16695.243434, "delta": 145.791745}}
{"target": -106.53143329122182, "params": {"cD2": -10.989296849409218, "cNe": -5.304827353280429, "log_nD": 17.587796074815493, "log_nNe": 18.786190235719342}, "datetime": {"datetime": "2022-05-16 23:14:39", "elapsed": 16867.216377, "delta": 171.972943}}
{"target": -500.0, "params": {"cD2": -12.0, "cNe": -12.0, "log_nD": 19.29014175103641, "log_nNe": 15.987221928877922}, "datetime": {"datetime": "2022-05-16 23:16:40", "elapsed": 16987.959685, "delta": 120.743308}}
{"target": -500.0, "params": {"cD2": -12.0, "cNe": -12.0, "log_nD": 20.768336457288758, "log_nNe": 18.093733579537794}, "datetime": {"datetime": "2022-05-16 23:17:43", "elapsed": 17050.784295, "delta": 62.82461}}
{"target": -500.0, "params": {"cD2": 12.0, "cNe": 12.0, "log_nD": 17.0, "log_nNe": 21.0}, "datetime": {"datetime": "2022-05-16 23:18:18", "elapsed": 17085.948769, "delta": 35.164474}}
{"target": -500.0, "params": {"cD2": 12.0, "cNe": -12.0, "log_nD": 17.0, "log_nNe": 16.75511979327325}, "datetime": {"datetime": "2022-05-16 23:26:05", "elapsed": 17552.648907, "delta": 466.700138}}
{"target": -96.86156012872198, "params": {"cD2": 9.439011090753526, "cNe": -3.0711792377034084, "log_nD": 19.025291748721983, "log_nNe": 19.045622181217723}, "datetime": {"datetime": "2022-05-16 23:29:11", "elapsed": 17738.455978, "delta": 185.807071}}
{"target": -23.22311962971568, "params": {"cD2": -7.630808282067229, "cNe": 12.0, "log_nD": 20.058815987167403, "log_nNe": 19.991781284220686}, "datetime": {"datetime": "2022-05-16 23:31:27", "elapsed": 17874.619324, "delta": 136.163346}}
{"target": -500.0, "params": {"cD2": 7.944592669844696, "cNe": 3.7183318573017834, "log_nD": 19.284311491171323, "log_nNe": 19.038628393493426}, "datetime": {"datetime": "2022-05-16 23:32:39", "elapsed": 17947.10092, "delta": 72.481596}}
{"target": -102.08965981719528, "params": {"cD2": 6.750332877416646, "cNe": -8.079959407426479, "log_nD": 18.969631582654007, "log_nNe": 19.190387822937616}, "datetime": {"datetime": "2022-05-16 23:35:21", "elapsed": 18109.18502, "delta": 162.0841}}
{"target": -112.61305496772468, "params": {"cD2": 12.0, "cNe": -7.654861548368345, "log_nD": 18.75666346946848, "log_nNe": 18.849066499653674}, "datetime": {"datetime": "2022-05-16 23:38:19", "elapsed": 18287.238334, "delta": 178.053314}}
{"target": -500.0, "params": {"cD2": -12.0, "cNe": 12.0, "log_nD": 17.925137930578142, "log_nNe": 16.808420452891568}, "datetime": {"datetime": "2022-05-16 23:46:04", "elapsed": 18751.539233, "delta": 464.300899}}
{"target": -101.3892102036392, "params": {"cD2": 3.261512345596863, "cNe": -3.455408833513335, "log_nD": 18.995148486865016, "log_nNe": 18.90314030111527}, "datetime": {"datetime": "2022-05-16 23:48:58", "elapsed": 18925.459052, "delta": 173.919819}}
{"target": -500.0, "params": {"cD2": 12.0, "cNe": -12.0, "log_nD": 22.0, "log_nNe": 15.0}, "datetime": {"datetime": "2022-05-16 23:49:49", "elapsed": 18976.958848, "delta": 51.499796}}
{"target": -500.0, "params": {"cD2": 12.0, "cNe": -12.0, "log_nD": 17.0, "log_nNe": 21.0}, "datetime": {"datetime": "2022-05-17 00:20:47", "elapsed": 20835.139709, "delta": 1858.180861}}
{"target": -500.0, "params": {"cD2": 12.0, "cNe": -12.0, "log_nD": 22.0, "log_nNe": 21.0}, "datetime": {"datetime": "2022-05-17 07:37:29", "elapsed": 47036.628915, "delta": 26201.489206}}
{"target": -87.12195362173047, "params": {"cD2": -2.2042085236301405, "cNe": 6.8260857024476165, "log_nD": 20.747755433299478, "log_nNe": 19.240572678892335}, "datetime": {"datetime": "2022-05-17 07:39:26", "elapsed": 47153.869484, "delta": 117.240569}}
{"target": -92.67041668191541, "params": {"cD2": 12.0, "cNe": -5.921719097680071, "log_nD": 18.693345771589264, "log_nNe": 19.294249946647824}, "datetime": {"datetime": "2022-05-17 07:42:10", "elapsed": 47317.619834, "delta": 163.75035}}
{"target": -500.0, "params": {"cD2": 12.0, "cNe": -12.0, "log_nD": 19.257833358445957, "log_nNe": 19.24891621672374}, "datetime": {"datetime": "2022-05-17 07:43:32", "elapsed": 47400.053014, "delta": 82.43318}}
{"target": -91.38093611463336, "params": {"cD2": 3.508422338400525, "cNe": -3.5279958187369758, "log_nD": 18.85086378826689, "log_nNe": 19.245331956570148}, "datetime": {"datetime": "2022-05-17 07:46:32", "elapsed": 47579.746112, "delta": 179.693098}}
{"target": -5.550717394905336, "params": {"cD2": -9.23439271284084, "cNe": 6.130037010348133, "log_nD": 20.40216017079692, "log_nNe": 20.054233828188757}, "datetime": {"datetime": "2022-05-17 07:49:04", "elapsed": 47732.233313, "delta": 152.487201}}
{"target": -13.645782564831284, "params": {"cD2": -3.505881079579467, "cNe": 5.704025829535976, "log_nD": 20.37763269734405, "log_nNe": 19.959073415085356}, "datetime": {"datetime": "2022-05-17 07:51:36", "elapsed": 47883.636968, "delta": 151.403655}}
{"target": -33.92858348958096, "params": {"cD2": -5.782764819048192, "cNe": 7.152115837477751, "log_nD": 20.332269273971782, "log_nNe": 20.14347761005304}, "datetime": {"datetime": "2022-05-17 07:54:06", "elapsed": 48033.856594, "delta": 150.219626}}
{"target": -500.0, "params": {"cD2": 12.0, "cNe": 12.0, "log_nD": 22.0, "log_nNe": 17.02761961416606}, "datetime": {"datetime": "2022-05-17 07:54:56", "elapsed": 48083.774933, "delta": 49.918339}}
{"target": -500.0, "params": {"cD2": -12.0, "cNe": -12.0, "log_nD": 18.621730752037813, "log_nNe": 21.0}, "datetime": {"datetime": "2022-05-17 08:01:24", "elapsed": 48472.156997, "delta": 388.382064}}
{"target": -9.65001230135752, "params": {"cD2": -6.279879874870049, "cNe": 4.917422770397433, "log_nD": 20.323930410669732, "log_nNe": 20.012863205828307}, "datetime": {"datetime": "2022-05-17 08:04:05", "elapsed": 48632.457937, "delta": 160.30094}}
{"target": -55.20041899964204, "params": {"cD2": -5.663596070477948, "cNe": 5.381845828450036, "log_nD": 20.45886019384917, "log_nNe": 19.796444760265047}, "datetime": {"datetime": "2022-05-17 08:06:33", "elapsed": 48780.278114, "delta": 147.820177}}
{"target": -500.0, "params": {"cD2": 12.0, "cNe": 12.0, "log_nD": 18.538765222588815, "log_nNe": 15.0}, "datetime": {"datetime": "2022-05-17 08:14:45", "elapsed": 49272.800493, "delta": 492.522379}}
{"target": -11.239842985035839, "params": {"cD2": -4.218103993556504, "cNe": 6.174050181994982, "log_nD": 20.61383943508463, "log_nNe": 19.944081213640203}, "datetime": {"datetime": "2022-05-17 08:17:15", "elapsed": 49422.840589, "delta": 150.040096}}
{"target": -500.0, "params": {"cD2": -12.0, "cNe": -11.00014243121232, "log_nD": 17.822699966287747, "log_nNe": 18.91219591301812}, "datetime": {"datetime": "2022-05-17 08:18:43", "elapsed": 49510.581603, "delta": 87.741014}}
{"target": -101.3527168987647, "params": {"cD2": 7.866291071178594, "cNe": -5.21639662976609, "log_nD": 18.819614401857216, "log_nNe": 19.030267344722187}, "datetime": {"datetime": "2022-05-17 08:21:35", "elapsed": 49682.417738, "delta": 171.836135}}
{"target": -10.49950367793228, "params": {"cD2": -3.734385231497737, "cNe": 9.57347211004972, "log_nD": 20.78737114832912, "log_nNe": 19.936409823484016}, "datetime": {"datetime": "2022-05-17 08:23:51", "elapsed": 49818.447746, "delta": 136.030008}}
{"target": -10.744781571736164, "params": {"cD2": -9.623413796459927, "cNe": 5.821316371513366, "log_nD": 20.200515637339727, "log_nNe": 20.024207195691915}, "datetime": {"datetime": "2022-05-17 08:26:26", "elapsed": 49973.348836, "delta": 154.90109}}
{"target": -94.30814102094894, "params": {"cD2": -11.96538011436851, "cNe": -2.5966437738018406, "log_nD": 17.635132325936027, "log_nNe": 19.09073151537529}, "datetime": {"datetime": "2022-05-17 08:29:33", "elapsed": 50161.119894, "delta": 187.771058}}
{"target": -109.97947137441032, "params": {"cD2": 12.0, "cNe": -6.877931007078412, "log_nD": 17.99804052638621, "log_nNe": 18.798278768926465}, "datetime": {"datetime": "2022-05-17 08:32:33", "elapsed": 50340.925823, "delta": 179.805929}}
{"target": -500.0, "params": {"cD2": -12.0, "cNe": 12.0, "log_nD": 17.0, "log_nNe": 21.0}, "datetime": {"datetime": "2022-05-17 08:33:09", "elapsed": 50376.540137, "delta": 35.614314}}
{"target": -99.7399041936572, "params": {"cD2": 9.517303768685704, "cNe": -1.7146657653662736, "log_nD": 17.09416073871507, "log_nNe": 19.02363179156842}, "datetime": {"datetime": "2022-05-17 08:36:20", "elapsed": 50568.112603, "delta": 191.572466}}
{"target": -96.69011224796729, "params": {"cD2": 2.5740576017142835, "cNe": -3.2371735118702283, "log_nD": 17.42242692468323, "log_nNe": 19.002814006666576}, "datetime": {"datetime": "2022-05-17 08:39:22", "elapsed": 50750.173491, "delta": 182.060888}}
{"target": -500.0, "params": {"cD2": 12.0, "cNe": -12.0, "log_nD": 18.292393960402904, "log_nNe": 18.1808332514877}, "datetime": {"datetime": "2022-05-17 08:40:52", "elapsed": 50839.918367, "delta": 89.744876}}
{"target": -88.62139393021944, "params": {"cD2": 11.539962776507984, "cNe": -3.7282814410943246, "log_nD": 17.860101255462585, "log_nNe": 19.313753471795216}, "datetime": {"datetime": "2022-05-17 08:43:49", "elapsed": 51016.289757, "delta": 176.37139}}
{"target": -97.85371820015389, "params": {"cD2": 12.0, "cNe": -7.906277441072306, "log_nD": 18.137720499280093, "log_nNe": 19.198675100086096}, "datetime": {"datetime": "2022-05-17 08:46:44", "elapsed": 51191.922864, "delta": 175.633107}}
{"target": -500.0, "params": {"cD2": -12.0, "cNe": 7.123168399902842, "log_nD": 19.79876903252994, "log_nNe": 18.58061793850652}, "datetime": {"datetime": "2022-05-17 08:48:05", "elapsed": 51272.524308, "delta": 80.601444}}
{"target": -500.0, "params": {"cD2": 12.0, "cNe": 12.0, "log_nD": 22.0, "log_nNe": 21.0}, "datetime": {"datetime": "2022-05-17 09:02:37", "elapsed": 52144.276595, "delta": 871.752287}}
{"target": -98.94966839934723, "params": {"cD2": 12.0, "cNe": -3.0009258695496683, "log_nD": 17.741348696098697, "log_nNe": 18.93428671703881}, "datetime": {"datetime": "2022-05-17 09:05:33", "elapsed": 52320.46706, "delta": 176.190465}}
{"target": -14.979407565069307, "params": {"cD2": -10.887442682396749, "cNe": 11.794814192800832, "log_nD": 20.12213217721737, "log_nNe": 20.04486214496675}, "datetime": {"datetime": "2022-05-17 09:07:40", "elapsed": 52448.167157, "delta": 127.700097}}
{"target": -100.07693192253186, "params": {"cD2": -12.0, "cNe": -3.5389481969437266, "log_nD": 17.0, "log_nNe": 18.891032714064487}, "datetime": {"datetime": "2022-05-17 09:10:33", "elapsed": 52620.486356, "delta": 172.319199}}
{"target": -58.51338645193053, "params": {"cD2": -5.8274953271607774, "cNe": 1.8693066188840515, "log_nD": 20.80340830841817, "log_nNe": 19.605392247774063}, "datetime": {"datetime": "2022-05-17 09:13:17", "elapsed": 52784.838253, "delta": 164.351897}}
{"target": -97.23920186517945, "params": {"cD2": 3.7662510673235206, "cNe": -4.216354775044539, "log_nD": 19.316474739761254, "log_nNe": 19.128061438195612}, "datetime": {"datetime": "2022-05-17 09:16:18", "elapsed": 52966.033007, "delta": 181.194754}}
{"target": -500.0, "params": {"cD2": -8.640423640091722, "cNe": 9.847308693192687, "log_nD": 20.64966029399508, "log_nNe": 19.27232206211048}, "datetime": {"datetime": "2022-05-17 09:16:58", "elapsed": 53005.744458, "delta": 39.711451}}
{"target": -84.7430278783149, "params": {"cD2": -4.453021351164069, "cNe": -2.19027692105991, "log_nD": 20.802849143777397, "log_nNe": 19.65878633451786}, "datetime": {"datetime": "2022-05-17 09:19:48", "elapsed": 53175.812163, "delta": 170.067705}}
{"target": -207.26490703718116, "params": {"cD2": 2.2876449136675987, "cNe": 10.887365280665605, "log_nD": 20.903539327404474, "log_nNe": 19.412871731362443}, "datetime": {"datetime": "2022-05-17 09:23:32", "elapsed": 53399.765704, "delta": 223.953541}}
{"target": -85.72327203320427, "params": {"cD2": -4.577789204960578, "cNe": 1.0047549588475313, "log_nD": 20.824357111934688, "log_nNe": 19.008910874085274}, "datetime": {"datetime": "2022-05-17 09:25:58", "elapsed": 53545.897615, "delta": 146.131911}}
{"target": -90.77575997262967, "params": {"cD2": -2.116415015340042, "cNe": 2.7508796711175876, "log_nD": 20.533161614398153, "log_nNe": 19.22454716543774}, "datetime": {"datetime": "2022-05-17 09:28:18", "elapsed": 53685.256485, "delta": 139.35887}}
{"target": -95.52701197617351, "params": {"cD2": -10.164273329238267, "cNe": -1.5969270421650137, "log_nD": 19.79509955450249, "log_nNe": 18.918107774250487}, "datetime": {"datetime": "2022-05-17 09:30:51", "elapsed": 53838.89984, "delta": 153.643355}}
{"target": -89.32393336737704, "params": {"cD2": 12.0, "cNe": -4.78767671202489, "log_nD": 17.0, "log_nNe": 19.307114374626124}, "datetime": {"datetime": "2022-05-17 09:33:39", "elapsed": 54006.586271, "delta": 167.686431}}
{"target": -80.35745457364588, "params": {"cD2": -2.913772860912072, "cNe": 5.706888329930635, "log_nD": 20.858696211163675, "log_nNe": 19.29423091114466}, "datetime": {"datetime": "2022-05-17 09:36:10", "elapsed": 54157.767622, "delta": 151.181351}}
{"target": -13.73253833467676, "params": {"cD2": -4.1631883663795675, "cNe": 10.998340101052506, "log_nD": 20.255292110759427, "log_nNe": 20.065678915156088}, "datetime": {"datetime": "2022-05-17 09:38:35", "elapsed": 54302.79492, "delta": 145.027298}}
{"target": -42.69559615538451, "params": {"cD2": -10.4080062843077, "cNe": 5.477527719587968, "log_nD": 20.39819933318332, "log_nNe": 19.879181144298222}, "datetime": {"datetime": "2022-05-17 09:41:32", "elapsed": 54479.602144, "delta": 176.807224}}
{"target": -500.0, "params": {"cD2": 12.0, "cNe": 12.0, "log_nD": 17.0, "log_nNe": 17.561375760724008}, "datetime": {"datetime": "2022-05-17 09:48:54", "elapsed": 54921.813824, "delta": 442.21168}}
{"target": -16.643586477007023, "params": {"cD2": -1.1130207648732338, "cNe": 11.695695423120053, "log_nD": 21.20822130274241, "log_nNe": 19.70890866717156}, "datetime": {"datetime": "2022-05-17 09:51:14", "elapsed": 55061.408127, "delta": 139.594303}}
{"target": -97.08734606776986, "params": {"cD2": -3.5999447335059527, "cNe": 7.2181429551669165, "log_nD": 20.962138646432148, "log_nNe": 18.48744041839392}, "datetime": {"datetime": "2022-05-17 09:53:04", "elapsed": 55171.315627, "delta": 109.9075}}
{"target": -35.053277999651826, "params": {"cD2": 2.004469272875985, "cNe": 11.905569346858378, "log_nD": 21.235242984575674, "log_nNe": 20.02480763550831}, "datetime": {"datetime": "2022-05-17 09:55:49", "elapsed": 55337.237358, "delta": 165.921731}}
{"target": -500.0, "params": {"cD2": -4.133403677287364, "cNe": 11.909376354836954, "log_nD": 19.750485502011728, "log_nNe": 19.982025909434785}, "datetime": {"datetime": "2022-05-17 09:56:37", "elapsed": 55384.624132, "delta": 47.386774}}
{"target": -500.0, "params": {"cD2": 12.0, "cNe": -12.0, "log_nD": 19.170740093171442, "log_nNe": 21.0}, "datetime": {"datetime": "2022-05-17 09:59:46", "elapsed": 55574.236024, "delta": 189.611892}}
{"target": -500.0, "params": {"cD2": -12.0, "cNe": 2.6630858131910453, "log_nD": 19.656254714267227, "log_nNe": 19.317668154911235}, "datetime": {"datetime": "2022-05-17 10:00:28", "elapsed": 55615.503905, "delta": 41.267881}}
{"target": -104.19341612343399, "params": {"cD2": -4.583657220242681, "cNe": -0.11806223217526521, "log_nD": 19.326692650060938, "log_nNe": 18.946112029241814}, "datetime": {"datetime": "2022-05-17 10:03:24", "elapsed": 55792.163149, "delta": 176.659244}}
{"target": -99.46812011247289, "params": {"cD2": -6.908426666970936, "cNe": -0.3372969928162726, "log_nD": 20.16821768000603, "log_nNe": 18.99767012551134}, "datetime": {"datetime": "2022-05-17 10:05:48", "elapsed": 55935.908791, "delta": 143.745642}}
{"target": -98.36221763188962, "params": {"cD2": 11.900396368588247, "cNe": -6.4072492672890995, "log_nD": 17.576728125378363, "log_nNe": 19.159131068963568}, "datetime": {"datetime": "2022-05-17 10:08:29", "elapsed": 56096.856328, "delta": 160.947537}}
{"target": -24.151834585549697, "params": {"cD2": -4.28338614390898, "cNe": 9.64532053809475, "log_nD": 20.33444491736633, "log_nNe": 19.927188644426565}, "datetime": {"datetime": "2022-05-17 10:10:39", "elapsed": 56226.740663, "delta": 129.884335}}
{"target": -22.805475679912632, "params": {"cD2": 2.8245552802184624, "cNe": 12.0, "log_nD": 21.666682910712524, "log_nNe": 19.730341267233236}, "datetime": {"datetime": "2022-05-17 10:13:28", "elapsed": 56396.062081, "delta": 169.321418}}
{"target": -500.0, "params": {"cD2": 8.405436602117238, "cNe": 11.246429014284182, "log_nD": 21.91387406486821, "log_nNe": 19.31299577320496}, "datetime": {"datetime": "2022-05-17 10:14:13", "elapsed": 56441.018642, "delta": 44.956561}}
{"target": -10.241191284894809, "params": {"cD2": -3.0044353913996904, "cNe": 8.551565716861976, "log_nD": 20.43529412208548, "log_nNe": 20.015859635711987}, "datetime": {"datetime": "2022-05-17 10:16:40", "elapsed": 56587.547748, "delta": 146.529106}}
{"target": -28.89990321078537, "params": {"cD2": 2.970466369442679, "cNe": 11.626565873644807, "log_nD": 21.4968479002155, "log_nNe": 19.873423537595432}, "datetime": {"datetime": "2022-05-17 10:20:11", "elapsed": 56799.064393, "delta": 211.516645}}
{"target": -500.0, "params": {"cD2": -0.07007631153897563, "cNe": 12.0, "log_nD": 21.60793925142813, "log_nNe": 19.816370202458213}, "datetime": {"datetime": "2022-05-17 10:21:00", "elapsed": 56847.828899, "delta": 48.764506}}
{"target": -68.2006800191868, "params": {"cD2": -7.412371634797338, "cNe": 8.28317625761795, "log_nD": 20.796245414151787, "log_nNe": 19.450659746478117}, "datetime": {"datetime": "2022-05-17 10:23:24", "elapsed": 56991.51607, "delta": 143.687171}}
{"target": -98.55982464889976, "params": {"cD2": -7.466231473914195, "cNe": -3.8546852779806002, "log_nD": 18.10015233161048, "log_nNe": 18.95377630207649}, "datetime": {"datetime": "2022-05-17 10:26:26", "elapsed": 57173.752372, "delta": 182.236302}}
{"target": -500.0, "params": {"cD2": -7.973177001343321, "cNe": 10.40855471764614, "log_nD": 19.609829538456808, "log_nNe": 18.773043478113582}, "datetime": {"datetime": "2022-05-17 10:27:53", "elapsed": 57261.202291, "delta": 87.449919}}
