{"target": -78.83245962242442, "params": {"cD2": -8.7220528784576, "cNe": 0.6130833897584687, "log_nD": 20.30324151514589, "log_nNe": 19.55380277237042}, "datetime": {"datetime": "2022-05-17 10:30:44", "elapsed": 57431.895065, "delta": 170.692774}}
{"target": -63.01844703426093, "params": {"cD2": -7.328657187893974, "cNe": 0.48240241027725617, "log_nD": 20.969016541329157, "log_nNe": 19.30549352386115}, "datetime": {"datetime": "2022-05-17 10:33:38", "elapsed": 57605.476944, "delta": 173.581879}}
{"target": -67.02348832324532, "params": {"cD2": -1.4212687170910687, "cNe": 11.086388116129601, "log_nD": 20.855762009819696, "log_nNe": 19.599249874798367}, "datetime": {"datetime": "2022-05-17 10:35:46", "elapsed": 57733.611475, "delta": 128.134531}}
{"target": -59.9993886361262, "params": {"cD2": -4.195684357606496, "cNe": 10.772003794343805, "log_nD": 20.50011146706585, "log_nNe": 20.19744488555933}, "datetime": {"datetime": "2022-05-17 10:38:08", "elapsed": 57875.255256, "delta": 141.643781}}
{"target": -500.0, "params": {"cD2": 5.013845423696623, "cNe": 8.502109298323408, "log_nD": 21.60073193199375, "log_nNe": 19.51621030632058}, "datetime": {"datetime": "2022-05-17 10:39:02", "elapsed": 57929.76151, "delta": 54.506254}}
{"target": -47.587390712404485, "params": {"cD2": -7.494801432504777, "cNe": 7.489944076817551, "log_nD": 20.31891616987702, "log_nNe": 20.181656323236503}, "datetime": {"datetime": "2022-05-17 10:41:42", "elapsed": 58089.815742, "delta": 160.054232}}
{"target": -36.3656628410763, "params": {"cD2": -6.718375856197681, "cNe": 6.976967220353266, "log_nD": 21.090577951809422, "log_nNe": 19.644165315398197}, "datetime": {"datetime": "2022-05-17 10:44:28", "elapsed": 58255.815928, "delta": 166.000186}}
{"target": -11.573687877768414, "params": {"cD2": -0.7057540503048401, "cNe": 11.927563343312634, "log_nD": 20.88839739161289, "log_nNe": 20.013490022599548}, "datetime": {"datetime": "2022-05-17 10:46:33", "elapsed": 58380.689338, "delta": 124.87341}}
{"target": -34.51335109093047, "params": {"cD2": 3.562889462368343, "cNe": 12.0, "log_nD": 21.51652184030131, "log_nNe": 19.75089525476009}, "datetime": {"datetime": "2022-05-17 10:50:22", "elapsed": 58610.102057, "delta": 229.412719}}
{"target": -63.76714390649728, "params": {"cD2": -6.203429583599219, "cNe": 7.348036320109819, "log_nD": 20.87760857565969, "log_nNe": 19.488655151599087}, "datetime": {"datetime": "2022-05-17 10:52:51", "elapsed": 58758.454164, "delta": 148.352107}}
{"target": -100.68509764892187, "params": {"cD2": 10.559463682129094, "cNe": -4.911644954281533, "log_nD": 18.509505886632905, "log_nNe": 18.99864172328556}, "datetime": {"datetime": "2022-05-17 10:55:58", "elapsed": 58946.024343, "delta": 187.570179}}
{"target": -500.0, "params": {"cD2": -5.28492911167754, "cNe": -2.857549076711937, "log_nD": 20.914521222800197, "log_nNe": 19.99874415648103}, "datetime": {"datetime": "2022-05-17 10:57:28", "elapsed": 59035.582525, "delta": 89.558182}}
{"target": -82.34317763236243, "params": {"cD2": -2.0962265735276606, "cNe": -3.0838419015918994, "log_nD": 20.73714633336659, "log_nNe": 19.518579492909282}, "datetime": {"datetime": "2022-05-17 11:00:31", "elapsed": 59218.574629, "delta": 182.992104}}
{"target": -97.91098563056124, "params": {"cD2": -8.980041589524712, "cNe": 2.3291269920568425, "log_nD": 20.248446566187994, "log_nNe": 18.741525846868726}, "datetime": {"datetime": "2022-05-17 11:02:55", "elapsed": 59362.821612, "delta": 144.246983}}
{"target": -81.27978220198848, "params": {"cD2": -2.2000974786582965, "cNe": 1.1162433246144676, "log_nD": 21.068318339465964, "log_nNe": 19.84441098431506}, "datetime": {"datetime": "2022-05-17 11:05:57", "elapsed": 59544.484992, "delta": 181.66338}}
{"target": -219.70844316235988, "params": {"cD2": -8.9709393708291, "cNe": -4.360075936931396, "log_nD": 17.292186365551146, "log_nNe": 18.524031168305115}, "datetime": {"datetime": "2022-05-17 11:09:25", "elapsed": 59752.315227, "delta": 207.830235}}
{"target": -9.838373202908809, "params": {"cD2": -11.279844709884498, "cNe": 7.873318474143824, "log_nD": 20.27692391094706, "log_nNe": 20.01513737457978}, "datetime": {"datetime": "2022-05-17 11:12:05", "elapsed": 59912.389235, "delta": 160.074008}}
{"target": -25.15639547637816, "params": {"cD2": 1.3027624759604315, "cNe": 11.414611859852364, "log_nD": 21.064923416573237, "log_nNe": 19.729806896838774}, "datetime": {"datetime": "2022-05-17 11:14:30", "elapsed": 60057.858193, "delta": 145.468958}}
{"target": -22.055933187394814, "params": {"cD2": -1.9577190811228071, "cNe": 10.732581087073896, "log_nD": 21.05568747320327, "log_nNe": 19.72705413767045}, "datetime": {"datetime": "2022-05-17 11:17:04", "elapsed": 60211.685062, "delta": 153.826869}}
{"target": -500.0, "params": {"cD2": 2.2851147391227924, "cNe": -10.217911135826727, "log_nD": 19.014295949655573, "log_nNe": 19.084269389181607}, "datetime": {"datetime": "2022-05-17 11:18:35", "elapsed": 60303.006225, "delta": 91.321163}}
{"target": -500.0, "params": {"cD2": -9.824183890099883, "cNe": -3.633008370871284, "log_nD": 17.799567547662416, "log_nNe": 19.586795448553502}, "datetime": {"datetime": "2022-05-17 11:19:19", "elapsed": 60347.083814, "delta": 44.077589}}
{"target": -60.476349118832154, "params": {"cD2": -2.057789363916148, "cNe": 1.936892934940202, "log_nD": 20.71650784502755, "log_nNe": 19.698641266977834}, "datetime": {"datetime": "2022-05-17 11:22:26", "elapsed": 60533.418949, "delta": 186.335135}}
{"target": -11.21281652475191, "params": {"cD2": -8.144628753645778, "cNe": 4.320015946631235, "log_nD": 20.293978465728156, "log_nNe": 19.9880737843552}, "datetime": {"datetime": "2022-05-17 11:25:33", "elapsed": 60720.277408, "delta": 186.858459}}
{"target": -500.0, "params": {"cD2": 9.211477619293134, "cNe": -3.7655277740205157, "log_nD": 18.583203751893272, "log_nNe": 19.577457584832352}, "datetime": {"datetime": "2022-05-17 11:26:30", "elapsed": 60777.860352, "delta": 57.582944}}
{"target": -8.434398903896698, "params": {"cD2": -5.144521392766251, "cNe": 8.357412121183351, "log_nD": 20.475574298168198, "log_nNe": 20.012181726662348}, "datetime": {"datetime": "2022-05-17 11:29:04", "elapsed": 60932.065674, "delta": 154.205322}}
{"target": -500.0, "params": {"cD2": -4.917665573513626, "cNe": 9.895285072631104, "log_nD": 19.86553665761109, "log_nNe": 20.077882613563496}, "datetime": {"datetime": "2022-05-17 11:29:50", "elapsed": 60977.559804, "delta": 45.49413}}
{"target": -98.80037987314124, "params": {"cD2": -8.448605306788073, "cNe": -4.597206976970186, "log_nD": 17.57405102740283, "log_nNe": 19.013070224086157}, "datetime": {"datetime": "2022-05-17 11:32:59", "elapsed": 61167.174044, "delta": 189.61424}}
{"target": -50.29287214014853, "params": {"cD2": -10.364183610884679, "cNe": 4.059153134977241, "log_nD": 20.24163035129767, "log_nNe": 20.203461463372154}, "datetime": {"datetime": "2022-05-17 11:36:25", "elapsed": 61372.33137, "delta": 205.157326}}
{"target": -500.0, "params": {"cD2": 5.010929274366369, "cNe": 5.235593123016862, "log_nD": 18.69346805894583, "log_nNe": 18.754166276681055}, "datetime": {"datetime": "2022-05-17 11:38:16", "elapsed": 61483.78536, "delta": 111.45399}}
{"target": -92.12709522465244, "params": {"cD2": 1.5977099893736035, "cNe": -3.799694577078256, "log_nD": 17.887476417732923, "log_nNe": 19.19335255178578}, "datetime": {"datetime": "2022-05-17 11:41:19", "elapsed": 61666.763941, "delta": 182.978581}}
{"target": -19.593959311158013, "params": {"cD2": -0.536264770143467, "cNe": 12.0, "log_nD": 21.07218797650762, "log_nNe": 19.726582564151443}, "datetime": {"datetime": "2022-05-17 11:43:29", "elapsed": 61796.364995, "delta": 129.601054}}
{"target": -500.0, "params": {"cD2": 6.466215915887545, "cNe": 11.907294346734218, "log_nD": 21.662563344455837, "log_nNe": 19.920385991664787}, "datetime": {"datetime": "2022-05-17 11:44:16", "elapsed": 61843.786501, "delta": 47.421506}}
{"target": -500.0, "params": {"cD2": -6.418830462055443, "cNe": 6.456916926242549, "log_nD": 21.062719112602885, "log_nNe": 18.73730662315921}, "datetime": {"datetime": "2022-05-17 11:45:06", "elapsed": 61894.196109, "delta": 50.409608}}
{"target": -218.19224458508052, "params": {"cD2": -1.6206262356417083, "cNe": 6.344077169951203, "log_nD": 20.771059201437204, "log_nNe": 18.302802183430494}, "datetime": {"datetime": "2022-05-17 11:46:59", "elapsed": 62006.989019, "delta": 112.79291}}
{"target": -98.70419760231093, "params": {"cD2": -4.274741114190775, "cNe": -5.861105737051638, "log_nD": 17.314671993132507, "log_nNe": 19.119448704603528}, "datetime": {"datetime": "2022-05-17 11:49:44", "elapsed": 62172.10676, "delta": 165.117741}}
{"target": -51.79379995949555, "params": {"cD2": -3.0990301516348886, "cNe": 11.742957761261383, "log_nD": 20.30243362682289, "log_nNe": 19.88635460963661}, "datetime": {"datetime": "2022-05-17 11:51:54", "elapsed": 62302.091517, "delta": 129.984757}}
{"target": -112.16016802770481, "params": {"cD2": -1.743744281232086, "cNe": -5.830471466641575, "log_nD": 20.734715979856112, "log_nNe": 18.793770437209407}, "datetime": {"datetime": "2022-05-17 11:54:16", "elapsed": 62443.726402, "delta": 141.634885}}
{"target": -46.61470046373172, "params": {"cD2": -6.743153900003429, "cNe": 10.703765076389153, "log_nD": 20.959845497651173, "log_nNe": 19.65278407409806}, "datetime": {"datetime": "2022-05-17 11:56:41", "elapsed": 62589.149329, "delta": 145.422927}}
{"target": -96.0769929025311, "params": {"cD2": -6.299492672463799, "cNe": -8.562692985918922, "log_nD": 18.48868112875223, "log_nNe": 19.20758214413152}, "datetime": {"datetime": "2022-05-17 11:59:52", "elapsed": 62779.704335, "delta": 190.555006}}
{"target": -97.2681169940006, "params": {"cD2": -6.003481945772537, "cNe": -8.390013789730684, "log_nD": 17.980597382431245, "log_nNe": 19.182399664047338}, "datetime": {"datetime": "2022-05-17 12:03:02", "elapsed": 62969.429877, "delta": 189.725542}}
{"target": -102.23875871737566, "params": {"cD2": -6.991006618152344, "cNe": -4.913852459849901, "log_nD": 19.156379370068265, "log_nNe": 18.915373209585574}, "datetime": {"datetime": "2022-05-17 12:05:42", "elapsed": 63129.814169, "delta": 160.384292}}
{"target": -42.942368490560256, "params": {"cD2": -0.6465924771544884, "cNe": 10.53385495660783, "log_nD": 20.261377990047123, "log_nNe": 20.086044912297556}, "datetime": {"datetime": "2022-05-17 12:08:54", "elapsed": 63322.096239, "delta": 192.28207}}
{"target": -95.8415199178705, "params": {"cD2": -9.031576105802637, "cNe": 0.3638737539812807, "log_nD": 19.90708572255077, "log_nNe": 19.087713171100578}, "datetime": {"datetime": "2022-05-17 12:11:26", "elapsed": 63473.382353, "delta": 151.286114}}
{"target": -500.0, "params": {"cD2": -7.145233301272605, "cNe": -8.660338888773975, "log_nD": 20.07308486127135, "log_nNe": 19.32468901692476}, "datetime": {"datetime": "2022-05-17 12:12:06", "elapsed": 63513.562524, "delta": 40.180171}}
{"target": -107.60697585194204, "params": {"cD2": 12.0, "cNe": -4.146172598981227, "log_nD": 17.0, "log_nNe": 18.72145167261819}, "datetime": {"datetime": "2022-05-17 12:15:00", "elapsed": 63687.87955, "delta": 174.317026}}
{"target": -500.0, "params": {"cD2": 3.1268290048488723, "cNe": 4.400910439695398, "log_nD": 17.019649502558376, "log_nNe": 19.029127109387257}, "datetime": {"datetime": "2022-05-17 12:16:12", "elapsed": 63759.756333, "delta": 71.876783}}
{"target": -97.1336092573676, "params": {"cD2": -0.7220496447223308, "cNe": -3.9678251088987615, "log_nD": 17.038767069613076, "log_nNe": 19.019168836748896}, "datetime": {"datetime": "2022-05-17 12:19:10", "elapsed": 63937.315367, "delta": 177.559034}}
{"target": -66.42399685387558, "params": {"cD2": -7.755946321904669, "cNe": 0.9657068645805512, "log_nD": 20.71258759139279, "log_nNe": 19.50267031598744}, "datetime": {"datetime": "2022-05-17 12:21:55", "elapsed": 64102.324891, "delta": 165.009524}}
{"target": -500.0, "params": {"cD2": -1.4133739213711167, "cNe": -12.0, "log_nD": 19.617942736894523, "log_nNe": 15.0}, "datetime": {"datetime": "2022-05-17 12:24:26", "elapsed": 64253.360415, "delta": 151.035524}}
{"target": -16.598966415867956, "params": {"cD2": 0.6204124028264355, "cNe": 8.969808630619283, "log_nD": 20.92527480533257, "log_nNe": 20.00438981008161}, "datetime": {"datetime": "2022-05-17 12:26:42", "elapsed": 64390.21832, "delta": 136.857905}}
{"target": -103.56381956355402, "params": {"cD2": -8.262626311841384, "cNe": -1.7792977573019773, "log_nD": 19.28586368280515, "log_nNe": 18.618616637451623}, "datetime": {"datetime": "2022-05-17 12:29:30", "elapsed": 64557.722775, "delta": 167.504455}}
{"target": -122.08957839051773, "params": {"cD2": -2.1521632496547713, "cNe": -5.371193863078011, "log_nD": 20.68045529852726, "log_nNe": 18.205468043955968}, "datetime": {"datetime": "2022-05-17 12:31:27", "elapsed": 64674.888237, "delta": 117.165462}}
{"target": -28.337714442066414, "params": {"cD2": -9.187320116300592, "cNe": 11.991889612099573, "log_nD": 19.954515227246656, "log_nNe": 20.007747218033902}, "datetime": {"datetime": "2022-05-17 12:33:51", "elapsed": 64818.898783, "delta": 144.010546}}
{"target": -7.807077180034587, "params": {"cD2": -5.122686566120996, "cNe": 11.88608819466247, "log_nD": 20.388209828565337, "log_nNe": 20.04008064391714}, "datetime": {"datetime": "2022-05-17 12:35:49", "elapsed": 64937.057369, "delta": 118.158586}}
{"target": -31.291790894287054, "params": {"cD2": 2.383451295694524, "cNe": 11.817800352031316, "log_nD": 21.169020500040006, "log_nNe": 19.839232604041356}, "datetime": {"datetime": "2022-05-17 12:39:20", "elapsed": 65147.938355, "delta": 210.880986}}
{"target": -118.09523967310871, "params": {"cD2": 12.0, "cNe": 0.10097262913658606, "log_nD": 17.0, "log_nNe": 19.151669944119924}, "datetime": {"datetime": "2022-05-17 12:42:41", "elapsed": 65348.680452, "delta": 200.742097}}
{"target": -104.10374343268083, "params": {"cD2": -5.282728369839015, "cNe": -5.3199325226863, "log_nD": 18.580040157865476, "log_nNe": 18.883892217748237}, "datetime": {"datetime": "2022-05-17 12:45:34", "elapsed": 65522.172872, "delta": 173.49242}}
{"target": -500.0, "params": {"cD2": 12.0, "cNe": 12.0, "log_nD": 19.414274208652046, "log_nNe": 21.0}, "datetime": {"datetime": "2022-05-17 12:46:12", "elapsed": 65559.557115, "delta": 37.384243}}
{"target": -63.89162971922842, "params": {"cD2": -1.7652414004772226, "cNe": 10.545566925438724, "log_nD": 21.298195922818806, "log_nNe": 19.26257388839813}, "datetime": {"datetime": "2022-05-17 12:50:33", "elapsed": 65820.42602, "delta": 260.868905}}
{"target": -233.9581265635317, "params": {"cD2": -12.0, "cNe": -12.0, "log_nD": 22.0, "log_nNe": 21.0}, "datetime": {"datetime": "2022-05-17 12:54:19", "elapsed": 66047.116545, "delta": 226.690525}}
{"target": -42.561939856748566, "params": {"cD2": -0.5263858609190759, "cNe": 3.0905718783726037, "log_nD": 20.981146635163164, "log_nNe": 19.669924658916983}, "datetime": {"datetime": "2022-05-17 12:57:15", "elapsed": 66222.809206, "delta": 175.692661}}
{"target": -102.25285331254385, "params": {"cD2": -1.1090299533013264, "cNe": 12.0, "log_nD": 21.208214868198603, "log_nNe": 18.64545968354722}, "datetime": {"datetime": "2022-05-17 12:59:09", "elapsed": 66336.829149, "delta": 114.019943}}
{"target": -500.0, "params": {"cD2": -12.0, "cNe": -12.0, "log_nD": 22.0, "log_nNe": 16.804150822090012}, "datetime": {"datetime": "2022-05-17 13:00:21", "elapsed": 66408.759335, "delta": 71.930186}}
{"target": -500.0, "params": {"cD2": 12.0, "cNe": 12.0, "log_nD": 22.0, "log_nNe": 15.0}, "datetime": {"datetime": "2022-05-17 13:01:17", "elapsed": 66464.357141, "delta": 55.597806}}
{"target": -27.63541022794336, "params": {"cD2": 0.0487453801722566, "cNe": 9.745878000166925, "log_nD": 21.10275275528479, "log_nNe": 19.62349918043781}, "datetime": {"datetime": "2022-05-17 13:04:57", "elapsed": 66685.154655, "delta": 220.797514}}
{"target": -106.49824309626369, "params": {"cD2": -2.8814656308984556, "cNe": -0.8826104063105341, "log_nD": 17.0, "log_nNe": 19.08125663114151}, "datetime": {"datetime": "2022-05-17 13:08:43", "elapsed": 66910.566846, "delta": 225.412191}}
{"target": -500.0, "params": {"cD2": 12.0, "cNe": -12.0, "log_nD": 22.0, "log_nNe": 17.22428241281953}, "datetime": {"datetime": "2022-05-17 13:09:37", "elapsed": 66964.860783, "delta": 54.293937}}
{"target": -500.0, "params": {"cD2": -12.0, "cNe": 12.0, "log_nD": 20.876375330051562, "log_nNe": 15.0}, "datetime": {"datetime": "2022-05-17 13:10:57", "elapsed": 67044.578858, "delta": 79.718075}}
{"target": -500.0, "params": {"cD2": -12.0, "cNe": -12.0, "log_nD": 17.0, "log_nNe": 15.0}, "datetime": {"datetime": "2022-05-17 13:19:48", "elapsed": 67575.507617, "delta": 530.928759}}
{"target": -500.0, "params": {"cD2": 1.0559566466300474, "cNe": 12.0, "log_nD": 17.0, "log_nNe": 15.0}, "datetime": {"datetime": "2022-05-17 13:28:33", "elapsed": 68100.474922, "delta": 524.967305}}
{"target": -48.35136312375787, "params": {"cD2": -2.0709660590068886, "cNe": 11.91329792706992, "log_nD": 21.234219242817417, "log_nNe": 19.49547946083601}, "datetime": {"datetime": "2022-05-17 13:31:06", "elapsed": 68253.380016, "delta": 152.905094}}
{"target": -48.44169270651913, "params": {"cD2": -7.072383473831893, "cNe": 8.183978306487468, "log_nD": 20.92561313056534, "log_nNe": 19.6528014573465}, "datetime": {"datetime": "2022-05-17 13:34:01", "elapsed": 68428.412751, "delta": 175.032735}}
{"target": -8.314343225886569, "params": {"cD2": -1.1234268790729374, "cNe": 7.015734588335274, "log_nD": 20.95645518410272, "log_nNe": 19.93136129153173}, "datetime": {"datetime": "2022-05-17 13:36:51", "elapsed": 68598.759651, "delta": 170.3469}}
{"target": -500.0, "params": {"cD2": -1.4415471814655212, "cNe": 12.0, "log_nD": 19.322818913586087, "log_nNe": 16.243610478798242}, "datetime": {"datetime": "2022-05-17 13:42:13", "elapsed": 68920.936471, "delta": 322.17682}}
{"target": -35.24134280992542, "params": {"cD2": -6.893785743069656, "cNe": 2.545418960741987, "log_nD": 21.195038263435528, "log_nNe": 19.494364244669075}, "datetime": {"datetime": "2022-05-17 13:45:25", "elapsed": 69112.915191, "delta": 191.97872}}
{"target": -500.0, "params": {"cD2": 4.493686284999676, "cNe": -11.498459466299906, "log_nD": 18.60403601689753, "log_nNe": 16.350449522197323}, "datetime": {"datetime": "2022-05-17 13:53:59", "elapsed": 69626.684214, "delta": 513.769023}}
{"target": -105.23288412871563, "params": {"cD2": 7.27038110220483, "cNe": -6.1911300097455415, "log_nD": 17.805671697072597, "log_nNe": 18.933380479097757}, "datetime": {"datetime": "2022-05-17 13:57:01", "elapsed": 69808.530708, "delta": 181.846494}}
{"target": -500.0, "params": {"cD2": 12.0, "cNe": -4.709886422195333, "log_nD": 17.37583341883974, "log_nNe": 19.724303383666133}, "datetime": {"datetime": "2022-05-17 13:57:44", "elapsed": 69851.89757, "delta": 43.366862}}
{"target": -231.43082818525994, "params": {"cD2": -11.89972358604529, "cNe": -10.288692291820173, "log_nD": 21.928910717766378, "log_nNe": 19.440313885281938}, "datetime": {"datetime": "2022-05-17 14:00:30", "elapsed": 70017.47362, "delta": 165.57605}}
{"target": -105.20912353827705, "params": {"cD2": 2.4377279734073274, "cNe": -5.297098994475762, "log_nD": 17.897721595832103, "log_nNe": 18.84748133749782}, "datetime": {"datetime": "2022-05-17 14:03:29", "elapsed": 70196.626791, "delta": 179.153171}}
{"target": -500.0, "params": {"cD2": -6.1756449691019775, "cNe": -11.28696307600589, "log_nD": 18.73819136212973, "log_nNe": 19.3843871442649}, "datetime": {"datetime": "2022-05-17 14:04:12", "elapsed": 70239.286344, "delta": 42.659553}}
{"target": -500.0, "params": {"cD2": 12.0, "cNe": 12.0, "log_nD": 20.243487378810997, "log_nNe": 17.696284394880543}, "datetime": {"datetime": "2022-05-17 14:11:55", "elapsed": 70702.914198, "delta": 463.627854}}
{"target": -56.991461543428734, "params": {"cD2": -9.193840751369056, "cNe": 11.99792964342133, "log_nD": 20.094998965322816, "log_nNe": 19.8816363511374}, "datetime": {"datetime": "2022-05-17 14:14:26", "elapsed": 70854.131585, "delta": 151.217387}}
{"target": -500.0, "params": {"cD2": -7.468320418545911, "cNe": -2.7348592938822627, "log_nD": 21.1682082377444, "log_nNe": 19.458445900137818}, "datetime": {"datetime": "2022-05-17 14:15:21", "elapsed": 70908.696911, "delta": 54.565326}}
{"target": -53.45134872750574, "params": {"cD2": -3.0946470097135794, "cNe": 5.839196525616217, "log_nD": 21.138974200729884, "log_nNe": 19.53195078582997}, "datetime": {"datetime": "2022-05-17 14:18:01", "elapsed": 71068.488235, "delta": 159.791324}}
{"target": -11.554424788578265, "params": {"cD2": -6.8647016591335, "cNe": 11.508863155133874, "log_nD": 20.281570662608086, "log_nNe": 20.00818589201816}, "datetime": {"datetime": "2022-05-17 14:20:07", "elapsed": 71195.046611, "delta": 126.558376}}
{"target": -8.335051266284891, "params": {"cD2": -8.376444134162945, "cNe": 8.32093333994558, "log_nD": 20.557468571841564, "log_nNe": 20.00284442066358}, "datetime": {"datetime": "2022-05-17 14:22:34", "elapsed": 71341.965744, "delta": 146.919133}}
{"target": -13.977944736230844, "params": {"cD2": -1.8234314630001847, "cNe": 5.7930640440658, "log_nD": 20.579201020808735, "log_nNe": 19.936007052840694}, "datetime": {"datetime": "2022-05-17 14:25:31", "elapsed": 71518.469476, "delta": 176.503732}}
{"target": -47.50379998906612, "params": {"cD2": -8.560285540561743, "cNe": 4.014130997355888, "log_nD": 21.02335626423527, "log_nNe": 19.54462485384077}, "datetime": {"datetime": "2022-05-17 14:28:52", "elapsed": 71719.922531, "delta": 201.453055}}
{"target": -93.5654850698439, "params": {"cD2": -1.9305628326649398, "cNe": -3.1313298087301877, "log_nD": 17.373425284507974, "log_nNe": 19.117200756469437}, "datetime": {"datetime": "2022-05-17 14:32:12", "elapsed": 71919.550377, "delta": 199.627846}}
