{"target": 37.45337939879351, "params": {"log_nD": 21.2833012287, "log_nNe": 19.4440447959}, "datetime": {"datetime": "2022-05-20 16:09:08", "elapsed": 0.0, "delta": 0.0}}
{"target": 36.08572950150015, "params": {"log_nD": 21.285545872134303, "log_nNe": 19.460002512515448}, "datetime": {"datetime": "2022-05-20 16:11:55", "elapsed": 167.853981, "delta": 167.853981}}
{"target": 48.06676755003108, "params": {"log_nD": 21.26289613725305, "log_nNe": 19.442806020894366}, "datetime": {"datetime": "2022-05-20 16:15:14", "elapsed": 366.373756, "delta": 198.519775}}
{"target": 42.583199298633915, "params": {"log_nD": 21.31536422211838, "log_nNe": 19.47639940553551}, "datetime": {"datetime": "2022-05-20 16:18:10", "elapsed": 542.027233, "delta": 175.653477}}
{"target": 45.049051339204766, "params": {"log_nD": 21.24848852001396, "log_nNe": 19.416348558585558}, "datetime": {"datetime": "2022-05-20 16:21:03", "elapsed": 715.288595, "delta": 173.261362}}
{"target": 42.38721644054192, "params": {"log_nD": 21.242029113950753, "log_nNe": 19.436703960672098}, "datetime": {"datetime": "2022-05-20 16:23:51", "elapsed": 883.598519, "delta": 168.309924}}
{"target": 42.594761797339814, "params": {"log_nD": 21.240147455167207, "log_nNe": 19.438100401119556}, "datetime": {"datetime": "2022-05-20 16:26:45", "elapsed": 1056.922401, "delta": 173.323882}}
{"target": 38.49636303924426, "params": {"log_nD": 21.29411675595583, "log_nNe": 19.422557520957575}, "datetime": {"datetime": "2022-05-20 16:29:49", "elapsed": 1241.232859, "delta": 184.310458}}
{"target": 36.100579442455725, "params": {"log_nD": 21.296479471677664, "log_nNe": 19.44978110370292}, "datetime": {"datetime": "2022-05-20 16:32:46", "elapsed": 1418.890373, "delta": 177.657514}}
{"target": 50.44028299571369, "params": {"log_nD": 21.239633763402566, "log_nNe": 19.446991537308953}, "datetime": {"datetime": "2022-05-20 16:35:49", "elapsed": 1601.83447, "delta": 182.944097}}
{"target": 49.22332495002853, "params": {"log_nD": 21.260137634442867, "log_nNe": 19.434463447599878}, "datetime": {"datetime": "2022-05-20 16:40:09", "elapsed": 1861.756304, "delta": 259.921834}}
{"target": 500.0, "params": {"log_nD": 21.262252998836413, "log_nNe": 19.458694396717735}, "datetime": {"datetime": "2022-05-20 16:41:41", "elapsed": 1953.422558, "delta": 91.666254}}
{"target": 35.54349249896156, "params": {"log_nD": 21.275929357030375, "log_nNe": 19.41195835631204}, "datetime": {"datetime": "2022-05-20 16:44:34", "elapsed": 2126.798045, "delta": 173.375487}}
{"target": 44.80293572924265, "params": {"log_nD": 21.28500999576593, "log_nNe": 19.46629187418254}, "datetime": {"datetime": "2022-05-20 16:47:28", "elapsed": 2300.813761, "delta": 174.015716}}
{"target": 41.48052582527379, "params": {"log_nD": 21.264243373819774, "log_nNe": 19.417630973926208}, "datetime": {"datetime": "2022-05-20 16:54:21", "elapsed": 2713.125894, "delta": 412.312133}}
{"target": 44.52523442977096, "params": {"log_nD": 21.271355501409182, "log_nNe": 19.479893304964964}, "datetime": {"datetime": "2022-05-20 16:57:16", "elapsed": 2888.60699, "delta": 175.481096}}
{"target": 43.48563866890941, "params": {"log_nD": 21.322601910708684, "log_nNe": 19.456885660845646}, "datetime": {"datetime": "2022-05-20 17:00:02", "elapsed": 3054.403213, "delta": 165.796223}}
{"target": 42.822420299300134, "params": {"log_nD": 21.316225889343464, "log_nNe": 19.471994642386935}, "datetime": {"datetime": "2022-05-20 17:02:50", "elapsed": 3222.603761, "delta": 168.200548}}
{"target": 36.907702041511605, "params": {"log_nD": 21.270485985261836, "log_nNe": 19.406324033866767}, "datetime": {"datetime": "2022-05-20 17:05:38", "elapsed": 3390.542584, "delta": 167.938823}}
{"target": 36.54795433567688, "params": {"log_nD": 21.294488613110897, "log_nNe": 19.446903225804643}, "datetime": {"datetime": "2022-05-20 17:08:47", "elapsed": 3579.719261, "delta": 189.176677}}
{"target": 35.56841748105433, "params": {"log_nD": 21.26905417077399, "log_nNe": 19.417900844982444}, "datetime": {"datetime": "2022-05-20 17:11:44", "elapsed": 3755.995527, "delta": 176.276266}}
{"target": 38.578686950286965, "params": {"log_nD": 21.272972020284747, "log_nNe": 19.43915553041512}, "datetime": {"datetime": "2022-05-20 17:14:39", "elapsed": 3931.57844, "delta": 175.582913}}
{"target": 41.11201166643389, "params": {"log_nD": 21.261007666093686, "log_nNe": 19.423717096886577}, "datetime": {"datetime": "2022-05-20 17:17:41", "elapsed": 4113.36809, "delta": 181.78965}}
{"target": 44.7028209497707, "params": {"log_nD": 21.277431188264476, "log_nNe": 19.47328298706472}, "datetime": {"datetime": "2022-05-20 17:20:41", "elapsed": 4293.44509, "delta": 180.077}}
{"target": 38.852481964596706, "params": {"log_nD": 21.288635781779412, "log_nNe": 19.422993322364466}, "datetime": {"datetime": "2022-05-20 17:23:32", "elapsed": 4464.839151, "delta": 171.394061}}
{"target": 48.67580386816182, "params": {"log_nD": 21.261769526687473, "log_nNe": 19.437907699106752}, "datetime": {"datetime": "2022-05-20 17:26:46", "elapsed": 4658.385556, "delta": 193.546405}}
{"target": 43.272757792496755, "params": {"log_nD": 21.25544528576613, "log_nNe": 19.415837495392772}, "datetime": {"datetime": "2022-05-20 17:29:24", "elapsed": 4816.659661, "delta": 158.274105}}
{"target": 35.53413333825842, "params": {"log_nD": 21.28234198392809, "log_nNe": 19.40588936015642}, "datetime": {"datetime": "2022-05-20 17:32:01", "elapsed": 4973.350687, "delta": 156.691026}}
{"target": 38.91820204922864, "params": {"log_nD": 21.279688302258887, "log_nNe": 19.42985102589013}, "datetime": {"datetime": "2022-05-20 17:34:38", "elapsed": 5130.474467, "delta": 157.12378}}
{"target": 44.25124536987018, "params": {"log_nD": 21.299218751584476, "log_nNe": 19.46336636990009}, "datetime": {"datetime": "2022-05-20 17:37:16", "elapsed": 5288.793726, "delta": 158.319259}}
{"target": 44.68053248328099, "params": {"log_nD": 21.297772607717143, "log_nNe": 19.458349499500088}, "datetime": {"datetime": "2022-05-20 17:39:54", "elapsed": 5446.05061, "delta": 157.256884}}
{"target": 37.23391386365712, "params": {"log_nD": 21.270103054607507, "log_nNe": 19.456515370975914}, "datetime": {"datetime": "2022-05-20 17:42:31", "elapsed": 5603.857597, "delta": 157.806987}}
{"target": 38.038553695684456, "params": {"log_nD": 21.267161608920997, "log_nNe": 19.448206391749103}, "datetime": {"datetime": "2022-05-20 17:45:08", "elapsed": 5760.428469, "delta": 156.570872}}
{"target": 500.0, "params": {"log_nD": 21.265937889215156, "log_nNe": 19.43708177460304}, "datetime": {"datetime": "2022-05-20 17:47:03", "elapsed": 5875.035896, "delta": 114.607427}}
{"target": 46.106284258031614, "params": {"log_nD": 21.242905995272952, "log_nNe": 19.419436511025346}, "datetime": {"datetime": "2022-05-20 17:49:41", "elapsed": 6033.510067, "delta": 158.474171}}
{"target": 36.89917317696204, "params": {"log_nD": 21.322219075996294, "log_nNe": 19.41838275926687}, "datetime": {"datetime": "2022-05-20 17:52:19", "elapsed": 6191.077003, "delta": 157.566936}}
{"target": 44.91906093658156, "params": {"log_nD": 21.297806124724055, "log_nNe": 19.45497647783373}, "datetime": {"datetime": "2022-05-20 17:54:55", "elapsed": 6347.705643, "delta": 156.62864}}
{"target": 36.726164094604364, "params": {"log_nD": 21.300635161351092, "log_nNe": 19.43969136123816}, "datetime": {"datetime": "2022-05-20 17:57:33", "elapsed": 6505.77674, "delta": 158.071097}}
{"target": 35.00608461746649, "params": {"log_nD": 21.28954309094098, "log_nNe": 19.404123702402863}, "datetime": {"datetime": "2022-05-20 18:00:10", "elapsed": 6662.334032, "delta": 156.557292}}
{"target": 46.67482293656473, "params": {"log_nD": 21.243867541201073, "log_nNe": 19.41562810099496}, "datetime": {"datetime": "2022-05-20 18:02:48", "elapsed": 6820.068232, "delta": 157.7342}}
{"target": 46.50818143686256, "params": {"log_nD": 21.25077845071347, "log_nNe": 19.407011416559822}, "datetime": {"datetime": "2022-05-20 18:05:27", "elapsed": 6979.617104, "delta": 159.548872}}
{"target": 49.06594090512308, "params": {"log_nD": 21.248811721159363, "log_nNe": 19.446505556887715}, "datetime": {"datetime": "2022-05-20 18:08:06", "elapsed": 7138.607311, "delta": 158.990207}}
{"target": 59.10580693156672, "params": {"log_nD": 21.253911833134058, "log_nNe": 19.481263095971677}, "datetime": {"datetime": "2022-05-20 18:11:13", "elapsed": 7325.361332, "delta": 186.754021}}
{"target": 36.51390588006549, "params": {"log_nD": 21.296946324434465, "log_nNe": 19.445437264940008}, "datetime": {"datetime": "2022-05-20 18:13:51", "elapsed": 7483.667611, "delta": 158.306279}}
{"target": 38.253557310083806, "params": {"log_nD": 21.299174651764734, "log_nNe": 19.42128507508271}, "datetime": {"datetime": "2022-05-20 18:16:28", "elapsed": 7640.759149, "delta": 157.091538}}
{"target": 42.758569234044046, "params": {"log_nD": 21.318308044365256, "log_nNe": 19.471423127788672}, "datetime": {"datetime": "2022-05-20 18:19:07", "elapsed": 7799.464902, "delta": 158.705753}}
{"target": 36.68045816294748, "params": {"log_nD": 21.300842610055394, "log_nNe": 19.440140301899405}, "datetime": {"datetime": "2022-05-20 18:21:46", "elapsed": 7957.938829, "delta": 158.473927}}
{"target": 43.658667573178214, "params": {"log_nD": 21.31093317876192, "log_nNe": 19.463192601192816}, "datetime": {"datetime": "2022-05-20 18:24:24", "elapsed": 8116.664507, "delta": 158.725678}}
{"target": 43.467136229200435, "params": {"log_nD": 21.295091256913793, "log_nNe": 19.47794041046162}, "datetime": {"datetime": "2022-05-20 18:27:02", "elapsed": 8274.520229, "delta": 157.855722}}
{"target": 37.95934074553929, "params": {"log_nD": 21.292767803370428, "log_nNe": 19.430179091611905}, "datetime": {"datetime": "2022-05-20 18:29:38", "elapsed": 8430.822704, "delta": 156.302475}}
{"target": 34.24346975102175, "params": {"log_nD": 21.28572423983463, "log_nNe": 19.41540190710652}, "datetime": {"datetime": "2022-05-20 18:32:15", "elapsed": 8587.721337, "delta": 156.898633}}
{"target": 46.96413855070293, "params": {"log_nD": 21.25428287252076, "log_nNe": 19.461529540578937}, "datetime": {"datetime": "2022-05-20 18:34:55", "elapsed": 8747.495445, "delta": 159.774108}}
{"target": 42.60857928152796, "params": {"log_nD": 21.305951109771563, "log_nNe": 19.48300584855042}, "datetime": {"datetime": "2022-05-20 18:37:32", "elapsed": 8904.882679, "delta": 157.387234}}
{"target": 44.81571440855588, "params": {"log_nD": 21.311706046666256, "log_nNe": 19.445661646421947}, "datetime": {"datetime": "2022-05-20 18:40:10", "elapsed": 9062.767126, "delta": 157.884447}}
{"target": 50.29871987578617, "params": {"log_nD": 21.245369028196215, "log_nNe": 19.440892694511888}, "datetime": {"datetime": "2022-05-20 18:42:49", "elapsed": 9221.036598, "delta": 158.269472}}
{"target": 43.04139786236897, "params": {"log_nD": 21.31841355388532, "log_nNe": 19.466928369825457}, "datetime": {"datetime": "2022-05-20 18:45:26", "elapsed": 9378.814353, "delta": 157.777755}}
{"target": 38.190574019845236, "params": {"log_nD": 21.279819785180162, "log_nNe": 19.437964981693572}, "datetime": {"datetime": "2022-05-20 18:48:03", "elapsed": 9535.571266, "delta": 156.756913}}
{"target": 43.42774626963204, "params": {"log_nD": 21.25654123616042, "log_nNe": 19.413731482615944}, "datetime": {"datetime": "2022-05-20 18:50:41", "elapsed": 9693.714061, "delta": 158.142795}}
{"target": 46.38672363680243, "params": {"log_nD": 21.243960053848863, "log_nNe": 19.476059528447887}, "datetime": {"datetime": "2022-05-20 18:53:21", "elapsed": 9853.636601, "delta": 159.92254}}
{"target": 39.57938926290143, "params": {"log_nD": 21.29333524279321, "log_nNe": 19.410778741993145}, "datetime": {"datetime": "2022-05-20 18:55:58", "elapsed": 10010.805279, "delta": 157.168678}}
{"target": 37.006597496170095, "params": {"log_nD": 21.27363497196252, "log_nNe": 19.402567156729965}, "datetime": {"datetime": "2022-05-20 18:58:35", "elapsed": 10167.536331, "delta": 156.731052}}
{"target": 46.81051094109402, "params": {"log_nD": 21.255790662341056, "log_nNe": 19.461968646756397}, "datetime": {"datetime": "2022-05-20 19:01:15", "elapsed": 10327.365057, "delta": 159.828726}}
{"target": 37.082330830017675, "params": {"log_nD": 21.294289201997888, "log_nNe": 19.440030348121265}, "datetime": {"datetime": "2022-05-20 19:03:53", "elapsed": 10485.319962, "delta": 157.954905}}
{"target": 47.007951879133174, "params": {"log_nD": 21.2614909074774, "log_nNe": 19.455128665296773}, "datetime": {"datetime": "2022-05-20 19:08:27", "elapsed": 10759.520887, "delta": 274.200925}}
{"target": 44.96877659176193, "params": {"log_nD": 21.320898481116892, "log_nNe": 19.436242998339186}, "datetime": {"datetime": "2022-05-20 19:11:05", "elapsed": 10917.303769, "delta": 157.782882}}
{"target": 49.80000816383099, "params": {"log_nD": 21.243655798281324, "log_nNe": 19.40331861464761}, "datetime": {"datetime": "2022-05-20 19:13:43", "elapsed": 11075.371536, "delta": 158.067767}}
{"target": 45.801326447574226, "params": {"log_nD": 21.244765961989536, "log_nNe": 19.481925955347133}, "datetime": {"datetime": "2022-05-20 19:16:24", "elapsed": 11236.148425, "delta": 160.776889}}
{"target": 44.46257702962076, "params": {"log_nD": 21.284671140034877, "log_nNe": 19.471272303504467}, "datetime": {"datetime": "2022-05-20 19:19:00", "elapsed": 11392.893184, "delta": 156.744759}}
{"target": 42.977688061677064, "params": {"log_nD": 21.2523621913977, "log_nNe": 19.420976424175198}, "datetime": {"datetime": "2022-05-20 19:21:38", "elapsed": 11550.472421, "delta": 157.579237}}
{"target": 43.43738073843636, "params": {"log_nD": 21.297849699892573, "log_nNe": 19.47633641680553}, "datetime": {"datetime": "2022-05-20 19:24:12", "elapsed": 11704.558277, "delta": 154.085856}}
{"target": 43.00708309860072, "params": {"log_nD": 21.267234799425434, "log_nNe": 19.40392358590848}, "datetime": {"datetime": "2022-05-20 19:26:49", "elapsed": 11861.75741, "delta": 157.199133}}
{"target": 37.19463543443649, "params": {"log_nD": 21.312851919170622, "log_nNe": 19.423636890105147}, "datetime": {"datetime": "2022-05-20 19:29:24", "elapsed": 12016.777698, "delta": 155.020288}}
{"target": 38.810128554210024, "params": {"log_nD": 21.302129200079232, "log_nNe": 19.412059966116058}, "datetime": {"datetime": "2022-05-20 19:32:01", "elapsed": 12173.216634, "delta": 156.438936}}
{"target": 43.74244951204558, "params": {"log_nD": 21.298109923630065, "log_nNe": 19.47161717299122}, "datetime": {"datetime": "2022-05-20 19:34:39", "elapsed": 12331.32676, "delta": 158.110126}}
{"target": 37.47930665832233, "params": {"log_nD": 21.300915169576466, "log_nNe": 19.429583589233157}, "datetime": {"datetime": "2022-05-20 19:37:16", "elapsed": 12488.444498, "delta": 157.117738}}
{"target": 39.03676943930728, "params": {"log_nD": 21.300874877674822, "log_nNe": 19.410441889718836}, "datetime": {"datetime": "2022-05-20 19:39:52", "elapsed": 12644.61518, "delta": 156.170682}}
{"target": 500.0, "params": {"log_nD": 21.264893129175853, "log_nNe": 19.434854016312862}, "datetime": {"datetime": "2022-05-20 19:40:47", "elapsed": 12699.451942, "delta": 54.836762}}
{"target": 38.036380902035354, "params": {"log_nD": 21.313992921476057, "log_nNe": 19.411685791531358}, "datetime": {"datetime": "2022-05-20 19:43:26", "elapsed": 12857.970112, "delta": 158.51817}}
{"target": 43.181925881920336, "params": {"log_nD": 21.314246768264113, "log_nNe": 19.467917186152548}, "datetime": {"datetime": "2022-05-20 19:46:05", "elapsed": 13017.397265, "delta": 159.427153}}
{"target": 45.30939422619146, "params": {"log_nD": 21.322220966362426, "log_nNe": 19.430332684946585}, "datetime": {"datetime": "2022-05-20 19:48:42", "elapsed": 13174.776734, "delta": 157.379469}}
{"target": 42.67631660066017, "params": {"log_nD": 21.25540427501143, "log_nNe": 19.419253051029237}, "datetime": {"datetime": "2022-05-20 19:51:21", "elapsed": 13333.367523, "delta": 158.590789}}
{"target": 500.0, "params": {"log_nD": 21.264994664514845, "log_nNe": 19.418601588283412}, "datetime": {"datetime": "2022-05-20 19:52:41", "elapsed": 13413.125194, "delta": 79.757671}}
{"target": 47.820403553876766, "params": {"log_nD": 21.238131301913285, "log_nNe": 19.4186375850854}, "datetime": {"datetime": "2022-05-20 19:55:19", "elapsed": 13571.741647, "delta": 158.616453}}
{"target": 500.0, "params": {"log_nD": 21.265801916672018, "log_nNe": 19.447445604443065}, "datetime": {"datetime": "2022-05-20 19:57:31", "elapsed": 13703.897192, "delta": 132.155545}}
{"target": 500.0, "params": {"log_nD": 21.26233326339215, "log_nNe": 19.464685196820792}, "datetime": {"datetime": "2022-05-20 19:58:45", "elapsed": 13777.372814, "delta": 73.475622}}
{"target": 35.524337812851705, "params": {"log_nD": 21.268099799944718, "log_nNe": 19.418627041757194}, "datetime": {"datetime": "2022-05-20 20:01:22", "elapsed": 13934.603721, "delta": 157.230907}}
{"target": 500.0, "params": {"log_nD": 21.265875305065205, "log_nNe": 19.441318673988288}, "datetime": {"datetime": "2022-05-20 20:03:21", "elapsed": 14053.688602, "delta": 119.084881}}
{"target": 500.0, "params": {"log_nD": 21.264981756993883, "log_nNe": 19.47525948961477}, "datetime": {"datetime": "2022-05-20 20:05:38", "elapsed": 14190.664424, "delta": 136.975822}}
{"target": 44.250389050205854, "params": {"log_nD": 21.31995042989405, "log_nNe": 19.447447781173874}, "datetime": {"datetime": "2022-05-20 20:08:15", "elapsed": 14347.877579, "delta": 157.213155}}
{"target": 500.0, "params": {"log_nD": 21.26546209291285, "log_nNe": 19.436275487030308}, "datetime": {"datetime": "2022-05-20 20:09:49", "elapsed": 14441.383283, "delta": 93.505704}}
{"target": 47.7909635063876, "params": {"log_nD": 21.254207650861243, "log_nNe": 19.45307529300667}, "datetime": {"datetime": "2022-05-20 20:12:28", "elapsed": 14600.020763, "delta": 158.63748}}
{"target": 500.0, "params": {"log_nD": 21.26562853720374, "log_nNe": 19.398287305339323}, "datetime": {"datetime": "2022-05-20 20:13:23", "elapsed": 14655.563758, "delta": 55.542995}}
{"target": 44.574821658510594, "params": {"log_nD": 21.265538653935472, "log_nNe": 19.48287766421868}, "datetime": {"datetime": "2022-05-20 20:16:02", "elapsed": 14814.893067, "delta": 159.329309}}
{"target": 500.0, "params": {"log_nD": 21.265661605262824, "log_nNe": 19.425536255127376}, "datetime": {"datetime": "2022-05-20 20:17:39", "elapsed": 14910.933512, "delta": 96.040445}}
{"target": 500.0, "params": {"log_nD": 21.26500330803318, "log_nNe": 19.47515322241786}, "datetime": {"datetime": "2022-05-20 20:19:57", "elapsed": 15049.616326, "delta": 138.682814}}
{"target": 500.0, "params": {"log_nD": 21.265438885611715, "log_nNe": 19.44224255948768}, "datetime": {"datetime": "2022-05-20 20:21:36", "elapsed": 15148.572737, "delta": 98.956411}}
{"target": 45.10334360807046, "params": {"log_nD": 21.265099462227845, "log_nNe": 19.475133313829215}, "datetime": {"datetime": "2022-05-20 20:24:16", "elapsed": 15308.478994, "delta": 159.906257}}
{"target": 44.31076923492371, "params": {"log_nD": 21.265537817640087, "log_nNe": 19.39843134668278}, "datetime": {"datetime": "2022-05-20 20:29:15", "elapsed": 15607.410831, "delta": 298.931837}}
{"target": 46.74415797636067, "params": {"log_nD": 21.262293003048605, "log_nNe": 19.457478785860886}, "datetime": {"datetime": "2022-05-20 20:32:23", "elapsed": 15795.217688, "delta": 187.806857}}
{"target": 500.0, "params": {"log_nD": 21.2623460278323, "log_nNe": 19.469323957563045}, "datetime": {"datetime": "2022-05-20 20:33:46", "elapsed": 15878.347083, "delta": 83.129395}}
