{"target": 6.322625940138742, "params": {"log_nD": 20.741554, "log_nNe": 19.633368}, "datetime": {"datetime": "2022-05-18 19:15:38", "elapsed": 0.0, "delta": 0.0}}
{"target": 7.18804692705376, "params": {"log_nD": 20.743798643434303, "log_nNe": 19.64932571661545}, "datetime": {"datetime": "2022-05-18 19:17:56", "elapsed": 138.393825, "delta": 138.393825}}
{"target": 6.451164163770489, "params": {"log_nD": 20.72114890855305, "log_nNe": 19.63212922499437}, "datetime": {"datetime": "2022-05-18 19:20:15", "elapsed": 277.20818, "delta": 138.814355}}
{"target": 9.001515116881809, "params": {"log_nD": 20.77361699341838, "log_nNe": 19.665722609635512}, "datetime": {"datetime": "2022-05-18 19:22:35", "elapsed": 417.173251, "delta": 139.965071}}
{"target": 7.092005457147253, "params": {"log_nD": 20.70674129131396, "log_nNe": 19.60567176268556}, "datetime": {"datetime": "2022-05-18 19:24:52", "elapsed": 553.795591, "delta": 136.62234}}
{"target": 6.770371164997432, "params": {"log_nD": 20.700281885250753, "log_nNe": 19.6260271647721}, "datetime": {"datetime": "2022-05-18 19:27:09", "elapsed": 691.273804, "delta": 137.478213}}
{"target": 6.7459990401238565, "params": {"log_nD": 20.698400226467207, "log_nNe": 19.62742360521956}, "datetime": {"datetime": "2022-05-18 19:29:27", "elapsed": 828.482936, "delta": 137.209132}}
{"target": 6.718925631214343, "params": {"log_nD": 20.75236952725583, "log_nNe": 19.611880725057578}, "datetime": {"datetime": "2022-05-18 19:31:45", "elapsed": 966.626923, "delta": 138.143987}}
{"target": 7.313062170888941, "params": {"log_nD": 20.754732242977664, "log_nNe": 19.639104307802924}, "datetime": {"datetime": "2022-05-18 19:34:03", "elapsed": 1105.278527, "delta": 138.651604}}
{"target": 6.512696897400236, "params": {"log_nD": 20.697886534702565, "log_nNe": 19.636314741408956}, "datetime": {"datetime": "2022-05-18 19:36:21", "elapsed": 1243.383596, "delta": 138.105069}}
{"target": 6.6777318850142, "params": {"log_nD": 20.718390405742866, "log_nNe": 19.62378665169988}, "datetime": {"datetime": "2022-05-18 19:38:39", "elapsed": 1381.267403, "delta": 137.883807}}
{"target": 7.321942084344121, "params": {"log_nD": 20.720505770136413, "log_nNe": 19.648017600817738}, "datetime": {"datetime": "2022-05-18 19:40:57", "elapsed": 1519.346651, "delta": 138.079248}}
{"target": 6.623959956539394, "params": {"log_nD": 20.734182128330374, "log_nNe": 19.601281560412044}, "datetime": {"datetime": "2022-05-18 19:43:14", "elapsed": 1655.843598, "delta": 136.496947}}
{"target": 7.0655902309504555, "params": {"log_nD": 20.74326276706593, "log_nNe": 19.655615078282544}, "datetime": {"datetime": "2022-05-18 19:45:33", "elapsed": 1795.211987, "delta": 139.368389}}
{"target": 6.574968140479601, "params": {"log_nD": 20.722496145119774, "log_nNe": 19.60695417802621}, "datetime": {"datetime": "2022-05-18 19:47:50", "elapsed": 1932.210613, "delta": 136.998626}}
{"target": 6.907331033035062, "params": {"log_nD": 20.729608272709182, "log_nNe": 19.669216509064967}, "datetime": {"datetime": "2022-05-18 19:50:11", "elapsed": 2072.545027, "delta": 140.334414}}
{"target": 7.088778013438578, "params": {"log_nD": 20.780854682008684, "log_nNe": 19.64620886494565}, "datetime": {"datetime": "2022-05-18 19:52:30", "elapsed": 2211.890567, "delta": 139.34554}}
{"target": 9.05576873523664, "params": {"log_nD": 20.774478660643464, "log_nNe": 19.661317846486938}, "datetime": {"datetime": "2022-05-18 19:54:49", "elapsed": 2351.264384, "delta": 139.373817}}
{"target": 7.092262986368707, "params": {"log_nD": 20.728738756561835, "log_nNe": 19.59564723796677}, "datetime": {"datetime": "2022-05-18 19:57:06", "elapsed": 2488.366315, "delta": 137.101931}}
{"target": 7.369052572808217, "params": {"log_nD": 20.752741384410896, "log_nNe": 19.636226429904646}, "datetime": {"datetime": "2022-05-18 19:59:25", "elapsed": 2626.474758, "delta": 138.108443}}
{"target": 6.491295637063262, "params": {"log_nD": 20.72730694207399, "log_nNe": 19.607224049082447}, "datetime": {"datetime": "2022-05-18 20:01:41", "elapsed": 2763.298352, "delta": 136.823594}}
{"target": 6.471463686478784, "params": {"log_nD": 20.731224791584747, "log_nNe": 19.628478734515124}, "datetime": {"datetime": "2022-05-18 20:03:59", "elapsed": 2901.166209, "delta": 137.867857}}
{"target": 7.00075995839362, "params": {"log_nD": 20.719260437393686, "log_nNe": 19.61304030098658}, "datetime": {"datetime": "2022-05-18 20:06:17", "elapsed": 3038.755206, "delta": 137.588997}}
{"target": 6.985046068443428, "params": {"log_nD": 20.735683959564476, "log_nNe": 19.662606191164723}, "datetime": {"datetime": "2022-05-18 20:08:38", "elapsed": 3179.657424, "delta": 140.902218}}
{"target": 6.748271513448392, "params": {"log_nD": 20.746888553079412, "log_nNe": 19.61231652646447}, "datetime": {"datetime": "2022-05-18 20:10:56", "elapsed": 3318.022111, "delta": 138.364687}}
{"target": 6.581746411117473, "params": {"log_nD": 20.720022297987473, "log_nNe": 19.627230903206755}, "datetime": {"datetime": "2022-05-18 20:13:15", "elapsed": 3456.64818, "delta": 138.626069}}
{"target": 6.86782200184267, "params": {"log_nD": 20.71369805706613, "log_nNe": 19.605160699492775}, "datetime": {"datetime": "2022-05-18 20:15:32", "elapsed": 3593.88891, "delta": 137.24073}}
{"target": 6.782996912326209, "params": {"log_nD": 20.74059475522809, "log_nNe": 19.59521256425642}, "datetime": {"datetime": "2022-05-18 20:17:50", "elapsed": 3731.563847, "delta": 137.674937}}
{"target": 6.649326206859517, "params": {"log_nD": 20.737941073558886, "log_nNe": 19.619174229990133}, "datetime": {"datetime": "2022-05-18 20:20:08", "elapsed": 3869.839495, "delta": 138.275648}}
{"target": 7.06600652841809, "params": {"log_nD": 20.757471522884476, "log_nNe": 19.652689574000092}, "datetime": {"datetime": "2022-05-18 20:22:28", "elapsed": 4009.555257, "delta": 139.715762}}
{"target": 7.173147959694786, "params": {"log_nD": 20.756025379017142, "log_nNe": 19.64767270360009}, "datetime": {"datetime": "2022-05-18 20:24:48", "elapsed": 4149.486843, "delta": 139.931586}}
{"target": 7.301146887510592, "params": {"log_nD": 20.728355825907506, "log_nNe": 19.645838575075917}, "datetime": {"datetime": "2022-05-18 20:27:07", "elapsed": 4288.928965, "delta": 139.442122}}
{"target": 6.319629346635262, "params": {"log_nD": 20.725414380220997, "log_nNe": 19.637529595849106}, "datetime": {"datetime": "2022-05-18 20:29:27", "elapsed": 4428.433695, "delta": 139.50473}}
{"target": 6.573750030189454, "params": {"log_nD": 20.724190660515156, "log_nNe": 19.626404978703043}, "datetime": {"datetime": "2022-05-18 20:31:45", "elapsed": 4567.019996, "delta": 138.586301}}
{"target": 7.028466792543005, "params": {"log_nD": 20.701158766572952, "log_nNe": 19.60875971512535}, "datetime": {"datetime": "2022-05-18 20:34:02", "elapsed": 4704.392877, "delta": 137.372881}}
{"target": 6.615484431562537, "params": {"log_nD": 20.780471847296294, "log_nNe": 19.60770596336687}, "datetime": {"datetime": "2022-05-18 20:36:21", "elapsed": 4843.114805, "delta": 138.721928}}
{"target": 7.225043085672558, "params": {"log_nD": 20.756058896024054, "log_nNe": 19.64429968193373}, "datetime": {"datetime": "2022-05-18 20:38:40", "elapsed": 4981.674364, "delta": 138.559559}}
{"target": 6.308637639846585, "params": {"log_nD": 20.758887932651092, "log_nNe": 19.629014565338164}, "datetime": {"datetime": "2022-05-18 20:40:59", "elapsed": 5120.51997, "delta": 138.845606}}
{"target": 6.7272485583091335, "params": {"log_nD": 20.74779586224098, "log_nNe": 19.593446906502866}, "datetime": {"datetime": "2022-05-18 20:43:16", "elapsed": 5258.184916, "delta": 137.664946}}
{"target": 7.560947694634955, "params": {"log_nD": 20.702120312501073, "log_nNe": 19.604951305094964}, "datetime": {"datetime": "2022-05-18 20:45:33", "elapsed": 5395.217984, "delta": 137.033068}}
{"target": 30.21507781939489, "params": {"log_nD": 20.70903122201347, "log_nNe": 19.596334620659825}, "datetime": {"datetime": "2022-05-18 20:47:50", "elapsed": 5531.707056, "delta": 136.489072}}
{"target": 6.4665292915176, "params": {"log_nD": 20.707064492459363, "log_nNe": 19.635828760987717}, "datetime": {"datetime": "2022-05-18 20:50:08", "elapsed": 5669.492648, "delta": 137.785592}}
{"target": 6.96108486797756, "params": {"log_nD": 20.712164604434058, "log_nNe": 19.67058630007168}, "datetime": {"datetime": "2022-05-18 20:52:27", "elapsed": 5808.505392, "delta": 139.012744}}
{"target": 7.38411025726164, "params": {"log_nD": 20.755199095734465, "log_nNe": 19.63476046904001}, "datetime": {"datetime": "2022-05-18 20:54:45", "elapsed": 5946.628349, "delta": 138.122957}}
{"target": 6.698755897824278, "params": {"log_nD": 20.757427423064733, "log_nNe": 19.610608279182713}, "datetime": {"datetime": "2022-05-18 20:57:04", "elapsed": 6086.103399, "delta": 139.47505}}
{"target": 9.058030880265084, "params": {"log_nD": 20.776560815665256, "log_nNe": 19.660746331888674}, "datetime": {"datetime": "2022-05-18 20:59:24", "elapsed": 6226.082414, "delta": 139.979015}}
{"target": 6.299739588876952, "params": {"log_nD": 20.759095381355394, "log_nNe": 19.629463505999407}, "datetime": {"datetime": "2022-05-18 21:01:43", "elapsed": 6364.9496, "delta": 138.867186}}
{"target": 7.034284610902308, "params": {"log_nD": 20.76918595006192, "log_nNe": 19.65251580529282}, "datetime": {"datetime": "2022-05-18 21:04:03", "elapsed": 6504.499973, "delta": 139.550373}}
{"target": 9.080453326281503, "params": {"log_nD": 20.753344028213792, "log_nNe": 19.667263614561623}, "datetime": {"datetime": "2022-05-18 21:06:23", "elapsed": 6645.288738, "delta": 140.788765}}
{"target": 6.54571510924772, "params": {"log_nD": 20.751020574670427, "log_nNe": 19.619502295711907}, "datetime": {"datetime": "2022-05-18 21:08:42", "elapsed": 6783.885748, "delta": 138.59701}}
{"target": 6.9773238417210095, "params": {"log_nD": 20.74397701113463, "log_nNe": 19.604725111206523}, "datetime": {"datetime": "2022-05-18 21:11:00", "elapsed": 6922.030158, "delta": 138.14441}}
{"target": 7.303353003124714, "params": {"log_nD": 20.71253564382076, "log_nNe": 19.65085274467894}, "datetime": {"datetime": "2022-05-18 21:13:18", "elapsed": 7060.379574, "delta": 138.349416}}
{"target": 8.940019302850326, "params": {"log_nD": 20.764203881071563, "log_nNe": 19.672329052650422}, "datetime": {"datetime": "2022-05-18 21:15:38", "elapsed": 7200.334169, "delta": 139.954595}}
{"target": 7.322387353340433, "params": {"log_nD": 20.769958817966256, "log_nNe": 19.63498485052195}, "datetime": {"datetime": "2022-05-18 21:17:58", "elapsed": 7339.917441, "delta": 139.583272}}
{"target": 6.624365437782784, "params": {"log_nD": 20.703621799496215, "log_nNe": 19.63021589861189}, "datetime": {"datetime": "2022-05-18 21:20:17", "elapsed": 7478.612826, "delta": 138.695385}}
{"target": 6.935645709293161, "params": {"log_nD": 20.77666632518532, "log_nNe": 19.65625157392546}, "datetime": {"datetime": "2022-05-18 21:22:37", "elapsed": 7619.059728, "delta": 140.446902}}
{"target": 6.4581297217204074, "params": {"log_nD": 20.738072556480162, "log_nNe": 19.627288185793574}, "datetime": {"datetime": "2022-05-18 21:24:56", "elapsed": 7757.840846, "delta": 138.781118}}
{"target": 6.995403721623629, "params": {"log_nD": 20.71479400746042, "log_nNe": 19.603054686715947}, "datetime": {"datetime": "2022-05-18 21:27:13", "elapsed": 7895.37127, "delta": 137.530424}}
{"target": 7.06859192814953, "params": {"log_nD": 20.702212825148862, "log_nNe": 19.66538273254789}, "datetime": {"datetime": "2022-05-18 21:29:33", "elapsed": 8034.611313, "delta": 139.240043}}
{"target": 6.428935690043192, "params": {"log_nD": 20.75158801409321, "log_nNe": 19.600101946093147}, "datetime": {"datetime": "2022-05-18 21:31:50", "elapsed": 8171.493706, "delta": 136.882393}}
{"target": 7.329614391089578, "params": {"log_nD": 20.73188774326252, "log_nNe": 19.591890360829968}, "datetime": {"datetime": "2022-05-18 21:34:09", "elapsed": 8310.539196, "delta": 139.04549}}
{"target": 7.289839122784683, "params": {"log_nD": 20.714043433641056, "log_nNe": 19.6512918508564}, "datetime": {"datetime": "2022-05-18 21:36:28", "elapsed": 8449.570975, "delta": 139.031779}}
{"target": 6.345836127297306, "params": {"log_nD": 20.752541973297888, "log_nNe": 19.629353552221268}, "datetime": {"datetime": "2022-05-18 21:38:46", "elapsed": 8588.046683, "delta": 138.475708}}
{"target": 7.388726516030375, "params": {"log_nD": 20.719743678777398, "log_nNe": 19.644451869396775}, "datetime": {"datetime": "2022-05-18 21:41:05", "elapsed": 8726.645087, "delta": 138.598404}}
{"target": 7.4404624523919605, "params": {"log_nD": 20.77915125241689, "log_nNe": 19.625566202439188}, "datetime": {"datetime": "2022-05-18 21:43:24", "elapsed": 8865.56889, "delta": 138.923803}}
{"target": 34.93775191441595, "params": {"log_nD": 20.701908569581324, "log_nNe": 19.592641818747612}, "datetime": {"datetime": "2022-05-18 21:45:41", "elapsed": 9002.485005, "delta": 136.916115}}
{"target": 6.975891368372258, "params": {"log_nD": 20.703018733289536, "log_nNe": 19.671249159447136}, "datetime": {"datetime": "2022-05-18 21:48:00", "elapsed": 9142.182799, "delta": 139.697794}}
{"target": 6.993870072818998, "params": {"log_nD": 20.742923911334877, "log_nNe": 19.66059550760447}, "datetime": {"datetime": "2022-05-18 21:50:21", "elapsed": 9283.196084, "delta": 141.013285}}
{"target": 6.635170198625951, "params": {"log_nD": 20.7106149626977, "log_nNe": 19.6102996282752}, "datetime": {"datetime": "2022-05-18 21:52:39", "elapsed": 9421.268696, "delta": 138.072612}}
{"target": 9.094945274522672, "params": {"log_nD": 20.756102471192573, "log_nNe": 19.665659620905533}, "datetime": {"datetime": "2022-05-18 21:55:00", "elapsed": 9561.549099, "delta": 140.280403}}
{"target": 7.623920834720358, "params": {"log_nD": 20.725487570725434, "log_nNe": 19.593246790008482}, "datetime": {"datetime": "2022-05-18 21:57:17", "elapsed": 9699.004901, "delta": 137.455802}}
{"target": 6.564014494334593, "params": {"log_nD": 20.771104690470622, "log_nNe": 19.61296009420515}, "datetime": {"datetime": "2022-05-18 21:59:35", "elapsed": 9837.037589, "delta": 138.032688}}
{"target": 6.915043502943682, "params": {"log_nD": 20.760381971379232, "log_nNe": 19.60138317021606}, "datetime": {"datetime": "2022-05-18 22:01:53", "elapsed": 9974.454487, "delta": 137.416898}}
{"target": 6.952784014753584, "params": {"log_nD": 20.756362694930065, "log_nNe": 19.660940377091222}, "datetime": {"datetime": "2022-05-18 22:04:12", "elapsed": 10114.316579, "delta": 139.862092}}
{"target": 6.511902100794717, "params": {"log_nD": 20.759167940876466, "log_nNe": 19.61890679333316}, "datetime": {"datetime": "2022-05-18 22:06:31", "elapsed": 10252.624505, "delta": 138.307926}}
{"target": 6.970146876029633, "params": {"log_nD": 20.75912764897482, "log_nNe": 19.59976509381884}, "datetime": {"datetime": "2022-05-18 22:08:49", "elapsed": 10390.40386, "delta": 137.779355}}
{"target": 6.633155040641229, "params": {"log_nD": 20.723145900475853, "log_nNe": 19.624177220412864}, "datetime": {"datetime": "2022-05-18 22:11:06", "elapsed": 10528.190552, "delta": 137.786692}}
{"target": 6.8286434132005045, "params": {"log_nD": 20.772245692776057, "log_nNe": 19.60100899563136}, "datetime": {"datetime": "2022-05-18 22:13:24", "elapsed": 10666.031881, "delta": 137.841329}}
{"target": 6.933408877453976, "params": {"log_nD": 20.772499539564112, "log_nNe": 19.65724039025255}, "datetime": {"datetime": "2022-05-18 22:15:43", "elapsed": 10805.184438, "delta": 139.152557}}
{"target": 6.376536753893555, "params": {"log_nD": 20.780473737662426, "log_nNe": 19.619655889046587}, "datetime": {"datetime": "2022-05-18 22:18:01", "elapsed": 10943.367044, "delta": 138.182606}}
{"target": 6.661818831649847, "params": {"log_nD": 20.71365704631143, "log_nNe": 19.60857625512924}, "datetime": {"datetime": "2022-05-18 22:20:19", "elapsed": 11080.601293, "delta": 137.234249}}
{"target": 34.20423543768821, "params": {"log_nD": 20.70221293707729, "log_nNe": 19.594165202110418}, "datetime": {"datetime": "2022-05-18 22:22:36", "elapsed": 11218.039862, "delta": 137.438569}}
{"target": 7.221116367291689, "params": {"log_nD": 20.73243668698984, "log_nNe": 19.59257554438665}, "datetime": {"datetime": "2022-05-18 22:24:54", "elapsed": 11355.706748, "delta": 137.666886}}
{"target": 35.33698669277316, "params": {"log_nD": 20.702230487381836, "log_nNe": 19.591470736363878}, "datetime": {"datetime": "2022-05-18 22:27:12", "elapsed": 11493.567042, "delta": 137.860294}}
{"target": 35.11240755982308, "params": {"log_nD": 20.702221306357036, "log_nNe": 19.592052551420867}, "datetime": {"datetime": "2022-05-18 22:29:29", "elapsed": 11631.127209, "delta": 137.560167}}
{"target": 36.73853553054114, "params": {"log_nD": 20.697958236003068, "log_nNe": 19.589451682199886}, "datetime": {"datetime": "2022-05-18 22:31:46", "elapsed": 11767.64618, "delta": 136.518971}}
{"target": 35.08854440404342, "params": {"log_nD": 20.702106946767955, "log_nNe": 19.592169561583237}, "datetime": {"datetime": "2022-05-18 22:34:03", "elapsed": 11904.715756, "delta": 137.069576}}
{"target": 7.1999041433985935, "params": {"log_nD": 20.728721293578126, "log_nNe": 19.594533731732138}, "datetime": {"datetime": "2022-05-18 22:36:20", "elapsed": 12041.932616, "delta": 137.21686}}
{"target": 37.117965096120734, "params": {"log_nD": 20.699066526114517, "log_nNe": 19.587625969856962}, "datetime": {"datetime": "2022-05-18 22:38:37", "elapsed": 12178.433566, "delta": 136.50095}}
{"target": 30.172199597720017, "params": {"log_nD": 20.709071838180623, "log_nNe": 19.596348594262597}, "datetime": {"datetime": "2022-05-18 22:40:54", "elapsed": 12315.440126, "delta": 137.00656}}
{"target": 37.272029071550854, "params": {"log_nD": 20.697478539590783, "log_nNe": 19.587864759058547}, "datetime": {"datetime": "2022-05-18 22:43:10", "elapsed": 12452.400862, "delta": 136.960736}}
{"target": 37.215721131705145, "params": {"log_nD": 20.69596737337822, "log_nNe": 19.587653893045562}, "datetime": {"datetime": "2022-05-18 22:45:27", "elapsed": 12589.357743, "delta": 136.956881}}
{"target": 37.05218424029619, "params": {"log_nD": 20.696928807697805, "log_nNe": 19.587776578340787}, "datetime": {"datetime": "2022-05-18 22:47:45", "elapsed": 12726.787232, "delta": 137.429489}}
{"target": 35.409143516093415, "params": {"log_nD": 20.70854932388214, "log_nNe": 19.588109396431225}, "datetime": {"datetime": "2022-05-18 22:50:02", "elapsed": 12863.971841, "delta": 137.184609}}
{"target": 34.728478028140586, "params": {"log_nD": 20.706941097981826, "log_nNe": 19.590618795913713}, "datetime": {"datetime": "2022-05-18 22:52:19", "elapsed": 13000.881905, "delta": 136.910064}}
{"target": 36.97544583280604, "params": {"log_nD": 20.6975391232811, "log_nNe": 19.587752483858747}, "datetime": {"datetime": "2022-05-18 22:54:36", "elapsed": 13138.179773, "delta": 137.297868}}
{"target": 36.496191209244685, "params": {"log_nD": 20.70216800624061, "log_nNe": 19.588155312138984}, "datetime": {"datetime": "2022-05-18 22:56:54", "elapsed": 13275.896782, "delta": 137.717009}}
{"target": 37.35106697112631, "params": {"log_nD": 20.696246045330714, "log_nNe": 19.588185301637456}, "datetime": {"datetime": "2022-05-18 22:59:12", "elapsed": 13414.353971, "delta": 138.457189}}
{"target": 36.821726533357925, "params": {"log_nD": 20.6996885360292, "log_nNe": 19.588325663906026}, "datetime": {"datetime": "2022-05-18 23:01:30", "elapsed": 13551.738243, "delta": 137.384272}}
{"target": 36.32825833447875, "params": {"log_nD": 20.704012777163218, "log_nNe": 19.587761534890983}, "datetime": {"datetime": "2022-05-18 23:03:47", "elapsed": 13688.481972, "delta": 136.743729}}
