{"target": 19.183486880989967, "params": {"log_nD": 21.357925, "log_nNe": 19.309378}, "datetime": {"datetime": "2022-05-18 23:06:12", "elapsed": 0.0, "delta": 0.0}}
{"target": 21.66200952996834, "params": {"log_nD": 21.360169643434304, "log_nNe": 19.32533571661545}, "datetime": {"datetime": "2022-05-18 23:08:38", "elapsed": 146.201496, "delta": 146.201496}}
{"target": 20.061694187191215, "params": {"log_nD": 21.337519908553052, "log_nNe": 19.308139224994367}, "datetime": {"datetime": "2022-05-18 23:11:04", "elapsed": 291.75712, "delta": 145.555624}}
{"target": 25.78828651956558, "params": {"log_nD": 21.38998799341838, "log_nNe": 19.34173260963551}, "datetime": {"datetime": "2022-05-18 23:13:32", "elapsed": 440.145171, "delta": 148.388051}}
{"target": 20.31979961948674, "params": {"log_nD": 21.32311229131396, "log_nNe": 19.281681762685558}, "datetime": {"datetime": "2022-05-18 23:15:57", "elapsed": 584.322259, "delta": 144.177088}}
{"target": 19.505674644316468, "params": {"log_nD": 21.316652885250754, "log_nNe": 19.3020371647721}, "datetime": {"datetime": "2022-05-18 23:18:21", "elapsed": 728.26119, "delta": 143.938931}}
{"target": 19.51475181626823, "params": {"log_nD": 21.314771226467208, "log_nNe": 19.303433605219556}, "datetime": {"datetime": "2022-05-18 23:20:45", "elapsed": 872.904257, "delta": 144.643067}}
{"target": 19.73509503755187, "params": {"log_nD": 21.36874052725583, "log_nNe": 19.287890725057576}, "datetime": {"datetime": "2022-05-18 23:23:11", "elapsed": 1018.947021, "delta": 146.042764}}
{"target": 21.70174775436282, "params": {"log_nD": 21.371103242977664, "log_nNe": 19.315114307802922}, "datetime": {"datetime": "2022-05-18 23:25:38", "elapsed": 1165.883976, "delta": 146.936955}}
{"target": 19.069152037336135, "params": {"log_nD": 21.314257534702566, "log_nNe": 19.312324741408954}, "datetime": {"datetime": "2022-05-18 23:28:07", "elapsed": 1314.301689, "delta": 148.417713}}
{"target": 20.575962708384424, "params": {"log_nD": 21.334761405742867, "log_nNe": 19.29979665169988}, "datetime": {"datetime": "2022-05-18 23:31:10", "elapsed": 1497.927623, "delta": 183.625934}}
{"target": 19.30809618416546, "params": {"log_nD": 21.336876770136413, "log_nNe": 19.324027600817736}, "datetime": {"datetime": "2022-05-18 23:33:47", "elapsed": 1654.968124, "delta": 157.040501}}
{"target": 21.030347067379296, "params": {"log_nD": 21.350553128330375, "log_nNe": 19.277291560412042}, "datetime": {"datetime": "2022-05-18 23:36:21", "elapsed": 1809.097867, "delta": 154.129743}}
{"target": 21.417786901845176, "params": {"log_nD": 21.35963376706593, "log_nNe": 19.331625078282542}, "datetime": {"datetime": "2022-05-18 23:38:47", "elapsed": 1955.075902, "delta": 145.978035}}
{"target": 19.522395369373267, "params": {"log_nD": 21.338867145119774, "log_nNe": 19.28296417802621}, "datetime": {"datetime": "2022-05-18 23:41:11", "elapsed": 2098.767245, "delta": 143.691343}}
{"target": 21.320309877629334, "params": {"log_nD": 21.345979272709183, "log_nNe": 19.345226509064965}, "datetime": {"datetime": "2022-05-18 23:43:36", "elapsed": 2243.403285, "delta": 144.63604}}
{"target": 26.277183001503815, "params": {"log_nD": 21.397225682008685, "log_nNe": 19.322218864945647}, "datetime": {"datetime": "2022-05-18 23:46:03", "elapsed": 2390.524412, "delta": 147.121127}}
{"target": 25.923247423147778, "params": {"log_nD": 21.390849660643465, "log_nNe": 19.337327846486936}, "datetime": {"datetime": "2022-05-18 23:48:29", "elapsed": 2536.468634, "delta": 145.944222}}
{"target": 19.831058570945995, "params": {"log_nD": 21.345109756561836, "log_nNe": 19.271657237966767}, "datetime": {"datetime": "2022-05-18 23:50:53", "elapsed": 2680.661429, "delta": 144.192795}}
{"target": 21.895724124527444, "params": {"log_nD": 21.369112384410897, "log_nNe": 19.312236429904644}, "datetime": {"datetime": "2022-05-18 23:53:19", "elapsed": 2826.823152, "delta": 146.161723}}
{"target": 19.29779128824037, "params": {"log_nD": 21.34367794207399, "log_nNe": 19.283234049082445}, "datetime": {"datetime": "2022-05-18 23:55:43", "elapsed": 2970.694946, "delta": 143.871794}}
{"target": 19.799434905858938, "params": {"log_nD": 21.347595791584748, "log_nNe": 19.30448873451512}, "datetime": {"datetime": "2022-05-18 23:58:07", "elapsed": 3115.150219, "delta": 144.455273}}
{"target": 19.350864449586084, "params": {"log_nD": 21.335631437393687, "log_nNe": 19.289050300986577}, "datetime": {"datetime": "2022-05-19 00:00:33", "elapsed": 3261.141939, "delta": 145.99172}}
{"target": 21.388373803713286, "params": {"log_nD": 21.352054959564477, "log_nNe": 19.33861619116472}, "datetime": {"datetime": "2022-05-19 00:02:59", "elapsed": 3406.498068, "delta": 145.356129}}
{"target": 19.933460075899763, "params": {"log_nD": 21.363259553079413, "log_nNe": 19.288326526464466}, "datetime": {"datetime": "2022-05-19 00:05:24", "elapsed": 3551.762641, "delta": 145.264573}}
{"target": 20.34115512804677, "params": {"log_nD": 21.336393297987474, "log_nNe": 19.303240903206753}, "datetime": {"datetime": "2022-05-19 00:07:49", "elapsed": 3696.620454, "delta": 144.857813}}
{"target": 20.017311717487804, "params": {"log_nD": 21.33006905706613, "log_nNe": 19.281170699492773}, "datetime": {"datetime": "2022-05-19 00:10:13", "elapsed": 3840.770284, "delta": 144.14983}}
{"target": 21.057091999482303, "params": {"log_nD": 21.356965755228092, "log_nNe": 19.27122256425642}, "datetime": {"datetime": "2022-05-19 00:12:38", "elapsed": 3985.731007, "delta": 144.960723}}
{"target": 19.96986229824615, "params": {"log_nD": 21.354312073558887, "log_nNe": 19.29518422999013}, "datetime": {"datetime": "2022-05-19 00:15:03", "elapsed": 4130.844151, "delta": 145.113144}}
{"target": 20.978347126217876, "params": {"log_nD": 21.373842522884477, "log_nNe": 19.32869957400009}, "datetime": {"datetime": "2022-05-19 00:17:30", "elapsed": 4277.546476, "delta": 146.702325}}
{"target": 21.30133059280894, "params": {"log_nD": 21.372396379017143, "log_nNe": 19.323682703600088}, "datetime": {"datetime": "2022-05-19 00:19:57", "elapsed": 4425.252028, "delta": 147.705552}}
{"target": 19.117551897823617, "params": {"log_nD": 21.344726825907507, "log_nNe": 19.321848575075915}, "datetime": {"datetime": "2022-05-19 00:22:22", "elapsed": 4569.59789, "delta": 144.345862}}
{"target": 19.603790155072005, "params": {"log_nD": 21.341785380220998, "log_nNe": 19.313539595849104}, "datetime": {"datetime": "2022-05-19 00:24:46", "elapsed": 4713.950597, "delta": 144.352707}}
{"target": 20.214372403724507, "params": {"log_nD": 21.340561660515156, "log_nNe": 19.30241497870304}, "datetime": {"datetime": "2022-05-19 00:27:10", "elapsed": 4858.165139, "delta": 144.214542}}
{"target": 20.41719447328974, "params": {"log_nD": 21.317529766572953, "log_nNe": 19.284769715125346}, "datetime": {"datetime": "2022-05-19 00:29:35", "elapsed": 5002.311471, "delta": 144.146332}}
{"target": 22.069161398673753, "params": {"log_nD": 21.396842847296295, "log_nNe": 19.28371596336687}, "datetime": {"datetime": "2022-05-19 00:32:01", "elapsed": 5148.487748, "delta": 146.176277}}
{"target": 21.438287231024844, "params": {"log_nD": 21.372429896024055, "log_nNe": 19.32030968193373}, "datetime": {"datetime": "2022-05-19 00:34:27", "elapsed": 5294.566797, "delta": 146.079049}}
{"target": 21.97739334326752, "params": {"log_nD": 21.375258932651093, "log_nNe": 19.30502456533816}, "datetime": {"datetime": "2022-05-19 00:36:53", "elapsed": 5440.459834, "delta": 145.893037}}
{"target": 20.835477419612673, "params": {"log_nD": 21.36416686224098, "log_nNe": 19.269456906502864}, "datetime": {"datetime": "2022-05-19 00:39:18", "elapsed": 5586.059964, "delta": 145.60013}}
{"target": 20.60773486687434, "params": {"log_nD": 21.318491312501074, "log_nNe": 19.280961305094962}, "datetime": {"datetime": "2022-05-19 00:41:42", "elapsed": 5730.221051, "delta": 144.161087}}
{"target": 20.757610414103425, "params": {"log_nD": 21.32540222201347, "log_nNe": 19.272344620659823}, "datetime": {"datetime": "2022-05-19 00:44:06", "elapsed": 5873.575967, "delta": 143.354916}}
{"target": 20.442748553765984, "params": {"log_nD": 21.323435492459364, "log_nNe": 19.311838760987715}, "datetime": {"datetime": "2022-05-19 00:46:31", "elapsed": 6018.411961, "delta": 144.835994}}
{"target": 21.856975850970638, "params": {"log_nD": 21.32853560443406, "log_nNe": 19.346596300071678}, "datetime": {"datetime": "2022-05-19 00:48:56", "elapsed": 6163.521975, "delta": 145.110014}}
{"target": 21.868381407468785, "params": {"log_nD": 21.371570095734466, "log_nNe": 19.31077046904001}, "datetime": {"datetime": "2022-05-19 00:51:22", "elapsed": 6309.484965, "delta": 145.96299}}
{"target": 19.59214256112788, "params": {"log_nD": 21.373798423064734, "log_nNe": 19.28661827918271}, "datetime": {"datetime": "2022-05-19 00:53:48", "elapsed": 6455.74749, "delta": 146.262525}}
{"target": 25.87493988958741, "params": {"log_nD": 21.392931815665257, "log_nNe": 19.336756331888672}, "datetime": {"datetime": "2022-05-19 00:56:16", "elapsed": 6603.6057, "delta": 147.85821}}
{"target": 21.950512294210178, "params": {"log_nD": 21.375466381355395, "log_nNe": 19.305473505999405}, "datetime": {"datetime": "2022-05-19 00:58:44", "elapsed": 6751.404518, "delta": 147.798818}}
{"target": 26.43078257256638, "params": {"log_nD": 21.385556950061922, "log_nNe": 19.328525805292816}, "datetime": {"datetime": "2022-05-19 01:01:11", "elapsed": 6898.315492, "delta": 146.910974}}
{"target": 20.543129176395748, "params": {"log_nD": 21.369715028213793, "log_nNe": 19.34327361456162}, "datetime": {"datetime": "2022-05-19 01:03:37", "elapsed": 7044.58747, "delta": 146.271978}}
{"target": 19.441988696138395, "params": {"log_nD": 21.367391574670428, "log_nNe": 19.295512295711905}, "datetime": {"datetime": "2022-05-19 01:06:03", "elapsed": 7190.857411, "delta": 146.269941}}
{"target": 20.45040286870262, "params": {"log_nD": 21.36034801113463, "log_nNe": 19.28073511120652}, "datetime": {"datetime": "2022-05-19 01:08:29", "elapsed": 7336.394439, "delta": 145.537028}}
{"target": 19.514010571479545, "params": {"log_nD": 21.328906643820762, "log_nNe": 19.326862744678937}, "datetime": {"datetime": "2022-05-19 01:10:54", "elapsed": 7481.298352, "delta": 144.903913}}
{"target": 25.84798685495538, "params": {"log_nD": 21.380574881071563, "log_nNe": 19.34833905265042}, "datetime": {"datetime": "2022-05-19 01:13:22", "elapsed": 7629.442897, "delta": 148.144545}}
{"target": 21.254631017162538, "params": {"log_nD": 21.386329817966256, "log_nNe": 19.310994850521947}, "datetime": {"datetime": "2022-05-19 01:15:49", "elapsed": 7777.172993, "delta": 147.730096}}
{"target": 19.140269395838132, "params": {"log_nD": 21.319992799496216, "log_nNe": 19.30622589861189}, "datetime": {"datetime": "2022-05-19 01:18:15", "elapsed": 7922.28652, "delta": 145.113527}}
{"target": 26.039559125778084, "params": {"log_nD": 21.393037325185322, "log_nNe": 19.332261573925457}, "datetime": {"datetime": "2022-05-19 01:20:42", "elapsed": 8070.03159, "delta": 147.74507}}
{"target": 19.58967384583237, "params": {"log_nD": 21.354443556480163, "log_nNe": 19.303298185793572}, "datetime": {"datetime": "2022-05-19 01:23:07", "elapsed": 8214.971694, "delta": 144.940104}}
{"target": 20.08053449805677, "params": {"log_nD": 21.33116500746042, "log_nNe": 19.279064686715945}, "datetime": {"datetime": "2022-05-19 01:25:31", "elapsed": 8358.357672, "delta": 143.385978}}
{"target": 19.18420179403288, "params": {"log_nD": 21.318583825148863, "log_nNe": 19.341392732547888}, "datetime": {"datetime": "2022-05-19 01:27:56", "elapsed": 8503.488738, "delta": 145.131066}}
{"target": 20.315469348095714, "params": {"log_nD": 21.36795901409321, "log_nNe": 19.276111946093145}, "datetime": {"datetime": "2022-05-19 01:30:21", "elapsed": 8648.33534, "delta": 144.846602}}
{"target": 19.88396246672294, "params": {"log_nD": 21.34825874326252, "log_nNe": 19.267900360829966}, "datetime": {"datetime": "2022-05-19 01:32:45", "elapsed": 8792.772689, "delta": 144.437349}}
{"target": 19.397156688063653, "params": {"log_nD": 21.330414433641057, "log_nNe": 19.327301850856397}, "datetime": {"datetime": "2022-05-19 01:35:10", "elapsed": 8937.518464, "delta": 144.745775}}
{"target": 22.199974567112868, "params": {"log_nD": 21.36891297329789, "log_nNe": 19.305363552221266}, "datetime": {"datetime": "2022-05-19 01:37:36", "elapsed": 9083.610056, "delta": 146.091592}}
{"target": 19.498924971386458, "params": {"log_nD": 21.3361146787774, "log_nNe": 19.320461869396773}, "datetime": {"datetime": "2022-05-19 01:40:00", "elapsed": 9227.557323, "delta": 143.947267}}
{"target": 21.305337717408122, "params": {"log_nD": 21.395522252416892, "log_nNe": 19.301576202439186}, "datetime": {"datetime": "2022-05-19 01:42:27", "elapsed": 9374.420661, "delta": 146.863338}}
{"target": 21.35096675371625, "params": {"log_nD": 21.318279569581325, "log_nNe": 19.26865181874761}, "datetime": {"datetime": "2022-05-19 01:44:50", "elapsed": 9517.411555, "delta": 142.990894}}
{"target": 18.89155647254718, "params": {"log_nD": 21.319389733289537, "log_nNe": 19.347259159447134}, "datetime": {"datetime": "2022-05-19 01:47:14", "elapsed": 9661.726995, "delta": 144.31544}}
{"target": 21.224980708669477, "params": {"log_nD": 21.359294911334878, "log_nNe": 19.336605507604467}, "datetime": {"datetime": "2022-05-19 01:49:41", "elapsed": 9808.30194, "delta": 146.574945}}
{"target": 19.882101149561375, "params": {"log_nD": 21.3269859626977, "log_nNe": 19.2863096282752}, "datetime": {"datetime": "2022-05-19 01:52:05", "elapsed": 9952.331643, "delta": 144.029703}}
{"target": 20.515166083378695, "params": {"log_nD": 21.372473471192574, "log_nNe": 19.34166962090553}, "datetime": {"datetime": "2022-05-19 01:54:31", "elapsed": 10099.055844, "delta": 146.724201}}
{"target": 20.109399875464902, "params": {"log_nD": 21.341858570725435, "log_nNe": 19.26925679000848}, "datetime": {"datetime": "2022-05-19 01:56:56", "elapsed": 10243.395935, "delta": 144.340091}}
{"target": 22.205230471274938, "params": {"log_nD": 21.387475690470623, "log_nNe": 19.288970094205148}, "datetime": {"datetime": "2022-05-19 01:59:22", "elapsed": 10389.916663, "delta": 146.520728}}
{"target": 19.89507863355779, "params": {"log_nD": 21.376752971379233, "log_nNe": 19.277393170216058}, "datetime": {"datetime": "2022-05-19 02:01:47", "elapsed": 10534.484143, "delta": 144.56748}}
{"target": 20.689519371869235, "params": {"log_nD": 21.372733694930066, "log_nNe": 19.33695037709122}, "datetime": {"datetime": "2022-05-19 02:04:14", "elapsed": 10681.862842, "delta": 147.378699}}
{"target": 22.406118443363294, "params": {"log_nD": 21.375538940876467, "log_nNe": 19.294916793333158}, "datetime": {"datetime": "2022-05-19 02:06:40", "elapsed": 10828.05209, "delta": 146.189248}}
{"target": 20.02090174913749, "params": {"log_nD": 21.375498648974823, "log_nNe": 19.275775093818837}, "datetime": {"datetime": "2022-05-19 02:09:05", "elapsed": 10973.23394, "delta": 145.18185}}
{"target": 20.36330977395003, "params": {"log_nD": 21.339516900475854, "log_nNe": 19.300187220412862}, "datetime": {"datetime": "2022-05-19 02:11:30", "elapsed": 11117.787366, "delta": 144.553426}}
{"target": 19.431872160793645, "params": {"log_nD": 21.388616692776058, "log_nNe": 19.27701899563136}, "datetime": {"datetime": "2022-05-19 02:13:55", "elapsed": 11262.683333, "delta": 144.895967}}
{"target": 26.14149035351553, "params": {"log_nD": 21.388870539564113, "log_nNe": 19.333250390252548}, "datetime": {"datetime": "2022-05-19 02:16:23", "elapsed": 11410.608009, "delta": 147.924676}}
{"target": 21.49815944841594, "params": {"log_nD": 21.396844737662427, "log_nNe": 19.295665889046585}, "datetime": {"datetime": "2022-05-19 02:18:51", "elapsed": 11558.627844, "delta": 148.019835}}
{"target": 19.83519808195841, "params": {"log_nD": 21.33002804631143, "log_nNe": 19.284586255129238}, "datetime": {"datetime": "2022-05-19 02:21:15", "elapsed": 11702.736458, "delta": 144.108614}}
{"target": 26.37364621390882, "params": {"log_nD": 21.388934682536867, "log_nNe": 19.32706533628716}, "datetime": {"datetime": "2022-05-19 02:23:42", "elapsed": 11850.111779, "delta": 147.375321}}
{"target": 20.04529466052592, "params": {"log_nD": 21.31276756525257, "log_nNe": 19.328520910541048}, "datetime": {"datetime": "2022-05-19 02:26:08", "elapsed": 11995.818252, "delta": 145.706473}}
{"target": 26.011864951565432, "params": {"log_nD": 21.388932622266182, "log_nNe": 19.336653746902222}, "datetime": {"datetime": "2022-05-19 02:28:36", "elapsed": 12143.622416, "delta": 147.804164}}
{"target": 25.635544035554304, "params": {"log_nD": 21.384480269462152, "log_nNe": 19.350770685158224}, "datetime": {"datetime": "2022-05-19 02:31:03", "elapsed": 12290.698444, "delta": 147.076028}}
{"target": 26.011650645387057, "params": {"log_nD": 21.399289235562662, "log_nNe": 19.32733262596947}, "datetime": {"datetime": "2022-05-19 02:33:32", "elapsed": 12439.476953, "delta": 148.778509}}
{"target": 21.82851806792657, "params": {"log_nD": 21.397230649827605, "log_nNe": 19.28905493088258}, "datetime": {"datetime": "2022-05-19 02:35:58", "elapsed": 12585.685446, "delta": 146.208493}}
{"target": 26.2498723381224, "params": {"log_nD": 21.394585275833755, "log_nNe": 19.32531929954481}, "datetime": {"datetime": "2022-05-19 02:38:26", "elapsed": 12734.224197, "delta": 148.538751}}
{"target": 26.388554112683074, "params": {"log_nD": 21.386687604904484, "log_nNe": 19.32864102677014}, "datetime": {"datetime": "2022-05-19 02:40:54", "elapsed": 12881.315576, "delta": 147.091379}}
{"target": 25.9185339840921, "params": {"log_nD": 21.39094034991607, "log_nNe": 19.337374420911985}, "datetime": {"datetime": "2022-05-19 02:43:21", "elapsed": 13028.802169, "delta": 147.486593}}
{"target": 25.938634374601634, "params": {"log_nD": 21.383305785498553, "log_nNe": 19.3435301723053}, "datetime": {"datetime": "2022-05-19 02:45:49", "elapsed": 13177.064484, "delta": 148.262315}}
{"target": 26.36253095277705, "params": {"log_nD": 21.3844788608163, "log_nNe": 19.331240305446123}, "datetime": {"datetime": "2022-05-19 02:48:17", "elapsed": 13324.794211, "delta": 147.729727}}
{"target": 21.710198583678146, "params": {"log_nD": 21.371014216904722, "log_nNe": 19.314989418539927}, "datetime": {"datetime": "2022-05-19 02:50:44", "elapsed": 13471.967699, "delta": 147.173488}}
{"target": 25.212907201285745, "params": {"log_nD": 21.399317685158227, "log_nNe": 19.349274263886873}, "datetime": {"datetime": "2022-05-19 02:53:13", "elapsed": 13620.482665, "delta": 148.514966}}
{"target": 26.236207501880113, "params": {"log_nD": 21.399317685158227, "log_nNe": 19.321392940381994}, "datetime": {"datetime": "2022-05-19 02:55:41", "elapsed": 13768.873603, "delta": 148.390938}}
{"target": 25.84987216332836, "params": {"log_nD": 21.38044789299592, "log_nNe": 19.34839567464837}, "datetime": {"datetime": "2022-05-19 02:58:09", "elapsed": 13916.796305, "delta": 147.922702}}
{"target": 25.56695848005095, "params": {"log_nD": 21.399143838318572, "log_nNe": 19.339539000007914}, "datetime": {"datetime": "2022-05-19 03:00:38", "elapsed": 14065.356976, "delta": 148.560671}}
{"target": 25.87520406255677, "params": {"log_nD": 21.39293082098405, "log_nNe": 19.336750105035534}, "datetime": {"datetime": "2022-05-19 03:03:05", "elapsed": 14212.887581, "delta": 147.530605}}
{"target": 26.381276330623066, "params": {"log_nD": 21.39098323445124, "log_nNe": 19.325070072433885}, "datetime": {"datetime": "2022-05-19 03:05:33", "elapsed": 14360.973873, "delta": 148.086292}}
{"target": 26.29086214676991, "params": {"log_nD": 21.39091150390592, "log_nNe": 19.32750551815664}, "datetime": {"datetime": "2022-05-19 03:08:01", "elapsed": 14508.482883, "delta": 147.50901}}
