{"target": 36.27069527470802, "params": {"log_nD": 21.326992, "log_nNe": 19.423243}, "datetime": {"datetime": "2022-05-19 03:10:31", "elapsed": 0.0, "delta": 0.0}}
{"target": 44.315455462669874, "params": {"log_nD": 21.329236643434303, "log_nNe": 19.43920071661545}, "datetime": {"datetime": "2022-05-19 03:13:02", "elapsed": 150.917288, "delta": 150.917288}}
{"target": 37.7092627828902, "params": {"log_nD": 21.30658690855305, "log_nNe": 19.422004224994367}, "datetime": {"datetime": "2022-05-19 03:15:32", "elapsed": 300.914447, "delta": 149.997159}}
{"target": 41.777126593703926, "params": {"log_nD": 21.35905499341838, "log_nNe": 19.45559760963551}, "datetime": {"datetime": "2022-05-19 03:18:04", "elapsed": 452.788676, "delta": 151.874229}}
{"target": 35.62840783366329, "params": {"log_nD": 21.29217929131396, "log_nNe": 19.39554676268556}, "datetime": {"datetime": "2022-05-19 03:20:32", "elapsed": 601.485172, "delta": 148.696496}}
{"target": 34.196212566282185, "params": {"log_nD": 21.285719885250753, "log_nNe": 19.4159021647721}, "datetime": {"datetime": "2022-05-19 03:23:01", "elapsed": 750.107092, "delta": 148.62192}}
{"target": 34.22272034704315, "params": {"log_nD": 21.283838226467207, "log_nNe": 19.417298605219557}, "datetime": {"datetime": "2022-05-19 03:25:30", "elapsed": 899.198708, "delta": 149.091616}}
{"target": 37.173102206431494, "params": {"log_nD": 21.33780752725583, "log_nNe": 19.401755725057576}, "datetime": {"datetime": "2022-05-19 03:27:59", "elapsed": 1048.322783, "delta": 149.124075}}
{"target": 44.41663667994874, "params": {"log_nD": 21.340170242977663, "log_nNe": 19.428979307802923}, "datetime": {"datetime": "2022-05-19 03:30:29", "elapsed": 1198.234206, "delta": 149.911423}}
{"target": 38.96952405615767, "params": {"log_nD": 21.283324534702565, "log_nNe": 19.426189741408955}, "datetime": {"datetime": "2022-05-19 03:32:58", "elapsed": 1347.592071, "delta": 149.357865}}
{"target": 38.55796473298782, "params": {"log_nD": 21.303828405742866, "log_nNe": 19.41366165169988}, "datetime": {"datetime": "2022-05-19 03:35:28", "elapsed": 1497.167151, "delta": 149.57508}}
{"target": 36.42933894779393, "params": {"log_nD": 21.305943770136412, "log_nNe": 19.437892600817737}, "datetime": {"datetime": "2022-05-19 03:37:57", "elapsed": 1646.733643, "delta": 149.566492}}
{"target": 39.29289202709158, "params": {"log_nD": 21.319620128330374, "log_nNe": 19.391156560412043}, "datetime": {"datetime": "2022-05-19 03:40:26", "elapsed": 1795.052485, "delta": 148.318842}}
{"target": 43.923926925730754, "params": {"log_nD": 21.32870076706593, "log_nNe": 19.445490078282543}, "datetime": {"datetime": "2022-05-19 03:42:56", "elapsed": 1945.250645, "delta": 150.19816}}
{"target": 39.67910282564615, "params": {"log_nD": 21.307934145119773, "log_nNe": 19.39682917802621}, "datetime": {"datetime": "2022-05-19 03:45:25", "elapsed": 2094.478177, "delta": 149.227532}}
{"target": 43.722831096893614, "params": {"log_nD": 21.315046272709182, "log_nNe": 19.459091509064965}, "datetime": {"datetime": "2022-05-19 03:47:55", "elapsed": 2244.296564, "delta": 149.818387}}
{"target": 56.356330386827246, "params": {"log_nD": 21.366292682008684, "log_nNe": 19.436083864945648}, "datetime": {"datetime": "2022-05-19 03:50:26", "elapsed": 2395.741675, "delta": 151.445111}}
{"target": 55.7515542584528, "params": {"log_nD": 21.359916660643464, "log_nNe": 19.451192846486936}, "datetime": {"datetime": "2022-05-19 03:52:59", "elapsed": 2548.311289, "delta": 152.569614}}
{"target": 34.64687406170653, "params": {"log_nD": 21.314176756561835, "log_nNe": 19.385522237966768}, "datetime": {"datetime": "2022-05-19 03:55:27", "elapsed": 2696.389139, "delta": 148.07785}}
{"target": 44.71800367922083, "params": {"log_nD": 21.338179384410896, "log_nNe": 19.426101429904644}, "datetime": {"datetime": "2022-05-19 03:57:58", "elapsed": 2847.260678, "delta": 150.871539}}
{"target": 39.29658667344648, "params": {"log_nD": 21.31274494207399, "log_nNe": 19.397099049082446}, "datetime": {"datetime": "2022-05-19 04:00:28", "elapsed": 2997.519113, "delta": 150.258435}}
{"target": 37.35721188361142, "params": {"log_nD": 21.316662791584747, "log_nNe": 19.418353734515122}, "datetime": {"datetime": "2022-05-19 04:02:58", "elapsed": 3147.108712, "delta": 149.589599}}
{"target": 39.398199551408226, "params": {"log_nD": 21.304698437393686, "log_nNe": 19.402915300986578}, "datetime": {"datetime": "2022-05-19 04:05:28", "elapsed": 3296.794842, "delta": 149.68613}}
{"target": 43.851434720902716, "params": {"log_nD": 21.321121959564476, "log_nNe": 19.452481191164722}, "datetime": {"datetime": "2022-05-19 04:07:58", "elapsed": 3446.804463, "delta": 150.009621}}
{"target": 37.47542702236248, "params": {"log_nD": 21.33232655307941, "log_nNe": 19.402191526464467}, "datetime": {"datetime": "2022-05-19 04:10:27", "elapsed": 3596.00759, "delta": 149.203127}}
{"target": 38.16854010433505, "params": {"log_nD": 21.305460297987473, "log_nNe": 19.417105903206753}, "datetime": {"datetime": "2022-05-19 04:12:56", "elapsed": 3745.407225, "delta": 149.399635}}
{"target": 35.0270923079563, "params": {"log_nD": 21.29913605706613, "log_nNe": 19.395035699492773}, "datetime": {"datetime": "2022-05-19 04:15:25", "elapsed": 3894.291493, "delta": 148.884268}}
{"target": 39.32975162616566, "params": {"log_nD": 21.32603275522809, "log_nNe": 19.38508756425642}, "datetime": {"datetime": "2022-05-19 04:17:53", "elapsed": 4042.603519, "delta": 148.312026}}
{"target": 37.6394561740174, "params": {"log_nD": 21.323379073558886, "log_nNe": 19.40904922999013}, "datetime": {"datetime": "2022-05-19 04:20:22", "elapsed": 4191.169779, "delta": 148.56626}}
{"target": 43.38438276093915, "params": {"log_nD": 21.342909522884476, "log_nNe": 19.44256457400009}, "datetime": {"datetime": "2022-05-19 04:22:52", "elapsed": 4341.565512, "delta": 150.395733}}
{"target": 43.782533052124144, "params": {"log_nD": 21.341463379017142, "log_nNe": 19.43754770360009}, "datetime": {"datetime": "2022-05-19 04:25:22", "elapsed": 4491.721943, "delta": 150.156431}}
{"target": 36.135216687219796, "params": {"log_nD": 21.313793825907506, "log_nNe": 19.435713575075916}, "datetime": {"datetime": "2022-05-19 04:27:51", "elapsed": 4640.621149, "delta": 148.899206}}
{"target": 37.03408755575549, "params": {"log_nD": 21.310852380220997, "log_nNe": 19.427404595849104}, "datetime": {"datetime": "2022-05-19 04:30:20", "elapsed": 4789.528022, "delta": 148.906873}}
{"target": 37.96042291050472, "params": {"log_nD": 21.309628660515155, "log_nNe": 19.41627997870304}, "datetime": {"datetime": "2022-05-19 04:32:49", "elapsed": 4938.400955, "delta": 148.872933}}
{"target": 35.87798864729472, "params": {"log_nD": 21.286596766572952, "log_nNe": 19.398634715125347}, "datetime": {"datetime": "2022-05-19 04:35:17", "elapsed": 5086.360176, "delta": 147.959221}}
{"target": 45.09362425853426, "params": {"log_nD": 21.365909847296294, "log_nNe": 19.39758096336687}, "datetime": {"datetime": "2022-05-19 04:37:47", "elapsed": 5235.794218, "delta": 149.434042}}
{"target": 44.00154374707976, "params": {"log_nD": 21.341496896024054, "log_nNe": 19.43417468193373}, "datetime": {"datetime": "2022-05-19 04:40:18", "elapsed": 5386.898166, "delta": 151.103948}}
{"target": 44.868759373667636, "params": {"log_nD": 21.344325932651092, "log_nNe": 19.418889565338162}, "datetime": {"datetime": "2022-05-19 04:42:47", "elapsed": 5536.203952, "delta": 149.305786}}
{"target": 38.9695728002364, "params": {"log_nD": 21.33323386224098, "log_nNe": 19.383321906502864}, "datetime": {"datetime": "2022-05-19 04:45:15", "elapsed": 5684.758263, "delta": 148.554311}}
{"target": 36.19776285579696, "params": {"log_nD": 21.287558312501073, "log_nNe": 19.394826305094963}, "datetime": {"datetime": "2022-05-19 04:47:45", "elapsed": 5834.090927, "delta": 149.332664}}
{"target": 36.389931917045914, "params": {"log_nD": 21.29446922201347, "log_nNe": 19.386209620659823}, "datetime": {"datetime": "2022-05-19 04:50:12", "elapsed": 5981.6307, "delta": 147.539773}}
{"target": 38.34569028178031, "params": {"log_nD": 21.292502492459363, "log_nNe": 19.425703760987716}, "datetime": {"datetime": "2022-05-19 04:52:42", "elapsed": 6130.985761, "delta": 149.355061}}
{"target": 44.54033521234109, "params": {"log_nD": 21.297602604434058, "log_nNe": 19.460461300071678}, "datetime": {"datetime": "2022-05-19 04:55:11", "elapsed": 6280.34985, "delta": 149.364089}}
{"target": 44.68302269669289, "params": {"log_nD": 21.340637095734465, "log_nNe": 19.42463546904001}, "datetime": {"datetime": "2022-05-19 04:57:42", "elapsed": 6431.683106, "delta": 151.333256}}
{"target": 36.96139952492764, "params": {"log_nD": 21.342865423064733, "log_nNe": 19.400483279182712}, "datetime": {"datetime": "2022-05-19 05:00:12", "elapsed": 6580.823008, "delta": 149.139902}}
{"target": 55.68309965720317, "params": {"log_nD": 21.361998815665256, "log_nNe": 19.450621331888673}, "datetime": {"datetime": "2022-05-19 05:02:43", "elapsed": 6732.749652, "delta": 151.926644}}
{"target": 44.82695199398299, "params": {"log_nD": 21.344533381355394, "log_nNe": 19.419338505999406}, "datetime": {"datetime": "2022-05-19 05:05:15", "elapsed": 6884.042281, "delta": 151.292629}}
{"target": 56.55611050939745, "params": {"log_nD": 21.35462395006192, "log_nNe": 19.442390805292817}, "datetime": {"datetime": "2022-05-19 05:07:46", "elapsed": 7035.105582, "delta": 151.063301}}
{"target": 42.670377723056546, "params": {"log_nD": 21.338782028213792, "log_nNe": 19.45713861456162}, "datetime": {"datetime": "2022-05-19 05:10:17", "elapsed": 7185.939084, "delta": 150.833502}}
{"target": 36.70657175609911, "params": {"log_nD": 21.336458574670427, "log_nNe": 19.409377295711906}, "datetime": {"datetime": "2022-05-19 05:12:46", "elapsed": 7335.692971, "delta": 149.753887}}
{"target": 38.35061201692264, "params": {"log_nD": 21.32941501113463, "log_nNe": 19.394600111206522}, "datetime": {"datetime": "2022-05-19 05:15:16", "elapsed": 7484.774223, "delta": 149.081252}}
{"target": 36.80610528716146, "params": {"log_nD": 21.29797364382076, "log_nNe": 19.440727744678938}, "datetime": {"datetime": "2022-05-19 05:17:45", "elapsed": 7634.200962, "delta": 149.426739}}
{"target": 55.58504348751859, "params": {"log_nD": 21.349641881071562, "log_nNe": 19.46220405265042}, "datetime": {"datetime": "2022-05-19 05:20:16", "elapsed": 7785.678076, "delta": 151.477114}}
{"target": 43.87543893543754, "params": {"log_nD": 21.355396817966255, "log_nNe": 19.424859850521948}, "datetime": {"datetime": "2022-05-19 05:22:47", "elapsed": 7935.950716, "delta": 150.27264}}
{"target": 39.0763920922186, "params": {"log_nD": 21.289059799496215, "log_nNe": 19.42009089861189}, "datetime": {"datetime": "2022-05-19 05:25:15", "elapsed": 8084.735588, "delta": 148.784872}}
{"target": 55.95131926901834, "params": {"log_nD": 21.36210432518532, "log_nNe": 19.446126573925458}, "datetime": {"datetime": "2022-05-19 05:27:46", "elapsed": 8235.5312, "delta": 150.795612}}
{"target": 36.91122163415042, "params": {"log_nD": 21.323510556480162, "log_nNe": 19.417163185793573}, "datetime": {"datetime": "2022-05-19 05:30:16", "elapsed": 8385.400939, "delta": 149.869739}}
{"target": 35.131789384205106, "params": {"log_nD": 21.30023200746042, "log_nNe": 19.392929686715945}, "datetime": {"datetime": "2022-05-19 05:32:45", "elapsed": 8534.007038, "delta": 148.606099}}
{"target": 36.319663880557236, "params": {"log_nD": 21.287650825148862, "log_nNe": 19.45525773254789}, "datetime": {"datetime": "2022-05-19 05:35:14", "elapsed": 8683.572514, "delta": 149.565476}}
{"target": 38.20883150786146, "params": {"log_nD": 21.337026014093208, "log_nNe": 19.389976946093146}, "datetime": {"datetime": "2022-05-19 05:37:43", "elapsed": 8832.493751, "delta": 148.921237}}
{"target": 34.72629230976058, "params": {"log_nD": 21.31732574326252, "log_nNe": 19.381765360829966}, "datetime": {"datetime": "2022-05-19 05:40:12", "elapsed": 8981.194518, "delta": 148.700767}}
{"target": 36.68399412715783, "params": {"log_nD": 21.299481433641056, "log_nNe": 19.441166850856398}, "datetime": {"datetime": "2022-05-19 05:42:41", "elapsed": 9130.75315, "delta": 149.558632}}
{"target": 45.19842988299699, "params": {"log_nD": 21.337979973297887, "log_nNe": 19.419228552221266}, "datetime": {"datetime": "2022-05-19 05:45:16", "elapsed": 9285.67939, "delta": 154.92624}}
{"target": 36.85731642274286, "params": {"log_nD": 21.305181678777398, "log_nNe": 19.434326869396774}, "datetime": {"datetime": "2022-05-19 05:47:48", "elapsed": 9437.719431, "delta": 152.040041}}
{"target": 43.99451820309235, "params": {"log_nD": 21.36458925241689, "log_nNe": 19.415441202439187}, "datetime": {"datetime": "2022-05-19 05:50:18", "elapsed": 9587.615002, "delta": 149.895571}}
{"target": 37.732055176298275, "params": {"log_nD": 21.287346569581324, "log_nNe": 19.38251681874761}, "datetime": {"datetime": "2022-05-19 05:52:47", "elapsed": 9735.790214, "delta": 148.175212}}
{"target": 35.72099784753868, "params": {"log_nD": 21.288456733289536, "log_nNe": 19.461124159447134}, "datetime": {"datetime": "2022-05-19 05:55:16", "elapsed": 9885.735825, "delta": 149.945611}}
{"target": 43.61345008603175, "params": {"log_nD": 21.328361911334877, "log_nNe": 19.450470507604468}, "datetime": {"datetime": "2022-05-19 05:57:47", "elapsed": 10036.486122, "delta": 150.750297}}
{"target": 34.806466378183, "params": {"log_nD": 21.2960529626977, "log_nNe": 19.4001746282752}, "datetime": {"datetime": "2022-05-19 06:00:15", "elapsed": 10184.304277, "delta": 147.818155}}
{"target": 56.38606171007203, "params": {"log_nD": 21.341540471192573, "log_nNe": 19.45553462090553}, "datetime": {"datetime": "2022-05-19 06:02:46", "elapsed": 10334.883721, "delta": 150.579444}}
{"target": 35.127911049444776, "params": {"log_nD": 21.310925570725434, "log_nNe": 19.38312179000848}, "datetime": {"datetime": "2022-05-19 06:05:13", "elapsed": 10482.438295, "delta": 147.554574}}
{"target": 45.27240882145256, "params": {"log_nD": 21.356542690470622, "log_nNe": 19.402835094205148}, "datetime": {"datetime": "2022-05-19 06:07:43", "elapsed": 10631.891372, "delta": 149.453077}}
{"target": 37.4452456056358, "params": {"log_nD": 21.345819971379232, "log_nNe": 19.39125817021606}, "datetime": {"datetime": "2022-05-19 06:10:35", "elapsed": 10804.521491, "delta": 172.630119}}
{"target": 42.918079394584424, "params": {"log_nD": 21.341800694930065, "log_nNe": 19.45081537709122}, "datetime": {"datetime": "2022-05-19 06:13:06", "elapsed": 10955.628189, "delta": 151.106698}}
{"target": 45.54551661333683, "params": {"log_nD": 21.344605940876466, "log_nNe": 19.40878179333316}, "datetime": {"datetime": "2022-05-19 06:15:36", "elapsed": 11105.668339, "delta": 150.04015}}
{"target": 37.63995807272221, "params": {"log_nD": 21.34456564897482, "log_nNe": 19.389640093818837}, "datetime": {"datetime": "2022-05-19 06:18:05", "elapsed": 11254.219156, "delta": 148.550817}}
{"target": 38.204433397212306, "params": {"log_nD": 21.308583900475853, "log_nNe": 19.414052220412863}, "datetime": {"datetime": "2022-05-19 06:20:34", "elapsed": 11403.176128, "delta": 148.956972}}
{"target": 36.75911209769777, "params": {"log_nD": 21.357683692776057, "log_nNe": 19.39088399563136}, "datetime": {"datetime": "2022-05-19 06:23:02", "elapsed": 11551.620536, "delta": 148.444408}}
{"target": 56.098690665820946, "params": {"log_nD": 21.357937539564112, "log_nNe": 19.44711539025255}, "datetime": {"datetime": "2022-05-19 06:25:33", "elapsed": 11702.53566, "delta": 150.915124}}
{"target": 44.304856129882644, "params": {"log_nD": 21.365911737662426, "log_nNe": 19.409530889046586}, "datetime": {"datetime": "2022-05-19 06:28:02", "elapsed": 11851.489798, "delta": 148.954138}}
{"target": 34.70818937514816, "params": {"log_nD": 21.29909504631143, "log_nNe": 19.39845125512924}, "datetime": {"datetime": "2022-05-19 06:30:30", "elapsed": 11999.650838, "delta": 148.16104}}
{"target": 56.09470291338452, "params": {"log_nD": 21.341390238735453, "log_nNe": 19.460361516461056}, "datetime": {"datetime": "2022-05-19 06:33:01", "elapsed": 12149.95683, "delta": 150.305992}}
{"target": 41.63362958937899, "params": {"log_nD": 21.36208103530161, "log_nNe": 19.45551508741422}, "datetime": {"datetime": "2022-05-19 06:35:32", "elapsed": 12301.152722, "delta": 151.195892}}
{"target": 44.1720473471361, "params": {"log_nD": 21.354618071699583, "log_nNe": 19.420932836628047}, "datetime": {"datetime": "2022-05-19 06:38:01", "elapsed": 12450.569818, "delta": 149.417096}}
{"target": 56.563126682153694, "params": {"log_nD": 21.354622789776222, "log_nNe": 19.442279117449317}, "datetime": {"datetime": "2022-05-19 06:40:33", "elapsed": 12601.845272, "delta": 151.275454}}
{"target": 56.41899209649553, "params": {"log_nD": 21.342032745431343, "log_nNe": 19.45461888338718}, "datetime": {"datetime": "2022-05-19 06:43:03", "elapsed": 12752.021937, "delta": 150.176665}}
{"target": 45.54883835322461, "params": {"log_nD": 21.344585398385412, "log_nNe": 19.408750889290438}, "datetime": {"datetime": "2022-05-19 06:45:32", "elapsed": 12901.145403, "delta": 149.123466}}
{"target": 56.0641889288534, "params": {"log_nD": 21.34518152553926, "log_nNe": 19.457878823074523}, "datetime": {"datetime": "2022-05-19 06:48:03", "elapsed": 13052.446306, "delta": 151.300903}}
{"target": 56.26244974223806, "params": {"log_nD": 21.342940711988202, "log_nNe": 19.456428112408723}, "datetime": {"datetime": "2022-05-19 06:50:34", "elapsed": 13202.910053, "delta": 150.463747}}
{"target": 55.89397602338826, "params": {"log_nD": 21.344249867967996, "log_nNe": 19.461388158373207}, "datetime": {"datetime": "2022-05-19 06:53:05", "elapsed": 13353.914362, "delta": 151.004309}}
{"target": 55.805647066235096, "params": {"log_nD": 21.360841838738864, "log_nNe": 19.44954886913848}, "datetime": {"datetime": "2022-05-19 06:55:36", "elapsed": 13505.419617, "delta": 151.505255}}
{"target": 56.16408853898342, "params": {"log_nD": 21.3454767909659, "log_nNe": 19.45602337859327}, "datetime": {"datetime": "2022-05-19 06:58:07", "elapsed": 13656.587979, "delta": 151.168362}}
{"target": 56.31938203817096, "params": {"log_nD": 21.3631367868421, "log_nNe": 19.439283285672413}, "datetime": {"datetime": "2022-05-19 07:00:39", "elapsed": 13808.088529, "delta": 151.50055}}
{"target": 56.452211082918666, "params": {"log_nD": 21.357674330097677, "log_nNe": 19.441597204633798}, "datetime": {"datetime": "2022-05-19 07:03:10", "elapsed": 13959.525793, "delta": 151.437264}}
{"target": 56.0507819593047, "params": {"log_nD": 21.366687181044664, "log_nNe": 19.440730974438132}, "datetime": {"datetime": "2022-05-19 07:05:42", "elapsed": 14111.10933, "delta": 151.583537}}
{"target": 55.90203109596025, "params": {"log_nD": 21.34862269245652, "log_nNe": 19.45779928055452}, "datetime": {"datetime": "2022-05-19 07:08:14", "elapsed": 14263.107942, "delta": 151.998612}}
{"target": 55.72806363303104, "params": {"log_nD": 21.36550895592243, "log_nNe": 19.447000020978642}, "datetime": {"datetime": "2022-05-19 07:10:46", "elapsed": 14414.967414, "delta": 151.859472}}
{"target": 56.108482708342095, "params": {"log_nD": 21.355177925766693, "log_nNe": 19.449187168630164}, "datetime": {"datetime": "2022-05-19 07:13:18", "elapsed": 14566.946326, "delta": 151.978912}}
{"target": 55.822375746557725, "params": {"log_nD": 21.34178607596364, "log_nNe": 19.464493326561623}, "datetime": {"datetime": "2022-05-19 07:15:48", "elapsed": 14717.531119, "delta": 150.584793}}
{"target": 56.02650687390506, "params": {"log_nD": 21.36415888047768, "log_nNe": 19.44321140597188}, "datetime": {"datetime": "2022-05-19 07:18:19", "elapsed": 14868.368846, "delta": 150.837727}}
