{"target": 55.55680611517439, "params": {"log_nD": 21.51791, "log_nNe": 19.1196}, "datetime": {"datetime": "2022-05-19 07:20:49", "elapsed": 0.0, "delta": 0.0}}
{"target": 59.38075595211393, "params": {"log_nD": 21.520154643434303, "log_nNe": 19.13555771661545}, "datetime": {"datetime": "2022-05-19 07:23:19", "elapsed": 150.155225, "delta": 150.155225}}
{"target": 57.6432640807434, "params": {"log_nD": 21.49750490855305, "log_nNe": 19.118361224994366}, "datetime": {"datetime": "2022-05-19 07:25:48", "elapsed": 298.956687, "delta": 148.801462}}
{"target": 64.00933539690263, "params": {"log_nD": 21.54997299341838, "log_nNe": 19.15195460963551}, "datetime": {"datetime": "2022-05-19 07:28:20", "elapsed": 451.213584, "delta": 152.256897}}
{"target": 58.450041404070554, "params": {"log_nD": 21.48309729131396, "log_nNe": 19.091903762685558}, "datetime": {"datetime": "2022-05-19 07:30:48", "elapsed": 598.849336, "delta": 147.635752}}
{"target": 57.41819748740589, "params": {"log_nD": 21.476637885250753, "log_nNe": 19.112259164772098}, "datetime": {"datetime": "2022-05-19 07:33:15", "elapsed": 746.522766, "delta": 147.67343}}
{"target": 57.50399768085674, "params": {"log_nD": 21.474756226467207, "log_nNe": 19.113655605219556}, "datetime": {"datetime": "2022-05-19 07:35:43", "elapsed": 894.322319, "delta": 147.799553}}
{"target": 56.2520384624637, "params": {"log_nD": 21.52872552725583, "log_nNe": 19.098112725057575}, "datetime": {"datetime": "2022-05-19 07:38:14", "elapsed": 1045.079537, "delta": 150.757218}}
{"target": 59.16770984833248, "params": {"log_nD": 21.531088242977663, "log_nNe": 19.12533630780292}, "datetime": {"datetime": "2022-05-19 07:40:44", "elapsed": 1195.637866, "delta": 150.558329}}
{"target": 56.793080236632015, "params": {"log_nD": 21.474242534702565, "log_nNe": 19.122546741408954}, "datetime": {"datetime": "2022-05-19 07:43:12", "elapsed": 1343.532879, "delta": 147.895013}}
{"target": 58.61231131031119, "params": {"log_nD": 21.494746405742866, "log_nNe": 19.11001865169988}, "datetime": {"datetime": "2022-05-19 07:45:40", "elapsed": 1491.446617, "delta": 147.913738}}
{"target": 56.38932852633349, "params": {"log_nD": 21.496861770136412, "log_nNe": 19.134249600817736}, "datetime": {"datetime": "2022-05-19 07:48:09", "elapsed": 1640.573832, "delta": 149.127215}}
{"target": 58.87889734215901, "params": {"log_nD": 21.510538128330374, "log_nNe": 19.08751356041204}, "datetime": {"datetime": "2022-05-19 07:50:38", "elapsed": 1789.17475, "delta": 148.600918}}
{"target": 58.9206287968713, "params": {"log_nD": 21.51961876706593, "log_nNe": 19.14184707828254}, "datetime": {"datetime": "2022-05-19 07:53:09", "elapsed": 1939.707532, "delta": 150.532782}}
{"target": 56.68631295480343, "params": {"log_nD": 21.498852145119773, "log_nNe": 19.093186178026208}, "datetime": {"datetime": "2022-05-19 07:55:37", "elapsed": 2087.679206, "delta": 147.971674}}
{"target": 59.097048206688655, "params": {"log_nD": 21.505964272709182, "log_nNe": 19.155448509064964}, "datetime": {"datetime": "2022-05-19 07:58:07", "elapsed": 2237.749264, "delta": 150.070058}}
{"target": 64.86311263313253, "params": {"log_nD": 21.557210682008684, "log_nNe": 19.132440864945647}, "datetime": {"datetime": "2022-05-19 08:00:40", "elapsed": 2390.723207, "delta": 152.973943}}
{"target": 64.2832642402698, "params": {"log_nD": 21.550834660643464, "log_nNe": 19.147549846486935}, "datetime": {"datetime": "2022-05-19 08:03:12", "elapsed": 2543.659238, "delta": 152.936031}}
{"target": 56.98038509237158, "params": {"log_nD": 21.505094756561835, "log_nNe": 19.081879237966767}, "datetime": {"datetime": "2022-05-19 08:05:40", "elapsed": 2691.534767, "delta": 147.875529}}
{"target": 59.59186037496119, "params": {"log_nD": 21.529097384410896, "log_nNe": 19.122458429904643}, "datetime": {"datetime": "2022-05-19 08:08:11", "elapsed": 2841.985846, "delta": 150.451079}}
{"target": 59.080240543710104, "params": {"log_nD": 21.50366294207399, "log_nNe": 19.093456049082445}, "datetime": {"datetime": "2022-05-19 08:10:39", "elapsed": 2990.350025, "delta": 148.364179}}
{"target": 56.95232519154801, "params": {"log_nD": 21.507580791584747, "log_nNe": 19.11471073451512}, "datetime": {"datetime": "2022-05-19 08:13:09", "elapsed": 3140.088507, "delta": 149.738482}}
{"target": 56.513326653428656, "params": {"log_nD": 21.495616437393686, "log_nNe": 19.099272300986577}, "datetime": {"datetime": "2022-05-19 08:15:37", "elapsed": 3288.212476, "delta": 148.123969}}
{"target": 59.06570816866092, "params": {"log_nD": 21.512039959564476, "log_nNe": 19.14883819116472}, "datetime": {"datetime": "2022-05-19 08:18:07", "elapsed": 3438.551319, "delta": 150.338843}}
{"target": 56.744846995894655, "params": {"log_nD": 21.52324455307941, "log_nNe": 19.098548526464466}, "datetime": {"datetime": "2022-05-19 08:20:37", "elapsed": 3588.392851, "delta": 149.841532}}
{"target": 58.16181627330733, "params": {"log_nD": 21.496378297987473, "log_nNe": 19.113462903206752}, "datetime": {"datetime": "2022-05-19 08:23:06", "elapsed": 3737.638188, "delta": 149.245337}}
{"target": 57.74717660105564, "params": {"log_nD": 21.49005405706613, "log_nNe": 19.091392699492772}, "datetime": {"datetime": "2022-05-19 08:25:34", "elapsed": 3885.126118, "delta": 147.48793}}
{"target": 58.73595479302941, "params": {"log_nD": 21.51695075522809, "log_nNe": 19.08144456425642}, "datetime": {"datetime": "2022-05-19 08:28:03", "elapsed": 4033.977486, "delta": 148.851368}}
{"target": 57.05704066201292, "params": {"log_nD": 21.514297073558886, "log_nNe": 19.10540622999013}, "datetime": {"datetime": "2022-05-19 08:30:33", "elapsed": 4184.070085, "delta": 150.092599}}
{"target": 57.797358250958986, "params": {"log_nD": 21.533827522884476, "log_nNe": 19.13892157400009}, "datetime": {"datetime": "2022-05-19 08:33:04", "elapsed": 4335.490391, "delta": 151.420306}}
{"target": 58.34666679349387, "params": {"log_nD": 21.532381379017142, "log_nNe": 19.133904703600088}, "datetime": {"datetime": "2022-05-19 08:35:36", "elapsed": 4487.190183, "delta": 151.699792}}
{"target": 55.80666942232738, "params": {"log_nD": 21.504711825907506, "log_nNe": 19.132070575075915}, "datetime": {"datetime": "2022-05-19 08:38:05", "elapsed": 4636.280236, "delta": 149.090053}}
{"target": 56.77644273781375, "params": {"log_nD": 21.501770380220997, "log_nNe": 19.123761595849103}, "datetime": {"datetime": "2022-05-19 08:40:35", "elapsed": 4785.928495, "delta": 149.648259}}
{"target": 57.81416555677534, "params": {"log_nD": 21.500546660515155, "log_nNe": 19.11263697870304}, "datetime": {"datetime": "2022-05-19 08:43:03", "elapsed": 4934.429327, "delta": 148.500832}}
{"target": 58.80300125428959, "params": {"log_nD": 21.477514766572952, "log_nNe": 19.094991715125346}, "datetime": {"datetime": "2022-05-19 08:45:36", "elapsed": 5087.15461, "delta": 152.725283}}
{"target": 59.14378284763582, "params": {"log_nD": 21.556827847296294, "log_nNe": 19.09393796336687}, "datetime": {"datetime": "2022-05-19 08:48:18", "elapsed": 5248.737475, "delta": 161.582865}}
{"target": 58.61731703182713, "params": {"log_nD": 21.532414896024054, "log_nNe": 19.13053168193373}, "datetime": {"datetime": "2022-05-19 08:50:48", "elapsed": 5399.425079, "delta": 150.687604}}
{"target": 59.57881954815045, "params": {"log_nD": 21.535243932651092, "log_nNe": 19.11524656533816}, "datetime": {"datetime": "2022-05-19 08:53:20", "elapsed": 5550.759897, "delta": 151.334818}}
{"target": 58.17204697233766, "params": {"log_nD": 21.52415186224098, "log_nNe": 19.079678906502863}, "datetime": {"datetime": "2022-05-19 08:55:49", "elapsed": 5699.773704, "delta": 149.013807}}
{"target": 59.021377847351914, "params": {"log_nD": 21.478476312501073, "log_nNe": 19.09118330509496}, "datetime": {"datetime": "2022-05-19 08:58:16", "elapsed": 5847.189846, "delta": 147.416142}}
{"target": 58.98874608453801, "params": {"log_nD": 21.48538722201347, "log_nNe": 19.082566620659822}, "datetime": {"datetime": "2022-05-19 09:00:43", "elapsed": 5994.63392, "delta": 147.444074}}
{"target": 58.763119051043624, "params": {"log_nD": 21.483420492459363, "log_nNe": 19.122060760987715}, "datetime": {"datetime": "2022-05-19 09:03:12", "elapsed": 6143.429004, "delta": 148.795084}}
{"target": 55.32007915113176, "params": {"log_nD": 21.488520604434058, "log_nNe": 19.156818300071677}, "datetime": {"datetime": "2022-05-19 09:05:42", "elapsed": 6293.482957, "delta": 150.053953}}
{"target": 59.473884967798796, "params": {"log_nD": 21.531555095734465, "log_nNe": 19.120992469040008}, "datetime": {"datetime": "2022-05-19 09:08:14", "elapsed": 6444.850046, "delta": 151.367089}}
{"target": 55.86813489799999, "params": {"log_nD": 21.533783423064733, "log_nNe": 19.09684027918271}, "datetime": {"datetime": "2022-05-19 09:10:44", "elapsed": 6595.242219, "delta": 150.392173}}
{"target": 64.11523144852141, "params": {"log_nD": 21.552916815665256, "log_nNe": 19.146978331888672}, "datetime": {"datetime": "2022-05-19 09:13:18", "elapsed": 6748.823101, "delta": 153.580882}}
{"target": 59.522295542291864, "params": {"log_nD": 21.535451381355394, "log_nNe": 19.115695505999405}, "datetime": {"datetime": "2022-05-19 09:15:49", "elapsed": 6900.519431, "delta": 151.69633}}
{"target": 65.54266866372035, "params": {"log_nD": 21.54554195006192, "log_nNe": 19.138747805292816}, "datetime": {"datetime": "2022-05-19 09:18:22", "elapsed": 7053.033421, "delta": 152.51399}}
{"target": 57.01034089378669, "params": {"log_nD": 21.529700028213792, "log_nNe": 19.15349561456162}, "datetime": {"datetime": "2022-05-19 09:20:54", "elapsed": 7205.01577, "delta": 151.982349}}
{"target": 55.76961995111507, "params": {"log_nD": 21.527376574670427, "log_nNe": 19.105734295711905}, "datetime": {"datetime": "2022-05-19 09:23:24", "elapsed": 7355.579725, "delta": 150.563955}}
{"target": 57.63846190691051, "params": {"log_nD": 21.52033301113463, "log_nNe": 19.09095711120652}, "datetime": {"datetime": "2022-05-19 09:25:55", "elapsed": 7505.803195, "delta": 150.22347}}
{"target": 56.93964214249841, "params": {"log_nD": 21.48889164382076, "log_nNe": 19.137084744678937}, "datetime": {"datetime": "2022-05-19 09:28:24", "elapsed": 7654.965588, "delta": 149.162393}}
{"target": 64.4186064961251, "params": {"log_nD": 21.540559881071562, "log_nNe": 19.15856105265042}, "datetime": {"datetime": "2022-05-19 09:30:56", "elapsed": 7807.142078, "delta": 152.17649}}
{"target": 58.00171098026345, "params": {"log_nD": 21.546314817966255, "log_nNe": 19.121216850521947}, "datetime": {"datetime": "2022-05-19 09:33:28", "elapsed": 7959.302452, "delta": 152.160374}}
{"target": 56.69983257146339, "params": {"log_nD": 21.479977799496215, "log_nNe": 19.116447898611888}, "datetime": {"datetime": "2022-05-19 09:35:58", "elapsed": 8108.734067, "delta": 149.431615}}
{"target": 64.47417366528688, "params": {"log_nD": 21.55302232518532, "log_nNe": 19.142483573925457}, "datetime": {"datetime": "2022-05-19 09:38:30", "elapsed": 8261.379703, "delta": 152.645636}}
{"target": 56.38506276955215, "params": {"log_nD": 21.514428556480162, "log_nNe": 19.113520185793572}, "datetime": {"datetime": "2022-05-19 09:41:00", "elapsed": 8411.439256, "delta": 150.059553}}
{"target": 57.80744478106334, "params": {"log_nD": 21.49115000746042, "log_nNe": 19.089286686715944}, "datetime": {"datetime": "2022-05-19 09:43:28", "elapsed": 8559.325199, "delta": 147.885943}}
{"target": 56.747172593651825, "params": {"log_nD": 21.478568825148862, "log_nNe": 19.151614732547888}, "datetime": {"datetime": "2022-05-19 09:46:19", "elapsed": 8729.927869, "delta": 170.60267}}
{"target": 57.27072108445938, "params": {"log_nD": 21.527944014093208, "log_nNe": 19.086333946093145}, "datetime": {"datetime": "2022-05-19 09:49:14", "elapsed": 8904.894092, "delta": 174.966223}}
{"target": 56.968704980702555, "params": {"log_nD": 21.50824374326252, "log_nNe": 19.078122360829965}, "datetime": {"datetime": "2022-05-19 09:51:51", "elapsed": 9062.413418, "delta": 157.519326}}
{"target": 56.75299811233561, "params": {"log_nD": 21.490399433641056, "log_nNe": 19.137523850856397}, "datetime": {"datetime": "2022-05-19 09:54:37", "elapsed": 9228.308622, "delta": 165.895204}}
{"target": 60.16454492232877, "params": {"log_nD": 21.528897973297887, "log_nNe": 19.115585552221265}, "datetime": {"datetime": "2022-05-19 09:57:16", "elapsed": 9387.531722, "delta": 159.2231}}
{"target": 56.760117561986675, "params": {"log_nD": 21.496099678777398, "log_nNe": 19.130683869396773}, "datetime": {"datetime": "2022-05-19 09:59:51", "elapsed": 9542.424299, "delta": 154.892577}}
{"target": 57.835018740315576, "params": {"log_nD": 21.55550725241689, "log_nNe": 19.111798202439186}, "datetime": {"datetime": "2022-05-19 10:02:31", "elapsed": 9701.743557, "delta": 159.319258}}
{"target": 60.12188734759543, "params": {"log_nD": 21.478264569581324, "log_nNe": 19.07887381874761}, "datetime": {"datetime": "2022-05-19 10:05:24", "elapsed": 9875.095008, "delta": 173.351451}}
{"target": 56.16602083254526, "params": {"log_nD": 21.479374733289536, "log_nNe": 19.157481159447133}, "datetime": {"datetime": "2022-05-19 10:08:06", "elapsed": 10037.094799, "delta": 161.999791}}
{"target": 58.547597210637534, "params": {"log_nD": 21.519279911334877, "log_nNe": 19.146827507604467}, "datetime": {"datetime": "2022-05-19 10:10:46", "elapsed": 10197.588321, "delta": 160.493522}}
{"target": 57.642833054888676, "params": {"log_nD": 21.4869709626977, "log_nNe": 19.096531628275198}, "datetime": {"datetime": "2022-05-19 10:13:25", "elapsed": 10356.072566, "delta": 158.484245}}
{"target": 56.764707625138996, "params": {"log_nD": 21.532458471192573, "log_nNe": 19.15189162090553}, "datetime": {"datetime": "2022-05-19 10:16:21", "elapsed": 10532.526975, "delta": 176.454409}}
{"target": 57.507947740583454, "params": {"log_nD": 21.501843570725434, "log_nNe": 19.07947879000848}, "datetime": {"datetime": "2022-05-19 10:19:19", "elapsed": 10710.666741, "delta": 178.139766}}
{"target": 59.66634338207098, "params": {"log_nD": 21.547460690470622, "log_nNe": 19.099192094205147}, "datetime": {"datetime": "2022-05-19 10:22:08", "elapsed": 10878.997718, "delta": 168.330977}}
{"target": 56.31980534013424, "params": {"log_nD": 21.53673797137923, "log_nNe": 19.087615170216058}, "datetime": {"datetime": "2022-05-19 10:24:58", "elapsed": 11049.389878, "delta": 170.39216}}
{"target": 57.2328711818646, "params": {"log_nD": 21.532718694930065, "log_nNe": 19.14717237709122}, "datetime": {"datetime": "2022-05-19 10:27:52", "elapsed": 11222.920268, "delta": 173.53039}}
{"target": 60.36656079174807, "params": {"log_nD": 21.535523940876466, "log_nNe": 19.105138793333158}, "datetime": {"datetime": "2022-05-19 10:30:46", "elapsed": 11397.327608, "delta": 174.40734}}
{"target": 56.56996567584436, "params": {"log_nD": 21.53548364897482, "log_nNe": 19.085997093818836}, "datetime": {"datetime": "2022-05-19 10:33:46", "elapsed": 11577.068206, "delta": 179.740598}}
{"target": 58.10201229410523, "params": {"log_nD": 21.499501900475853, "log_nNe": 19.110409220412862}, "datetime": {"datetime": "2022-05-19 10:36:30", "elapsed": 11740.783038, "delta": 163.714832}}
{"target": 60.511271412049254, "params": {"log_nD": 21.548601692776057, "log_nNe": 19.08724099563136}, "datetime": {"datetime": "2022-05-19 10:39:12", "elapsed": 11903.01522, "delta": 162.232182}}
{"target": 64.82051515602065, "params": {"log_nD": 21.548855539564112, "log_nNe": 19.143472390252548}, "datetime": {"datetime": "2022-05-19 10:42:04", "elapsed": 12075.082125, "delta": 172.066905}}
{"target": 58.178401542087876, "params": {"log_nD": 21.556829737662426, "log_nNe": 19.105887889046585}, "datetime": {"datetime": "2022-05-19 10:44:48", "elapsed": 12239.114176, "delta": 164.032051}}
{"target": 57.46588722869703, "params": {"log_nD": 21.49001304631143, "log_nNe": 19.094808255129237}, "datetime": {"datetime": "2022-05-19 10:47:26", "elapsed": 12397.201936, "delta": 158.08776}}
{"target": 63.83978596575106, "params": {"log_nD": 21.544544829426087, "log_nNe": 19.160729020959128}, "datetime": {"datetime": "2022-05-19 10:50:14", "elapsed": 12564.784591, "delta": 167.582655}}
{"target": 63.837118605188095, "params": {"log_nD": 21.544574585232528, "log_nNe": 19.160724844479812}, "datetime": {"datetime": "2022-05-19 10:52:59", "elapsed": 12729.682229, "delta": 164.897638}}
{"target": 65.12800792533781, "params": {"log_nD": 21.544631459185606, "log_nNe": 19.144936746878205}, "datetime": {"datetime": "2022-05-19 10:55:45", "elapsed": 12896.115239, "delta": 166.43301}}
{"target": 64.18462820530803, "params": {"log_nD": 21.559302685158226, "log_nNe": 19.137974622077994}, "datetime": {"datetime": "2022-05-19 10:58:52", "elapsed": 13083.043246, "delta": 186.928007}}
{"target": 65.3748635812872, "params": {"log_nD": 21.547124945032454, "log_nNe": 19.138847880356533}, "datetime": {"datetime": "2022-05-19 11:01:52", "elapsed": 13263.56332, "delta": 180.520074}}
{"target": 65.42046084269425, "params": {"log_nD": 21.54529694383232, "log_nNe": 19.14054456869365}, "datetime": {"datetime": "2022-05-19 11:04:49", "elapsed": 13439.737041, "delta": 176.173721}}
{"target": 64.4966346643462, "params": {"log_nD": 21.543830049197446, "log_nNe": 19.153620223232114}, "datetime": {"datetime": "2022-05-19 11:07:47", "elapsed": 13618.59917, "delta": 178.862129}}
{"target": 65.02839245455775, "params": {"log_nD": 21.55374856002602, "log_nNe": 19.13481380504465}, "datetime": {"datetime": "2022-05-19 11:10:55", "elapsed": 13806.405699, "delta": 187.806529}}
{"target": 53.2650249473773, "params": {"log_nD": 21.559302685158226, "log_nNe": 19.160992685158224}, "datetime": {"datetime": "2022-05-19 11:13:48", "elapsed": 13979.137631, "delta": 172.731932}}
{"target": 65.69588413972178, "params": {"log_nD": 21.5457708590103, "log_nNe": 19.13659004209063}, "datetime": {"datetime": "2022-05-19 11:16:47", "elapsed": 14157.831574, "delta": 178.693943}}
{"target": 65.66150431547588, "params": {"log_nD": 21.547543120902375, "log_nNe": 19.13482159600064}, "datetime": {"datetime": "2022-05-19 11:19:36", "elapsed": 14327.036456, "delta": 169.204882}}
{"target": 65.71270409753794, "params": {"log_nD": 21.546440570500575, "log_nNe": 19.135558407602556}, "datetime": {"datetime": "2022-05-19 11:22:33", "elapsed": 14503.911025, "delta": 176.874569}}
{"target": 60.55489985201431, "params": {"log_nD": 21.558656383874425, "log_nNe": 19.074010282501778}, "datetime": {"datetime": "2022-05-19 11:25:26", "elapsed": 14677.288917, "delta": 173.377892}}
{"target": 56.824748524185736, "params": {"log_nD": 21.545614727561894, "log_nNe": 19.135210391892098}, "datetime": {"datetime": "2022-05-19 11:28:27", "elapsed": 14857.758709, "delta": 180.469792}}
{"target": 65.5961858430518, "params": {"log_nD": 21.546287410620177, "log_nNe": 19.137173381476003}, "datetime": {"datetime": "2022-05-19 11:31:16", "elapsed": 15026.673522, "delta": 168.914813}}
{"target": 65.52378639086676, "params": {"log_nD": 21.54772066562222, "log_nNe": 19.136288373588492}, "datetime": {"datetime": "2022-05-19 11:34:15", "elapsed": 15206.531875, "delta": 179.858353}}
{"target": 65.66433313390067, "params": {"log_nD": 21.546860451416883, "log_nNe": 19.13563147853555}, "datetime": {"datetime": "2022-05-19 11:37:15", "elapsed": 15386.143462, "delta": 179.611587}}
{"target": 56.84171940180305, "params": {"log_nD": 21.54447370252805, "log_nNe": 19.13640435070866}, "datetime": {"datetime": "2022-05-19 11:40:14", "elapsed": 15564.907506, "delta": 178.764044}}
{"target": 65.51090159534115, "params": {"log_nD": 21.54840523167158, "log_nNe": 19.135598040857086}, "datetime": {"datetime": "2022-05-19 11:42:59", "elapsed": 15730.4468, "delta": 165.539294}}
