{"target": 1.4604823339047306, "params": {"log_nD": 22.026858335253827, "log_nNe": 16.82796276928284}, "datetime": {"datetime": "2022-05-13 17:40:29", "elapsed": 0.0, "delta": 0.0}}
{"target": 3.193951755361827, "params": {"log_nD": 22.018289091732026, "log_nNe": 16.767369327727714}, "datetime": {"datetime": "2022-05-13 17:41:42", "elapsed": 72.571577, "delta": 72.571577}}
{"target": 1.556697394118114, "params": {"log_nD": 22.124152377145407, "log_nNe": 16.859077714573623}, "datetime": {"datetime": "2022-05-13 17:42:55", "elapsed": 145.787848, "delta": 73.216271}}
{"target": 3.727116014555394, "params": {"log_nD": 22.03335131185595, "log_nNe": 16.760080807911923}, "datetime": {"datetime": "2022-05-13 17:44:07", "elapsed": 218.069998, "delta": 72.28215}}
{"target": 0.16287601130121027, "params": {"log_nD": 22.08157071306931, "log_nNe": 16.853606971572844}, "datetime": {"datetime": "2022-05-13 17:45:20", "elapsed": 290.734091, "delta": 72.664093}}
{"target": 0.19616012678250747, "params": {"log_nD": 21.987514500591445, "log_nNe": 16.758199088267855}, "datetime": {"datetime": "2022-05-13 17:46:34", "elapsed": 365.183675, "delta": 74.449584}}
{"target": 0.046223108998439975, "params": {"log_nD": 22.013032756350878, "log_nNe": 16.78964055571118}, "datetime": {"datetime": "2022-05-13 17:47:47", "elapsed": 438.237301, "delta": 73.053626}}
{"target": 3.9735133931964173, "params": {"log_nD": 22.107635880383313, "log_nNe": 16.7556897138126}, "datetime": {"datetime": "2022-05-13 17:49:01", "elapsed": 511.590507, "delta": 73.353206}}
{"target": 0.21878386852435663, "params": {"log_nD": 22.033734586994534, "log_nNe": 16.830804164944766}, "datetime": {"datetime": "2022-05-13 17:50:14", "elapsed": 585.191857, "delta": 73.60135}}
{"target": 0.20847080087765915, "params": {"log_nD": 22.10643996319006, "log_nNe": 16.90024575897442}, "datetime": {"datetime": "2022-05-13 17:51:27", "elapsed": 658.433211, "delta": 73.241354}}
{"target": 3.6106798994086797, "params": {"log_nD": 22.025667710021654, "log_nNe": 16.760105449732734}, "datetime": {"datetime": "2022-05-13 17:52:41", "elapsed": 731.714916, "delta": 73.281705}}
{"target": 0.05945852835611172, "params": {"log_nD": 22.126089515956807, "log_nNe": 16.871588598747064}, "datetime": {"datetime": "2022-05-13 17:53:55", "elapsed": 805.466839, "delta": 73.751923}}
{"target": 4.5197310477846315, "params": {"log_nD": 22.09926953099471, "log_nNe": 16.75603851709057}, "datetime": {"datetime": "2022-05-13 17:55:08", "elapsed": 879.043048, "delta": 73.576209}}
{"target": 3.631262084670362, "params": {"log_nD": 22.095222472620886, "log_nNe": 16.76491146579853}, "datetime": {"datetime": "2022-05-13 17:56:20", "elapsed": 951.324854, "delta": 72.281806}}
{"target": 4.7584436073302285, "params": {"log_nD": 22.094646154307377, "log_nNe": 16.7481880270062}, "datetime": {"datetime": "2022-05-13 17:57:33", "elapsed": 1024.387608, "delta": 73.062754}}
{"target": 4.79451368550018, "params": {"log_nD": 22.076526005004578, "log_nNe": 16.748297214275205}, "datetime": {"datetime": "2022-05-13 17:58:46", "elapsed": 1097.114358, "delta": 72.72675}}
{"target": 4.595484713044858, "params": {"log_nD": 22.13709360072271, "log_nNe": 16.760896509349}, "datetime": {"datetime": "2022-05-13 17:59:59", "elapsed": 1169.633195, "delta": 72.518837}}
{"target": 3.7332251088741124, "params": {"log_nD": 22.033207146895062, "log_nNe": 16.760038096724557}, "datetime": {"datetime": "2022-05-13 18:01:12", "elapsed": 1242.655965, "delta": 73.02277}}
{"target": 4.861394823033074, "params": {"log_nD": 22.147367107793787, "log_nNe": 16.7481880270062}, "datetime": {"datetime": "2022-05-13 18:02:25", "elapsed": 1315.622901, "delta": 72.966936}}
{"target": 4.3098344584619355, "params": {"log_nD": 22.147367107793787, "log_nNe": 16.7607570512316}, "datetime": {"datetime": "2022-05-13 18:03:38", "elapsed": 1388.747236, "delta": 73.124335}}
{"target": 3.154438625751852, "params": {"log_nD": 22.019081047356835, "log_nNe": 16.770568905315336}, "datetime": {"datetime": "2022-05-13 18:04:51", "elapsed": 1462.002917, "delta": 73.255681}}
{"target": 4.876452665724373, "params": {"log_nD": 22.138795561569946, "log_nNe": 16.74846788845793}, "datetime": {"datetime": "2022-05-13 18:06:04", "elapsed": 1534.814597, "delta": 72.81168}}
{"target": 4.5631357096985035, "params": {"log_nD": 22.147253308177348, "log_nNe": 16.813155006451943}, "datetime": {"datetime": "2022-05-13 18:07:16", "elapsed": 1606.98893, "delta": 72.174333}}
{"target": 0.03457080135928128, "params": {"log_nD": 22.1392162199844, "log_nNe": 16.794707432304037}, "datetime": {"datetime": "2022-05-13 18:08:30", "elapsed": 1680.70872, "delta": 73.71979}}
{"target": 4.142391197910155, "params": {"log_nD": 22.147367107793787, "log_nNe": 16.825904046027993}, "datetime": {"datetime": "2022-05-13 18:09:43", "elapsed": 1754.025394, "delta": 73.316674}}
{"target": 4.71421955006635, "params": {"log_nD": 22.085185517875548, "log_nNe": 16.75235960080799}, "datetime": {"datetime": "2022-05-13 18:10:55", "elapsed": 1826.075206, "delta": 72.049812}}
{"target": 1.8364379827827857, "params": {"log_nD": 22.060306781574518, "log_nNe": 16.7481880270062}, "datetime": {"datetime": "2022-05-13 18:12:08", "elapsed": 1898.86814, "delta": 72.792934}}
{"target": 4.603511375556044, "params": {"log_nD": 22.141345451718184, "log_nNe": 16.75250081417748}, "datetime": {"datetime": "2022-05-13 18:13:21", "elapsed": 1971.711035, "delta": 72.842895}}
{"target": 4.482447985872353, "params": {"log_nD": 22.127577566796216, "log_nNe": 16.74859088093824}, "datetime": {"datetime": "2022-05-13 18:14:33", "elapsed": 2044.325966, "delta": 72.614931}}
{"target": 4.734460409439555, "params": {"log_nD": 22.081296936217225, "log_nNe": 16.74860623321905}, "datetime": {"datetime": "2022-05-13 18:15:47", "elapsed": 2117.688957, "delta": 73.362991}}
{"target": 0.07657328949608425, "params": {"log_nD": 21.971275848738106, "log_nNe": 16.924279286061882}, "datetime": {"datetime": "2022-05-13 18:17:01", "elapsed": 2191.818085, "delta": 74.129128}}
{"target": 0.07026559266056528, "params": {"log_nD": 21.971275848738106, "log_nNe": 16.847262020836}, "datetime": {"datetime": "2022-05-13 18:18:16", "elapsed": 2266.9744, "delta": 75.156315}}
{"target": 0.20048879394809627, "params": {"log_nD": 22.042146162004638, "log_nNe": 16.924279286061882}, "datetime": {"datetime": "2022-05-13 18:19:30", "elapsed": 2340.697416, "delta": 73.723016}}
{"target": 4.227336040918727, "params": {"log_nD": 22.07664810684489, "log_nNe": 16.758123631483944}, "datetime": {"datetime": "2022-05-13 18:20:41", "elapsed": 2411.877188, "delta": 71.179772}}
{"target": 4.844309235425387, "params": {"log_nD": 22.07664157122068, "log_nNe": 16.748237828044903}, "datetime": {"datetime": "2022-05-13 18:21:55", "elapsed": 2485.540285, "delta": 73.663097}}
{"target": 4.631714162860783, "params": {"log_nD": 22.085177749303945, "log_nNe": 16.759781716114034}, "datetime": {"datetime": "2022-05-13 18:23:08", "elapsed": 2559.019825, "delta": 73.47954}}
{"target": 4.526166345067604, "params": {"log_nD": 22.091186357937637, "log_nNe": 16.753862798816638}, "datetime": {"datetime": "2022-05-13 18:24:22", "elapsed": 2632.665075, "delta": 73.64525}}
{"target": 3.860839567038611, "params": {"log_nD": 22.12806448012625, "log_nNe": 16.76021526358445}, "datetime": {"datetime": "2022-05-13 18:25:37", "elapsed": 2707.517687, "delta": 74.852612}}
{"target": 4.679240167674999, "params": {"log_nD": 22.101806455619503, "log_nNe": 16.748885784750193}, "datetime": {"datetime": "2022-05-13 18:26:51", "elapsed": 2781.588983, "delta": 74.071296}}
{"target": 4.117924740437778, "params": {"log_nD": 22.07686460302513, "log_nNe": 16.771179866310685}, "datetime": {"datetime": "2022-05-13 18:28:03", "elapsed": 2854.302629, "delta": 72.713646}}
{"target": 4.241258768903798, "params": {"log_nD": 22.139100276605213, "log_nNe": 16.818979846092407}, "datetime": {"datetime": "2022-05-13 18:29:17", "elapsed": 2927.568107, "delta": 73.265478}}
{"target": 3.179520605895174, "params": {"log_nD": 22.06934308926914, "log_nNe": 16.789285860400568}, "datetime": {"datetime": "2022-05-13 18:30:28", "elapsed": 2999.386238, "delta": 71.818131}}
{"target": 0.10613885016482692, "params": {"log_nD": 22.12632060919125, "log_nNe": 16.830249988048156}, "datetime": {"datetime": "2022-05-13 18:31:42", "elapsed": 3072.942793, "delta": 73.556555}}
{"target": 3.9016512521077167, "params": {"log_nD": 22.14673312917729, "log_nNe": 16.818618551859412}, "datetime": {"datetime": "2022-05-13 18:32:55", "elapsed": 3145.621767, "delta": 72.678974}}
{"target": 4.0050827161312, "params": {"log_nD": 22.134007140664806, "log_nNe": 16.75271332887805}, "datetime": {"datetime": "2022-05-13 18:34:08", "elapsed": 3218.689968, "delta": 73.068201}}
{"target": 4.944019893619238, "params": {"log_nD": 22.143645555962006, "log_nNe": 16.748424950690293}, "datetime": {"datetime": "2022-05-13 18:35:20", "elapsed": 3291.349523, "delta": 72.659555}}
{"target": 4.531811660231966, "params": {"log_nD": 22.137012656898385, "log_nNe": 16.760885879763613}, "datetime": {"datetime": "2022-05-13 18:36:32", "elapsed": 3363.216064, "delta": 71.866541}}
{"target": 4.192447168960589, "params": {"log_nD": 22.14151138329643, "log_nNe": 16.76253338840785}, "datetime": {"datetime": "2022-05-13 18:37:45", "elapsed": 3436.403011, "delta": 73.186947}}
{"target": 4.6210785743789895, "params": {"log_nD": 22.140068301320337, "log_nNe": 16.75895510308689}, "datetime": {"datetime": "2022-05-13 18:38:59", "elapsed": 3509.661033, "delta": 73.258022}}
{"target": 4.270872567543521, "params": {"log_nD": 22.14731830240402, "log_nNe": 16.754041763049738}, "datetime": {"datetime": "2022-05-13 18:40:12", "elapsed": 3582.952808, "delta": 73.291775}}
{"target": 4.47375543916412, "params": {"log_nD": 22.13887737111181, "log_nNe": 16.761987212124982}, "datetime": {"datetime": "2022-05-13 18:41:26", "elapsed": 3656.636573, "delta": 73.683765}}
{"target": 4.700577832317824, "params": {"log_nD": 22.09794506888568, "log_nNe": 16.751447633002343}, "datetime": {"datetime": "2022-05-13 18:42:39", "elapsed": 3730.075257, "delta": 73.438684}}
{"target": 4.605868024405008, "params": {"log_nD": 22.08172179777047, "log_nNe": 16.75535615817788}, "datetime": {"datetime": "2022-05-13 18:43:52", "elapsed": 3802.962229, "delta": 72.886972}}
{"target": 4.923056421881956, "params": {"log_nD": 22.089162854631777, "log_nNe": 16.74831471994486}, "datetime": {"datetime": "2022-05-13 18:45:05", "elapsed": 3875.469927, "delta": 72.507698}}
{"target": 4.536486615568387, "params": {"log_nD": 22.08073460265384, "log_nNe": 16.764018140895814}, "datetime": {"datetime": "2022-05-13 18:46:17", "elapsed": 3947.642431, "delta": 72.172504}}
{"target": 4.749850725371142, "params": {"log_nD": 22.123036601803857, "log_nNe": 16.754228341581527}, "datetime": {"datetime": "2022-05-13 18:47:30", "elapsed": 4020.889552, "delta": 73.247121}}
{"target": 4.6915492910591094, "params": {"log_nD": 22.12079903203728, "log_nNe": 16.76028446622965}, "datetime": {"datetime": "2022-05-13 18:48:43", "elapsed": 4094.091305, "delta": 73.201753}}
{"target": 4.711581074127488, "params": {"log_nD": 22.117189331180374, "log_nNe": 16.754357277731188}, "datetime": {"datetime": "2022-05-13 18:49:56", "elapsed": 4166.60741, "delta": 72.516105}}
{"target": 4.58976714595249, "params": {"log_nD": 22.12017391829925, "log_nNe": 16.748966655940063}, "datetime": {"datetime": "2022-05-13 18:51:09", "elapsed": 4239.842205, "delta": 73.234795}}
{"target": 3.905086903038729, "params": {"log_nD": 22.11263087358478, "log_nNe": 16.748685408880256}, "datetime": {"datetime": "2022-05-13 18:52:23", "elapsed": 4313.550653, "delta": 73.708448}}
{"target": 4.3064133772325786, "params": {"log_nD": 22.14077905946152, "log_nNe": 16.81228893760201}, "datetime": {"datetime": "2022-05-13 18:53:36", "elapsed": 4386.537477, "delta": 72.986824}}
{"target": 4.052724180312948, "params": {"log_nD": 22.114590210656015, "log_nNe": 16.760108829193683}, "datetime": {"datetime": "2022-05-13 18:54:49", "elapsed": 4459.606686, "delta": 73.069209}}
{"target": 4.120480885435157, "params": {"log_nD": 22.085684539017468, "log_nNe": 16.768582119844172}, "datetime": {"datetime": "2022-05-13 18:56:01", "elapsed": 4532.232231, "delta": 72.625545}}
{"target": 4.366919396077253, "params": {"log_nD": 22.121420734599038, "log_nNe": 16.767490546350743}, "datetime": {"datetime": "2022-05-13 18:57:15", "elapsed": 4605.672938, "delta": 73.440707}}
{"target": 4.404494542136818, "params": {"log_nD": 22.138752325375364, "log_nNe": 16.760342092859588}, "datetime": {"datetime": "2022-05-13 18:58:28", "elapsed": 4679.356666, "delta": 73.683728}}
{"target": 4.169660389512131, "params": {"log_nD": 22.143021669515047, "log_nNe": 16.758230143289076}, "datetime": {"datetime": "2022-05-13 18:59:41", "elapsed": 4752.071392, "delta": 72.714726}}
{"target": 4.584536410008499, "params": {"log_nD": 22.092607720830383, "log_nNe": 16.75056394141685}, "datetime": {"datetime": "2022-05-13 19:00:54", "elapsed": 4825.245937, "delta": 73.174545}}
{"target": 5.029796396646557, "params": {"log_nD": 22.120817158248986, "log_nNe": 16.75619847972732}, "datetime": {"datetime": "2022-05-13 19:02:07", "elapsed": 4898.018147, "delta": 72.77221}}
{"target": 4.720774538040746, "params": {"log_nD": 22.079065631054238, "log_nNe": 16.750929831668127}, "datetime": {"datetime": "2022-05-13 19:03:20", "elapsed": 4971.054357, "delta": 73.03621}}
{"target": 4.376058993897282, "params": {"log_nD": 22.102846933249072, "log_nNe": 16.752724061301425}, "datetime": {"datetime": "2022-05-13 19:04:33", "elapsed": 5044.179321, "delta": 73.124964}}
{"target": 4.058645415240162, "params": {"log_nD": 22.11994243884959, "log_nNe": 16.752748471347736}, "datetime": {"datetime": "2022-05-13 19:05:47", "elapsed": 5117.989498, "delta": 73.810177}}
{"target": 4.534930802691006, "params": {"log_nD": 22.12416268526333, "log_nNe": 16.757669189417612}, "datetime": {"datetime": "2022-05-13 19:07:00", "elapsed": 5191.035773, "delta": 73.046275}}
{"target": 3.8312608326485442, "params": {"log_nD": 22.14664192480471, "log_nNe": 16.81866557872762}, "datetime": {"datetime": "2022-05-13 19:08:13", "elapsed": 5263.905295, "delta": 72.869522}}
{"target": 3.9509973334847497, "params": {"log_nD": 22.118088431384543, "log_nNe": 16.75807312883815}, "datetime": {"datetime": "2022-05-13 19:09:26", "elapsed": 5336.717567, "delta": 72.812272}}
{"target": 4.885937233759579, "params": {"log_nD": 22.085946847536626, "log_nNe": 16.7481880270062}, "datetime": {"datetime": "2022-05-13 19:10:38", "elapsed": 5408.717509, "delta": 71.999942}}
{"target": 3.699587539559064, "params": {"log_nD": 22.146247342030502, "log_nNe": 16.76669377819399}, "datetime": {"datetime": "2022-05-13 19:11:52", "elapsed": 5483.311113, "delta": 74.593604}}
{"target": 4.282523791914021, "params": {"log_nD": 22.123248457910364, "log_nNe": 16.762941512236587}, "datetime": {"datetime": "2022-05-13 19:13:05", "elapsed": 5556.314599, "delta": 73.003486}}
{"target": 3.6676530062345924, "params": {"log_nD": 22.13380169514846, "log_nNe": 16.815784529992747}, "datetime": {"datetime": "2022-05-13 19:14:18", "elapsed": 5628.74072, "delta": 72.426121}}
{"target": 4.414144614214362, "params": {"log_nD": 22.087314556375304, "log_nNe": 16.75639928259779}, "datetime": {"datetime": "2022-05-13 19:15:30", "elapsed": 5701.368313, "delta": 72.627593}}
{"target": 4.665978419368286, "params": {"log_nD": 22.11544403019932, "log_nNe": 16.767050721963475}, "datetime": {"datetime": "2022-05-13 19:16:46", "elapsed": 5776.561634, "delta": 75.193321}}
{"target": 4.40869158277867, "params": {"log_nD": 22.116764296510453, "log_nNe": 16.771963776513257}, "datetime": {"datetime": "2022-05-13 19:17:59", "elapsed": 5850.250968, "delta": 73.689334}}
{"target": 4.077493960173854, "params": {"log_nD": 22.110526141864206, "log_nNe": 16.768803846512256}, "datetime": {"datetime": "2022-05-13 19:19:13", "elapsed": 5923.505033, "delta": 73.254065}}
{"target": 4.533944842272317, "params": {"log_nD": 22.12010483814238, "log_nNe": 16.748851872871594}, "datetime": {"datetime": "2022-05-13 19:20:26", "elapsed": 5996.515948, "delta": 73.010915}}
{"target": 3.814256165150839, "params": {"log_nD": 22.124151302743936, "log_nNe": 16.75011361356873}, "datetime": {"datetime": "2022-05-13 19:21:39", "elapsed": 6069.925159, "delta": 73.409211}}
{"target": 5.027841656267062, "params": {"log_nD": 22.12089609466953, "log_nNe": 16.756105199908955}, "datetime": {"datetime": "2022-05-13 19:22:51", "elapsed": 6141.84233, "delta": 71.917171}}
{"target": 4.742520649367179, "params": {"log_nD": 22.131810777852156, "log_nNe": 16.748864691807984}, "datetime": {"datetime": "2022-05-13 19:24:04", "elapsed": 6214.493376, "delta": 72.651046}}
{"target": 4.661757483427755, "params": {"log_nD": 22.088588983740642, "log_nNe": 16.75109828745753}, "datetime": {"datetime": "2022-05-13 19:25:16", "elapsed": 6286.652321, "delta": 72.158945}}
{"target": 4.592409924923789, "params": {"log_nD": 22.14130639482674, "log_nNe": 16.75252939477712}, "datetime": {"datetime": "2022-05-13 19:26:28", "elapsed": 6359.273947, "delta": 72.621626}}
{"target": 4.474326879897341, "params": {"log_nD": 22.145488095061445, "log_nNe": 16.75031487782661}, "datetime": {"datetime": "2022-05-13 19:27:41", "elapsed": 6431.636564, "delta": 72.362617}}
{"target": 3.332808057850891, "params": {"log_nD": 22.074281701094947, "log_nNe": 16.763934947172327}, "datetime": {"datetime": "2022-05-13 19:28:54", "elapsed": 6504.683905, "delta": 73.047341}}
{"target": 4.741189081504534, "params": {"log_nD": 22.1415442369272, "log_nNe": 16.748625189809744}, "datetime": {"datetime": "2022-05-13 19:30:08", "elapsed": 6578.799727, "delta": 74.115822}}
{"target": 4.796731422194404, "params": {"log_nD": 22.11358752138213, "log_nNe": 16.753649941912727}, "datetime": {"datetime": "2022-05-13 19:31:21", "elapsed": 6652.432463, "delta": 73.632736}}
{"target": 4.480416896444027, "params": {"log_nD": 22.134649768570767, "log_nNe": 16.74822348217332}, "datetime": {"datetime": "2022-05-13 19:32:35", "elapsed": 6726.017161, "delta": 73.584698}}
{"target": 3.9826323534302297, "params": {"log_nD": 22.123043276139782, "log_nNe": 16.776222932233004}, "datetime": {"datetime": "2022-05-13 19:33:49", "elapsed": 6799.689917, "delta": 73.672756}}
{"target": 3.7861995796180876, "params": {"log_nD": 22.147367107793787, "log_nNe": 16.832971055165117}, "datetime": {"datetime": "2022-05-13 19:35:03", "elapsed": 6874.072523, "delta": 74.382606}}
{"target": 4.471472511207585, "params": {"log_nD": 22.080481603406803, "log_nNe": 16.76000565059355}, "datetime": {"datetime": "2022-05-13 19:36:17", "elapsed": 6947.657389, "delta": 73.584866}}
{"target": 4.6165837086407, "params": {"log_nD": 22.093833882165953, "log_nNe": 16.757397868621457}, "datetime": {"datetime": "2022-05-13 19:37:30", "elapsed": 7020.544048, "delta": 72.886659}}
{"target": 3.2398111425934957, "params": {"log_nD": 22.082211220154193, "log_nNe": 16.777038596672707}, "datetime": {"datetime": "2022-05-13 19:38:43", "elapsed": 7093.752648, "delta": 73.2086}}
{"target": 4.260757671460917, "params": {"log_nD": 22.088486717831515, "log_nNe": 16.762376772374814}, "datetime": {"datetime": "2022-05-13 19:39:57", "elapsed": 7167.749147, "delta": 73.996499}}
{"target": 4.538377249551634, "params": {"log_nD": 22.113346232205892, "log_nNe": 16.778846241940528}, "datetime": {"datetime": "2022-05-13 19:41:11", "elapsed": 7241.577922, "delta": 73.828775}}
{"target": 4.617782813085789, "params": {"log_nD": 22.115750680286215, "log_nNe": 16.783588984246038}, "datetime": {"datetime": "2022-05-13 19:42:24", "elapsed": 7314.839001, "delta": 73.261079}}
{"target": 4.406381155340477, "params": {"log_nD": 22.11152521812959, "log_nNe": 16.784084414135215}, "datetime": {"datetime": "2022-05-13 19:43:37", "elapsed": 7387.913733, "delta": 73.074732}}
{"target": 3.9904391724092423, "params": {"log_nD": 22.116053199763265, "log_nNe": 16.789470602050358}, "datetime": {"datetime": "2022-05-13 19:44:50", "elapsed": 7461.36082, "delta": 73.447087}}
{"target": 3.733568007238421, "params": {"log_nD": 22.105840527836293, "log_nNe": 16.77784398700717}, "datetime": {"datetime": "2022-05-13 19:46:04", "elapsed": 7535.40169, "delta": 74.04087}}
{"target": 3.9602068964298827, "params": {"log_nD": 22.11768633138147, "log_nNe": 16.77905874974618}, "datetime": {"datetime": "2022-05-13 19:47:17", "elapsed": 7608.431812, "delta": 73.030122}}
{"target": 4.305322285041554, "params": {"log_nD": 22.14665610547117, "log_nNe": 16.80772110819429}, "datetime": {"datetime": "2022-05-13 19:48:30", "elapsed": 7681.373766, "delta": 72.941954}}
{"target": 4.738557550749574, "params": {"log_nD": 22.078727280115512, "log_nNe": 16.7483993906672}, "datetime": {"datetime": "2022-05-13 19:49:43", "elapsed": 7753.645453, "delta": 72.271687}}
{"target": 4.8617365002397115, "params": {"log_nD": 22.137912037268933, "log_nNe": 16.76891026731273}, "datetime": {"datetime": "2022-05-13 19:50:56", "elapsed": 7826.765805, "delta": 73.120352}}
{"target": 1.651318558851114, "params": {"log_nD": 22.136057755443524, "log_nNe": 16.7730126194656}, "datetime": {"datetime": "2022-05-13 19:52:10", "elapsed": 7900.800838, "delta": 74.035033}}
{"target": 4.510973083636972, "params": {"log_nD": 22.139374947151392, "log_nNe": 16.76688150561136}, "datetime": {"datetime": "2022-05-13 19:53:23", "elapsed": 7973.449688, "delta": 72.64885}}
