{"target": 0.10335773814124606, "params": {"log_nD": 22.049936968106852, "log_nNe": 16.838822252546755}, "datetime": {"datetime": "2022-05-13 15:25:51", "elapsed": 0.0, "delta": 0.0}}
{"target": 0.03168319518226267, "params": {"log_nD": 22.04569592239733, "log_nNe": 16.808833659658834}, "datetime": {"datetime": "2022-05-13 15:27:04", "elapsed": 72.584202, "delta": 72.584202}}
{"target": 0.03657229600990952, "params": {"log_nD": 22.098089232408466, "log_nNe": 16.854221500437408}, "datetime": {"datetime": "2022-05-13 15:28:17", "elapsed": 145.161124, "delta": 72.576922}}
{"target": 0.06436567776220792, "params": {"log_nD": 22.053150438524682, "log_nNe": 16.805226463105846}, "datetime": {"datetime": "2022-05-13 15:29:29", "elapsed": 218.053911, "delta": 72.892787}}
{"target": 2.3169336250543155, "params": {"log_nD": 22.077014935327878, "log_nNe": 16.851513948589645}, "datetime": {"datetime": "2022-05-13 15:30:42", "elapsed": 291.035867, "delta": 72.981956}}
{"target": 1.5247646660117204, "params": {"log_nD": 22.030465120823408, "log_nNe": 16.804295172146183}, "datetime": {"datetime": "2022-05-13 15:31:57", "elapsed": 365.499334, "delta": 74.463467}}
{"target": 0.08513657322475766, "params": {"log_nD": 22.043094484060404, "log_nNe": 16.819856020692786}, "datetime": {"datetime": "2022-05-13 15:33:10", "elapsed": 438.586892, "delta": 73.087558}}
{"target": 4.146750088390411, "params": {"log_nD": 22.089914973204483, "log_nNe": 16.803053245511705}, "datetime": {"datetime": "2022-05-13 15:34:22", "elapsed": 510.803814, "delta": 72.216922}}
{"target": 0.10778597480650917, "params": {"log_nD": 22.053340127075128, "log_nNe": 16.840228501400624}, "datetime": {"datetime": "2022-05-13 15:35:35", "elapsed": 584.116509, "delta": 73.312695}}
{"target": 0.769075173670868, "params": {"log_nD": 22.089323096048876, "log_nNe": 16.874596176175277}, "datetime": {"datetime": "2022-05-13 15:36:49", "elapsed": 657.430238, "delta": 73.313729}}
{"target": 4.083242411597643, "params": {"log_nD": 22.09578225208762, "log_nNe": 16.80100449916243}, "datetime": {"datetime": "2022-05-13 15:38:02", "elapsed": 730.896022, "delta": 73.465784}}
{"target": 4.050103166220762, "params": {"log_nD": 22.095625866360095, "log_nNe": 16.80088619355613}, "datetime": {"datetime": "2022-05-13 15:39:15", "elapsed": 803.521866, "delta": 72.625844}}
{"target": 3.731892913983444, "params": {"log_nD": 22.097001057737526, "log_nNe": 16.809714842051537}, "datetime": {"datetime": "2022-05-13 15:40:27", "elapsed": 875.670548, "delta": 72.148682}}
{"target": 4.224584853535403, "params": {"log_nD": 22.102151795635088, "log_nNe": 16.802989516121826}, "datetime": {"datetime": "2022-05-13 15:41:40", "elapsed": 948.400543, "delta": 72.729995}}
{"target": 3.880738295015775, "params": {"log_nD": 22.09752928187702, "log_nNe": 16.803546565166606}, "datetime": {"datetime": "2022-05-13 15:42:54", "elapsed": 1022.763407, "delta": 74.362864}}
{"target": 3.9053173884084793, "params": {"log_nD": 22.101811579903096, "log_nNe": 16.799340549453582}, "datetime": {"datetime": "2022-05-13 15:44:22", "elapsed": 1110.596715, "delta": 87.833308}}
{"target": 3.6656071584691263, "params": {"log_nD": 22.087671098016795, "log_nNe": 16.809075224013814}, "datetime": {"datetime": "2022-05-13 15:45:38", "elapsed": 1186.713576, "delta": 76.116861}}
{"target": 3.7622662650478995, "params": {"log_nD": 22.10814327608039, "log_nNe": 16.806744388514755}, "datetime": {"datetime": "2022-05-13 15:46:53", "elapsed": 1261.580293, "delta": 74.866717}}
{"target": 4.430357654053575, "params": {"log_nD": 22.082664978016275, "log_nNe": 16.80178961013769}, "datetime": {"datetime": "2022-05-13 15:48:06", "elapsed": 1334.643631, "delta": 73.063338}}
{"target": 3.9483793300231644, "params": {"log_nD": 22.102382521741568, "log_nNe": 16.818192075141496}, "datetime": {"datetime": "2022-05-13 15:49:21", "elapsed": 1409.167169, "delta": 74.523538}}
{"target": 3.766956644744382, "params": {"log_nD": 22.10812520330389, "log_nNe": 16.806813228367183}, "datetime": {"datetime": "2022-05-13 15:50:33", "elapsed": 1481.678319, "delta": 72.51115}}
{"target": 2.0119267388791404, "params": {"log_nD": 22.07602109211024, "log_nNe": 16.799340549453582}, "datetime": {"datetime": "2022-05-13 15:51:46", "elapsed": 1554.431518, "delta": 72.753199}}
{"target": 3.1653435863520203, "params": {"log_nD": 22.08517325127925, "log_nNe": 16.802860634067038}, "datetime": {"datetime": "2022-05-13 15:52:59", "elapsed": 1627.379833, "delta": 72.948315}}
{"target": 4.464267521094111, "params": {"log_nD": 22.082222958598162, "log_nNe": 16.799340549453582}, "datetime": {"datetime": "2022-05-13 15:54:12", "elapsed": 1700.247305, "delta": 72.867472}}
{"target": 3.7350447260869393, "params": {"log_nD": 22.092221605577027, "log_nNe": 16.80571685372536}, "datetime": {"datetime": "2022-05-13 15:55:24", "elapsed": 1772.760873, "delta": 72.513568}}
{"target": 3.6095864783685285, "params": {"log_nD": 22.102729698094773, "log_nNe": 16.812680749672417}, "datetime": {"datetime": "2022-05-13 15:56:37", "elapsed": 1845.672256, "delta": 72.911383}}
{"target": 3.56825500377738, "params": {"log_nD": 22.093293016235208, "log_nNe": 16.81719029150096}, "datetime": {"datetime": "2022-05-13 15:57:50", "elapsed": 1918.664398, "delta": 72.992142}}
{"target": 4.5169969961572205, "params": {"log_nD": 22.08107597502249, "log_nNe": 16.801445597480704}, "datetime": {"datetime": "2022-05-13 15:59:02", "elapsed": 1990.704557, "delta": 72.040159}}
{"target": 1.9859924466966334, "params": {"log_nD": 22.109575923801888, "log_nNe": 16.821064093366335}, "datetime": {"datetime": "2022-05-13 16:00:15", "elapsed": 2063.811574, "delta": 73.107017}}
{"target": 3.9057990437073697, "params": {"log_nD": 22.09814817480848, "log_nNe": 16.823843671832016}, "datetime": {"datetime": "2022-05-13 16:01:28", "elapsed": 2136.235587, "delta": 72.424013}}
{"target": 2.0976238005648042, "params": {"log_nD": 22.08054179971667, "log_nNe": 16.81492901154711}, "datetime": {"datetime": "2022-05-13 16:02:41", "elapsed": 2209.372872, "delta": 73.137285}}
{"target": 3.6730122666645997, "params": {"log_nD": 22.092101186004236, "log_nNe": 16.829897132451777}, "datetime": {"datetime": "2022-05-13 16:03:53", "elapsed": 2281.409379, "delta": 72.036507}}
{"target": 2.2002010763807465, "params": {"log_nD": 22.099558083158293, "log_nNe": 16.832263879606227}, "datetime": {"datetime": "2022-05-13 16:05:07", "elapsed": 2355.189799, "delta": 73.78042}}
{"target": 1.2442404432665992, "params": {"log_nD": 22.08426606105484, "log_nNe": 16.831112843575724}, "datetime": {"datetime": "2022-05-13 16:06:20", "elapsed": 2428.301773, "delta": 73.111974}}
{"target": 3.3140858557540933, "params": {"log_nD": 22.098374246031785, "log_nNe": 16.817852440322245}, "datetime": {"datetime": "2022-05-13 16:07:33", "elapsed": 2501.452952, "delta": 73.151179}}
{"target": 2.5916330506393486, "params": {"log_nD": 22.092972248230122, "log_nNe": 16.824100790922476}, "datetime": {"datetime": "2022-05-13 16:08:46", "elapsed": 2574.574644, "delta": 73.121692}}
{"target": 4.359114881255757, "params": {"log_nD": 22.081979519118903, "log_nNe": 16.80081711826337}, "datetime": {"datetime": "2022-05-13 16:09:59", "elapsed": 2647.316608, "delta": 72.741964}}
{"target": 4.401649826198019, "params": {"log_nD": 22.08039556597646, "log_nNe": 16.803944685858415}, "datetime": {"datetime": "2022-05-13 16:11:11", "elapsed": 2719.656768, "delta": 72.34016}}
{"target": 4.305114332883059, "params": {"log_nD": 22.081281691383378, "log_nNe": 16.802783699933904}, "datetime": {"datetime": "2022-05-13 16:12:24", "elapsed": 2793.010785, "delta": 73.354017}}
{"target": 4.243949732411948, "params": {"log_nD": 22.07795405865872, "log_nNe": 16.805039925784484}, "datetime": {"datetime": "2022-05-13 16:13:37", "elapsed": 2865.572987, "delta": 72.562202}}
{"target": 3.653302712772175, "params": {"log_nD": 22.103115737511807, "log_nNe": 16.806896684922567}, "datetime": {"datetime": "2022-05-13 16:14:51", "elapsed": 2939.186593, "delta": 73.613606}}
{"target": 3.321212600782385, "params": {"log_nD": 22.089909013352464, "log_nNe": 16.799892232040076}, "datetime": {"datetime": "2022-05-13 16:16:04", "elapsed": 3012.225246, "delta": 73.038653}}
{"target": 3.7793157663408885, "params": {"log_nD": 22.092035375398794, "log_nNe": 16.812232410798412}, "datetime": {"datetime": "2022-05-13 16:17:17", "elapsed": 3085.609164, "delta": 73.383918}}
{"target": 2.853303446720803, "params": {"log_nD": 22.10212132291882, "log_nNe": 16.822990136455886}, "datetime": {"datetime": "2022-05-13 16:18:31", "elapsed": 3159.370742, "delta": 73.761578}}
{"target": 4.361279837772285, "params": {"log_nD": 22.079086650276306, "log_nNe": 16.802754518509285}, "datetime": {"datetime": "2022-05-13 16:19:43", "elapsed": 3231.804713, "delta": 72.433971}}
{"target": 4.394560344817136, "params": {"log_nD": 22.10633523974839, "log_nNe": 16.800604960104632}, "datetime": {"datetime": "2022-05-13 16:20:56", "elapsed": 3304.930751, "delta": 73.126038}}
{"target": 3.989759826078613, "params": {"log_nD": 22.108576865457366, "log_nNe": 16.799369297727466}, "datetime": {"datetime": "2022-05-13 16:22:10", "elapsed": 3378.404424, "delta": 73.473673}}
{"target": 4.264340502414935, "params": {"log_nD": 22.080082700328052, "log_nNe": 16.807178082942965}, "datetime": {"datetime": "2022-05-13 16:23:22", "elapsed": 3450.394475, "delta": 71.990051}}
{"target": 3.7749490819549316, "params": {"log_nD": 22.104706104547102, "log_nNe": 16.80237569437698}, "datetime": {"datetime": "2022-05-13 16:24:35", "elapsed": 3523.466422, "delta": 73.071947}}
{"target": 0.09310004727620495, "params": {"log_nD": 22.022456394173922, "log_nNe": 16.886249574168588}, "datetime": {"datetime": "2022-05-13 16:25:48", "elapsed": 3596.538844, "delta": 73.072422}}
{"target": 0.10805425518007979, "params": {"log_nD": 22.057331623449983, "log_nNe": 16.886490725172482}, "datetime": {"datetime": "2022-05-13 16:27:00", "elapsed": 3668.730304, "delta": 72.19146}}
{"target": 0.07255607958228238, "params": {"log_nD": 22.022428371185487, "log_nNe": 16.85299091206996}, "datetime": {"datetime": "2022-05-13 16:28:14", "elapsed": 3742.405697, "delta": 73.675393}}
{"target": 3.8328930970213775, "params": {"log_nD": 22.105684978999772, "log_nNe": 16.799340549453582}, "datetime": {"datetime": "2022-05-13 16:29:27", "elapsed": 3815.351185, "delta": 72.945488}}
{"target": 4.094039646498944, "params": {"log_nD": 22.099686642288763, "log_nNe": 16.801240967090514}, "datetime": {"datetime": "2022-05-13 16:30:41", "elapsed": 3889.527936, "delta": 74.176751}}
{"target": 3.8022092787188875, "params": {"log_nD": 22.108462713546356, "log_nNe": 16.80146546535319}, "datetime": {"datetime": "2022-05-13 16:31:53", "elapsed": 3961.799175, "delta": 72.271239}}
{"target": 2.8794263278785497, "params": {"log_nD": 22.109578546904388, "log_nNe": 16.886490725172482}, "datetime": {"datetime": "2022-05-13 16:33:06", "elapsed": 4034.470799, "delta": 72.671624}}
{"target": 0.059949081736751286, "params": {"log_nD": 22.045106294005787, "log_nNe": 16.865009052663904}, "datetime": {"datetime": "2022-05-13 16:34:19", "elapsed": 4107.840473, "delta": 73.369674}}
{"target": 0.7092670804210854, "params": {"log_nD": 22.022428371185487, "log_nNe": 16.828736294428012}, "datetime": {"datetime": "2022-05-13 16:35:33", "elapsed": 4181.61048, "delta": 73.770007}}
{"target": 3.1554213294890534, "params": {"log_nD": 22.109210140411037, "log_nNe": 16.81291665038079}, "datetime": {"datetime": "2022-05-13 16:36:47", "elapsed": 4255.212138, "delta": 73.601658}}
{"target": 3.528960429669266, "params": {"log_nD": 22.109578546904388, "log_nNe": 16.873249480894188}, "datetime": {"datetime": "2022-05-13 16:38:00", "elapsed": 4328.790732, "delta": 73.578594}}
{"target": 3.714368452398936, "params": {"log_nD": 22.10866295125203, "log_nNe": 16.866527137482112}, "datetime": {"datetime": "2022-05-13 16:39:14", "elapsed": 4402.893911, "delta": 74.103179}}
{"target": 3.1905918663805903, "params": {"log_nD": 22.103974044083106, "log_nNe": 16.870119823124757}, "datetime": {"datetime": "2022-05-13 16:40:27", "elapsed": 4475.723292, "delta": 72.829381}}
{"target": 3.9206145809656303, "params": {"log_nD": 22.109385370346647, "log_nNe": 16.86004371857397}, "datetime": {"datetime": "2022-05-13 16:41:41", "elapsed": 4549.38354, "delta": 73.660248}}
{"target": 3.9782809575325278, "params": {"log_nD": 22.105571144014085, "log_nNe": 16.862763188021333}, "datetime": {"datetime": "2022-05-13 16:42:54", "elapsed": 4622.223, "delta": 72.83946}}
{"target": 0.04213598886949123, "params": {"log_nD": 22.068062808528747, "log_nNe": 16.867046635856674}, "datetime": {"datetime": "2022-05-13 16:44:07", "elapsed": 4695.523257, "delta": 73.300257}}
{"target": 3.140718722688569, "params": {"log_nD": 22.105077708640774, "log_nNe": 16.878716632934776}, "datetime": {"datetime": "2022-05-13 16:45:20", "elapsed": 4768.427257, "delta": 72.904}}
{"target": 2.7243959286265946, "params": {"log_nD": 22.065117623470087, "log_nNe": 16.823581038216307}, "datetime": {"datetime": "2022-05-13 16:46:32", "elapsed": 4840.523539, "delta": 72.096282}}
{"target": 0.10224062415300182, "params": {"log_nD": 22.109528341943733, "log_nNe": 16.853684074296094}, "datetime": {"datetime": "2022-05-13 16:47:46", "elapsed": 4914.195787, "delta": 73.672248}}
{"target": 3.9420262446235874, "params": {"log_nD": 22.109459488174156, "log_nNe": 16.862802507194363}, "datetime": {"datetime": "2022-05-13 16:49:00", "elapsed": 4988.253076, "delta": 74.057289}}
{"target": 0.09420332749878166, "params": {"log_nD": 22.077534068647555, "log_nNe": 16.886457537876762}, "datetime": {"datetime": "2022-05-13 16:50:13", "elapsed": 5061.557149, "delta": 73.304073}}
{"target": 0.13028547743379956, "params": {"log_nD": 22.039431162941316, "log_nNe": 16.885901547816033}, "datetime": {"datetime": "2022-05-13 16:51:26", "elapsed": 5134.849499, "delta": 73.29235}}
{"target": 2.7879096606185008, "params": {"log_nD": 22.0993977969731, "log_nNe": 16.88640573691001}, "datetime": {"datetime": "2022-05-13 16:52:39", "elapsed": 5207.999811, "delta": 73.150312}}
{"target": 4.041921865060488, "params": {"log_nD": 22.070907198537483, "log_nNe": 16.810602546211634}, "datetime": {"datetime": "2022-05-13 16:53:53", "elapsed": 5281.341219, "delta": 73.341408}}
{"target": 0.08782830300111773, "params": {"log_nD": 22.06704714323724, "log_nNe": 16.81341615893373}, "datetime": {"datetime": "2022-05-13 16:55:06", "elapsed": 5354.635115, "delta": 73.293896}}
{"target": 4.122654619374503, "params": {"log_nD": 22.07354782741796, "log_nNe": 16.809317107243945}, "datetime": {"datetime": "2022-05-13 16:56:19", "elapsed": 5427.241272, "delta": 72.606157}}
{"target": 1.066100916287316, "params": {"log_nD": 22.07075449492852, "log_nNe": 16.807268896561258}, "datetime": {"datetime": "2022-05-13 16:57:36", "elapsed": 5504.914504, "delta": 77.673232}}
{"target": 4.14639974097671, "params": {"log_nD": 22.073264535198444, "log_nNe": 16.811466084247357}, "datetime": {"datetime": "2022-05-13 16:58:49", "elapsed": 5578.045675, "delta": 73.131171}}
{"target": 4.2618970222461785, "params": {"log_nD": 22.07704915201465, "log_nNe": 16.808989875644645}, "datetime": {"datetime": "2022-05-13 17:00:02", "elapsed": 5650.862213, "delta": 72.816538}}
{"target": 1.0861513820316606, "params": {"log_nD": 22.06799989922645, "log_nNe": 16.832808749292877}, "datetime": {"datetime": "2022-05-13 17:01:16", "elapsed": 5724.280331, "delta": 73.418118}}
{"target": 3.4336412524148887, "params": {"log_nD": 22.092102339718174, "log_nNe": 16.83592225225656}, "datetime": {"datetime": "2022-05-13 17:02:29", "elapsed": 5797.890203, "delta": 73.609872}}
{"target": 4.503079205776564, "params": {"log_nD": 22.084182581519727, "log_nNe": 16.799340549453582}, "datetime": {"datetime": "2022-05-13 17:03:42", "elapsed": 5870.837473, "delta": 72.94727}}
{"target": 0.052818849413785195, "params": {"log_nD": 22.022643490654218, "log_nNe": 16.86993523945698}, "datetime": {"datetime": "2022-05-13 17:04:57", "elapsed": 5945.582627, "delta": 74.745154}}
{"target": 1.8499438794087768, "params": {"log_nD": 22.088590075532135, "log_nNe": 16.842846173060416}, "datetime": {"datetime": "2022-05-13 17:06:10", "elapsed": 6018.47776, "delta": 72.895133}}
{"target": 3.467251552299257, "params": {"log_nD": 22.08844277113464, "log_nNe": 16.814875422807017}, "datetime": {"datetime": "2022-05-13 17:07:22", "elapsed": 6090.84505, "delta": 72.36729}}
{"target": 0.03476531284082744, "params": {"log_nD": 22.034280615035925, "log_nNe": 16.840998571267743}, "datetime": {"datetime": "2022-05-13 17:08:36", "elapsed": 6164.896878, "delta": 74.051828}}
{"target": 0.04596204044497859, "params": {"log_nD": 22.063829348729918, "log_nNe": 16.851327619103497}, "datetime": {"datetime": "2022-05-13 17:09:50", "elapsed": 6239.051538, "delta": 74.15466}}
{"target": 0.5880165995423806, "params": {"log_nD": 22.022550414021286, "log_nNe": 16.813537784526908}, "datetime": {"datetime": "2022-05-13 17:11:04", "elapsed": 6312.22503, "delta": 73.173492}}
{"target": 0.027977109518775755, "params": {"log_nD": 22.100372687414865, "log_nNe": 16.86512795180346}, "datetime": {"datetime": "2022-05-13 17:12:18", "elapsed": 6386.183377, "delta": 73.958347}}
{"target": 3.4940717328826376, "params": {"log_nD": 22.107549307972306, "log_nNe": 16.861606239590753}, "datetime": {"datetime": "2022-05-13 17:13:30", "elapsed": 6458.747387, "delta": 72.56401}}
{"target": 0.061536978279515, "params": {"log_nD": 22.109578546904388, "log_nNe": 16.837633099286347}, "datetime": {"datetime": "2022-05-13 17:14:44", "elapsed": 6532.728932, "delta": 73.981545}}
{"target": 4.095839529986369, "params": {"log_nD": 22.092812590624675, "log_nNe": 16.802718982194204}, "datetime": {"datetime": "2022-05-13 17:15:58", "elapsed": 6606.170474, "delta": 73.441542}}
{"target": 0.02345012435249007, "params": {"log_nD": 22.08260921831272, "log_nNe": 16.860549798152046}, "datetime": {"datetime": "2022-05-13 17:17:11", "elapsed": 6679.18612, "delta": 73.015646}}
{"target": 0.10847822054442843, "params": {"log_nD": 22.05704056244216, "log_nNe": 16.825153546289272}, "datetime": {"datetime": "2022-05-13 17:18:24", "elapsed": 6753.065673, "delta": 73.879553}}
{"target": 2.9671819561002546, "params": {"log_nD": 22.10946077045011, "log_nNe": 16.88008908904754}, "datetime": {"datetime": "2022-05-13 17:19:39", "elapsed": 6827.355006, "delta": 74.289333}}
{"target": 3.8009650995162803, "params": {"log_nD": 22.09655554116078, "log_nNe": 16.827894260419455}, "datetime": {"datetime": "2022-05-13 17:20:52", "elapsed": 6900.754716, "delta": 73.39971}}
{"target": 2.2949185221627495, "params": {"log_nD": 22.022428371185487, "log_nNe": 16.799340549453582}, "datetime": {"datetime": "2022-05-13 17:22:07", "elapsed": 6975.263375, "delta": 74.508659}}
{"target": 2.6975552508468126, "params": {"log_nD": 22.091430581117528, "log_nNe": 16.886463371274495}, "datetime": {"datetime": "2022-05-13 17:23:20", "elapsed": 7048.773996, "delta": 73.510621}}
{"target": 4.378717551945005, "params": {"log_nD": 22.07938018558552, "log_nNe": 16.805122695726357}, "datetime": {"datetime": "2022-05-13 17:24:33", "elapsed": 7121.635746, "delta": 72.86175}}
{"target": 0.11326088978642955, "params": {"log_nD": 22.042681967078163, "log_nNe": 16.852144570277087}, "datetime": {"datetime": "2022-05-13 17:25:46", "elapsed": 7195.135509, "delta": 73.499763}}
{"target": 0.03912018154909013, "params": {"log_nD": 22.076586425201956, "log_nNe": 16.842525917240074}, "datetime": {"datetime": "2022-05-13 17:27:00", "elapsed": 7268.633888, "delta": 73.498379}}
{"target": 3.9999697154111002, "params": {"log_nD": 22.1045129585168, "log_nNe": 16.815786284546405}, "datetime": {"datetime": "2022-05-13 17:28:15", "elapsed": 7343.197962, "delta": 74.564074}}
{"target": 0.11940511438181617, "params": {"log_nD": 22.055477046784322, "log_nNe": 16.873217686889088}, "datetime": {"datetime": "2022-05-13 17:29:28", "elapsed": 7416.938392, "delta": 73.74043}}
{"target": 3.529460576627704, "params": {"log_nD": 22.094555175966846, "log_nNe": 16.832042146562458}, "datetime": {"datetime": "2022-05-13 17:30:41", "elapsed": 7489.878251, "delta": 72.939859}}
{"target": 3.0680828140822216, "params": {"log_nD": 22.09647563287628, "log_nNe": 16.81331733168252}, "datetime": {"datetime": "2022-05-13 17:31:55", "elapsed": 7563.535343, "delta": 73.657092}}
{"target": 0.7137437480085714, "params": {"log_nD": 22.073435191584053, "log_nNe": 16.823832824476344}, "datetime": {"datetime": "2022-05-13 17:33:08", "elapsed": 7636.587818, "delta": 73.052475}}
{"target": 3.4981629382557577, "params": {"log_nD": 22.09899735983217, "log_nNe": 16.878995956545015}, "datetime": {"datetime": "2022-05-13 17:34:21", "elapsed": 7709.217114, "delta": 72.629296}}
{"target": 2.7932191356462006, "params": {"log_nD": 22.101917887602344, "log_nNe": 16.874965639253215}, "datetime": {"datetime": "2022-05-13 17:35:34", "elapsed": 7782.58485, "delta": 73.367736}}
{"target": 4.42620343571055, "params": {"log_nD": 22.08022732799652, "log_nNe": 16.800822622079004}, "datetime": {"datetime": "2022-05-13 17:36:47", "elapsed": 7855.436532, "delta": 72.851682}}
{"target": 3.1225421857376596, "params": {"log_nD": 22.039982358874337, "log_nNe": 16.79938887178993}, "datetime": {"datetime": "2022-05-13 17:38:00", "elapsed": 7928.95647, "delta": 73.519938}}
{"target": 0.09996874000797865, "params": {"log_nD": 22.035164988228313, "log_nNe": 16.873172257439496}, "datetime": {"datetime": "2022-05-13 17:39:15", "elapsed": 8003.837364, "delta": 74.880894}}
