{"target": 0.6056450877882932, "params": {"log_nD": 21.91775724089792, "log_nNe": 16.760218609313487}, "datetime": {"datetime": "2022-05-13 22:08:50", "elapsed": 0.0, "delta": 0.0}}
{"target": 2.631514968027769, "params": {"log_nD": 21.894538778817257, "log_nNe": 16.596039995238023}, "datetime": {"datetime": "2022-05-13 22:10:05", "elapsed": 74.833645, "delta": 74.833645}}
{"target": 4.985286604804827, "params": {"log_nD": 22.181376545984374, "log_nNe": 16.84452490490864}, "datetime": {"datetime": "2022-05-13 22:11:19", "elapsed": 148.783659, "delta": 73.950014}}
{"target": 3.120558416043088, "params": {"log_nD": 21.935350034315846, "log_nNe": 16.576291668499902}, "datetime": {"datetime": "2022-05-13 22:12:33", "elapsed": 222.833548, "delta": 74.049889}}
{"target": 0.22102931194232017, "params": {"log_nD": 22.066001046365663, "log_nNe": 16.829701864975945}, "datetime": {"datetime": "2022-05-13 22:13:46", "elapsed": 295.602569, "delta": 72.769021}}
{"target": 105.05831817959475, "params": {"log_nD": 21.811154676635123, "log_nNe": 16.57119312787714}, "datetime": {"datetime": "2022-05-13 22:15:02", "elapsed": 371.317424, "delta": 75.714855}}
{"target": 2.3338217973822077, "params": {"log_nD": 21.880296678750902, "log_nNe": 16.65638413893149}, "datetime": {"datetime": "2022-05-13 22:16:17", "elapsed": 446.77565, "delta": 75.458226}}
{"target": 5.873100822331374, "params": {"log_nD": 22.13662491151391, "log_nNe": 16.564393949456402}, "datetime": {"datetime": "2022-05-13 22:17:31", "elapsed": 520.282512, "delta": 73.506862}}
{"target": 0.27664641171747545, "params": {"log_nD": 21.93638852263154, "log_nNe": 16.76791740294267}, "datetime": {"datetime": "2022-05-13 22:18:45", "elapsed": 594.986767, "delta": 74.704255}}
{"target": 0.06978616534936147, "params": {"log_nD": 22.13338456037527, "log_nNe": 16.95607018605546}, "datetime": {"datetime": "2022-05-13 22:19:59", "elapsed": 668.881541, "delta": 73.894774}}
{"target": 105.67851733933324, "params": {"log_nD": 21.793269829237175, "log_nNe": 16.564914318300954}, "datetime": {"datetime": "2022-05-13 22:21:14", "elapsed": 743.815781, "delta": 74.93424}}
{"target": 4.258818478764607, "params": {"log_nD": 22.18662524546678, "log_nNe": 16.878423286841368}, "datetime": {"datetime": "2022-05-13 22:22:27", "elapsed": 817.117323, "delta": 73.301542}}
{"target": 105.44768826630052, "params": {"log_nD": 21.808840667096927, "log_nNe": 16.544068044350276}, "datetime": {"datetime": "2022-05-13 22:23:42", "elapsed": 892.107919, "delta": 74.990596}}
{"target": 105.42377989009954, "params": {"log_nD": 21.80456817260731, "log_nNe": 16.55900466597631}, "datetime": {"datetime": "2022-05-13 22:24:58", "elapsed": 967.659867, "delta": 75.551948}}
{"target": 105.450298884507, "params": {"log_nD": 21.803396024595898, "log_nNe": 16.559604444577683}, "datetime": {"datetime": "2022-05-13 22:26:14", "elapsed": 1043.322522, "delta": 75.662655}}
{"target": 105.53540735377236, "params": {"log_nD": 21.768627730966994, "log_nNe": 16.62374755218574}, "datetime": {"datetime": "2022-05-13 22:27:30", "elapsed": 1119.765827, "delta": 76.443305}}
{"target": 0.33221627715758584, "params": {"log_nD": 22.216440937390985, "log_nNe": 16.578501820754024}, "datetime": {"datetime": "2022-05-13 22:28:43", "elapsed": 1192.662104, "delta": 72.896277}}
{"target": 105.65470549014555, "params": {"log_nD": 21.782531399908912, "log_nNe": 16.59549406991151}, "datetime": {"datetime": "2022-05-13 22:29:58", "elapsed": 1268.147602, "delta": 75.485498}}
{"target": 104.10055608500282, "params": {"log_nD": 21.767306983031673, "log_nNe": 16.708964562985084}, "datetime": {"datetime": "2022-05-13 22:31:15", "elapsed": 1344.865799, "delta": 76.718197}}
{"target": 105.0229735288939, "params": {"log_nD": 21.76715586608218, "log_nNe": 16.670330937345607}, "datetime": {"datetime": "2022-05-13 22:32:32", "elapsed": 1421.382805, "delta": 76.517006}}
{"target": 105.02448655665611, "params": {"log_nD": 21.76717940130817, "log_nNe": 16.67014009700681}, "datetime": {"datetime": "2022-05-13 22:33:48", "elapsed": 1497.443663, "delta": 76.060858}}
{"target": 3.76051833942601, "params": {"log_nD": 21.76715586608218, "log_nNe": 16.872285638158925}, "datetime": {"datetime": "2022-05-13 22:35:04", "elapsed": 1573.56244, "delta": 76.118777}}
{"target": 105.42711910080803, "params": {"log_nD": 21.797059029997005, "log_nNe": 16.579702338726207}, "datetime": {"datetime": "2022-05-13 22:36:19", "elapsed": 1648.63914, "delta": 75.0767}}
{"target": 106.04375175889723, "params": {"log_nD": 21.767424384120947, "log_nNe": 16.58155452533825}, "datetime": {"datetime": "2022-05-13 22:37:35", "elapsed": 1725.202182, "delta": 76.563042}}
{"target": 106.46063446672657, "params": {"log_nD": 21.76715586608218, "log_nNe": 16.544068044350276}, "datetime": {"datetime": "2022-05-13 22:38:52", "elapsed": 1801.612108, "delta": 76.409926}}
{"target": 0.14547785257491347, "params": {"log_nD": 21.92002442477866, "log_nNe": 17.02118929906994}, "datetime": {"datetime": "2022-05-13 22:40:06", "elapsed": 1875.375084, "delta": 73.762976}}
{"target": 118.8311679361623, "params": {"log_nD": 22.244277120801843, "log_nNe": 17.02118929906994}, "datetime": {"datetime": "2022-05-13 22:41:19", "elapsed": 1948.795314, "delta": 73.42023}}
{"target": 118.82068626853392, "params": {"log_nD": 22.243324731647466, "log_nNe": 16.99347204076199}, "datetime": {"datetime": "2022-05-13 22:42:32", "elapsed": 2021.55126, "delta": 72.755946}}
{"target": 118.82866433547372, "params": {"log_nD": 22.244277120801843, "log_nNe": 17.005524952462856}, "datetime": {"datetime": "2022-05-13 22:43:44", "elapsed": 2094.217674, "delta": 72.666414}}
{"target": 118.82463690207415, "params": {"log_nD": 22.244277120801843, "log_nNe": 16.981215008905465}, "datetime": {"datetime": "2022-05-13 22:44:56", "elapsed": 2165.962001, "delta": 71.744327}}
{"target": 118.73523357219031, "params": {"log_nD": 22.228720939837633, "log_nNe": 17.019314005166656}, "datetime": {"datetime": "2022-05-13 22:46:09", "elapsed": 2238.912855, "delta": 72.950854}}
{"target": 118.7733101627143, "params": {"log_nD": 22.236113927269447, "log_nNe": 17.01924182493335}, "datetime": {"datetime": "2022-05-13 22:47:22", "elapsed": 2311.807298, "delta": 72.894443}}
{"target": 118.78530473533422, "params": {"log_nD": 22.244277120801843, "log_nNe": 16.731916662999883}, "datetime": {"datetime": "2022-05-13 22:48:34", "elapsed": 2383.825811, "delta": 72.018513}}
{"target": 118.78912467809184, "params": {"log_nD": 22.244277120801843, "log_nNe": 16.75785346214637}, "datetime": {"datetime": "2022-05-13 22:49:47", "elapsed": 2456.396889, "delta": 72.571078}}
{"target": 118.78448673937635, "params": {"log_nD": 22.24389053560518, "log_nNe": 16.74687170787711}, "datetime": {"datetime": "2022-05-13 22:50:59", "elapsed": 2528.842011, "delta": 72.445122}}
{"target": 0.09140571317497884, "params": {"log_nD": 22.203975800872975, "log_nNe": 16.713216774291652}, "datetime": {"datetime": "2022-05-13 22:52:13", "elapsed": 2602.849386, "delta": 74.007375}}
{"target": 118.79591462979607, "params": {"log_nD": 22.24424554339217, "log_nNe": 16.803864571758236}, "datetime": {"datetime": "2022-05-13 22:53:26", "elapsed": 2675.990003, "delta": 73.140617}}
{"target": 118.7941050525433, "params": {"log_nD": 22.244277120801843, "log_nNe": 16.789733741484202}, "datetime": {"datetime": "2022-05-13 22:54:39", "elapsed": 2748.792379, "delta": 72.802376}}
{"target": 118.78637963349254, "params": {"log_nD": 22.244141139218183, "log_nNe": 16.746917107307542}, "datetime": {"datetime": "2022-05-13 22:55:51", "elapsed": 2820.380037, "delta": 71.587658}}
{"target": 1.5475006960007482, "params": {"log_nD": 21.76715586608218, "log_nNe": 17.02118929906994}, "datetime": {"datetime": "2022-05-13 22:57:07", "elapsed": 2897.10229, "delta": 76.722253}}
{"target": 118.81244111888844, "params": {"log_nD": 22.243997489169534, "log_nNe": 16.91816721617072}, "datetime": {"datetime": "2022-05-13 22:58:21", "elapsed": 2970.326919, "delta": 73.224629}}
{"target": 118.81688360973405, "params": {"log_nD": 22.244009172542192, "log_nNe": 16.943949921161373}, "datetime": {"datetime": "2022-05-13 22:59:33", "elapsed": 3042.489674, "delta": 72.162755}}
{"target": 118.79900350130248, "params": {"log_nD": 22.243562039752756, "log_nNe": 16.85264111685454}, "datetime": {"datetime": "2022-05-13 23:00:45", "elapsed": 3114.508712, "delta": 72.019038}}
{"target": 118.80857946491514, "params": {"log_nD": 22.244277120801843, "log_nNe": 16.88185799268713}, "datetime": {"datetime": "2022-05-13 23:01:58", "elapsed": 3187.262055, "delta": 72.753343}}
{"target": 118.79645307531496, "params": {"log_nD": 22.24365868022079, "log_nNe": 16.83409733536316}, "datetime": {"datetime": "2022-05-13 23:03:11", "elapsed": 3260.287882, "delta": 73.025827}}
{"target": 118.80338215578918, "params": {"log_nD": 22.244277120801843, "log_nNe": 16.8491081093556}, "datetime": {"datetime": "2022-05-13 23:04:23", "elapsed": 3332.541153, "delta": 72.253271}}
{"target": 1.2567958642619552, "params": {"log_nD": 21.83799567502363, "log_nNe": 16.91344131943462}, "datetime": {"datetime": "2022-05-13 23:05:38", "elapsed": 3407.578781, "delta": 75.037628}}
{"target": 118.80212833385536, "params": {"log_nD": 22.24382722222482, "log_nNe": 16.862314619948236}, "datetime": {"datetime": "2022-05-13 23:06:51", "elapsed": 3480.820371, "delta": 73.24159}}
{"target": 0.46526479648959496, "params": {"log_nD": 22.188568328045378, "log_nNe": 17.020521680188622}, "datetime": {"datetime": "2022-05-13 23:08:05", "elapsed": 3554.98769, "delta": 74.167319}}
{"target": 87.12313722753623, "params": {"log_nD": 21.768252976779316, "log_nNe": 16.762263686344223}, "datetime": {"datetime": "2022-05-13 23:09:21", "elapsed": 3631.194994, "delta": 76.207304}}
{"target": 118.71867613025483, "params": {"log_nD": 22.230756278080467, "log_nNe": 16.78298560682745}, "datetime": {"datetime": "2022-05-13 23:10:34", "elapsed": 3703.921822, "delta": 72.726828}}
{"target": 118.75059800192165, "params": {"log_nD": 22.238451849957016, "log_nNe": 16.775803932857663}, "datetime": {"datetime": "2022-05-13 23:11:47", "elapsed": 3776.420236, "delta": 72.498414}}
{"target": 2.048079690252081, "params": {"log_nD": 21.83811279347921, "log_nNe": 16.81669434450506}, "datetime": {"datetime": "2022-05-13 23:13:02", "elapsed": 3851.831432, "delta": 75.411196}}
{"target": 118.74339701391615, "params": {"log_nD": 22.235921650304142, "log_nNe": 16.799848678657273}, "datetime": {"datetime": "2022-05-13 23:14:15", "elapsed": 3924.98512, "delta": 73.153688}}
{"target": 5.829346170024857, "params": {"log_nD": 22.037469771196886, "log_nNe": 16.54549342065385}, "datetime": {"datetime": "2022-05-13 23:15:28", "elapsed": 3997.649671, "delta": 72.664551}}
{"target": 0.16022545050333697, "params": {"log_nD": 22.006373193889626, "log_nNe": 16.93662393609749}, "datetime": {"datetime": "2022-05-13 23:16:42", "elapsed": 4071.712525, "delta": 74.062854}}
{"target": 118.81186502857943, "params": {"log_nD": 22.24426247528582, "log_nNe": 16.902534420264097}, "datetime": {"datetime": "2022-05-13 23:17:54", "elapsed": 4144.224849, "delta": 72.512324}}
{"target": 87.14652926515811, "params": {"log_nD": 21.802412409190218, "log_nNe": 16.69737299404116}, "datetime": {"datetime": "2022-05-13 23:19:09", "elapsed": 4218.735547, "delta": 74.510698}}
{"target": 118.74024334919814, "params": {"log_nD": 22.23019961125723, "log_nNe": 17.00435505586793}, "datetime": {"datetime": "2022-05-13 23:20:22", "elapsed": 4291.93858, "delta": 73.203033}}
{"target": 118.81048564956588, "params": {"log_nD": 22.242606220830066, "log_nNe": 16.961497744684234}, "datetime": {"datetime": "2022-05-13 23:21:35", "elapsed": 4364.494626, "delta": 72.556046}}
{"target": 118.78661712319575, "params": {"log_nD": 22.242610207928212, "log_nNe": 16.821405510639778}, "datetime": {"datetime": "2022-05-13 23:22:47", "elapsed": 4436.732329, "delta": 72.237703}}
{"target": 118.74931968240891, "params": {"log_nD": 22.237858931854312, "log_nNe": 16.786417675388584}, "datetime": {"datetime": "2022-05-13 23:23:59", "elapsed": 4508.91666, "delta": 72.184331}}
{"target": 118.75238028425372, "params": {"log_nD": 22.233153122106586, "log_nNe": 17.01123406223826}, "datetime": {"datetime": "2022-05-13 23:25:12", "elapsed": 4582.074516, "delta": 73.157856}}
{"target": 118.74675124366786, "params": {"log_nD": 22.232471256114852, "log_nNe": 16.977234770707092}, "datetime": {"datetime": "2022-05-13 23:26:24", "elapsed": 4653.771574, "delta": 71.697058}}
{"target": 1.9701466911704193, "params": {"log_nD": 21.84712294925344, "log_nNe": 16.800609129088087}, "datetime": {"datetime": "2022-05-13 23:27:39", "elapsed": 4728.821228, "delta": 75.049654}}
{"target": 118.76920156828056, "params": {"log_nD": 22.236421077016377, "log_nNe": 16.98769839360749}, "datetime": {"datetime": "2022-05-13 23:28:51", "elapsed": 4800.913059, "delta": 72.091831}}
{"target": 118.73476994427011, "params": {"log_nD": 22.230338902837712, "log_nNe": 16.948166995615274}, "datetime": {"datetime": "2022-05-13 23:30:04", "elapsed": 4873.43463, "delta": 72.521571}}
{"target": 2.382096648080423, "params": {"log_nD": 21.861789395918354, "log_nNe": 16.714151098715323}, "datetime": {"datetime": "2022-05-13 23:31:18", "elapsed": 4947.606845, "delta": 74.172215}}
{"target": 118.75475462497326, "params": {"log_nD": 22.235233044973135, "log_nNe": 16.957964037911104}, "datetime": {"datetime": "2022-05-13 23:32:30", "elapsed": 5019.880167, "delta": 72.273322}}
{"target": 118.75947998227133, "params": {"log_nD": 22.236636634069868, "log_nNe": 16.933013925322765}, "datetime": {"datetime": "2022-05-13 23:33:43", "elapsed": 5093.213392, "delta": 73.333225}}
{"target": 104.12311056189019, "params": {"log_nD": 21.801260923297484, "log_nNe": 16.64021546442848}, "datetime": {"datetime": "2022-05-13 23:34:57", "elapsed": 5166.773926, "delta": 73.560534}}
{"target": 118.75562183900348, "params": {"log_nD": 22.235775837721736, "log_nNe": 16.947175446571947}, "datetime": {"datetime": "2022-05-13 23:36:09", "elapsed": 5238.81513, "delta": 72.041204}}
{"target": 118.80357820276572, "params": {"log_nD": 22.24230528100599, "log_nNe": 16.93276776755544}, "datetime": {"datetime": "2022-05-13 23:37:21", "elapsed": 5311.231861, "delta": 72.416731}}
{"target": 5.389555139409337, "params": {"log_nD": 22.033728899044263, "log_nNe": 16.68453668592643}, "datetime": {"datetime": "2022-05-13 23:38:34", "elapsed": 5383.815508, "delta": 72.583647}}
{"target": 118.77773809154205, "params": {"log_nD": 22.23785661142434, "log_nNe": 16.972393368268953}, "datetime": {"datetime": "2022-05-13 23:39:47", "elapsed": 5456.341176, "delta": 72.525668}}
{"target": 118.73503600168031, "params": {"log_nD": 22.23461104184058, "log_nNe": 16.763443415402964}, "datetime": {"datetime": "2022-05-13 23:41:00", "elapsed": 5529.729119, "delta": 73.387943}}
{"target": 118.74618378228512, "params": {"log_nD": 22.23741091999427, "log_nNe": 16.766736949359}, "datetime": {"datetime": "2022-05-13 23:42:12", "elapsed": 5602.225146, "delta": 72.496027}}
{"target": 105.53776920858714, "params": {"log_nD": 21.768455484616, "log_nNe": 16.623885088484585}, "datetime": {"datetime": "2022-05-13 23:43:29", "elapsed": 5679.025453, "delta": 76.800307}}
{"target": 118.75912068757341, "params": {"log_nD": 22.234406229438413, "log_nNe": 17.021169420764192}, "datetime": {"datetime": "2022-05-13 23:44:42", "elapsed": 5751.384534, "delta": 72.359081}}
{"target": 118.78446651854938, "params": {"log_nD": 22.24400072454163, "log_nNe": 16.740050021004055}, "datetime": {"datetime": "2022-05-13 23:45:54", "elapsed": 5824.131174, "delta": 72.74664}}
{"target": 118.72362541219161, "params": {"log_nD": 22.23186722165161, "log_nNe": 16.776305533922923}, "datetime": {"datetime": "2022-05-13 23:47:06", "elapsed": 5896.0534, "delta": 71.922226}}
{"target": 118.79980495149785, "params": {"log_nD": 22.244277120801843, "log_nNe": 16.826995645458005}, "datetime": {"datetime": "2022-05-13 23:48:19", "elapsed": 5968.299831, "delta": 72.246431}}
{"target": 118.77159134406475, "params": {"log_nD": 22.2408785450767, "log_nNe": 16.810457509080862}, "datetime": {"datetime": "2022-05-13 23:49:31", "elapsed": 6040.582887, "delta": 72.283056}}
{"target": 118.80448426118858, "params": {"log_nD": 22.244277120801843, "log_nNe": 16.857096058495966}, "datetime": {"datetime": "2022-05-13 23:50:44", "elapsed": 6113.407055, "delta": 72.824168}}
{"target": 1.506121366227213, "params": {"log_nD": 21.898226571788427, "log_nNe": 16.685033294912362}, "datetime": {"datetime": "2022-05-13 23:51:58", "elapsed": 6187.650563, "delta": 74.243508}}
{"target": 118.81004797539181, "params": {"log_nD": 22.244277120801843, "log_nNe": 16.892268556764453}, "datetime": {"datetime": "2022-05-13 23:53:09", "elapsed": 6258.843857, "delta": 71.193294}}
{"target": 118.74268023836024, "params": {"log_nD": 22.230484756243545, "log_nNe": 17.01618193197282}, "datetime": {"datetime": "2022-05-13 23:54:22", "elapsed": 6332.232906, "delta": 73.389049}}
{"target": 118.71550154554822, "params": {"log_nD": 22.226244810107364, "log_nNe": 16.96293146973801}, "datetime": {"datetime": "2022-05-13 23:55:34", "elapsed": 6404.174109, "delta": 71.941203}}
{"target": 118.75719024261474, "params": {"log_nD": 22.23476090426679, "log_nNe": 16.998518155257212}, "datetime": {"datetime": "2022-05-13 23:56:48", "elapsed": 6477.86214, "delta": 73.688031}}
{"target": 95.05647938074283, "params": {"log_nD": 21.850902549632526, "log_nNe": 16.544068044350276}, "datetime": {"datetime": "2022-05-13 23:58:03", "elapsed": 6553.211476, "delta": 75.349336}}
{"target": 118.74157926247389, "params": {"log_nD": 22.23145952367313, "log_nNe": 16.966245844758717}, "datetime": {"datetime": "2022-05-13 23:59:17", "elapsed": 6627.00725, "delta": 73.795774}}
{"target": 118.82977815539385, "params": {"log_nD": 22.24425078370503, "log_nNe": 17.013682401228188}, "datetime": {"datetime": "2022-05-14 00:00:30", "elapsed": 6699.91957, "delta": 72.91232}}
{"target": 118.76340607599373, "params": {"log_nD": 22.237574356429093, "log_nNe": 16.912586528193454}, "datetime": {"datetime": "2022-05-14 00:01:42", "elapsed": 6771.400915, "delta": 71.481345}}
{"target": 118.79282342773529, "params": {"log_nD": 22.241311446316452, "log_nNe": 16.91262299238344}, "datetime": {"datetime": "2022-05-14 00:02:53", "elapsed": 6843.170357, "delta": 71.769442}}
{"target": 118.79109107706091, "params": {"log_nD": 22.24073132314615, "log_nNe": 16.925932179930307}, "datetime": {"datetime": "2022-05-14 00:04:05", "elapsed": 6914.48563, "delta": 71.315273}}
{"target": 118.77523308747803, "params": {"log_nD": 22.239311495790155, "log_nNe": 16.89915342824613}, "datetime": {"datetime": "2022-05-14 00:05:17", "elapsed": 6986.933242, "delta": 72.447612}}
{"target": 118.7754102446607, "params": {"log_nD": 22.241641389322503, "log_nNe": 16.799223699416665}, "datetime": {"datetime": "2022-05-14 00:06:30", "elapsed": 7060.004448, "delta": 73.071206}}
{"target": 118.76359816679755, "params": {"log_nD": 22.241034507550836, "log_nNe": 16.756359759025624}, "datetime": {"datetime": "2022-05-14 00:07:43", "elapsed": 7133.096555, "delta": 73.092107}}
{"target": 118.75204861753, "params": {"log_nD": 22.237668035408593, "log_nNe": 16.827386028278884}, "datetime": {"datetime": "2022-05-14 00:08:56", "elapsed": 7206.23745, "delta": 73.140895}}
{"target": 118.82333275371062, "params": {"log_nD": 22.244262135249503, "log_nNe": 16.974200508444248}, "datetime": {"datetime": "2022-05-14 00:10:10", "elapsed": 7279.654411, "delta": 73.416961}}
{"target": 118.82004326992161, "params": {"log_nD": 22.244277120801843, "log_nNe": 16.953744912893168}, "datetime": {"datetime": "2022-05-14 00:11:23", "elapsed": 7352.537363, "delta": 72.882952}}
{"target": 118.78054692512902, "params": {"log_nD": 22.241601758277064, "log_nNe": 16.829581295106603}, "datetime": {"datetime": "2022-05-14 00:12:35", "elapsed": 7424.747546, "delta": 72.210183}}
{"target": 118.73514785744824, "params": {"log_nD": 22.2335705902189, "log_nNe": 16.813622209953646}, "datetime": {"datetime": "2022-05-14 00:13:47", "elapsed": 7496.63812, "delta": 71.890574}}
{"target": 118.7508371093995, "params": {"log_nD": 22.237529757265495, "log_nNe": 16.82185368149545}, "datetime": {"datetime": "2022-05-14 00:15:00", "elapsed": 7569.515612, "delta": 72.877492}}
{"target": 118.80006790391218, "params": {"log_nD": 22.24320632369167, "log_nNe": 16.875238305577223}, "datetime": {"datetime": "2022-05-14 00:16:13", "elapsed": 7642.265815, "delta": 72.750203}}
{"target": 118.72979328767435, "params": {"log_nD": 22.2291043023822, "log_nNe": 16.955723652021035}, "datetime": {"datetime": "2022-05-14 00:17:25", "elapsed": 7714.410967, "delta": 72.145152}}
{"target": 118.80648612896013, "params": {"log_nD": 22.244234690538033, "log_nNe": 16.87063354399368}, "datetime": {"datetime": "2022-05-14 00:18:38", "elapsed": 7788.015191, "delta": 73.604224}}
{"target": 118.80099413528687, "params": {"log_nD": 22.242757854938702, "log_nNe": 16.90008061608488}, "datetime": {"datetime": "2022-05-14 00:19:51", "elapsed": 7860.8981, "delta": 72.882909}}
{"target": 118.6964110279874, "params": {"log_nD": 22.22597890079117, "log_nNe": 16.797438680127215}, "datetime": {"datetime": "2022-05-14 00:21:02", "elapsed": 7932.198034, "delta": 71.299934}}
{"target": 118.79004628892127, "params": {"log_nD": 22.24148311813864, "log_nNe": 16.88857819815432}, "datetime": {"datetime": "2022-05-14 00:22:15", "elapsed": 8004.765568, "delta": 72.567534}}
