{"target": 0.02613075519762792, "params": {"log_nD": 22.066562813316875, "log_nNe": 16.844668340247235}, "datetime": {"datetime": "2022-05-13 13:12:05", "elapsed": 0.0, "delta": 0.0}}
{"target": 0.020563096445131823, "params": {"log_nD": 22.0661401121271, "log_nNe": 16.841679404319287}, "datetime": {"datetime": "2022-05-13 13:13:17", "elapsed": 72.692692, "delta": 72.692692}}
{"target": 0.04247965990404336, "params": {"log_nD": 22.071362105945276, "log_nNe": 16.846203169355615}, "datetime": {"datetime": "2022-05-13 13:14:30", "elapsed": 145.539931, "delta": 72.847239}}
{"target": 0.06287525450117627, "params": {"log_nD": 22.06688309700678, "log_nNe": 16.84131987830162}, "datetime": {"datetime": "2022-05-13 13:15:43", "elapsed": 218.05229, "delta": 72.512359}}
{"target": 0.021622925377253722, "params": {"log_nD": 22.06926164981731, "log_nNe": 16.845933310111974}, "datetime": {"datetime": "2022-05-13 13:16:56", "elapsed": 291.071897, "delta": 73.019607}}
{"target": 0.020549626602927366, "params": {"log_nD": 22.064622071910748, "log_nNe": 16.841227057374038}, "datetime": {"datetime": "2022-05-13 13:18:08", "elapsed": 363.346234, "delta": 72.274337}}
{"target": 0.022468305611234057, "params": {"log_nD": 22.065880829121106, "log_nNe": 16.84277799307363}, "datetime": {"datetime": "2022-05-13 13:19:22", "elapsed": 437.438189, "delta": 74.091955}}
{"target": 0.5320735410291731, "params": {"log_nD": 22.07054738492417, "log_nNe": 16.841103275669724}, "datetime": {"datetime": "2022-05-13 13:20:35", "elapsed": 510.148596, "delta": 72.710407}}
{"target": 0.02634780407599432, "params": {"log_nD": 22.066902003093027, "log_nNe": 16.844808499798525}, "datetime": {"datetime": "2022-05-13 13:21:48", "elapsed": 582.941442, "delta": 72.792846}}
{"target": 0.04963865693772911, "params": {"log_nD": 22.07048839306343, "log_nNe": 16.848233894857167}, "datetime": {"datetime": "2022-05-13 13:23:00", "elapsed": 655.076213, "delta": 72.134771}}
{"target": 0.18217280291106272, "params": {"log_nD": 22.071412393286685, "log_nNe": 16.840733234611807}, "datetime": {"datetime": "2022-05-13 13:24:13", "elapsed": 728.287214, "delta": 73.211001}}
{"target": 0.5465997957504231, "params": {"log_nD": 22.070302908896487, "log_nNe": 16.841207518617434}, "datetime": {"datetime": "2022-05-13 13:25:26", "elapsed": 801.81508, "delta": 73.527866}}
{"target": 0.47088436506300374, "params": {"log_nD": 22.07013070473424, "log_nNe": 16.840762245819178}, "datetime": {"datetime": "2022-05-13 13:26:41", "elapsed": 876.07334, "delta": 74.25826}}
{"target": 0.5296130365986779, "params": {"log_nD": 22.07051420110519, "log_nNe": 16.84173353090437}, "datetime": {"datetime": "2022-05-13 13:27:54", "elapsed": 949.587997, "delta": 73.514657}}
{"target": 0.5244266015122946, "params": {"log_nD": 22.07038928873689, "log_nNe": 16.84137631432168}, "datetime": {"datetime": "2022-05-13 13:29:08", "elapsed": 1023.148473, "delta": 73.560476}}
{"target": 0.5348038895460356, "params": {"log_nD": 22.070545801910228, "log_nNe": 16.841068418193803}, "datetime": {"datetime": "2022-05-13 13:30:20", "elapsed": 1095.729952, "delta": 72.581479}}
{"target": 0.4297808306835557, "params": {"log_nD": 22.070282287646563, "log_nNe": 16.842435044900515}, "datetime": {"datetime": "2022-05-13 13:31:33", "elapsed": 1168.510446, "delta": 72.780494}}
{"target": 0.15100998239105104, "params": {"log_nD": 22.071188459145453, "log_nNe": 16.842385537112822}, "datetime": {"datetime": "2022-05-13 13:32:46", "elapsed": 1241.501729, "delta": 72.991283}}
{"target": 0.5011381965780038, "params": {"log_nD": 22.06991913748597, "log_nNe": 16.84184179796372}, "datetime": {"datetime": "2022-05-13 13:33:59", "elapsed": 1314.813749, "delta": 73.31202}}
{"target": 0.03437911538544545, "params": {"log_nD": 22.063821056343713, "log_nNe": 16.8494194137969}, "datetime": {"datetime": "2022-05-13 13:35:12", "elapsed": 1387.760588, "delta": 72.946839}}
{"target": 0.43625855095975985, "params": {"log_nD": 22.070296023233325, "log_nNe": 16.841921168953167}, "datetime": {"datetime": "2022-05-13 13:36:25", "elapsed": 1460.580172, "delta": 72.819584}}
{"target": 0.3074129197684806, "params": {"log_nD": 22.069447697563515, "log_nNe": 16.84155053039085}, "datetime": {"datetime": "2022-05-13 13:37:39", "elapsed": 1534.05698, "delta": 73.476808}}
{"target": 0.38875077454127194, "params": {"log_nD": 22.06962357239675, "log_nNe": 16.842540284790196}, "datetime": {"datetime": "2022-05-13 13:38:52", "elapsed": 1607.023165, "delta": 72.966185}}
{"target": 0.3960377866574397, "params": {"log_nD": 22.07076713309874, "log_nNe": 16.841655929371207}, "datetime": {"datetime": "2022-05-13 13:40:04", "elapsed": 1679.646558, "delta": 72.623393}}
{"target": 0.5671767327827367, "params": {"log_nD": 22.070421998315698, "log_nNe": 16.841043281033016}, "datetime": {"datetime": "2022-05-13 13:41:17", "elapsed": 1752.842923, "delta": 73.196365}}
{"target": 0.0867438203891562, "params": {"log_nD": 22.07020479042192, "log_nNe": 16.843271903962833}, "datetime": {"datetime": "2022-05-13 13:42:31", "elapsed": 1826.428301, "delta": 73.585378}}
{"target": 0.031494590599553784, "params": {"log_nD": 22.06726859804113, "log_nNe": 16.8494194137969}, "datetime": {"datetime": "2022-05-13 13:43:44", "elapsed": 1899.277688, "delta": 72.849387}}
{"target": 0.03164304414971587, "params": {"log_nD": 22.063821056343713, "log_nNe": 16.846051300425216}, "datetime": {"datetime": "2022-05-13 13:44:57", "elapsed": 1972.605085, "delta": 73.327397}}
{"target": 0.04841834804265685, "params": {"log_nD": 22.072507235528803, "log_nNe": 16.8494194137969}, "datetime": {"datetime": "2022-05-13 13:46:10", "elapsed": 2045.158509, "delta": 72.553424}}
{"target": 0.03358123384166507, "params": {"log_nD": 22.066084840324592, "log_nNe": 16.847290026958962}, "datetime": {"datetime": "2022-05-13 13:47:23", "elapsed": 2118.767617, "delta": 73.609108}}
{"target": 2.8209769338088204, "params": {"log_nD": 22.072507235528803, "log_nNe": 16.844202959045145}, "datetime": {"datetime": "2022-05-13 13:48:36", "elapsed": 2191.378304, "delta": 72.610687}}
{"target": 0.03455204548732309, "params": {"log_nD": 22.072496416791967, "log_nNe": 16.844356923760465}, "datetime": {"datetime": "2022-05-13 13:49:49", "elapsed": 2263.944523, "delta": 72.566219}}
{"target": 2.8462293461757118, "params": {"log_nD": 22.072499540364966, "log_nNe": 16.844247672851324}, "datetime": {"datetime": "2022-05-13 13:51:01", "elapsed": 2336.677362, "delta": 72.732839}}
{"target": 2.219391049379322, "params": {"log_nD": 22.072449665530858, "log_nNe": 16.844171402388927}, "datetime": {"datetime": "2022-05-13 13:52:17", "elapsed": 2412.90951, "delta": 76.232148}}
{"target": 2.5205101484362316, "params": {"log_nD": 22.07242418824349, "log_nNe": 16.84426952015835}, "datetime": {"datetime": "2022-05-13 13:53:31", "elapsed": 2486.118762, "delta": 73.209252}}
{"target": 2.3088401392394857, "params": {"log_nD": 22.072365225158535, "log_nNe": 16.844231913162933}, "datetime": {"datetime": "2022-05-13 13:54:44", "elapsed": 2559.435427, "delta": 73.316665}}
{"target": 2.77490614284641, "params": {"log_nD": 22.072284722110115, "log_nNe": 16.844300981741423}, "datetime": {"datetime": "2022-05-13 13:55:56", "elapsed": 2631.38539, "delta": 71.949963}}
{"target": 2.337979828858343, "params": {"log_nD": 22.072337248651895, "log_nNe": 16.84429109648858}, "datetime": {"datetime": "2022-05-13 13:57:09", "elapsed": 2704.251189, "delta": 72.865799}}
{"target": 2.5961688713375386, "params": {"log_nD": 22.07225354906405, "log_nNe": 16.844279520814073}, "datetime": {"datetime": "2022-05-13 13:58:22", "elapsed": 2776.987476, "delta": 72.736287}}
{"target": 2.587862676484707, "params": {"log_nD": 22.072250941155428, "log_nNe": 16.84434240791364}, "datetime": {"datetime": "2022-05-13 13:59:34", "elapsed": 2849.159784, "delta": 72.172308}}
{"target": 0.10133193072764987, "params": {"log_nD": 22.072125842780196, "log_nNe": 16.844346380162886}, "datetime": {"datetime": "2022-05-13 14:00:47", "elapsed": 2922.164702, "delta": 73.004918}}
{"target": 2.508272895925002, "params": {"log_nD": 22.072430991238754, "log_nNe": 16.84422070016845}, "datetime": {"datetime": "2022-05-13 14:01:59", "elapsed": 2994.660108, "delta": 72.495406}}
{"target": 0.11807632543094868, "params": {"log_nD": 22.072292737078644, "log_nNe": 16.844104874529616}, "datetime": {"datetime": "2022-05-13 14:03:12", "elapsed": 3067.493219, "delta": 72.833111}}
{"target": 2.736233126889509, "params": {"log_nD": 22.07247596281321, "log_nNe": 16.844207411366835}, "datetime": {"datetime": "2022-05-13 14:04:24", "elapsed": 3139.193202, "delta": 71.699983}}
{"target": 2.8131154066610984, "params": {"log_nD": 22.072505898386186, "log_nNe": 16.844064704086573}, "datetime": {"datetime": "2022-05-13 14:05:36", "elapsed": 3211.796791, "delta": 72.603589}}
{"target": 0.11305531745242015, "params": {"log_nD": 22.072408452673624, "log_nNe": 16.84388308992684}, "datetime": {"datetime": "2022-05-13 14:06:48", "elapsed": 3283.837248, "delta": 72.040457}}
{"target": 2.6935458460978077, "params": {"log_nD": 22.072506369986925, "log_nNe": 16.84400227800206}, "datetime": {"datetime": "2022-05-13 14:08:01", "elapsed": 3356.458062, "delta": 72.620814}}
{"target": 2.839348388643611, "params": {"log_nD": 22.072501651364902, "log_nNe": 16.844138163426894}, "datetime": {"datetime": "2022-05-13 14:09:11", "elapsed": 3426.910582, "delta": 70.45252}}
{"target": 0.03711594470659731, "params": {"log_nD": 22.063851509248934, "log_nNe": 16.843811633977506}, "datetime": {"datetime": "2022-05-13 14:10:24", "elapsed": 3499.907123, "delta": 72.996541}}
{"target": 2.8245383715439503, "params": {"log_nD": 22.07250696314245, "log_nNe": 16.84414932726969}, "datetime": {"datetime": "2022-05-13 14:11:37", "elapsed": 3572.051637, "delta": 72.144514}}
{"target": 0.030079520949136535, "params": {"log_nD": 22.068291763269475, "log_nNe": 16.847700055377477}, "datetime": {"datetime": "2022-05-13 14:12:50", "elapsed": 3645.124645, "delta": 73.073008}}
{"target": 0.03687346174384152, "params": {"log_nD": 22.067853739370126, "log_nNe": 16.843101234943763}, "datetime": {"datetime": "2022-05-13 14:14:02", "elapsed": 3717.82547, "delta": 72.700825}}
{"target": 2.832270881488011, "params": {"log_nD": 22.0725012543673, "log_nNe": 16.844128001196353}, "datetime": {"datetime": "2022-05-13 14:15:15", "elapsed": 3790.147333, "delta": 72.321863}}
{"target": 0.03171172052211477, "params": {"log_nD": 22.072460732347032, "log_nNe": 16.847530502095882}, "datetime": {"datetime": "2022-05-13 14:16:28", "elapsed": 3863.738192, "delta": 73.590859}}
{"target": 0.05352416146934177, "params": {"log_nD": 22.069162925843383, "log_nNe": 16.84938531127765}, "datetime": {"datetime": "2022-05-13 14:17:41", "elapsed": 3936.211227, "delta": 72.473035}}
{"target": 0.02916486113060158, "params": {"log_nD": 22.064328524457267, "log_nNe": 16.847743631467058}, "datetime": {"datetime": "2022-05-13 14:18:53", "elapsed": 4008.910786, "delta": 72.699559}}
{"target": 2.6215841990695794, "params": {"log_nD": 22.072505478141238, "log_nNe": 16.844235520804524}, "datetime": {"datetime": "2022-05-13 14:20:07", "elapsed": 4082.128414, "delta": 73.217628}}
{"target": 0.0893534066844887, "params": {"log_nD": 22.072464904488317, "log_nNe": 16.843995818469587}, "datetime": {"datetime": "2022-05-13 14:21:19", "elapsed": 4154.407683, "delta": 72.279269}}
{"target": 2.560318366291246, "params": {"log_nD": 22.072254844375614, "log_nNe": 16.844307629591835}, "datetime": {"datetime": "2022-05-13 14:22:31", "elapsed": 4226.767589, "delta": 72.359906}}
{"target": 2.7526545596215417, "params": {"log_nD": 22.07227850800879, "log_nNe": 16.84440354900503}, "datetime": {"datetime": "2022-05-13 14:23:44", "elapsed": 4299.298634, "delta": 72.531045}}
{"target": 2.3172544433769975, "params": {"log_nD": 22.07232681399367, "log_nNe": 16.84435296363407}, "datetime": {"datetime": "2022-05-13 14:24:57", "elapsed": 4372.821016, "delta": 73.522382}}
{"target": 2.2757592182020128, "params": {"log_nD": 22.072316224651043, "log_nNe": 16.844481488486604}, "datetime": {"datetime": "2022-05-13 14:26:10", "elapsed": 4445.527468, "delta": 72.706452}}
{"target": 2.702834253322853, "params": {"log_nD": 22.07248882953626, "log_nNe": 16.844186955676733}, "datetime": {"datetime": "2022-05-13 14:27:23", "elapsed": 4518.524625, "delta": 72.997157}}
{"target": 2.631181419852513, "params": {"log_nD": 22.07244760149502, "log_nNe": 16.844247631196666}, "datetime": {"datetime": "2022-05-13 14:28:36", "elapsed": 4591.404868, "delta": 72.880243}}
{"target": 2.7677299930361765, "params": {"log_nD": 22.072481707117408, "log_nNe": 16.84427034614581}, "datetime": {"datetime": "2022-05-13 14:29:49", "elapsed": 4664.77454, "delta": 73.369672}}
{"target": 2.5398036144224934, "params": {"log_nD": 22.072230027910766, "log_nNe": 16.844413294635146}, "datetime": {"datetime": "2022-05-13 14:31:02", "elapsed": 4737.413653, "delta": 72.639113}}
{"target": 2.298114405468218, "params": {"log_nD": 22.072318959742145, "log_nNe": 16.844425598418677}, "datetime": {"datetime": "2022-05-13 14:32:15", "elapsed": 4810.226797, "delta": 72.813144}}
{"target": 2.5974484083945018, "params": {"log_nD": 22.07222607830153, "log_nNe": 16.844513743856638}, "datetime": {"datetime": "2022-05-13 14:33:28", "elapsed": 4883.198488, "delta": 72.971691}}
{"target": 2.759589881547577, "params": {"log_nD": 22.072264730155034, "log_nNe": 16.844544548575396}, "datetime": {"datetime": "2022-05-13 14:34:41", "elapsed": 4956.185267, "delta": 72.986779}}
{"target": 0.033677820710150776, "params": {"log_nD": 22.07229157733185, "log_nNe": 16.84458520491334}, "datetime": {"datetime": "2022-05-13 14:35:56", "elapsed": 5031.046535, "delta": 74.861268}}
{"target": 2.941846551347905, "params": {"log_nD": 22.072284738581352, "log_nNe": 16.844477307587777}, "datetime": {"datetime": "2022-05-13 14:37:09", "elapsed": 5104.422485, "delta": 73.37595}}
{"target": 0.03916926079815339, "params": {"log_nD": 22.06540220130893, "log_nNe": 16.84933568880066}, "datetime": {"datetime": "2022-05-13 14:38:23", "elapsed": 5177.951904, "delta": 73.529419}}
{"target": 0.156846138497462, "params": {"log_nD": 22.06907560410393, "log_nNe": 16.84452242115433}, "datetime": {"datetime": "2022-05-13 14:39:36", "elapsed": 5251.055455, "delta": 73.103551}}
{"target": 2.9913136848220594, "params": {"log_nD": 22.072272818761927, "log_nNe": 16.844524922100568}, "datetime": {"datetime": "2022-05-13 14:40:49", "elapsed": 5324.772007, "delta": 73.716552}}
{"target": 0.019224672836877777, "params": {"log_nD": 22.070553983920444, "log_nNe": 16.844718106895506}, "datetime": {"datetime": "2022-05-13 14:42:03", "elapsed": 5398.497648, "delta": 73.725641}}
{"target": 2.96389155951852, "params": {"log_nD": 22.072281512368676, "log_nNe": 16.844490794755767}, "datetime": {"datetime": "2022-05-13 14:43:17", "elapsed": 5472.269604, "delta": 73.771956}}
{"target": 0.0733202351559325, "params": {"log_nD": 22.067741177072083, "log_nNe": 16.84627959316471}, "datetime": {"datetime": "2022-05-13 14:44:30", "elapsed": 5545.863298, "delta": 73.593694}}
{"target": 2.5936841871364615, "params": {"log_nD": 22.072248698209105, "log_nNe": 16.844479955422322}, "datetime": {"datetime": "2022-05-13 14:45:44", "elapsed": 5619.254569, "delta": 73.391271}}
{"target": 2.2414176791797265, "params": {"log_nD": 22.072117261065674, "log_nNe": 16.844590555367855}, "datetime": {"datetime": "2022-05-13 14:46:57", "elapsed": 5692.683742, "delta": 73.429173}}
{"target": 2.2905977507622026, "params": {"log_nD": 22.071989131960034, "log_nNe": 16.844634889440226}, "datetime": {"datetime": "2022-05-13 14:48:10", "elapsed": 5765.169423, "delta": 72.485681}}
{"target": 2.338430364212565, "params": {"log_nD": 22.072016661541696, "log_nNe": 16.84455374984447}, "datetime": {"datetime": "2022-05-13 14:49:22", "elapsed": 5837.379664, "delta": 72.210241}}
{"target": 2.240857925527373, "params": {"log_nD": 22.072106519850887, "log_nNe": 16.844687998514544}, "datetime": {"datetime": "2022-05-13 14:50:34", "elapsed": 5909.721972, "delta": 72.342308}}
{"target": 2.8519597086337796, "params": {"log_nD": 22.07206974965981, "log_nNe": 16.844629067715385}, "datetime": {"datetime": "2022-05-13 14:51:47", "elapsed": 5982.438738, "delta": 72.716766}}
{"target": 2.8806127639231054, "params": {"log_nD": 22.072270070582228, "log_nNe": 16.84451225187719}, "datetime": {"datetime": "2022-05-13 14:52:59", "elapsed": 6054.448006, "delta": 72.009268}}
{"target": 2.667222495291081, "params": {"log_nD": 22.072006395397516, "log_nNe": 16.844786242392445}, "datetime": {"datetime": "2022-05-13 14:54:12", "elapsed": 6127.453593, "delta": 73.005587}}
{"target": 2.7744624509675995, "params": {"log_nD": 22.072027433224754, "log_nNe": 16.84471515700654}, "datetime": {"datetime": "2022-05-13 14:55:24", "elapsed": 6199.663421, "delta": 72.209828}}
{"target": 2.8920163454081993, "params": {"log_nD": 22.072061120263214, "log_nNe": 16.84475360265272}, "datetime": {"datetime": "2022-05-13 14:56:37", "elapsed": 6272.55255, "delta": 72.889129}}
{"target": 2.6994548971042724, "params": {"log_nD": 22.072049649340887, "log_nNe": 16.844595655701355}, "datetime": {"datetime": "2022-05-13 14:57:50", "elapsed": 6345.389, "delta": 72.83645}}
{"target": 0.036922620449364, "params": {"log_nD": 22.07206042182201, "log_nNe": 16.844833111033992}, "datetime": {"datetime": "2022-05-13 14:59:03", "elapsed": 6418.631324, "delta": 73.242324}}
{"target": 2.373357419775106, "params": {"log_nD": 22.071977336279186, "log_nNe": 16.844751780962486}, "datetime": {"datetime": "2022-05-13 15:00:16", "elapsed": 6491.606886, "delta": 72.975562}}
{"target": 0.10043821130663916, "params": {"log_nD": 22.071865196488176, "log_nNe": 16.844565444189794}, "datetime": {"datetime": "2022-05-13 15:01:30", "elapsed": 6565.810566, "delta": 74.20368}}
{"target": 2.7143739369269815, "params": {"log_nD": 22.072031289156435, "log_nNe": 16.844761879320377}, "datetime": {"datetime": "2022-05-13 15:02:43", "elapsed": 6638.261711, "delta": 72.451145}}
{"target": 2.0355359045239165, "params": {"log_nD": 22.071881741367605, "log_nNe": 16.84478783420854}, "datetime": {"datetime": "2022-05-13 15:03:55", "elapsed": 6710.437417, "delta": 72.175706}}
{"target": 2.8626132388025307, "params": {"log_nD": 22.072058020726796, "log_nNe": 16.844678698799765}, "datetime": {"datetime": "2022-05-13 15:05:08", "elapsed": 6783.135656, "delta": 72.698239}}
{"target": 2.911759093428347, "params": {"log_nD": 22.072091254095415, "log_nNe": 16.8445197365661}, "datetime": {"datetime": "2022-05-13 15:06:21", "elapsed": 6856.105876, "delta": 72.97022}}
{"target": 1.8427887839411214, "params": {"log_nD": 22.0719238105836, "log_nNe": 16.844855595483498}, "datetime": {"datetime": "2022-05-13 15:07:38", "elapsed": 6933.220073, "delta": 77.114197}}
{"target": 2.7173744255814998, "params": {"log_nD": 22.072052701884765, "log_nNe": 16.844496662436978}, "datetime": {"datetime": "2022-05-13 15:08:50", "elapsed": 7005.564975, "delta": 72.344902}}
{"target": 2.242654046431042, "params": {"log_nD": 22.072135601459912, "log_nNe": 16.844522681153904}, "datetime": {"datetime": "2022-05-13 15:10:04", "elapsed": 7079.266329, "delta": 73.701354}}
{"target": 2.132683291194992, "params": {"log_nD": 22.07173518880099, "log_nNe": 16.844839316646212}, "datetime": {"datetime": "2022-05-13 15:11:17", "elapsed": 7152.091704, "delta": 72.825375}}
{"target": 2.200939703713392, "params": {"log_nD": 22.07178307350564, "log_nNe": 16.84493790415618}, "datetime": {"datetime": "2022-05-13 15:12:29", "elapsed": 7224.571175, "delta": 72.479471}}
{"target": 2.2568475321264296, "params": {"log_nD": 22.071662867072934, "log_nNe": 16.844958094968497}, "datetime": {"datetime": "2022-05-13 15:13:42", "elapsed": 7297.333643, "delta": 72.762468}}
{"target": 2.8584920230044415, "params": {"log_nD": 22.072071600239898, "log_nNe": 16.844530104510927}, "datetime": {"datetime": "2022-05-13 15:14:54", "elapsed": 7369.727832, "delta": 72.394189}}
{"target": 2.9348594892559383, "params": {"log_nD": 22.072072416448606, "log_nNe": 16.8447331744722}, "datetime": {"datetime": "2022-05-13 15:16:07", "elapsed": 7442.219512, "delta": 72.49168}}
{"target": 2.1495439300315966, "params": {"log_nD": 22.07170427296921, "log_nNe": 16.845077333267238}, "datetime": {"datetime": "2022-05-13 15:17:20", "elapsed": 7515.07811, "delta": 72.858598}}
{"target": 0.05538283117230941, "params": {"log_nD": 22.07163040286702, "log_nNe": 16.844861710167816}, "datetime": {"datetime": "2022-05-13 15:18:34", "elapsed": 7589.166256, "delta": 74.088146}}
{"target": 1.7605658427429685, "params": {"log_nD": 22.071610042996088, "log_nNe": 16.845037562029777}, "datetime": {"datetime": "2022-05-13 15:19:46", "elapsed": 7661.678996, "delta": 72.51274}}
{"target": 0.038978822959478986, "params": {"log_nD": 22.071826207728723, "log_nNe": 16.845064099738128}, "datetime": {"datetime": "2022-05-13 15:20:59", "elapsed": 7734.86143, "delta": 73.182434}}
{"target": 2.1291953827676173, "params": {"log_nD": 22.071711411779773, "log_nNe": 16.8449636279153}, "datetime": {"datetime": "2022-05-13 15:22:13", "elapsed": 7807.94312, "delta": 73.08169}}
{"target": 0.03937849083481041, "params": {"log_nD": 22.071685958991623, "log_nNe": 16.84521955561101}, "datetime": {"datetime": "2022-05-13 15:23:25", "elapsed": 7880.564776, "delta": 72.621656}}
{"target": 0.07757170988332106, "params": {"log_nD": 22.071793290544676, "log_nNe": 16.84475386426361}, "datetime": {"datetime": "2022-05-13 15:24:38", "elapsed": 7953.252276, "delta": 72.6875}}
