{"target": 0.05468361785064649, "params": {"log_nD": 21.99814382624192, "log_nNe": 16.811991253823265}, "datetime": {"datetime": "2022-05-13 19:54:36", "elapsed": 0.0, "delta": 0.0}}
{"target": 2.472039928822261, "params": {"log_nD": 21.985060831872495, "log_nNe": 16.71948091114567}, "datetime": {"datetime": "2022-05-13 19:55:49", "elapsed": 72.967082, "delta": 72.967082}}
{"target": 3.512204563949842, "params": {"log_nD": 22.146686390005847, "log_nNe": 16.85949564006325}, "datetime": {"datetime": "2022-05-13 19:57:01", "elapsed": 145.829566, "delta": 72.862484}}
{"target": 4.082202522968828, "params": {"log_nD": 22.008056903879428, "log_nNe": 16.7083532470212}, "datetime": {"datetime": "2022-05-13 19:58:14", "elapsed": 218.810487, "delta": 72.980921}}
{"target": 0.430950477717569, "params": {"log_nD": 22.081675322234133, "log_nNe": 16.8511432458649}, "datetime": {"datetime": "2022-05-13 19:59:28", "elapsed": 292.197861, "delta": 73.387374}}
{"target": 0.5119483390829835, "params": {"log_nD": 21.9380760774319, "log_nNe": 16.70548035311341}, "datetime": {"datetime": "2022-05-13 20:00:42", "elapsed": 366.646209, "delta": 74.448348}}
{"target": 0.19033766483384004, "params": {"log_nD": 21.977035782050958, "log_nNe": 16.75348325330884}, "datetime": {"datetime": "2022-05-13 20:01:56", "elapsed": 440.028164, "delta": 73.381955}}
{"target": 5.563726037419593, "params": {"log_nD": 22.121470017803176, "log_nNe": 16.701649194413655}, "datetime": {"datetime": "2022-05-13 20:03:08", "elapsed": 512.875339, "delta": 72.847175}}
{"target": 0.05122642211721082, "params": {"log_nD": 22.008642064806093, "log_nNe": 16.81632932209635}, "datetime": {"datetime": "2022-05-13 20:04:21", "elapsed": 585.673598, "delta": 72.798259}}
{"target": 0.21423210078288635, "params": {"log_nD": 22.119644164929955, "log_nNe": 16.92234848019149}, "datetime": {"datetime": "2022-05-13 20:05:34", "elapsed": 658.127464, "delta": 72.453866}}
{"target": 5.844729240613931, "params": {"log_nD": 22.08227985000967, "log_nNe": 16.690196080028514}, "datetime": {"datetime": "2022-05-13 20:06:46", "elapsed": 730.318237, "delta": 72.190773}}
{"target": 1.556107641466946, "params": {"log_nD": 22.149643894492428, "log_nNe": 16.878596489138342}, "datetime": {"datetime": "2022-05-13 20:08:00", "elapsed": 804.037256, "delta": 73.719019}}
{"target": 5.0829446421100855, "params": {"log_nD": 22.090902280459407, "log_nNe": 16.71690803520754}, "datetime": {"datetime": "2022-05-13 20:09:11", "elapsed": 875.581084, "delta": 71.543828}}
{"target": 5.051890608506782, "params": {"log_nD": 22.16611238022777, "log_nNe": 16.802992237474772}, "datetime": {"datetime": "2022-05-13 20:10:24", "elapsed": 948.044287, "delta": 72.463203}}
{"target": 5.8348543833516535, "params": {"log_nD": 22.082034400393326, "log_nNe": 16.690711611752885}, "datetime": {"datetime": "2022-05-13 20:11:37", "elapsed": 1021.269146, "delta": 73.224859}}
{"target": 4.941465727247058, "params": {"log_nD": 22.182129214053, "log_nNe": 16.690196080028514}, "datetime": {"datetime": "2022-05-13 20:12:50", "elapsed": 1094.621238, "delta": 73.352092}}
{"target": 5.478690987520556, "params": {"log_nD": 22.1211275906046, "log_nNe": 16.70169672246766}, "datetime": {"datetime": "2022-05-13 20:14:03", "elapsed": 1167.795927, "delta": 73.174689}}
{"target": 4.754226263828416, "params": {"log_nD": 22.133898699103753, "log_nNe": 16.700845373649045}, "datetime": {"datetime": "2022-05-13 20:15:16", "elapsed": 1240.261817, "delta": 72.46589}}
{"target": 5.3575091765037435, "params": {"log_nD": 22.124449636629194, "log_nNe": 16.694925178935033}, "datetime": {"datetime": "2022-05-13 20:16:29", "elapsed": 1313.027412, "delta": 72.765595}}
{"target": 5.296889591066242, "params": {"log_nD": 22.09002238651743, "log_nNe": 16.695756373835064}, "datetime": {"datetime": "2022-05-13 20:17:41", "elapsed": 1384.939695, "delta": 71.912283}}
{"target": 2.760448480218357, "params": {"log_nD": 21.986269941049265, "log_nNe": 16.72436582957014}, "datetime": {"datetime": "2022-05-13 20:18:53", "elapsed": 1457.75752, "delta": 72.817825}}
{"target": 4.494009205983212, "params": {"log_nD": 22.127033805480533, "log_nNe": 16.708289886506346}, "datetime": {"datetime": "2022-05-13 20:20:07", "elapsed": 1531.021501, "delta": 73.263981}}
{"target": 4.63968887687264, "params": {"log_nD": 22.077661031101204, "log_nNe": 16.70918735746771}, "datetime": {"datetime": "2022-05-13 20:21:20", "elapsed": 1604.434281, "delta": 73.41278}}
{"target": 4.345843690191122, "params": {"log_nD": 22.066839710490836, "log_nNe": 16.69070823785865}, "datetime": {"datetime": "2022-05-13 20:22:33", "elapsed": 1677.391526, "delta": 72.957245}}
{"target": 4.691896761271561, "params": {"log_nD": 22.159911523323533, "log_nNe": 16.818954204140162}, "datetime": {"datetime": "2022-05-13 20:23:46", "elapsed": 1749.989859, "delta": 72.598333}}
{"target": 4.911153005968695, "params": {"log_nD": 22.179551466050544, "log_nNe": 16.813470615238938}, "datetime": {"datetime": "2022-05-13 20:24:59", "elapsed": 1823.826814, "delta": 73.836955}}
{"target": 4.997114508497006, "params": {"log_nD": 22.125810278615543, "log_nNe": 16.70122226363685}, "datetime": {"datetime": "2022-05-13 20:26:13", "elapsed": 1897.022534, "delta": 73.19572}}
{"target": 4.745184162317418, "params": {"log_nD": 22.169276500222463, "log_nNe": 16.812437567976705}, "datetime": {"datetime": "2022-05-13 20:27:26", "elapsed": 1970.064911, "delta": 73.042377}}
{"target": 5.233503433980374, "params": {"log_nD": 22.091882714107534, "log_nNe": 16.70691164390199}, "datetime": {"datetime": "2022-05-13 20:28:39", "elapsed": 2043.3692, "delta": 73.304289}}
{"target": 5.0708937720913205, "params": {"log_nD": 22.178209895189028, "log_nNe": 16.800499882094122}, "datetime": {"datetime": "2022-05-13 20:29:52", "elapsed": 2116.567036, "delta": 73.197836}}
{"target": 4.076390453066304, "params": {"log_nD": 22.007893496114498, "log_nNe": 16.708668811919697}, "datetime": {"datetime": "2022-05-13 20:31:05", "elapsed": 2189.739693, "delta": 73.172657}}
{"target": 5.154927621471544, "params": {"log_nD": 22.144171096197347, "log_nNe": 16.696361289296348}, "datetime": {"datetime": "2022-05-13 20:32:19", "elapsed": 2263.200895, "delta": 73.461202}}
{"target": 5.272683546048581, "params": {"log_nD": 22.147182352674452, "log_nNe": 16.708572037391228}, "datetime": {"datetime": "2022-05-13 20:33:32", "elapsed": 2336.766743, "delta": 73.565848}}
{"target": 5.0444658926328, "params": {"log_nD": 22.157651136560503, "log_nNe": 16.701009046436692}, "datetime": {"datetime": "2022-05-13 20:34:46", "elapsed": 2410.066073, "delta": 73.29933}}
{"target": 4.947955242754453, "params": {"log_nD": 22.083612411662696, "log_nNe": 16.723914664991337}, "datetime": {"datetime": "2022-05-13 20:35:59", "elapsed": 2483.674598, "delta": 73.608525}}
{"target": 5.287068661196718, "params": {"log_nD": 22.172650253817203, "log_nNe": 16.700414620965777}, "datetime": {"datetime": "2022-05-13 20:37:13", "elapsed": 2557.69457, "delta": 74.019972}}
{"target": 5.237140576623851, "params": {"log_nD": 22.167261110568084, "log_nNe": 16.69159440123328}, "datetime": {"datetime": "2022-05-13 20:38:27", "elapsed": 2631.10807, "delta": 73.4135}}
{"target": 5.677924413022875, "params": {"log_nD": 22.161552038619867, "log_nNe": 16.71550003362488}, "datetime": {"datetime": "2022-05-13 20:39:40", "elapsed": 2703.883733, "delta": 72.775663}}
{"target": 4.854281997066688, "params": {"log_nD": 22.17127049048183, "log_nNe": 16.714395049799407}, "datetime": {"datetime": "2022-05-13 20:40:52", "elapsed": 2776.836673, "delta": 72.95294}}
{"target": 5.032821973338363, "params": {"log_nD": 22.154177614988555, "log_nNe": 16.723645441421354}, "datetime": {"datetime": "2022-05-13 20:42:05", "elapsed": 2849.523742, "delta": 72.687069}}
{"target": 4.327671028646742, "params": {"log_nD": 22.15596050988489, "log_nNe": 16.713318451024758}, "datetime": {"datetime": "2022-05-13 20:43:19", "elapsed": 2923.267175, "delta": 73.743433}}
{"target": 5.0705055143992315, "params": {"log_nD": 22.164254904708216, "log_nNe": 16.724118761385228}, "datetime": {"datetime": "2022-05-13 20:44:32", "elapsed": 2996.833692, "delta": 73.566517}}
{"target": 5.188318755809219, "params": {"log_nD": 22.16893088067056, "log_nNe": 16.78865236314384}, "datetime": {"datetime": "2022-05-13 20:45:45", "elapsed": 3069.836566, "delta": 73.002874}}
{"target": 4.763089845608755, "params": {"log_nD": 22.155637334674417, "log_nNe": 16.791551950107404}, "datetime": {"datetime": "2022-05-13 20:46:59", "elapsed": 3142.965887, "delta": 73.129321}}
{"target": 5.17153972392805, "params": {"log_nD": 22.1818192960825, "log_nNe": 16.786338757901103}, "datetime": {"datetime": "2022-05-13 20:48:12", "elapsed": 3216.175032, "delta": 73.209145}}
{"target": 5.239715653772785, "params": {"log_nD": 22.17633798142067, "log_nNe": 16.773132093511414}, "datetime": {"datetime": "2022-05-13 20:49:26", "elapsed": 3290.139614, "delta": 73.964582}}
{"target": 5.264203878526046, "params": {"log_nD": 22.091955637088127, "log_nNe": 16.70694956677606}, "datetime": {"datetime": "2022-05-13 20:50:39", "elapsed": 3363.177791, "delta": 73.038177}}
{"target": 5.182195410658944, "params": {"log_nD": 22.098059511762514, "log_nNe": 16.709223622036973}, "datetime": {"datetime": "2022-05-13 20:51:52", "elapsed": 3436.535929, "delta": 73.358138}}
{"target": 4.871967383470385, "params": {"log_nD": 22.088446826737812, "log_nNe": 16.690196080028514}, "datetime": {"datetime": "2022-05-13 20:53:04", "elapsed": 3508.644565, "delta": 72.108636}}
{"target": 5.203912585791034, "params": {"log_nD": 22.165988605023138, "log_nNe": 16.775922477566965}, "datetime": {"datetime": "2022-05-13 20:54:18", "elapsed": 3582.123107, "delta": 73.478542}}
{"target": 5.1713535272175895, "params": {"log_nD": 22.169650510443592, "log_nNe": 16.76264562109439}, "datetime": {"datetime": "2022-05-13 20:55:30", "elapsed": 3654.73978, "delta": 72.616673}}
{"target": 5.3276217326063335, "params": {"log_nD": 22.098319995470053, "log_nNe": 16.69847797720545}, "datetime": {"datetime": "2022-05-13 20:56:44", "elapsed": 3728.278596, "delta": 73.538816}}
{"target": 0.08926750058343129, "params": {"log_nD": 21.95326626917053, "log_nNe": 16.84381384926277}, "datetime": {"datetime": "2022-05-13 20:57:58", "elapsed": 3802.480595, "delta": 74.201999}}
{"target": 0.06323077550189875, "params": {"log_nD": 22.058465401387835, "log_nNe": 16.790658403535495}, "datetime": {"datetime": "2022-05-13 20:59:11", "elapsed": 3875.550855, "delta": 73.07026}}
{"target": 5.24358473679635, "params": {"log_nD": 22.181977518186372, "log_nNe": 16.75893418580582}, "datetime": {"datetime": "2022-05-13 21:00:25", "elapsed": 3949.286073, "delta": 73.735218}}
{"target": 5.296932368408565, "params": {"log_nD": 22.1731815866088, "log_nNe": 16.748334710653243}, "datetime": {"datetime": "2022-05-13 21:01:39", "elapsed": 4023.0122, "delta": 73.726127}}
{"target": 3.3848881403838096, "params": {"log_nD": 22.160101112301216, "log_nNe": 16.74929254683718}, "datetime": {"datetime": "2022-05-13 21:02:52", "elapsed": 4096.656231, "delta": 73.644031}}
{"target": 5.2872367855921985, "params": {"log_nD": 22.181532856613913, "log_nNe": 16.744215015596353}, "datetime": {"datetime": "2022-05-13 21:04:05", "elapsed": 4169.53612, "delta": 72.879889}}
{"target": 3.88381854026098, "params": {"log_nD": 22.067990892891096, "log_nNe": 16.72172709260416}, "datetime": {"datetime": "2022-05-13 21:05:18", "elapsed": 4242.553481, "delta": 73.017361}}
{"target": 5.222890384334973, "params": {"log_nD": 22.078419854392536, "log_nNe": 16.690315428561313}, "datetime": {"datetime": "2022-05-13 21:06:32", "elapsed": 4316.46116, "delta": 73.907679}}
{"target": 4.592533076252404, "params": {"log_nD": 22.139166165952474, "log_nNe": 16.718151379795632}, "datetime": {"datetime": "2022-05-13 21:07:45", "elapsed": 4389.768255, "delta": 73.307095}}
{"target": 5.2902570383847936, "params": {"log_nD": 22.17959614107158, "log_nNe": 16.752033283173528}, "datetime": {"datetime": "2022-05-13 21:08:58", "elapsed": 4462.664565, "delta": 72.89631}}
{"target": 5.002995613867768, "params": {"log_nD": 22.141803124402742, "log_nNe": 16.70536342313955}, "datetime": {"datetime": "2022-05-13 21:10:11", "elapsed": 4535.773096, "delta": 73.108531}}
{"target": 4.730866484873979, "params": {"log_nD": 22.148688744852702, "log_nNe": 16.807811838597438}, "datetime": {"datetime": "2022-05-13 21:11:24", "elapsed": 4608.69774, "delta": 72.924644}}
{"target": 0.08271721270820273, "params": {"log_nD": 21.95834325561573, "log_nNe": 16.8347502522855}, "datetime": {"datetime": "2022-05-13 21:12:39", "elapsed": 4683.739704, "delta": 75.041964}}
{"target": 5.398321350937341, "params": {"log_nD": 22.15468158729952, "log_nNe": 16.690196080028514}, "datetime": {"datetime": "2022-05-13 21:13:52", "elapsed": 4756.774121, "delta": 73.034417}}
{"target": 5.234700709543472, "params": {"log_nD": 22.0920275924624, "log_nNe": 16.70683801023745}, "datetime": {"datetime": "2022-05-13 21:15:05", "elapsed": 4828.959406, "delta": 72.185285}}
{"target": 0.08539348079073317, "params": {"log_nD": 21.966607413615083, "log_nNe": 16.786033419937663}, "datetime": {"datetime": "2022-05-13 21:16:19", "elapsed": 4903.019608, "delta": 74.060202}}
{"target": 5.132911767068998, "params": {"log_nD": 22.093055075137894, "log_nNe": 16.711472324082788}, "datetime": {"datetime": "2022-05-13 21:17:31", "elapsed": 4975.745391, "delta": 72.725783}}
{"target": 5.480575586235022, "params": {"log_nD": 22.17812987350105, "log_nNe": 16.732940596963406}, "datetime": {"datetime": "2022-05-13 21:18:45", "elapsed": 5049.711095, "delta": 73.965704}}
{"target": 4.549055943831676, "params": {"log_nD": 22.17241695282672, "log_nNe": 16.73772266019751}, "datetime": {"datetime": "2022-05-13 21:19:58", "elapsed": 5122.617099, "delta": 72.906004}}
{"target": 5.398727013206125, "params": {"log_nD": 22.181326864858853, "log_nNe": 16.72480484786513}, "datetime": {"datetime": "2022-05-13 21:21:12", "elapsed": 5195.995483, "delta": 73.378384}}
{"target": 0.2462239971909885, "params": {"log_nD": 22.047702584849013, "log_nNe": 16.947432823079403}, "datetime": {"datetime": "2022-05-13 21:22:25", "elapsed": 5268.881211, "delta": 72.885728}}
{"target": 3.54936397091973, "params": {"log_nD": 22.094448633797832, "log_nNe": 16.731642699856774}, "datetime": {"datetime": "2022-05-13 21:23:38", "elapsed": 5341.945952, "delta": 73.064741}}
{"target": 5.591962748819821, "params": {"log_nD": 22.181770141264455, "log_nNe": 16.70281523245847}, "datetime": {"datetime": "2022-05-13 21:24:50", "elapsed": 5414.578793, "delta": 72.632841}}
{"target": 1.3123532769018285, "params": {"log_nD": 22.151595736915315, "log_nNe": 16.77594973098458}, "datetime": {"datetime": "2022-05-13 21:26:04", "elapsed": 5488.78301, "delta": 74.204217}}
{"target": 5.252982378818936, "params": {"log_nD": 22.171874794648716, "log_nNe": 16.78016582760651}, "datetime": {"datetime": "2022-05-13 21:27:17", "elapsed": 5561.165522, "delta": 72.382512}}
{"target": 5.191569293750096, "params": {"log_nD": 22.181949213779653, "log_nNe": 16.711482178511197}, "datetime": {"datetime": "2022-05-13 21:28:31", "elapsed": 5635.247074, "delta": 74.081552}}
{"target": 4.470190883910732, "params": {"log_nD": 22.178310923423947, "log_nNe": 16.82924712139048}, "datetime": {"datetime": "2022-05-13 21:29:44", "elapsed": 5708.859101, "delta": 73.612027}}
{"target": 5.402729664913145, "params": {"log_nD": 22.105227371906945, "log_nNe": 16.690527506960596}, "datetime": {"datetime": "2022-05-13 21:30:57", "elapsed": 5781.809603, "delta": 72.950502}}
{"target": 5.299001926079784, "params": {"log_nD": 22.1157640186816, "log_nNe": 16.69257966956684}, "datetime": {"datetime": "2022-05-13 21:32:11", "elapsed": 5855.061849, "delta": 73.252246}}
{"target": 4.728670776815254, "params": {"log_nD": 22.141334946820184, "log_nNe": 16.823092386277864}, "datetime": {"datetime": "2022-05-13 21:33:24", "elapsed": 5928.092765, "delta": 73.030916}}
{"target": 5.276590128310506, "params": {"log_nD": 22.173090162460383, "log_nNe": 16.748278860527048}, "datetime": {"datetime": "2022-05-13 21:34:36", "elapsed": 6000.85844, "delta": 72.765675}}
{"target": 0.017959157808090286, "params": {"log_nD": 22.129834533126346, "log_nNe": 16.810311688446934}, "datetime": {"datetime": "2022-05-13 21:35:50", "elapsed": 6074.171057, "delta": 73.312617}}
{"target": 1.5421721732234535, "params": {"log_nD": 21.98713880648209, "log_nNe": 16.76962630124562}, "datetime": {"datetime": "2022-05-13 21:37:02", "elapsed": 6146.871512, "delta": 72.700455}}
{"target": 4.771643559726393, "params": {"log_nD": 22.149598983249152, "log_nNe": 16.832131630337567}, "datetime": {"datetime": "2022-05-13 21:38:16", "elapsed": 6220.650582, "delta": 73.77907}}
{"target": 4.623374866899058, "params": {"log_nD": 22.13691353695105, "log_nNe": 16.83660123801029}, "datetime": {"datetime": "2022-05-13 21:39:29", "elapsed": 6293.485297, "delta": 72.834715}}
{"target": 5.564973884226882, "params": {"log_nD": 22.16162695762368, "log_nNe": 16.715569536858684}, "datetime": {"datetime": "2022-05-13 21:40:42", "elapsed": 6366.354679, "delta": 72.869382}}
{"target": 5.196174600159573, "params": {"log_nD": 22.16209585559534, "log_nNe": 16.71055604359211}, "datetime": {"datetime": "2022-05-13 21:41:56", "elapsed": 6440.875491, "delta": 74.520812}}
{"target": 5.094400710210854, "params": {"log_nD": 22.16093790113669, "log_nNe": 16.714191213136772}, "datetime": {"datetime": "2022-05-13 21:43:10", "elapsed": 6514.283845, "delta": 73.408354}}
{"target": 4.4331601558920575, "params": {"log_nD": 22.159819621746788, "log_nNe": 16.818904743923653}, "datetime": {"datetime": "2022-05-13 21:44:23", "elapsed": 6587.049441, "delta": 72.765596}}
{"target": 4.53880683903505, "params": {"log_nD": 22.02583981157147, "log_nNe": 16.712662273918138}, "datetime": {"datetime": "2022-05-13 21:45:36", "elapsed": 6660.077913, "delta": 73.028472}}
{"target": 0.1043733754137222, "params": {"log_nD": 22.146960438893057, "log_nNe": 16.939019491551505}, "datetime": {"datetime": "2022-05-13 21:46:50", "elapsed": 6734.520091, "delta": 74.442178}}
{"target": 4.6310701532045435, "params": {"log_nD": 22.16338859512797, "log_nNe": 16.81909951296185}, "datetime": {"datetime": "2022-05-13 21:48:04", "elapsed": 6808.018434, "delta": 73.498343}}
{"target": 5.6505614625258485, "params": {"log_nD": 22.122679073321194, "log_nNe": 16.698477629176875}, "datetime": {"datetime": "2022-05-13 21:49:17", "elapsed": 6881.505787, "delta": 73.487353}}
{"target": 5.848078808161463, "params": {"log_nD": 22.08217878523656, "log_nNe": 16.690753782692195}, "datetime": {"datetime": "2022-05-13 21:50:30", "elapsed": 6954.305281, "delta": 72.799494}}
{"target": 4.966745425351757, "params": {"log_nD": 22.161482629173086, "log_nNe": 16.820524772314165}, "datetime": {"datetime": "2022-05-13 21:51:43", "elapsed": 7027.813728, "delta": 73.508447}}
{"target": 5.001043882826342, "params": {"log_nD": 22.15907621092978, "log_nNe": 16.717551264965735}, "datetime": {"datetime": "2022-05-13 21:52:57", "elapsed": 7101.723653, "delta": 73.909925}}
{"target": 4.96048662423507, "params": {"log_nD": 22.159957807559355, "log_nNe": 16.715717286505278}, "datetime": {"datetime": "2022-05-13 21:54:11", "elapsed": 7175.462571, "delta": 73.738918}}
{"target": 5.369879021100548, "params": {"log_nD": 22.12480402839187, "log_nNe": 16.697823915209955}, "datetime": {"datetime": "2022-05-13 21:55:25", "elapsed": 7248.933978, "delta": 73.471407}}
{"target": 5.269993107313733, "params": {"log_nD": 22.0846148477381, "log_nNe": 16.692152256889603}, "datetime": {"datetime": "2022-05-13 21:56:37", "elapsed": 7321.278063, "delta": 72.344085}}
{"target": 5.2174060593389155, "params": {"log_nD": 22.093300626335107, "log_nNe": 16.70930066404448}, "datetime": {"datetime": "2022-05-13 21:57:51", "elapsed": 7395.326611, "delta": 74.048548}}
{"target": 5.414531698731645, "params": {"log_nD": 22.120896152607788, "log_nNe": 16.69950889728226}, "datetime": {"datetime": "2022-05-13 21:59:04", "elapsed": 7468.433754, "delta": 73.107143}}
{"target": 5.566028574356161, "params": {"log_nD": 22.121245630310252, "log_nNe": 16.696230277502593}, "datetime": {"datetime": "2022-05-13 22:00:17", "elapsed": 7541.455642, "delta": 73.021888}}
{"target": 5.129040280429751, "params": {"log_nD": 22.181241196263557, "log_nNe": 16.705707798716734}, "datetime": {"datetime": "2022-05-13 22:01:30", "elapsed": 7614.178282, "delta": 72.72264}}
{"target": 5.917173343215959, "params": {"log_nD": 22.118495312899785, "log_nNe": 16.6946032730277}, "datetime": {"datetime": "2022-05-13 22:02:44", "elapsed": 7688.000779, "delta": 73.822497}}
{"target": 5.06398968601797, "params": {"log_nD": 22.166042084683447, "log_nNe": 16.80294167880558}, "datetime": {"datetime": "2022-05-13 22:03:56", "elapsed": 7760.345281, "delta": 72.344502}}
{"target": 5.925210901352282, "params": {"log_nD": 22.12096366322033, "log_nNe": 16.692109350762028}, "datetime": {"datetime": "2022-05-13 22:05:09", "elapsed": 7833.674618, "delta": 73.329337}}
{"target": 6.103838120916199, "params": {"log_nD": 22.119929301179727, "log_nNe": 16.690440272703597}, "datetime": {"datetime": "2022-05-13 22:06:23", "elapsed": 7907.306622, "delta": 73.632004}}
{"target": 6.151908875528344, "params": {"log_nD": 22.11940754662949, "log_nNe": 16.691575105183}, "datetime": {"datetime": "2022-05-13 22:07:36", "elapsed": 7980.843448, "delta": 73.536826}}
