{"target": 64.23885322922469, "params": {"log_nD": 20.741133002688116, "log_nNe": 19.633259039952154}, "datetime": {"datetime": "2022-05-16 11:07:35", "elapsed": 0.0, "delta": 0.0}}
{"target": 64.39060436300758, "params": {"log_nD": 20.740921657377214, "log_nNe": 19.631764609351436}, "datetime": {"datetime": "2022-05-16 11:10:33", "elapsed": 177.60107, "delta": 177.60107}}
{"target": 64.07743820513711, "params": {"log_nD": 20.74353258900866, "log_nNe": 19.63402643532018}, "datetime": {"datetime": "2022-05-16 11:13:29", "elapsed": 353.762674, "delta": 176.161604}}
{"target": 64.3945171892441, "params": {"log_nD": 20.741293140529354, "log_nNe": 19.631584850836866}, "datetime": {"datetime": "2022-05-16 11:16:27", "elapsed": 532.015438, "delta": 178.252764}}
{"target": 64.12873061242719, "params": {"log_nD": 20.742482387201473, "log_nNe": 19.63389150907174}, "datetime": {"datetime": "2022-05-16 11:19:30", "elapsed": 714.829925, "delta": 182.814487}}
{"target": 64.43965043535384, "params": {"log_nD": 20.74016265624533, "log_nNe": 19.631538441533383}, "datetime": {"datetime": "2022-05-16 11:22:28", "elapsed": 892.192172, "delta": 177.362247}}
{"target": 64.34237764224963, "params": {"log_nD": 20.74079201911539, "log_nNe": 19.632313889995675}, "datetime": {"datetime": "2022-05-16 11:25:22", "elapsed": 1066.526231, "delta": 174.334059}}
{"target": 64.33872246986533, "params": {"log_nD": 20.743125238682545, "log_nNe": 19.631476552228563}, "datetime": {"datetime": "2022-05-16 11:28:17", "elapsed": 1241.936072, "delta": 175.409841}}
{"target": 64.22594465058357, "params": {"log_nD": 20.741302593336144, "log_nNe": 19.63332911797573}, "datetime": {"datetime": "2022-05-16 11:31:12", "elapsed": 1416.082089, "delta": 174.146017}}
{"target": 63.99478033240512, "params": {"log_nD": 20.743095743489604, "log_nNe": 19.63504177268583}, "datetime": {"datetime": "2022-05-16 11:34:09", "elapsed": 1593.761425, "delta": 177.679336}}
{"target": 64.26144492033987, "params": {"log_nD": 20.743139349437257, "log_nNe": 19.632272616413168}, "datetime": {"datetime": "2022-05-16 11:37:21", "elapsed": 1786.02498, "delta": 192.263555}}
{"target": 64.17370087622243, "params": {"log_nD": 20.74306451439743, "log_nNe": 19.63320846461217}, "datetime": {"datetime": "2022-05-16 11:40:32", "elapsed": 1976.751624, "delta": 190.726644}}
{"target": 64.18402326929167, "params": {"log_nD": 20.740706482086672, "log_nNe": 19.633985276004633}, "datetime": {"datetime": "2022-05-16 11:43:27", "elapsed": 2151.862764, "delta": 175.11114}}
{"target": 64.41868299995679, "params": {"log_nD": 20.740375489497005, "log_nNe": 19.631676998390752}, "datetime": {"datetime": "2022-05-16 11:46:17", "elapsed": 2321.228952, "delta": 169.366188}}
{"target": 64.2884290405145, "params": {"log_nD": 20.741662478665745, "log_nNe": 19.632547475151103}, "datetime": {"datetime": "2022-05-16 11:49:07", "elapsed": 2491.772554, "delta": 170.543602}}
{"target": 64.20521530844923, "params": {"log_nD": 20.740948092959776, "log_nNe": 19.633676027264247}, "datetime": {"datetime": "2022-05-16 11:51:56", "elapsed": 2660.256862, "delta": 168.484308}}
{"target": 64.03565508236802, "params": {"log_nD": 20.74395382415934, "log_nNe": 19.634298643930283}, "datetime": {"datetime": "2022-05-16 11:54:44", "elapsed": 2828.607929, "delta": 168.351067}}
{"target": 64.0722810346994, "params": {"log_nD": 20.742562476789416, "log_nNe": 19.63444379906972}, "datetime": {"datetime": "2022-05-16 11:57:33", "elapsed": 2997.836957, "delta": 169.229028}}
{"target": 64.3109234107784, "params": {"log_nD": 20.743837177993537, "log_nNe": 19.631496935316672}, "datetime": {"datetime": "2022-05-16 12:00:23", "elapsed": 3167.212973, "delta": 169.376016}}
{"target": 64.33265489566223, "params": {"log_nD": 20.739771672002863, "log_nNe": 19.632795834910358}, "datetime": {"datetime": "2022-05-16 12:03:12", "elapsed": 3336.441209, "delta": 169.228236}}
{"target": 64.2401546954213, "params": {"log_nD": 20.742706586117922, "log_nNe": 19.63265573269487}, "datetime": {"datetime": "2022-05-16 12:06:01", "elapsed": 3505.220236, "delta": 168.779027}}
{"target": 64.10108252295632, "params": {"log_nD": 20.743163001710045, "log_nNe": 19.633921430099733}, "datetime": {"datetime": "2022-05-16 12:08:50", "elapsed": 3674.876275, "delta": 169.656039}}
{"target": 64.088329145326, "params": {"log_nD": 20.74024883677353, "log_nNe": 19.635143230498787}, "datetime": {"datetime": "2022-05-16 12:11:40", "elapsed": 3844.495129, "delta": 169.618854}}
{"target": 64.19345559049684, "params": {"log_nD": 20.74124837550986, "log_nNe": 19.633685282850504}, "datetime": {"datetime": "2022-05-16 12:14:28", "elapsed": 4012.986824, "delta": 168.491695}}
{"target": 63.99094668487378, "params": {"log_nD": 20.743304661867146, "log_nNe": 19.635002778473158}, "datetime": {"datetime": "2022-05-16 12:17:18", "elapsed": 4182.278258, "delta": 169.291434}}
{"target": 64.31712736422088, "params": {"log_nD": 20.742486460198652, "log_nNe": 19.631940797201366}, "datetime": {"datetime": "2022-05-16 12:20:08", "elapsed": 4352.26107, "delta": 169.982812}}
{"target": 64.23203936977637, "params": {"log_nD": 20.74285372098559, "log_nNe": 19.63268444957433}, "datetime": {"datetime": "2022-05-16 12:22:56", "elapsed": 4520.650623, "delta": 168.389553}}
{"target": 64.1455765020925, "params": {"log_nD": 20.742121978647877, "log_nNe": 19.63385263742433}, "datetime": {"datetime": "2022-05-16 12:25:44", "elapsed": 4688.863891, "delta": 168.213268}}
{"target": 64.43689159050633, "params": {"log_nD": 20.740768196636466, "log_nNe": 19.63134072960578}, "datetime": {"datetime": "2022-05-16 12:28:33", "elapsed": 4857.134394, "delta": 168.270503}}
{"target": 64.34239830028132, "params": {"log_nD": 20.742925157778373, "log_nNe": 19.631513658240166}, "datetime": {"datetime": "2022-05-16 12:31:20", "elapsed": 5024.614192, "delta": 167.479798}}
{"target": 64.24672515232675, "params": {"log_nD": 20.74331544276127, "log_nNe": 19.632358818304727}, "datetime": {"datetime": "2022-05-16 12:34:09", "elapsed": 5193.448769, "delta": 168.834577}}
{"target": 64.2164899310745, "params": {"log_nD": 20.74009277940378, "log_nNe": 19.633878858698086}, "datetime": {"datetime": "2022-05-16 12:36:57", "elapsed": 5361.290723, "delta": 167.841954}}
{"target": 64.35896764903895, "params": {"log_nD": 20.740548995513713, "log_nNe": 19.632232576386556}, "datetime": {"datetime": "2022-05-16 12:39:46", "elapsed": 5530.267549, "delta": 168.976826}}
{"target": 64.37665643605975, "params": {"log_nD": 20.74198637840573, "log_nNe": 19.631510522286064}, "datetime": {"datetime": "2022-05-16 12:42:35", "elapsed": 5699.300907, "delta": 169.033358}}
{"target": 64.33133590902895, "params": {"log_nD": 20.740877159783135, "log_nNe": 19.632396616056422}, "datetime": {"datetime": "2022-05-16 12:45:22", "elapsed": 5867.001828, "delta": 167.700921}}
{"target": 64.21077042976775, "params": {"log_nD": 20.741317440528384, "log_nNe": 19.63348047493185}, "datetime": {"datetime": "2022-05-16 12:48:12", "elapsed": 6036.597992, "delta": 169.596164}}
{"target": 64.21091729398931, "params": {"log_nD": 20.74042196316603, "log_nNe": 19.63381363002524}, "datetime": {"datetime": "2022-05-16 12:51:04", "elapsed": 6208.573088, "delta": 171.975096}}
{"target": 64.30974912330437, "params": {"log_nD": 20.740584271829153, "log_nNe": 19.632729970875022}, "datetime": {"datetime": "2022-05-16 12:54:12", "elapsed": 6396.693345, "delta": 188.120257}}
{"target": 64.23968544411898, "params": {"log_nD": 20.741466346987472, "log_nNe": 19.633125680986435}, "datetime": {"datetime": "2022-05-16 12:57:18", "elapsed": 6582.571271, "delta": 185.877926}}
{"target": 64.16955804565983, "params": {"log_nD": 20.741524917175056, "log_nNe": 19.63382865960582}, "datetime": {"datetime": "2022-05-16 13:00:20", "elapsed": 6764.286764, "delta": 181.715493}}
{"target": 64.26596811464552, "params": {"log_nD": 20.744068925289913, "log_nNe": 19.631875687211526}, "datetime": {"datetime": "2022-05-16 13:03:24", "elapsed": 6948.640347, "delta": 184.353583}}
{"target": 64.05901601070676, "params": {"log_nD": 20.741964206459418, "log_nNe": 19.634804610710443}, "datetime": {"datetime": "2022-05-16 13:06:20", "elapsed": 7124.453358, "delta": 175.813011}}
{"target": 63.99277908220214, "params": {"log_nD": 20.743951917762733, "log_nNe": 19.63474071953039}, "datetime": {"datetime": "2022-05-16 13:09:14", "elapsed": 7298.193132, "delta": 173.739774}}
{"target": 64.41370718227962, "params": {"log_nD": 20.740537866624084, "log_nNe": 19.631668032837165}, "datetime": {"datetime": "2022-05-16 13:12:08", "elapsed": 7472.622614, "delta": 174.429482}}
{"target": 64.23947945998493, "params": {"log_nD": 20.743342869975688, "log_nNe": 19.632423508445644}, "datetime": {"datetime": "2022-05-16 13:15:02", "elapsed": 7646.160587, "delta": 173.537973}}
{"target": 63.92559849107349, "params": {"log_nD": 20.743796833881387, "log_nNe": 19.635489440744152}, "datetime": {"datetime": "2022-05-16 13:17:56", "elapsed": 7820.443138, "delta": 174.282551}}
{"target": 64.04354453303846, "params": {"log_nD": 20.74058517661967, "log_nNe": 19.635479138464714}, "datetime": {"datetime": "2022-05-16 13:20:51", "elapsed": 7995.521444, "delta": 175.078306}}
{"target": 64.27639383526402, "params": {"log_nD": 20.742580383305473, "log_nNe": 19.6323278375322}, "datetime": {"datetime": "2022-05-16 13:23:52", "elapsed": 8176.866014, "delta": 181.34457}}
{"target": 64.03055951860243, "params": {"log_nD": 20.74324229330493, "log_nNe": 19.634618545767577}, "datetime": {"datetime": "2022-05-16 13:26:50", "elapsed": 8354.872334, "delta": 178.00632}}
{"target": 64.40494351822959, "params": {"log_nD": 20.74067904293465, "log_nNe": 19.63170634622617}, "datetime": {"datetime": "2022-05-16 13:29:58", "elapsed": 8542.261113, "delta": 187.388779}}
{"target": 64.18537735675818, "params": {"log_nD": 20.742780754873923, "log_nNe": 19.633194420611545}, "datetime": {"datetime": "2022-05-16 13:33:01", "elapsed": 8725.407837, "delta": 183.146724}}
{"target": 64.08668623093811, "params": {"log_nD": 20.74227510989854, "log_nNe": 19.634402994436883}, "datetime": {"datetime": "2022-05-16 13:36:14", "elapsed": 8918.529637, "delta": 193.1218}}
{"target": 64.29355305090034, "params": {"log_nD": 20.74129229232748, "log_nNe": 19.632633015862467}, "datetime": {"datetime": "2022-05-16 13:39:12", "elapsed": 9096.827114, "delta": 178.297477}}
{"target": 64.29208659140073, "params": {"log_nD": 20.740056080733623, "log_nNe": 19.63311025138631}, "datetime": {"datetime": "2022-05-16 13:42:06", "elapsed": 9270.653511, "delta": 173.826397}}
{"target": 64.31382967280517, "params": {"log_nD": 20.740762607993183, "log_nNe": 19.632621013931015}, "datetime": {"datetime": "2022-05-16 13:45:01", "elapsed": 9445.183937, "delta": 174.530426}}
{"target": 64.0203169255508, "params": {"log_nD": 20.741517039343886, "log_nNe": 19.635370309655325}, "datetime": {"datetime": "2022-05-16 13:47:56", "elapsed": 9620.630179, "delta": 175.446242}}
{"target": 64.36834476667893, "params": {"log_nD": 20.740546919785135, "log_nNe": 19.632135994627085}, "datetime": {"datetime": "2022-05-16 13:50:53", "elapsed": 9797.26736, "delta": 176.637181}}
{"target": 64.02145299828103, "params": {"log_nD": 20.741743171396944, "log_nNe": 19.635274074462004}, "datetime": {"datetime": "2022-05-16 13:53:47", "elapsed": 9971.929195, "delta": 174.661835}}
{"target": 64.29880236876343, "params": {"log_nD": 20.740231897128766, "log_nNe": 19.632975042202826}, "datetime": {"datetime": "2022-05-16 13:56:49", "elapsed": 10153.314494, "delta": 181.385299}}
{"target": 64.29866046108731, "params": {"log_nD": 20.740108858982275, "log_nNe": 19.63302243830393}, "datetime": {"datetime": "2022-05-16 14:00:14", "elapsed": 10358.86129, "delta": 205.546796}}
{"target": 64.20137912414097, "params": {"log_nD": 20.743566099369495, "log_nNe": 19.63273370537666}, "datetime": {"datetime": "2022-05-16 14:03:15", "elapsed": 10539.570734, "delta": 180.709444}}
{"target": 63.98066789220292, "params": {"log_nD": 20.742611050470476, "log_nNe": 19.635368666117284}, "datetime": {"datetime": "2022-05-16 14:06:09", "elapsed": 10713.866876, "delta": 174.296142}}
{"target": 64.19469379844098, "params": {"log_nD": 20.74051535186475, "log_nNe": 19.633946411245063}, "datetime": {"datetime": "2022-05-16 14:09:09", "elapsed": 10893.170457, "delta": 179.303581}}
{"target": 64.41579808926808, "params": {"log_nD": 20.74003905097307, "log_nNe": 19.631832689671842}, "datetime": {"datetime": "2022-05-16 14:12:07", "elapsed": 11071.579367, "delta": 178.40891}}
{"target": 64.35070752421541, "params": {"log_nD": 20.741564988596362, "log_nNe": 19.631938060771375}, "datetime": {"datetime": "2022-05-16 14:15:07", "elapsed": 11252.055701, "delta": 180.476334}}
{"target": 64.09130715242078, "params": {"log_nD": 20.743609803100277, "log_nNe": 19.633854358465182}, "datetime": {"datetime": "2022-05-16 14:18:13", "elapsed": 11438.019896, "delta": 185.964195}}
{"target": 64.3288050435562, "params": {"log_nD": 20.74272774070672, "log_nNe": 19.6317289794155}, "datetime": {"datetime": "2022-05-16 14:21:11", "elapsed": 11615.28714, "delta": 177.267244}}
{"target": 64.18415114911181, "params": {"log_nD": 20.74364221783623, "log_nNe": 19.63288317318264}, "datetime": {"datetime": "2022-05-16 14:24:09", "elapsed": 11793.781299, "delta": 178.494159}}
{"target": 64.04838281099138, "params": {"log_nD": 20.743451997160964, "log_nNe": 19.634356200998813}, "datetime": {"datetime": "2022-05-16 14:29:25", "elapsed": 12109.231908, "delta": 315.450609}}
{"target": 64.22416592175034, "params": {"log_nD": 20.739767763133187, "log_nNe": 19.633920681540832}, "datetime": {"datetime": "2022-05-16 14:34:08", "elapsed": 12392.845314, "delta": 283.613406}}
{"target": 64.3012840829318, "params": {"log_nD": 20.739854947660945, "log_nNe": 19.63308998395887}, "datetime": {"datetime": "2022-05-16 14:37:08", "elapsed": 12572.461621, "delta": 179.616307}}
{"target": 64.05378482218339, "params": {"log_nD": 20.739975472774724, "log_nNe": 19.635600911422888}, "datetime": {"datetime": "2022-05-16 14:40:04", "elapsed": 12749.003278, "delta": 176.541657}}
{"target": 64.4112694782036, "params": {"log_nD": 20.739965829287197, "log_nNe": 19.63190710988819}, "datetime": {"datetime": "2022-05-16 14:43:13", "elapsed": 12937.090006, "delta": 188.086728}}
{"target": 64.30070742814661, "params": {"log_nD": 20.74085649604816, "log_nNe": 19.63272193528784}, "datetime": {"datetime": "2022-05-16 14:46:30", "elapsed": 13134.608784, "delta": 197.518778}}
{"target": 64.28066351647591, "params": {"log_nD": 20.742997172160255, "log_nNe": 19.63212694998084}, "datetime": {"datetime": "2022-05-16 14:49:43", "elapsed": 13327.856844, "delta": 193.24806}}
{"target": 64.14386797814092, "params": {"log_nD": 20.74346112254324, "log_nNe": 19.633367647589544}, "datetime": {"datetime": "2022-05-16 14:52:53", "elapsed": 13517.858031, "delta": 190.001187}}
{"target": 64.17682395902493, "params": {"log_nD": 20.744062834258187, "log_nNe": 19.632800546665518}, "datetime": {"datetime": "2022-05-16 14:56:04", "elapsed": 13708.582969, "delta": 190.724938}}
{"target": 64.30149768355139, "params": {"log_nD": 20.742093443019932, "log_nNe": 19.63225043149618}, "datetime": {"datetime": "2022-05-16 14:59:08", "elapsed": 13892.215147, "delta": 183.632178}}
{"target": 64.10747235163457, "params": {"log_nD": 20.742563421609553, "log_nNe": 19.634080523154683}, "datetime": {"datetime": "2022-05-16 15:02:13", "elapsed": 14078.043521, "delta": 185.828374}}
{"target": 64.11388429798129, "params": {"log_nD": 20.743223859633215, "log_nNe": 19.633766460172406}, "datetime": {"datetime": "2022-05-16 15:05:08", "elapsed": 14252.660117, "delta": 174.616596}}
{"target": 64.47460178522434, "params": {"log_nD": 20.73980737582953, "log_nNe": 19.63130732497887}, "datetime": {"datetime": "2022-05-16 15:08:04", "elapsed": 14428.580317, "delta": 175.9202}}
{"target": 64.47524067026974, "params": {"log_nD": 20.73981122249332, "log_nNe": 19.631299235495156}, "datetime": {"datetime": "2022-05-16 15:11:00", "elapsed": 14604.241909, "delta": 175.661592}}
{"target": 64.47371721057763, "params": {"log_nD": 20.739837832007495, "log_nNe": 19.63130516553722}, "datetime": {"datetime": "2022-05-16 15:13:55", "elapsed": 14779.698382, "delta": 175.456473}}
{"target": 64.47724274919455, "params": {"log_nD": 20.73976623034207, "log_nNe": 19.63129518263729}, "datetime": {"datetime": "2022-05-16 15:16:52", "elapsed": 14956.726613, "delta": 177.028231}}
{"target": 64.47709507465382, "params": {"log_nD": 20.73976896189808, "log_nNe": 19.63129570092679}, "datetime": {"datetime": "2022-05-16 15:19:49", "elapsed": 15133.385614, "delta": 176.659001}}
{"target": 64.47696591816029, "params": {"log_nD": 20.739780495059122, "log_nNe": 19.63129274031687}, "datetime": {"datetime": "2022-05-16 15:22:43", "elapsed": 15308.044581, "delta": 174.658967}}
{"target": 64.29997833183164, "params": {"log_nD": 20.74385176151361, "log_nNe": 19.6316049686773}, "datetime": {"datetime": "2022-05-16 15:25:39", "elapsed": 15483.498772, "delta": 175.454191}}
{"target": 64.47552175125867, "params": {"log_nD": 20.739788936279005, "log_nNe": 19.631304628976434}, "datetime": {"datetime": "2022-05-16 15:28:34", "elapsed": 15658.992384, "delta": 175.493612}}
{"target": 64.32471661721154, "params": {"log_nD": 20.741886759721087, "log_nNe": 19.632087154697853}, "datetime": {"datetime": "2022-05-16 15:31:30", "elapsed": 15834.266553, "delta": 175.274169}}
{"target": 64.0538638792114, "params": {"log_nD": 20.74168970725206, "log_nNe": 19.634960387622307}, "datetime": {"datetime": "2022-05-16 15:34:25", "elapsed": 16009.8702, "delta": 175.603647}}
{"target": 64.38230610222115, "params": {"log_nD": 20.74094118956898, "log_nNe": 19.631843521301864}, "datetime": {"datetime": "2022-05-16 15:37:21", "elapsed": 16185.499636, "delta": 175.629436}}
{"target": 64.24410924106192, "params": {"log_nD": 20.739898563792188, "log_nNe": 19.633665666961182}, "datetime": {"datetime": "2022-05-16 15:40:16", "elapsed": 16360.694521, "delta": 175.194885}}
{"target": 64.47697827257467, "params": {"log_nD": 20.739765217047605, "log_nNe": 19.63129831531111}, "datetime": {"datetime": "2022-05-16 15:43:12", "elapsed": 16536.971518, "delta": 176.276997}}
{"target": 63.968466619798185, "params": {"log_nD": 20.743105055864948, "log_nNe": 19.635308834238657}, "datetime": {"datetime": "2022-05-16 15:46:09", "elapsed": 16713.283344, "delta": 176.311826}}
{"target": 64.0237152112482, "params": {"log_nD": 20.744076306653355, "log_nNe": 19.63437552521444}, "datetime": {"datetime": "2022-05-16 15:49:05", "elapsed": 16890.042972, "delta": 176.759628}}
{"target": 64.11087060327513, "params": {"log_nD": 20.740577650038357, "log_nNe": 19.634788214419324}, "datetime": {"datetime": "2022-05-16 15:52:02", "elapsed": 17066.322382, "delta": 176.27941}}
{"target": 63.95804620611856, "params": {"log_nD": 20.742745955316092, "log_nNe": 19.635550595317664}, "datetime": {"datetime": "2022-05-16 15:55:00", "elapsed": 17244.539509, "delta": 178.217127}}
{"target": 64.47579962379751, "params": {"log_nD": 20.73977865872547, "log_nNe": 19.631305571985425}, "datetime": {"datetime": "2022-05-16 15:57:59", "elapsed": 17423.864533, "delta": 179.325024}}
{"target": 64.19303988214091, "params": {"log_nD": 20.741887793134076, "log_nNe": 19.633450189622963}, "datetime": {"datetime": "2022-05-16 16:00:58", "elapsed": 17602.143768, "delta": 178.279235}}
{"target": 64.4766256997517, "params": {"log_nD": 20.7397676220775, "log_nNe": 19.631301089267993}, "datetime": {"datetime": "2022-05-16 16:04:24", "elapsed": 17808.205523, "delta": 206.061755}}
