{"target": -500.0, "params": {"log_nD": 19.26717349113842, "log_nNe": 15.155557390967347}, "datetime": {"datetime": "2022-05-02 16:47:31", "elapsed": 0.0, "delta": 0.0}}
{"target": -500.0, "params": {"log_nD": 19.858244884969288, "log_nNe": 17.61193435570966}, "datetime": {"datetime": "2022-05-02 16:48:35", "elapsed": 64.248252, "delta": 64.248252}}
{"target": -500.0, "params": {"log_nD": 19.185912570854942, "log_nNe": 16.982008926023244}, "datetime": {"datetime": "2022-05-02 16:54:38", "elapsed": 426.940549, "delta": 362.692297}}
{"target": -175.94767895012268, "params": {"log_nD": 18.06417289699678, "log_nNe": 18.715625798103982}, "datetime": {"datetime": "2022-05-02 16:57:47", "elapsed": 615.689953, "delta": 188.749404}}
{"target": -500.0, "params": {"log_nD": 18.55820430310752, "log_nNe": 16.6009636506172}, "datetime": {"datetime": "2022-05-02 17:04:53", "elapsed": 1041.444496, "delta": 425.754543}}
{"target": -222.952341786784, "params": {"log_nD": 20.229895930400332, "log_nNe": 18.174852565662235}, "datetime": {"datetime": "2022-05-02 17:07:21", "elapsed": 1189.948866, "delta": 148.50437}}
{"target": -500.0, "params": {"log_nD": 17.699815715793655, "log_nNe": 18.08146872759448}, "datetime": {"datetime": "2022-05-02 17:09:43", "elapsed": 1332.106149, "delta": 142.157283}}
{"target": -500.0, "params": {"log_nD": 17.959087301363958, "log_nNe": 19.71201088690004}, "datetime": {"datetime": "2022-05-02 17:10:20", "elapsed": 1368.730662, "delta": 36.624513}}
{"target": -123.02679645386392, "params": {"log_nD": 21.440671521725342, "log_nNe": 17.965421024291565}, "datetime": {"datetime": "2022-05-02 17:12:22", "elapsed": 1490.611495, "delta": 121.880833}}
{"target": -500.0, "params": {"log_nD": 21.40211972385883, "log_nNe": 15.477872862054365}, "datetime": {"datetime": "2022-05-02 17:13:01", "elapsed": 1529.985543, "delta": 39.374048}}
{"target": -500.0, "params": {"log_nD": 22.18834456512583, "log_nNe": 16.210212821306182}, "datetime": {"datetime": "2022-05-02 17:13:57", "elapsed": 1585.965435, "delta": 55.979892}}
{"target": -500.0, "params": {"log_nD": 17.002126375566636, "log_nNe": 19.726228794727056}, "datetime": {"datetime": "2022-05-02 17:14:40", "elapsed": 1628.597658, "delta": 42.632223}}
{"target": -122.16640976685889, "params": {"log_nD": 19.959974515243278, "log_nNe": 18.560262664771596}, "datetime": {"datetime": "2022-05-02 17:20:24", "elapsed": 1972.708444, "delta": 344.110786}}
{"target": -500.0, "params": {"log_nD": 19.359782351936605, "log_nNe": 17.312397698581737}, "datetime": {"datetime": "2022-05-02 17:28:10", "elapsed": 2438.458369, "delta": 465.749925}}
{"target": -109.61764424813579, "params": {"log_nD": 20.25359011500132, "log_nNe": 18.704662336213648}, "datetime": {"datetime": "2022-05-02 17:30:36", "elapsed": 2584.476412, "delta": 146.018043}}
{"target": -113.21934827932283, "params": {"log_nD": 21.143796510187403, "log_nNe": 18.43217683689754}, "datetime": {"datetime": "2022-05-02 17:32:42", "elapsed": 2710.410044, "delta": 125.933632}}
{"target": -126.89334882748409, "params": {"log_nD": 18.89041184207743, "log_nNe": 18.806232587662866}, "datetime": {"datetime": "2022-05-02 17:35:38", "elapsed": 2886.69607, "delta": 176.286026}}
{"target": -113.43313913047345, "params": {"log_nD": 19.73076082772893, "log_nNe": 19.043706412761445}, "datetime": {"datetime": "2022-05-02 17:38:24", "elapsed": 3052.578841, "delta": 165.882771}}
{"target": -500.0, "params": {"log_nD": 21.86677880567182, "log_nNe": 18.45965807229142}, "datetime": {"datetime": "2022-05-02 17:39:00", "elapsed": 3089.021438, "delta": 36.442597}}
{"target": -127.62669321820574, "params": {"log_nD": 21.056699376849274, "log_nNe": 18.06774557986894}, "datetime": {"datetime": "2022-05-02 17:40:50", "elapsed": 3198.937787, "delta": 109.916349}}
{"target": -111.05570189806454, "params": {"log_nD": 20.786721111254305, "log_nNe": 18.610089016571003}, "datetime": {"datetime": "2022-05-02 17:42:57", "elapsed": 3326.22805, "delta": 127.290263}}
{"target": -108.33664968257519, "params": {"log_nD": 20.40233922197056, "log_nNe": 19.346919239901904}, "datetime": {"datetime": "2022-05-02 17:45:39", "elapsed": 3487.457779, "delta": 161.229729}}
{"target": -101.27471386231089, "params": {"log_nD": 20.13606207640419, "log_nNe": 19.099370278272282}, "datetime": {"datetime": "2022-05-02 17:48:24", "elapsed": 3652.847191, "delta": 165.389412}}
{"target": -110.65378934987147, "params": {"log_nD": 20.121053529298084, "log_nNe": 20.082297308737456}, "datetime": {"datetime": "2022-05-02 17:51:29", "elapsed": 3837.697868, "delta": 184.850677}}
{"target": -500.0, "params": {"log_nD": 20.73459857355575, "log_nNe": 20.408399039030947}, "datetime": {"datetime": "2022-05-02 17:53:07", "elapsed": 3935.598309, "delta": 97.900441}}
{"target": -500.0, "params": {"log_nD": 19.859805652814526, "log_nNe": 19.78804554703942}, "datetime": {"datetime": "2022-05-02 17:53:44", "elapsed": 3972.967968, "delta": 37.369659}}
{"target": -101.81747289653188, "params": {"log_nD": 20.513764786304097, "log_nNe": 19.041795612340362}, "datetime": {"datetime": "2022-05-02 17:56:15", "elapsed": 4123.515186, "delta": 150.547218}}
{"target": -116.44522940898578, "params": {"log_nD": 19.915066743322697, "log_nNe": 18.83413002411956}, "datetime": {"datetime": "2022-05-02 17:58:54", "elapsed": 4282.876909, "delta": 159.361723}}
{"target": -132.55942064322525, "params": {"log_nD": 17.368138231706354, "log_nNe": 18.74911707179208}, "datetime": {"datetime": "2022-05-02 18:02:00", "elapsed": 4468.810861, "delta": 185.933952}}
{"target": -500.0, "params": {"log_nD": 17.875046362836894, "log_nNe": 18.37261134505429}, "datetime": {"datetime": "2022-05-02 18:03:43", "elapsed": 4572.077691, "delta": 103.26683}}
{"target": -125.37711215257485, "params": {"log_nD": 19.406607335068127, "log_nNe": 18.793002141418906}, "datetime": {"datetime": "2022-05-02 18:06:28", "elapsed": 4736.46913, "delta": 164.391439}}
{"target": -171.08322098701166, "params": {"log_nD": 20.087508840595405, "log_nNe": 20.327583535767644}, "datetime": {"datetime": "2022-05-02 18:09:42", "elapsed": 4930.580054, "delta": 194.110924}}
{"target": -125.26475593712144, "params": {"log_nD": 18.450503214666778, "log_nNe": 18.923210930206416}, "datetime": {"datetime": "2022-05-02 18:12:35", "elapsed": 5103.881421, "delta": 173.301367}}
{"target": -110.6825350738104, "params": {"log_nD": 20.319019182110367, "log_nNe": 20.000988444466508}, "datetime": {"datetime": "2022-05-02 18:15:35", "elapsed": 5283.436724, "delta": 179.555303}}
{"target": -137.9821047191111, "params": {"log_nD": 21.325278848197165, "log_nNe": 17.601631892682978}, "datetime": {"datetime": "2022-05-02 18:17:28", "elapsed": 5396.836542, "delta": 113.399818}}
{"target": -206.95417022472026, "params": {"log_nD": 17.0, "log_nNe": 18.70315890666049}, "datetime": {"datetime": "2022-05-02 18:20:39", "elapsed": 5587.647363, "delta": 190.810821}}
{"target": -91.11919682340573, "params": {"log_nD": 20.8998185178691, "log_nNe": 19.21683389867849}, "datetime": {"datetime": "2022-05-02 18:23:08", "elapsed": 5736.82931, "delta": 149.181947}}
{"target": -98.5466615230101, "params": {"log_nD": 21.01964004911605, "log_nNe": 18.947516855601364}, "datetime": {"datetime": "2022-05-02 18:25:29", "elapsed": 5877.541259, "delta": 140.711949}}
{"target": -63.434952949279044, "params": {"log_nD": 21.52258222278894, "log_nNe": 18.9485678219673}, "datetime": {"datetime": "2022-05-02 18:27:57", "elapsed": 6025.481559, "delta": 147.9403}}
{"target": -66.21572294658719, "params": {"log_nD": 21.495403814806394, "log_nNe": 18.946953151846277}, "datetime": {"datetime": "2022-05-02 18:30:24", "elapsed": 6172.644447, "delta": 147.162888}}
{"target": -80.36908699272817, "params": {"log_nD": 21.59674670657784, "log_nNe": 19.233608318236307}, "datetime": {"datetime": "2022-05-02 18:33:07", "elapsed": 6336.03079, "delta": 163.386343}}
{"target": -57.80657626342895, "params": {"log_nD": 21.58220762174579, "log_nNe": 19.07712358290152}, "datetime": {"datetime": "2022-05-02 18:35:41", "elapsed": 6490.033239, "delta": 154.002449}}
{"target": -500.0, "params": {"log_nD": 18.486746762993597, "log_nNe": 16.66226911122511}, "datetime": {"datetime": "2022-05-02 18:42:50", "elapsed": 6918.712422, "delta": 428.679183}}
{"target": -500.0, "params": {"log_nD": 22.16714154115932, "log_nNe": 19.54937811625062}, "datetime": {"datetime": "2022-05-02 18:43:27", "elapsed": 6956.288195, "delta": 37.575773}}
{"target": -500.0, "params": {"log_nD": 17.581237699927623, "log_nNe": 19.870887642178477}, "datetime": {"datetime": "2022-05-02 18:44:20", "elapsed": 7009.280177, "delta": 52.991982}}
{"target": -66.07754595915893, "params": {"log_nD": 21.270433134387133, "log_nNe": 19.331957557136494}, "datetime": {"datetime": "2022-05-02 18:46:51", "elapsed": 7160.236703, "delta": 150.956526}}
{"target": -500.0, "params": {"log_nD": 17.0, "log_nNe": 15.0}, "datetime": {"datetime": "2022-05-02 18:54:22", "elapsed": 7611.346349, "delta": 451.109646}}
{"target": -75.41700886119865, "params": {"log_nD": 20.869863110411792, "log_nNe": 19.56070250275615}, "datetime": {"datetime": "2022-05-02 18:57:00", "elapsed": 7769.165811, "delta": 157.819462}}
{"target": -500.0, "params": {"log_nD": 17.00205605213441, "log_nNe": 16.6816544617851}, "datetime": {"datetime": "2022-05-02 19:04:26", "elapsed": 8214.817612, "delta": 445.651801}}
{"target": -500.0, "params": {"log_nD": 18.008368542568913, "log_nNe": 18.168912062526456}, "datetime": {"datetime": "2022-05-02 19:06:33", "elapsed": 8342.069045, "delta": 127.251433}}
{"target": -67.35389735351977, "params": {"log_nD": 21.213592835921524, "log_nNe": 19.577768077621176}, "datetime": {"datetime": "2022-05-02 19:09:11", "elapsed": 8499.843125, "delta": 157.77408}}
{"target": -123.33767452248395, "params": {"log_nD": 17.692279954758472, "log_nNe": 19.003083783842133}, "datetime": {"datetime": "2022-05-02 19:12:02", "elapsed": 8670.588843, "delta": 170.745718}}
{"target": -126.66462448386392, "params": {"log_nD": 18.887992480864643, "log_nNe": 18.814654794353995}, "datetime": {"datetime": "2022-05-02 19:14:58", "elapsed": 8846.673708, "delta": 176.084865}}
{"target": -500.0, "params": {"log_nD": 21.358658878742126, "log_nNe": 16.756540328217206}, "datetime": {"datetime": "2022-05-02 19:15:37", "elapsed": 8885.897234, "delta": 39.223526}}
{"target": -73.08686574938709, "params": {"log_nD": 21.090187130663622, "log_nNe": 19.452841263327375}, "datetime": {"datetime": "2022-05-02 19:18:13", "elapsed": 9041.418433, "delta": 155.521199}}
{"target": -500.0, "params": {"log_nD": 18.731223130633655, "log_nNe": 20.984862340302072}, "datetime": {"datetime": "2022-05-02 19:18:43", "elapsed": 9072.022907, "delta": 30.604474}}
{"target": -500.0, "params": {"log_nD": 22.2, "log_nNe": 21.0}, "datetime": {"datetime": "2022-05-02 19:19:21", "elapsed": 9110.083884, "delta": 38.060977}}
{"target": -500.0, "params": {"log_nD": 17.056760038567944, "log_nNe": 20.99549662258818}, "datetime": {"datetime": "2022-05-02 19:19:52", "elapsed": 9141.031774, "delta": 30.94789}}
{"target": -66.06758900440462, "params": {"log_nD": 21.378259283131538, "log_nNe": 19.46437786299035}, "datetime": {"datetime": "2022-05-02 19:22:28", "elapsed": 9296.986152, "delta": 155.954378}}
{"target": -58.84383639608542, "params": {"log_nD": 21.44333849776371, "log_nNe": 19.140293965555564}, "datetime": {"datetime": "2022-05-02 19:24:58", "elapsed": 9446.947026, "delta": 149.960874}}
{"target": -500.0, "params": {"log_nD": 20.39332829471145, "log_nNe": 15.007302028933386}, "datetime": {"datetime": "2022-05-02 19:26:15", "elapsed": 9523.58301, "delta": 76.635984}}
{"target": -500.0, "params": {"log_nD": 22.2, "log_nNe": 15.0}, "datetime": {"datetime": "2022-05-02 19:27:10", "elapsed": 9578.487324, "delta": 54.904314}}
{"target": -500.0, "params": {"log_nD": 22.195838256403533, "log_nNe": 17.401079865800288}, "datetime": {"datetime": "2022-05-02 19:28:05", "elapsed": 9633.918815, "delta": 55.431491}}
{"target": -122.7001706184332, "params": {"log_nD": 17.33070189770028, "log_nNe": 19.02132302795674}, "datetime": {"datetime": "2022-05-02 19:30:56", "elapsed": 9804.403283, "delta": 170.484468}}
{"target": -500.0, "params": {"log_nD": 18.15473728169394, "log_nNe": 15.0}, "datetime": {"datetime": "2022-05-02 19:38:19", "elapsed": 10248.027632, "delta": 443.624349}}
{"target": -57.095858235766556, "params": {"log_nD": 21.514854481715247, "log_nNe": 19.068358102249324}, "datetime": {"datetime": "2022-05-02 19:40:49", "elapsed": 10398.28799, "delta": 150.260358}}
{"target": -84.49955789600634, "params": {"log_nD": 20.67759686890467, "log_nNe": 19.448752502405444}, "datetime": {"datetime": "2022-05-02 19:43:29", "elapsed": 10557.392787, "delta": 159.104797}}
{"target": -123.69682137159691, "params": {"log_nD": 18.09099497622371, "log_nNe": 18.989212381276715}, "datetime": {"datetime": "2022-05-02 19:46:20", "elapsed": 10729.293083, "delta": 171.900296}}
{"target": -500.0, "params": {"log_nD": 19.299925821989277, "log_nNe": 18.32483567372482}, "datetime": {"datetime": "2022-05-02 19:47:56", "elapsed": 10824.677987, "delta": 95.384904}}
{"target": -119.4579621175888, "params": {"log_nD": 19.299097470784975, "log_nNe": 19.028660340123135}, "datetime": {"datetime": "2022-05-02 19:50:46", "elapsed": 10995.198518, "delta": 170.520531}}
{"target": -500.0, "params": {"log_nD": 20.17148592976656, "log_nNe": 16.311658976207767}, "datetime": {"datetime": "2022-05-02 19:52:22", "elapsed": 11090.469498, "delta": 95.27098}}
{"target": -244.66619252221892, "params": {"log_nD": 20.858296934814962, "log_nNe": 17.58450755220432}, "datetime": {"datetime": "2022-05-02 19:54:28", "elapsed": 11217.267744, "delta": 126.798246}}
{"target": -135.74984755778, "params": {"log_nD": 21.239682777376924, "log_nNe": 17.83205055320907}, "datetime": {"datetime": "2022-05-02 19:56:16", "elapsed": 11324.361247, "delta": 107.093503}}
{"target": -59.17044127699428, "params": {"log_nD": 21.41628246310306, "log_nNe": 19.25670297728645}, "datetime": {"datetime": "2022-05-02 19:58:47", "elapsed": 11475.425961, "delta": 151.064714}}
{"target": -500.0, "params": {"log_nD": 17.006472366074004, "log_nNe": 17.701003512688537}, "datetime": {"datetime": "2022-05-02 20:02:26", "elapsed": 11694.691873, "delta": 219.265912}}
{"target": -73.64951440330036, "params": {"log_nD": 20.598058090643523, "log_nNe": 19.674036768947573}, "datetime": {"datetime": "2022-05-02 20:05:13", "elapsed": 11862.190178, "delta": 167.498305}}
{"target": -110.4263362711199, "params": {"log_nD": 21.395371969735137, "log_nNe": 19.80223086059315}, "datetime": {"datetime": "2022-05-02 20:08:26", "elapsed": 12054.712588, "delta": 192.52241}}
{"target": -500.0, "params": {"log_nD": 19.744582229086372, "log_nNe": 21.0}, "datetime": {"datetime": "2022-05-02 20:08:57", "elapsed": 12085.975522, "delta": 31.262934}}
{"target": -81.35518869171537, "params": {"log_nD": 21.00841501257086, "log_nNe": 19.740536995982644}, "datetime": {"datetime": "2022-05-02 20:11:37", "elapsed": 12246.212248, "delta": 160.236726}}
{"target": -119.92748280203172, "params": {"log_nD": 20.74263441218819, "log_nNe": 18.29056294700947}, "datetime": {"datetime": "2022-05-02 20:13:34", "elapsed": 12362.42416, "delta": 116.211912}}
{"target": -57.23243834398691, "params": {"log_nD": 21.560349020402455, "log_nNe": 19.009357438632836}, "datetime": {"datetime": "2022-05-02 20:16:05", "elapsed": 12513.406842, "delta": 150.982682}}
{"target": -225.43005785306093, "params": {"log_nD": 18.53871976301406, "log_nNe": 18.661369557528335}, "datetime": {"datetime": "2022-05-02 20:19:15", "elapsed": 12704.17382, "delta": 190.766978}}
{"target": -78.94826755498376, "params": {"log_nD": 20.765104103356517, "log_nNe": 19.745489007620098}, "datetime": {"datetime": "2022-05-02 20:22:00", "elapsed": 12868.815337, "delta": 164.641517}}
{"target": -500.0, "params": {"log_nD": 17.693599345777056, "log_nNe": 15.937398002377932}, "datetime": {"datetime": "2022-05-02 20:29:27", "elapsed": 13315.570215, "delta": 446.754878}}
{"target": -81.3936456564812, "params": {"log_nD": 21.220337817605547, "log_nNe": 19.15487130577491}, "datetime": {"datetime": "2022-05-02 20:31:56", "elapsed": 13465.339357, "delta": 149.769142}}
{"target": -55.55673114631253, "params": {"log_nD": 21.517910102761974, "log_nNe": 19.119600804107137}, "datetime": {"datetime": "2022-05-02 20:34:28", "elapsed": 13616.441034, "delta": 151.101677}}
{"target": -113.19208604070376, "params": {"log_nD": 20.494979241425458, "log_nNe": 18.4991977644971}, "datetime": {"datetime": "2022-05-02 20:36:39", "elapsed": 13747.721714, "delta": 131.28068}}
{"target": -500.0, "params": {"log_nD": 17.906208608854428, "log_nNe": 21.0}, "datetime": {"datetime": "2022-05-02 20:37:08", "elapsed": 13777.150039, "delta": 29.428325}}
{"target": -102.93488352004309, "params": {"log_nD": 18.630176164109134, "log_nNe": 19.280257857314083}, "datetime": {"datetime": "2022-05-02 20:40:12", "elapsed": 13960.824525, "delta": 183.674486}}
{"target": -107.61801068843916, "params": {"log_nD": 18.847583440012063, "log_nNe": 19.55677661826706}, "datetime": {"datetime": "2022-05-02 20:43:25", "elapsed": 14153.796184, "delta": 192.971659}}
{"target": -101.20640675025734, "params": {"log_nD": 18.918930248164543, "log_nNe": 19.29937587257253}, "datetime": {"datetime": "2022-05-02 20:46:30", "elapsed": 14339.039854, "delta": 185.24367}}
{"target": -114.48256985191676, "params": {"log_nD": 18.80629362610208, "log_nNe": 20.05042925011505}, "datetime": {"datetime": "2022-05-02 20:49:46", "elapsed": 14534.379741, "delta": 195.339887}}
{"target": -500.0, "params": {"log_nD": 18.674710565149578, "log_nNe": 19.81206178716929}, "datetime": {"datetime": "2022-05-02 20:50:22", "elapsed": 14571.098165, "delta": 36.718424}}
{"target": -500.0, "params": {"log_nD": 21.947583412039112, "log_nNe": 19.528059696202483}, "datetime": {"datetime": "2022-05-02 20:50:59", "elapsed": 14608.263297, "delta": 37.165132}}
{"target": -108.80873173509308, "params": {"log_nD": 19.020152191011707, "log_nNe": 20.160133965841947}, "datetime": {"datetime": "2022-05-02 20:54:14", "elapsed": 14802.701522, "delta": 194.438225}}
{"target": -500.0, "params": {"log_nD": 19.078323359234236, "log_nNe": 19.574280207187755}, "datetime": {"datetime": "2022-05-02 20:54:51", "elapsed": 14839.807125, "delta": 37.105603}}
{"target": -133.13326747764407, "params": {"log_nD": 18.83068451320893, "log_nNe": 20.247606524679526}, "datetime": {"datetime": "2022-05-02 20:58:13", "elapsed": 15041.995551, "delta": 202.188426}}
{"target": -100.15361938103787, "params": {"log_nD": 18.801160912125866, "log_nNe": 19.431305571666968}, "datetime": {"datetime": "2022-05-02 21:01:25", "elapsed": 15233.662577, "delta": 191.667026}}
{"target": -115.224002427888, "params": {"log_nD": 18.7846191664014, "log_nNe": 19.153253329206663}, "datetime": {"datetime": "2022-05-02 21:04:18", "elapsed": 15407.188854, "delta": 173.526277}}
{"target": -124.86818645092544, "params": {"log_nD": 19.136890135556115, "log_nNe": 18.889297294425646}, "datetime": {"datetime": "2022-05-02 21:07:08", "elapsed": 15576.798079, "delta": 169.609225}}
{"target": -100.83609106545237, "params": {"log_nD": 21.210909205584954, "log_nNe": 18.72437719469746}, "datetime": {"datetime": "2022-05-02 21:09:25", "elapsed": 15714.246306, "delta": 137.448227}}
{"target": -120.91409834855364, "params": {"log_nD": 19.6081818524083, "log_nNe": 18.887032684220966}, "datetime": {"datetime": "2022-05-02 21:12:07", "elapsed": 15875.736424, "delta": 161.490118}}
{"target": -115.42299704107856, "params": {"log_nD": 18.392400655726167, "log_nNe": 19.161215358167414}, "datetime": {"datetime": "2022-05-02 21:15:01", "elapsed": 16049.944722, "delta": 174.208298}}
{"target": -500.0, "params": {"log_nD": 21.531976761321854, "log_nNe": 20.272511630907783}, "datetime": {"datetime": "2022-05-02 21:15:48", "elapsed": 16096.566189, "delta": 46.621467}}
{"target": -102.78068938336637, "params": {"log_nD": 20.732230797535077, "log_nNe": 18.939377160701042}, "datetime": {"datetime": "2022-05-02 21:18:10", "elapsed": 16238.649968, "delta": 142.083779}}
{"target": -110.28902897673032, "params": {"log_nD": 18.913429161579533, "log_nNe": 20.1109311236531}, "datetime": {"datetime": "2022-05-02 21:21:23", "elapsed": 16432.221197, "delta": 193.571229}}
{"target": -177.0835552034976, "params": {"log_nD": 19.238073990526146, "log_nNe": 20.367588758259927}, "datetime": {"datetime": "2022-05-02 21:24:45", "elapsed": 16633.415507, "delta": 201.19431}}
{"target": -107.43652240689029, "params": {"log_nD": 21.220543177648842, "log_nNe": 19.751560605264224}, "datetime": {"datetime": "2022-05-02 21:27:29", "elapsed": 16797.462081, "delta": 164.046574}}
{"target": -500.0, "params": {"log_nD": 21.592059381685107, "log_nNe": 17.711830012478448}, "datetime": {"datetime": "2022-05-02 21:28:05", "elapsed": 16834.141063, "delta": 36.678982}}
{"target": -119.86848887927137, "params": {"log_nD": 21.32595283588109, "log_nNe": 18.148255229635645}, "datetime": {"datetime": "2022-05-02 21:30:04", "elapsed": 16953.047326, "delta": 118.906263}}
