{"target": -500.0, "params": {"log_nD": 19.26717349113842, "log_nNe": 15.155557390967347}, "datetime": {"datetime": "2022-05-02 12:05:04", "elapsed": 0.0, "delta": 0.0}}
{"target": -500.0, "params": {"log_nD": 19.858244884969288, "log_nNe": 17.61193435570966}, "datetime": {"datetime": "2022-05-02 12:05:57", "elapsed": 53.325446, "delta": 53.325446}}
{"target": -500.0, "params": {"log_nD": 19.185912570854942, "log_nNe": 16.982008926023244}, "datetime": {"datetime": "2022-05-02 12:06:56", "elapsed": 112.553965, "delta": 59.228519}}
{"target": -500.0, "params": {"log_nD": 18.06417289699678, "log_nNe": 18.715625798103982}, "datetime": {"datetime": "2022-05-02 12:07:53", "elapsed": 168.761919, "delta": 56.207954}}
{"target": -500.0, "params": {"log_nD": 18.55820430310752, "log_nNe": 16.6009636506172}, "datetime": {"datetime": "2022-05-02 12:08:57", "elapsed": 232.901855, "delta": 64.139936}}
{"target": -204.89070487754935, "params": {"log_nD": 20.229895930400332, "log_nNe": 18.174852565662235}, "datetime": {"datetime": "2022-05-02 12:11:10", "elapsed": 366.34364, "delta": 133.441785}}
{"target": -500.0, "params": {"log_nD": 17.699815715793655, "log_nNe": 18.08146872759448}, "datetime": {"datetime": "2022-05-02 12:12:06", "elapsed": 421.646894, "delta": 55.303254}}
{"target": -500.0, "params": {"log_nD": 17.959087301363958, "log_nNe": 19.71201088690004}, "datetime": {"datetime": "2022-05-02 12:12:43", "elapsed": 459.462876, "delta": 37.815982}}
{"target": -500.0, "params": {"log_nD": 21.440671521725342, "log_nNe": 17.965421024291565}, "datetime": {"datetime": "2022-05-02 12:13:21", "elapsed": 496.592423, "delta": 37.129547}}
{"target": -500.0, "params": {"log_nD": 21.40211972385883, "log_nNe": 15.477872862054365}, "datetime": {"datetime": "2022-05-02 12:13:57", "elapsed": 533.183003, "delta": 36.59058}}
{"target": -500.0, "params": {"log_nD": 22.18834456512583, "log_nNe": 16.210212821306182}, "datetime": {"datetime": "2022-05-02 12:14:36", "elapsed": 572.0626, "delta": 38.879597}}
{"target": -500.0, "params": {"log_nD": 17.002126375566636, "log_nNe": 19.726228794727056}, "datetime": {"datetime": "2022-05-02 12:15:14", "elapsed": 610.123817, "delta": 38.061217}}
{"target": -98.24413648332097, "params": {"log_nD": 19.959974515243278, "log_nNe": 18.560262664771596}, "datetime": {"datetime": "2022-05-02 12:17:34", "elapsed": 749.898746, "delta": 139.774929}}
{"target": -95.63648797452234, "params": {"log_nD": 20.153829836634788, "log_nNe": 18.648979785598996}, "datetime": {"datetime": "2022-05-02 12:19:46", "elapsed": 882.421702, "delta": 132.522956}}
{"target": -91.35536628921163, "params": {"log_nD": 19.91462562921966, "log_nNe": 18.895816044090832}, "datetime": {"datetime": "2022-05-02 12:22:05", "elapsed": 1021.113819, "delta": 138.692117}}
{"target": -94.16647486801374, "params": {"log_nD": 19.983305067926548, "log_nNe": 18.752602644330597}, "datetime": {"datetime": "2022-05-02 12:24:26", "elapsed": 1161.841723, "delta": 140.727904}}
{"target": -500.0, "params": {"log_nD": 20.052679411422595, "log_nNe": 19.61810933310045}, "datetime": {"datetime": "2022-05-02 12:25:03", "elapsed": 1199.457113, "delta": 37.61539}}
{"target": -92.5731308019614, "params": {"log_nD": 19.61719992774779, "log_nNe": 18.844118120275517}, "datetime": {"datetime": "2022-05-02 12:27:27", "elapsed": 1342.583291, "delta": 143.126178}}
{"target": -92.30611120277094, "params": {"log_nD": 19.741014424271313, "log_nNe": 18.858512800809123}, "datetime": {"datetime": "2022-05-02 12:29:48", "elapsed": 1484.480044, "delta": 141.896753}}
{"target": -500.0, "params": {"log_nD": 19.430435969438594, "log_nNe": 18.574533947273114}, "datetime": {"datetime": "2022-05-02 12:30:44", "elapsed": 1540.203899, "delta": 55.723855}}
{"target": -89.87563320116972, "params": {"log_nD": 19.598897513475364, "log_nNe": 18.978785510212383}, "datetime": {"datetime": "2022-05-02 12:33:08", "elapsed": 1683.566177, "delta": 143.362278}}
{"target": -99.6586619990373, "params": {"log_nD": 20.118599461448714, "log_nNe": 18.48359895253579}, "datetime": {"datetime": "2022-05-02 12:35:25", "elapsed": 1821.182568, "delta": 137.616391}}
{"target": -500.0, "params": {"log_nD": 19.41892163929827, "log_nNe": 20.923560236316973}, "datetime": {"datetime": "2022-05-02 12:35:57", "elapsed": 1853.285717, "delta": 32.103149}}
{"target": -89.7459520205954, "params": {"log_nD": 20.557098094393695, "log_nNe": 18.7339413356776}, "datetime": {"datetime": "2022-05-02 12:37:48", "elapsed": 1964.543636, "delta": 111.257919}}
{"target": -500.0, "params": {"log_nD": 18.434470477609896, "log_nNe": 15.224020434817515}, "datetime": {"datetime": "2022-05-02 12:38:53", "elapsed": 2029.072245, "delta": 64.528609}}
{"target": -87.99360551098921, "params": {"log_nD": 20.39817911816951, "log_nNe": 18.91395807121563}, "datetime": {"datetime": "2022-05-02 12:40:52", "elapsed": 2148.222576, "delta": 119.150331}}
{"target": -77.41733548950035, "params": {"log_nD": 20.773915279803155, "log_nNe": 18.98949595761462}, "datetime": {"datetime": "2022-05-02 12:42:51", "elapsed": 2266.648734, "delta": 118.426158}}
{"target": -36.541311088719624, "params": {"log_nD": 21.178682999077637, "log_nNe": 19.152417260020023}, "datetime": {"datetime": "2022-05-02 12:45:16", "elapsed": 2412.325249, "delta": 145.676515}}
{"target": -500.0, "params": {"log_nD": 17.368138231706354, "log_nNe": 18.74911707179208}, "datetime": {"datetime": "2022-05-02 12:46:13", "elapsed": 2469.383013, "delta": 57.057764}}
{"target": -500.0, "params": {"log_nD": 17.875046362836894, "log_nNe": 18.37261134505429}, "datetime": {"datetime": "2022-05-02 12:47:10", "elapsed": 2526.283748, "delta": 56.900735}}
{"target": -13.32178367989415, "params": {"log_nD": 21.213221233661756, "log_nNe": 19.453439867398156}, "datetime": {"datetime": "2022-05-02 12:49:45", "elapsed": 2680.896442, "delta": 154.612694}}
{"target": -73.7347820300875, "params": {"log_nD": 21.522796562614996, "log_nNe": 19.410352077440614}, "datetime": {"datetime": "2022-05-02 12:52:30", "elapsed": 2846.1103, "delta": 165.213858}}
{"target": -113.42733258466355, "params": {"log_nD": 21.34234433097744, "log_nNe": 19.882346800416038}, "datetime": {"datetime": "2022-05-02 12:55:25", "elapsed": 3020.853882, "delta": 174.743582}}
{"target": -37.972005452979076, "params": {"log_nD": 21.031382908666227, "log_nNe": 19.332301341489135}, "datetime": {"datetime": "2022-05-02 12:57:47", "elapsed": 3163.511913, "delta": 142.658031}}
{"target": -500.0, "params": {"log_nD": 22.2, "log_nNe": 20.146345273803792}, "datetime": {"datetime": "2022-05-02 12:58:26", "elapsed": 3202.285597, "delta": 38.773684}}
{"target": -8.985404988941553, "params": {"log_nD": 21.25333610567879, "log_nNe": 19.32309810748143}, "datetime": {"datetime": "2022-05-02 13:00:59", "elapsed": 3354.84054, "delta": 152.554943}}
{"target": -500.0, "params": {"log_nD": 17.0, "log_nNe": 15.0}, "datetime": {"datetime": "2022-05-02 13:02:04", "elapsed": 3420.199194, "delta": 65.358654}}
{"target": -500.0, "params": {"log_nD": 21.097784899715272, "log_nNe": 21.0}, "datetime": {"datetime": "2022-05-02 13:09:55", "elapsed": 3891.494132, "delta": 471.294938}}
{"target": -9.975037036489729, "params": {"log_nD": 21.52258222278894, "log_nNe": 18.9485678219673}, "datetime": {"datetime": "2022-05-02 13:12:26", "elapsed": 4042.411847, "delta": 150.917715}}
{"target": -500.0, "params": {"log_nD": 21.955287799703253, "log_nNe": 18.90282464342736}, "datetime": {"datetime": "2022-05-02 13:13:04", "elapsed": 4080.519058, "delta": 38.107211}}
{"target": -11.386901969166757, "params": {"log_nD": 21.408797738079397, "log_nNe": 19.00720113680091}, "datetime": {"datetime": "2022-05-02 13:15:32", "elapsed": 4228.508256, "delta": 147.989198}}
{"target": -36.59607414498343, "params": {"log_nD": 21.36887191523973, "log_nNe": 18.790449591382416}, "datetime": {"datetime": "2022-05-02 13:17:51", "elapsed": 4367.345398, "delta": 138.837142}}
{"target": -500.0, "params": {"log_nD": 18.486746762993597, "log_nNe": 16.66226911122511}, "datetime": {"datetime": "2022-05-02 13:18:56", "elapsed": 4431.80951, "delta": 64.464112}}
{"target": -500.0, "params": {"log_nD": 17.12327028071663, "log_nNe": 20.98627907456285}, "datetime": {"datetime": "2022-05-02 13:26:40", "elapsed": 4895.772872, "delta": 463.963362}}
{"target": -500.0, "params": {"log_nD": 17.581237699927623, "log_nNe": 19.870887642178477}, "datetime": {"datetime": "2022-05-02 13:27:19", "elapsed": 4935.483976, "delta": 39.711104}}
{"target": -500.0, "params": {"log_nD": 17.0, "log_nNe": 16.67362147009603}, "datetime": {"datetime": "2022-05-02 13:28:26", "elapsed": 5002.064928, "delta": 66.580952}}
{"target": -11.094938765735325, "params": {"log_nD": 21.47273774996967, "log_nNe": 18.95158340141021}, "datetime": {"datetime": "2022-05-02 13:30:54", "elapsed": 5149.927968, "delta": 147.86304}}
{"target": -9.323105894204826, "params": {"log_nD": 21.47369779117352, "log_nNe": 19.111084769616006}, "datetime": {"datetime": "2022-05-02 13:33:27", "elapsed": 5302.83175, "delta": 152.903782}}
{"target": -41.659928438186, "params": {"log_nD": 21.037084402225183, "log_nNe": 19.738707568284127}, "datetime": {"datetime": "2022-05-02 13:36:01", "elapsed": 5457.364835, "delta": 154.533085}}
{"target": -500.0, "params": {"log_nD": 18.008368542568913, "log_nNe": 18.168912062526456}, "datetime": {"datetime": "2022-05-02 13:36:58", "elapsed": 5514.339926, "delta": 56.975091}}
{"target": -500.0, "params": {"log_nD": 20.343921982012795, "log_nNe": 16.242981915430935}, "datetime": {"datetime": "2022-05-02 13:37:50", "elapsed": 5566.446192, "delta": 52.106266}}
{"target": -8.593799854287285, "params": {"log_nD": 21.371614722154774, "log_nNe": 19.17344835032419}, "datetime": {"datetime": "2022-05-02 13:40:18", "elapsed": 5714.446442, "delta": 148.00025}}
{"target": -75.19083046693923, "params": {"log_nD": 21.03402912163455, "log_nNe": 18.68182913082976}, "datetime": {"datetime": "2022-05-02 13:42:15", "elapsed": 5831.324813, "delta": 116.878371}}
{"target": -500.0, "params": {"log_nD": 22.2, "log_nNe": 15.0}, "datetime": {"datetime": "2022-05-02 13:42:55", "elapsed": 5871.238981, "delta": 39.914168}}
{"target": -500.0, "params": {"log_nD": 20.41734586266045, "log_nNe": 15.0}, "datetime": {"datetime": "2022-05-02 13:43:45", "elapsed": 5920.976764, "delta": 49.737783}}
{"target": -500.0, "params": {"log_nD": 18.353091211254224, "log_nNe": 20.99828867254174}, "datetime": {"datetime": "2022-05-02 14:16:33", "elapsed": 7889.465764, "delta": 1968.489}}
{"target": -9.361153597104058, "params": {"log_nD": 21.475208189580734, "log_nNe": 19.034045996249084}, "datetime": {"datetime": "2022-05-02 14:19:04", "elapsed": 8040.279067, "delta": 150.813303}}
{"target": -10.314738249195702, "params": {"log_nD": 21.338318804665953, "log_nNe": 19.310680695404077}, "datetime": {"datetime": "2022-05-02 14:21:37", "elapsed": 8192.567884, "delta": 152.288817}}
{"target": -111.2625213364081, "params": {"log_nD": 20.9211285320098, "log_nNe": 20.11803331266814}, "datetime": {"datetime": "2022-05-02 14:24:32", "elapsed": 8367.913596, "delta": 175.345712}}
{"target": -500.0, "params": {"log_nD": 22.181274054651574, "log_nNe": 20.993282686151908}, "datetime": {"datetime": "2022-05-02 14:25:12", "elapsed": 8408.353658, "delta": 40.440062}}
{"target": -500.0, "params": {"log_nD": 18.996143340344435, "log_nNe": 19.471710568147827}, "datetime": {"datetime": "2022-05-02 14:25:51", "elapsed": 8446.834053, "delta": 38.480395}}
{"target": -500.0, "params": {"log_nD": 22.2, "log_nNe": 17.201262932887403}, "datetime": {"datetime": "2022-05-02 14:26:30", "elapsed": 8486.382602, "delta": 39.548549}}
{"target": -6.445979319988544, "params": {"log_nD": 20.806706062403023, "log_nNe": 19.57978304529394}, "datetime": {"datetime": "2022-05-02 14:28:54", "elapsed": 8629.703955, "delta": 143.321353}}
{"target": -6.468982495521836, "params": {"log_nD": 20.891972929118168, "log_nNe": 19.580883537270466}, "datetime": {"datetime": "2022-05-02 14:31:19", "elapsed": 8775.545737, "delta": 145.841782}}
{"target": -29.059957810014424, "params": {"log_nD": 20.800900932332585, "log_nNe": 19.76255279096788}, "datetime": {"datetime": "2022-05-02 14:33:52", "elapsed": 8928.207321, "delta": 152.661584}}
{"target": -47.67501787201059, "params": {"log_nD": 20.805498765193327, "log_nNe": 19.45805197016143}, "datetime": {"datetime": "2022-05-02 14:36:12", "elapsed": 9068.264513, "delta": 140.057192}}
{"target": -7.148125561715777, "params": {"log_nD": 20.835963187874714, "log_nNe": 19.62755297400887}, "datetime": {"datetime": "2022-05-02 14:38:39", "elapsed": 9214.971157, "delta": 146.706644}}
{"target": -7.681556436092848, "params": {"log_nD": 21.0916387424104, "log_nNe": 19.499126726982258}, "datetime": {"datetime": "2022-05-02 14:41:09", "elapsed": 9364.828329, "delta": 149.857172}}
{"target": -6.550640900118234, "params": {"log_nD": 20.717381249204937, "log_nNe": 19.629316592938917}, "datetime": {"datetime": "2022-05-02 14:43:35", "elapsed": 9510.617457, "delta": 145.789128}}
{"target": -7.635593119165366, "params": {"log_nD": 21.023252671008656, "log_nNe": 19.531123165403383}, "datetime": {"datetime": "2022-05-02 14:46:02", "elapsed": 9658.162605, "delta": 147.545148}}
{"target": -6.322629716784183, "params": {"log_nD": 20.741554824885462, "log_nNe": 19.63336759125469}, "datetime": {"datetime": "2022-05-02 14:48:27", "elapsed": 9803.419975, "delta": 145.25737}}
{"target": -177.55053769425643, "params": {"log_nD": 20.483488752519353, "log_nNe": 20.35874554975019}, "datetime": {"datetime": "2022-05-02 14:51:33", "elapsed": 9989.243163, "delta": 185.823188}}
{"target": -500.0, "params": {"log_nD": 21.016395585668942, "log_nNe": 16.93712884541207}, "datetime": {"datetime": "2022-05-02 14:52:14", "elapsed": 10029.622831, "delta": 40.379668}}
{"target": -500.0, "params": {"log_nD": 20.283505310086568, "log_nNe": 20.97218364493325}, "datetime": {"datetime": "2022-05-02 15:02:17", "elapsed": 10633.085596, "delta": 603.462765}}
{"target": -74.57017603588439, "params": {"log_nD": 20.608222665178637, "log_nNe": 19.93500069867823}, "datetime": {"datetime": "2022-05-02 15:05:19", "elapsed": 10814.75227, "delta": 181.666674}}
{"target": -500.0, "params": {"log_nD": 17.01094114519885, "log_nNe": 17.593039524791234}, "datetime": {"datetime": "2022-05-02 15:06:19", "elapsed": 10874.992411, "delta": 60.240141}}
{"target": -500.0, "params": {"log_nD": 17.648755690165558, "log_nNe": 15.877607421190344}, "datetime": {"datetime": "2022-05-02 15:07:24", "elapsed": 10940.112155, "delta": 65.119744}}
{"target": -94.15441800717446, "params": {"log_nD": 20.766130512243617, "log_nNe": 18.31611956463357}, "datetime": {"datetime": "2022-05-02 15:09:07", "elapsed": 11042.662957, "delta": 102.550802}}
{"target": -500.0, "params": {"log_nD": 19.45465696244397, "log_nNe": 16.05508557393258}, "datetime": {"datetime": "2022-05-02 15:10:07", "elapsed": 11103.022153, "delta": 60.359196}}
{"target": -9.197136078942888, "params": {"log_nD": 21.415483194083837, "log_nNe": 19.104296073998682}, "datetime": {"datetime": "2022-05-02 15:12:33", "elapsed": 11249.143051, "delta": 146.120898}}
{"target": -8.552852233343074, "params": {"log_nD": 21.145448520053492, "log_nNe": 19.415182803517894}, "datetime": {"datetime": "2022-05-02 15:15:00", "elapsed": 11395.759728, "delta": 146.616677}}
{"target": -6.657848193936633, "params": {"log_nD": 20.77672064331791, "log_nNe": 19.6067301409347}, "datetime": {"datetime": "2022-05-02 15:17:22", "elapsed": 11537.719608, "delta": 141.95988}}
{"target": -9.010971805587928, "params": {"log_nD": 20.671775491688486, "log_nNe": 19.689879196386006}, "datetime": {"datetime": "2022-05-02 15:20:04", "elapsed": 11700.02915, "delta": 162.309542}}
{"target": -7.485577272705267, "params": {"log_nD": 20.86064888751097, "log_nNe": 19.599474747631362}, "datetime": {"datetime": "2022-05-02 15:22:42", "elapsed": 11857.737103, "delta": 157.707953}}
{"target": -500.0, "params": {"log_nD": 20.681557988506015, "log_nNe": 17.77935802684332}, "datetime": {"datetime": "2022-05-02 15:23:25", "elapsed": 11900.932534, "delta": 43.195431}}
{"target": -500.0, "params": {"log_nD": 21.33357518161193, "log_nNe": 20.338011360663042}, "datetime": {"datetime": "2022-05-02 15:24:10", "elapsed": 11945.912618, "delta": 44.980084}}
{"target": -7.616563868567015, "params": {"log_nD": 20.932948883181275, "log_nNe": 19.567087553263868}, "datetime": {"datetime": "2022-05-02 15:26:31", "elapsed": 12087.102823, "delta": 141.190205}}
{"target": -6.674216462365835, "params": {"log_nD": 20.812709413667733, "log_nNe": 19.595177667410972}, "datetime": {"datetime": "2022-05-02 15:28:52", "elapsed": 12227.845613, "delta": 140.74279}}
{"target": -56.99132409268508, "params": {"log_nD": 21.16119454083792, "log_nNe": 18.915253162425632}, "datetime": {"datetime": "2022-05-02 15:31:03", "elapsed": 12359.407256, "delta": 131.561643}}
{"target": -10.620101218276318, "params": {"log_nD": 21.418259866631864, "log_nNe": 19.215199954486145}, "datetime": {"datetime": "2022-05-02 15:33:31", "elapsed": 12507.283205, "delta": 147.875949}}
{"target": -88.76664680634882, "params": {"log_nD": 20.786003311596716, "log_nNe": 18.533097300707965}, "datetime": {"datetime": "2022-05-02 15:35:07", "elapsed": 12602.856524, "delta": 95.573319}}
{"target": -8.700662177678456, "params": {"log_nD": 21.30951789388599, "log_nNe": 19.24669622216914}, "datetime": {"datetime": "2022-05-02 15:37:31", "elapsed": 12747.029775, "delta": 144.173251}}
{"target": -76.39894056319257, "params": {"log_nD": 21.138866878441878, "log_nNe": 18.432397190459834}, "datetime": {"datetime": "2022-05-02 15:39:22", "elapsed": 12857.691086, "delta": 110.661311}}
{"target": -19.16789337840116, "params": {"log_nD": 21.519801939700375, "log_nNe": 18.682070111847793}, "datetime": {"datetime": "2022-05-02 15:41:39", "elapsed": 12995.323636, "delta": 137.63255}}
{"target": -12.901387619001461, "params": {"log_nD": 21.525175394149905, "log_nNe": 18.828408465081417}, "datetime": {"datetime": "2022-05-02 15:44:01", "elapsed": 13137.533368, "delta": 142.209732}}
{"target": -47.87858473364571, "params": {"log_nD": 21.3966404094163, "log_nNe": 18.56236775944764}, "datetime": {"datetime": "2022-05-02 15:46:08", "elapsed": 13264.545986, "delta": 127.012618}}
{"target": -8.187550795534236, "params": {"log_nD": 21.051297323941018, "log_nNe": 19.48369276731049}, "datetime": {"datetime": "2022-05-02 15:48:30", "elapsed": 13405.766129, "delta": 141.220143}}
{"target": -500.0, "params": {"log_nD": 17.768731042720855, "log_nNe": 15.0}, "datetime": {"datetime": "2022-05-02 15:49:32", "elapsed": 13467.898539, "delta": 62.13241}}
{"target": -500.0, "params": {"log_nD": 17.00230368281122, "log_nNe": 15.838356915650847}, "datetime": {"datetime": "2022-05-02 15:50:35", "elapsed": 13530.784225, "delta": 62.885686}}
{"target": -500.0, "params": {"log_nD": 21.284562271516137, "log_nNe": 16.258273897256394}, "datetime": {"datetime": "2022-05-02 15:51:10", "elapsed": 13566.354182, "delta": 35.569957}}
{"target": -7.168422971497542, "params": {"log_nD": 20.712124117670555, "log_nNe": 19.657221797309212}, "datetime": {"datetime": "2022-05-02 15:53:30", "elapsed": 13706.256283, "delta": 139.902101}}
{"target": -500.0, "params": {"log_nD": 17.77679315392262, "log_nNe": 17.180457698054795}, "datetime": {"datetime": "2022-05-02 15:54:30", "elapsed": 13766.253918, "delta": 59.997635}}
{"target": -171.81577022895235, "params": {"log_nD": 18.710484073874195, "log_nNe": 20.29659695916668}, "datetime": {"datetime": "2022-05-02 15:57:31", "elapsed": 13947.454325, "delta": 181.200407}}
{"target": -172.27826440967578, "params": {"log_nD": 18.28401596501012, "log_nNe": 20.308996400923082}, "datetime": {"datetime": "2022-05-02 16:00:37", "elapsed": 14132.835479, "delta": 185.381154}}
{"target": -35.83923057691182, "params": {"log_nD": 20.594925960541968, "log_nNe": 19.637160796414253}, "datetime": {"datetime": "2022-05-02 16:02:56", "elapsed": 14271.909358, "delta": 139.073879}}
{"target": -102.84027220112574, "params": {"log_nD": 18.549907528822672, "log_nNe": 20.029955038853803}, "datetime": {"datetime": "2022-05-02 16:08:42", "elapsed": 14618.388508, "delta": 346.47915}}
{"target": -58.351051636660046, "params": {"log_nD": 21.2438492871545, "log_nNe": 19.61368438221738}, "datetime": {"datetime": "2022-05-02 16:11:15", "elapsed": 14771.289242, "delta": 152.900734}}
{"target": -500.0, "params": {"log_nD": 22.17751404384038, "log_nNe": 18.02903306248718}, "datetime": {"datetime": "2022-05-02 16:11:52", "elapsed": 14808.537056, "delta": 37.247814}}
{"target": -500.0, "params": {"log_nD": 18.60000789807361, "log_nNe": 17.542591384065776}, "datetime": {"datetime": "2022-05-02 16:12:46", "elapsed": 14862.27973, "delta": 53.742674}}
{"target": -500.0, "params": {"log_nD": 17.74005123187038, "log_nNe": 20.55281102661991}, "datetime": {"datetime": "2022-05-02 16:13:23", "elapsed": 14898.688904, "delta": 36.409174}}
