{"target": -500.0, "params": {"log_nD": 19.26717349113842, "log_nNe": 15.155557390967347}, "datetime": {"datetime": "2022-04-25 21:04:20", "elapsed": 0.0, "delta": 0.0}}
{"target": -500.0, "params": {"log_nD": 19.858244884969288, "log_nNe": 17.61193435570966}, "datetime": {"datetime": "2022-04-25 21:05:20", "elapsed": 59.365666, "delta": 59.365666}}
{"target": -500.0, "params": {"log_nD": 19.185912570854942, "log_nNe": 16.982008926023244}, "datetime": {"datetime": "2022-04-25 21:10:04", "elapsed": 343.804106, "delta": 284.43844}}
{"target": -191.3803862272788, "params": {"log_nD": 18.06417289699678, "log_nNe": 18.715625798103982}, "datetime": {"datetime": "2022-04-25 21:12:49", "elapsed": 508.379234, "delta": 164.575128}}
{"target": -500.0, "params": {"log_nD": 18.55820430310752, "log_nNe": 16.6009636506172}, "datetime": {"datetime": "2022-04-25 21:18:41", "elapsed": 860.570631, "delta": 352.191397}}
{"target": -213.56664821670822, "params": {"log_nD": 20.229895930400332, "log_nNe": 18.174852565662235}, "datetime": {"datetime": "2022-04-25 21:21:09", "elapsed": 1008.615706, "delta": 148.045075}}
{"target": -500.0, "params": {"log_nD": 17.699815715793655, "log_nNe": 18.08146872759448}, "datetime": {"datetime": "2022-04-25 21:22:58", "elapsed": 1117.088845, "delta": 108.473139}}
{"target": -500.0, "params": {"log_nD": 17.959087301363958, "log_nNe": 19.71201088690004}, "datetime": {"datetime": "2022-04-25 21:23:37", "elapsed": 1156.4297, "delta": 39.340855}}
{"target": -105.64800098521863, "params": {"log_nD": 21.440671521725342, "log_nNe": 17.965421024291565}, "datetime": {"datetime": "2022-04-25 21:25:39", "elapsed": 1278.4313, "delta": 122.0016}}
{"target": -500.0, "params": {"log_nD": 21.40211972385883, "log_nNe": 15.477872862054365}, "datetime": {"datetime": "2022-04-25 21:26:17", "elapsed": 1316.142822, "delta": 37.711522}}
{"target": -500.0, "params": {"log_nD": 22.18834456512583, "log_nNe": 16.210212821306182}, "datetime": {"datetime": "2022-04-25 21:27:14", "elapsed": 1373.450882, "delta": 57.30806}}
{"target": -500.0, "params": {"log_nD": 17.002126375566636, "log_nNe": 19.726228794727056}, "datetime": {"datetime": "2022-04-25 21:27:52", "elapsed": 1411.208962, "delta": 37.75808}}
{"target": -106.19408015937245, "params": {"log_nD": 19.959974515243278, "log_nNe": 18.560262664771596}, "datetime": {"datetime": "2022-04-25 21:30:27", "elapsed": 1566.683404, "delta": 155.474442}}
{"target": -500.0, "params": {"log_nD": 19.359782351936605, "log_nNe": 17.312397698581737}, "datetime": {"datetime": "2022-04-25 21:33:14", "elapsed": 1733.593403, "delta": 166.909999}}
{"target": -101.73731720403775, "params": {"log_nD": 20.26264647409164, "log_nNe": 18.729331853888002}, "datetime": {"datetime": "2022-04-25 21:35:41", "elapsed": 1880.450897, "delta": 146.857494}}
{"target": -101.01106480176054, "params": {"log_nD": 21.19759495551489, "log_nNe": 18.4088371238347}, "datetime": {"datetime": "2022-04-25 21:37:47", "elapsed": 2006.677223, "delta": 126.226326}}
{"target": -102.35907533553583, "params": {"log_nD": 19.480090715177962, "log_nNe": 18.95626839376458}, "datetime": {"datetime": "2022-04-25 21:40:29", "elapsed": 2168.778577, "delta": 162.101354}}
{"target": -500.0, "params": {"log_nD": 21.83638721178706, "log_nNe": 18.370431315984725}, "datetime": {"datetime": "2022-04-25 21:41:06", "elapsed": 2205.371564, "delta": 36.592987}}
{"target": -114.90041854934724, "params": {"log_nD": 21.081895612645948, "log_nNe": 18.063967958807137}, "datetime": {"datetime": "2022-04-25 21:42:50", "elapsed": 2309.466363, "delta": 104.094799}}
{"target": -104.11252479946994, "params": {"log_nD": 20.84570493046774, "log_nNe": 18.560853234311555}, "datetime": {"datetime": "2022-04-25 21:44:55", "elapsed": 2434.120176, "delta": 124.653813}}
{"target": -98.38293093355088, "params": {"log_nD": 19.87436076594065, "log_nNe": 18.95922903919303}, "datetime": {"datetime": "2022-04-25 21:47:37", "elapsed": 2596.041858, "delta": 161.921682}}
{"target": -113.23083939198709, "params": {"log_nD": 18.791621101688122, "log_nNe": 18.759368574023327}, "datetime": {"datetime": "2022-04-25 21:50:24", "elapsed": 2763.166661, "delta": 167.124803}}
{"target": -500.0, "params": {"log_nD": 21.37389917962797, "log_nNe": 17.6375105658512}, "datetime": {"datetime": "2022-04-25 21:51:02", "elapsed": 2801.608125, "delta": 38.441464}}
{"target": -106.41077102465957, "params": {"log_nD": 21.312627004964668, "log_nNe": 18.134622179028455}, "datetime": {"datetime": "2022-04-25 21:52:58", "elapsed": 2917.611385, "delta": 116.00326}}
{"target": -500.0, "params": {"log_nD": 18.434470477609896, "log_nNe": 15.224020434817515}, "datetime": {"datetime": "2022-04-25 21:59:01", "elapsed": 3280.438418, "delta": 362.827033}}
{"target": -108.74353679431236, "params": {"log_nD": 20.97237462007824, "log_nNe": 18.322315665770034}, "datetime": {"datetime": "2022-04-25 22:00:53", "elapsed": 3392.110512, "delta": 111.672094}}
{"target": -111.54966435135316, "params": {"log_nD": 19.247982029861717, "log_nNe": 18.66061718070843}, "datetime": {"datetime": "2022-04-25 22:03:37", "elapsed": 3556.119339, "delta": 164.008827}}
{"target": -106.80723844153043, "params": {"log_nD": 19.67040724690895, "log_nNe": 18.73184763164853}, "datetime": {"datetime": "2022-04-25 22:06:18", "elapsed": 3717.146501, "delta": 161.027162}}
{"target": -121.88404793638043, "params": {"log_nD": 17.368138231706354, "log_nNe": 18.74911707179208}, "datetime": {"datetime": "2022-04-25 22:09:06", "elapsed": 3885.083844, "delta": 167.937343}}
{"target": -500.0, "params": {"log_nD": 17.875046362836894, "log_nNe": 18.37261134505429}, "datetime": {"datetime": "2022-04-25 22:10:21", "elapsed": 3960.352547, "delta": 75.268703}}
{"target": -100.95585882670574, "params": {"log_nD": 19.01565340552652, "log_nNe": 19.061909133960366}, "datetime": {"datetime": "2022-04-25 22:13:07", "elapsed": 4126.348604, "delta": 165.996057}}
{"target": -105.25078802134425, "params": {"log_nD": 18.484137752810494, "log_nNe": 18.999957237295625}, "datetime": {"datetime": "2022-04-25 22:15:50", "elapsed": 4289.900547, "delta": 163.551943}}
{"target": -93.1398790547832, "params": {"log_nD": 20.736342275613218, "log_nNe": 19.043151110231555}, "datetime": {"datetime": "2022-04-25 22:18:15", "elapsed": 4434.796162, "delta": 144.895615}}
{"target": -95.54994933744062, "params": {"log_nD": 20.328040801867356, "log_nNe": 19.230793521501514}, "datetime": {"datetime": "2022-04-25 22:20:53", "elapsed": 4592.256066, "delta": 157.459904}}
{"target": -92.18667809144823, "params": {"log_nD": 21.056648984729826, "log_nNe": 18.835945655573173}, "datetime": {"datetime": "2022-04-25 22:23:09", "elapsed": 4728.992558, "delta": 136.736492}}
{"target": -500.0, "params": {"log_nD": 19.808232631151238, "log_nNe": 19.54452868285131}, "datetime": {"datetime": "2022-04-25 22:23:46", "elapsed": 4765.598223, "delta": 36.605665}}
{"target": -95.99854497298676, "params": {"log_nD": 20.41843557800843, "log_nNe": 19.041115839014168}, "datetime": {"datetime": "2022-04-25 22:26:15", "elapsed": 4914.602294, "delta": 149.004071}}
{"target": -74.10791171693096, "params": {"log_nD": 20.787129552513854, "log_nNe": 19.44747818142811}, "datetime": {"datetime": "2022-04-25 22:28:50", "elapsed": 5069.737131, "delta": 155.134837}}
{"target": -45.49847329633755, "params": {"log_nD": 21.52258222278894, "log_nNe": 18.9485678219673}, "datetime": {"datetime": "2022-04-25 22:31:21", "elapsed": 5220.317765, "delta": 150.580634}}
{"target": -48.61236031392624, "params": {"log_nD": 21.495403814806394, "log_nNe": 18.946953151846277}, "datetime": {"datetime": "2022-04-25 22:33:50", "elapsed": 5369.042243, "delta": 148.724478}}
{"target": -66.52934860130146, "params": {"log_nD": 21.604353839784462, "log_nNe": 19.260813299572472}, "datetime": {"datetime": "2022-04-25 22:36:38", "elapsed": 5537.104621, "delta": 168.062378}}
{"target": -102.73071842422236, "params": {"log_nD": 21.206975443491885, "log_nNe": 19.807356946494902}, "datetime": {"datetime": "2022-04-25 22:39:24", "elapsed": 5703.819672, "delta": 166.715051}}
{"target": -500.0, "params": {"log_nD": 18.486746762993597, "log_nNe": 16.66226911122511}, "datetime": {"datetime": "2022-04-25 22:45:24", "elapsed": 6063.11297, "delta": 359.293298}}
{"target": -62.71678417224452, "params": {"log_nD": 21.156796701248638, "log_nNe": 19.344070015110276}, "datetime": {"datetime": "2022-04-25 22:47:59", "elapsed": 6218.981363, "delta": 155.868393}}
{"target": -500.0, "params": {"log_nD": 17.581237699927623, "log_nNe": 19.870887642178477}, "datetime": {"datetime": "2022-04-25 22:48:38", "elapsed": 6257.222625, "delta": 38.241262}}
{"target": -500.0, "params": {"log_nD": 21.912470768670683, "log_nNe": 20.055457116203613}, "datetime": {"datetime": "2022-04-25 22:49:19", "elapsed": 6298.395206, "delta": 41.172581}}
{"target": -42.18505049320504, "params": {"log_nD": 21.576636765204302, "log_nNe": 19.07620964704377}, "datetime": {"datetime": "2022-04-25 22:51:56", "elapsed": 6455.244903, "delta": 156.849697}}
{"target": -206.75399069373094, "params": {"log_nD": 17.003032986779807, "log_nNe": 18.546997807418386}, "datetime": {"datetime": "2022-04-25 22:54:57", "elapsed": 6636.817416, "delta": 181.572513}}
{"target": -104.86126633789733, "params": {"log_nD": 20.781860356234787, "log_nNe": 20.044005569185074}, "datetime": {"datetime": "2022-04-25 22:57:52", "elapsed": 6811.369972, "delta": 174.552556}}
{"target": -500.0, "params": {"log_nD": 18.008368542568913, "log_nNe": 18.168912062526456}, "datetime": {"datetime": "2022-04-25 22:59:26", "elapsed": 6905.8545, "delta": 94.484528}}
{"target": -500.0, "params": {"log_nD": 20.77339486486854, "log_nNe": 20.858670608166378}, "datetime": {"datetime": "2022-04-25 22:59:59", "elapsed": 6938.686843, "delta": 32.832343}}
{"target": -59.85412693702476, "params": {"log_nD": 20.915360622220415, "log_nNe": 19.728689805691737}, "datetime": {"datetime": "2022-04-25 23:02:43", "elapsed": 7102.161275, "delta": 163.474432}}
{"target": -74.09083467852308, "params": {"log_nD": 20.790942589810133, "log_nNe": 19.44589952387698}, "datetime": {"datetime": "2022-04-25 23:05:20", "elapsed": 7259.748159, "delta": 157.586884}}
{"target": -500.0, "params": {"log_nD": 21.358658878742126, "log_nNe": 16.756540328217206}, "datetime": {"datetime": "2022-04-25 23:05:59", "elapsed": 7298.083043, "delta": 38.334884}}
{"target": -500.0, "params": {"log_nD": 17.0, "log_nNe": 15.0}, "datetime": {"datetime": "2022-04-25 23:12:14", "elapsed": 7673.618481, "delta": 375.535438}}
{"target": -500.0, "params": {"log_nD": 17.0, "log_nNe": 16.797619726783026}, "datetime": {"datetime": "2022-04-25 23:18:24", "elapsed": 8043.939674, "delta": 370.321193}}
{"target": -500.0, "params": {"log_nD": 18.688361206539177, "log_nNe": 20.98298124326211}, "datetime": {"datetime": "2022-04-25 23:18:56", "elapsed": 8075.617393, "delta": 31.677719}}
{"target": -500.0, "params": {"log_nD": 17.056760038567944, "log_nNe": 20.99549662258818}, "datetime": {"datetime": "2022-04-25 23:19:29", "elapsed": 8108.055898, "delta": 32.438505}}
{"target": -104.56001798897128, "params": {"log_nD": 17.659274789619225, "log_nNe": 19.02846840000492}, "datetime": {"datetime": "2022-04-25 23:22:13", "elapsed": 8272.5615, "delta": 164.505602}}
{"target": -105.30172292412912, "params": {"log_nD": 17.21352000530034, "log_nNe": 19.009815396728243}, "datetime": {"datetime": "2022-04-25 23:24:58", "elapsed": 8437.154523, "delta": 164.593023}}
{"target": -500.0, "params": {"log_nD": 21.878894321281923, "log_nNe": 19.137621607948645}, "datetime": {"datetime": "2022-04-25 23:25:35", "elapsed": 8474.443748, "delta": 37.289225}}
{"target": -39.43582892083189, "params": {"log_nD": 21.445714865901735, "log_nNe": 19.270902998587484}, "datetime": {"datetime": "2022-04-25 23:28:13", "elapsed": 8632.054445, "delta": 157.610697}}
{"target": -42.05674646480871, "params": {"log_nD": 21.516666799522227, "log_nNe": 19.156233844196144}, "datetime": {"datetime": "2022-04-25 23:30:48", "elapsed": 8787.19636, "delta": 155.141915}}
{"target": -51.44911277213323, "params": {"log_nD": 21.372922075924034, "log_nNe": 19.510004931152828}, "datetime": {"datetime": "2022-04-25 23:33:31", "elapsed": 8950.936637, "delta": 163.740277}}
{"target": -88.7220115286643, "params": {"log_nD": 20.591833968161684, "log_nNe": 19.844592401991306}, "datetime": {"datetime": "2022-04-25 23:36:27", "elapsed": 9126.238749, "delta": 175.302112}}
{"target": -55.9951900778353, "params": {"log_nD": 21.44844605616498, "log_nNe": 19.361750487516403}, "datetime": {"datetime": "2022-04-25 23:39:05", "elapsed": 9284.54076, "delta": 158.302011}}
{"target": -500.0, "params": {"log_nD": 19.47763392638737, "log_nNe": 15.761511726051358}, "datetime": {"datetime": "2022-04-25 23:42:35", "elapsed": 9494.733544, "delta": 210.192784}}
{"target": -57.97243670213065, "params": {"log_nD": 21.159086720579552, "log_nNe": 19.56553681834662}, "datetime": {"datetime": "2022-04-25 23:45:16", "elapsed": 9655.263402, "delta": 160.529858}}
{"target": -500.0, "params": {"log_nD": 22.2, "log_nNe": 21.0}, "datetime": {"datetime": "2022-04-25 23:45:56", "elapsed": 9695.04566, "delta": 39.782258}}
{"target": -500.0, "params": {"log_nD": 20.43358016912168, "log_nNe": 15.00262727183848}, "datetime": {"datetime": "2022-04-25 23:47:06", "elapsed": 9765.873118, "delta": 70.827458}}
{"target": -500.0, "params": {"log_nD": 22.2, "log_nNe": 15.0}, "datetime": {"datetime": "2022-04-25 23:48:04", "elapsed": 9823.120612, "delta": 57.247494}}
{"target": -103.9400271275251, "params": {"log_nD": 18.094807451287735, "log_nNe": 19.04141517002923}, "datetime": {"datetime": "2022-04-25 23:50:49", "elapsed": 9988.33828, "delta": 165.217668}}
{"target": -103.07677956422121, "params": {"log_nD": 18.761694280374925, "log_nNe": 19.039152309696295}, "datetime": {"datetime": "2022-04-25 23:53:33", "elapsed": 10152.519278, "delta": 164.180998}}
{"target": -500.0, "params": {"log_nD": 18.936675784591966, "log_nNe": 18.216707503966244}, "datetime": {"datetime": "2022-04-25 23:54:46", "elapsed": 10225.270611, "delta": 72.751333}}
{"target": -107.55175587593999, "params": {"log_nD": 19.179552498426705, "log_nNe": 18.88396640035681}, "datetime": {"datetime": "2022-04-25 23:57:28", "elapsed": 10387.586578, "delta": 162.315967}}
{"target": -500.0, "params": {"log_nD": 19.713664055803893, "log_nNe": 20.99217600364118}, "datetime": {"datetime": "2022-04-25 23:58:00", "elapsed": 10419.175304, "delta": 31.588726}}
{"target": -500.0, "params": {"log_nD": 20.38087644247771, "log_nNe": 16.371489593173823}, "datetime": {"datetime": "2022-04-25 23:59:16", "elapsed": 10495.516038, "delta": 76.340734}}
{"target": -127.43360812176878, "params": {"log_nD": 19.703965017172965, "log_nNe": 20.200347997403888}, "datetime": {"datetime": "2022-04-26 00:02:28", "elapsed": 10688.02012, "delta": 192.504082}}
{"target": -500.0, "params": {"log_nD": 20.04009787027355, "log_nNe": 17.708131105601293}, "datetime": {"datetime": "2022-04-26 00:03:35", "elapsed": 10754.309969, "delta": 66.289849}}
{"target": -153.5695026291328, "params": {"log_nD": 20.145757253777422, "log_nNe": 20.252106367238}, "datetime": {"datetime": "2022-04-26 00:06:50", "elapsed": 10949.745842, "delta": 195.435873}}
{"target": -179.1909453644397, "params": {"log_nD": 19.823200167960394, "log_nNe": 20.363597389748655}, "datetime": {"datetime": "2022-04-26 00:10:11", "elapsed": 11150.156748, "delta": 200.410906}}
{"target": -500.0, "params": {"log_nD": 21.694773075776958, "log_nNe": 20.207753654811704}, "datetime": {"datetime": "2022-04-26 00:10:56", "elapsed": 11195.819328, "delta": 45.66258}}
{"target": -104.67921294759647, "params": {"log_nD": 19.164798711659657, "log_nNe": 20.10089339515763}, "datetime": {"datetime": "2022-04-26 00:14:09", "elapsed": 11389.014763, "delta": 193.195435}}
{"target": -500.0, "params": {"log_nD": 18.92063261913462, "log_nNe": 19.68628892027295}, "datetime": {"datetime": "2022-04-26 00:14:47", "elapsed": 11426.463431, "delta": 37.448668}}
{"target": -175.06010507319, "params": {"log_nD": 19.318349779819854, "log_nNe": 20.342488903071136}, "datetime": {"datetime": "2022-04-26 00:18:11", "elapsed": 11630.756783, "delta": 204.293352}}
{"target": -105.1969358426483, "params": {"log_nD": 19.390422715423178, "log_nNe": 20.095763357632862}, "datetime": {"datetime": "2022-04-26 00:21:24", "elapsed": 11823.963448, "delta": 193.206665}}
{"target": -91.97772587865583, "params": {"log_nD": 20.5712946999947, "log_nNe": 19.28890035621687}, "datetime": {"datetime": "2022-04-26 00:24:01", "elapsed": 11980.694607, "delta": 156.731159}}
{"target": -99.65134345515172, "params": {"log_nD": 20.059600817084387, "log_nNe": 18.856022277407163}, "datetime": {"datetime": "2022-04-26 00:26:34", "elapsed": 12134.010219, "delta": 153.315612}}
{"target": -107.841488045866, "params": {"log_nD": 20.507757342652198, "log_nNe": 18.453849061276145}, "datetime": {"datetime": "2022-04-26 00:28:49", "elapsed": 12268.072212, "delta": 134.061993}}
{"target": -41.12146105864051, "params": {"log_nD": 21.525994003665993, "log_nNe": 19.019296493441036}, "datetime": {"datetime": "2022-04-26 00:31:20", "elapsed": 12419.790864, "delta": 151.718652}}
{"target": -500.0, "params": {"log_nD": 17.569425943078567, "log_nNe": 15.922997908098381}, "datetime": {"datetime": "2022-04-26 00:37:34", "elapsed": 12793.228865, "delta": 373.438001}}
{"target": -500.0, "params": {"log_nD": 17.0, "log_nNe": 17.74095055667753}, "datetime": {"datetime": "2022-04-26 00:40:29", "elapsed": 12968.332056, "delta": 175.103191}}
{"target": -174.72251107646093, "params": {"log_nD": 19.317421875560136, "log_nNe": 20.33963638485482}, "datetime": {"datetime": "2022-04-26 00:43:51", "elapsed": 13170.514214, "delta": 202.182158}}
{"target": -500.0, "params": {"log_nD": 21.947583412039112, "log_nNe": 19.528059696202483}, "datetime": {"datetime": "2022-04-26 00:44:29", "elapsed": 13208.633244, "delta": 38.11903}}
{"target": -85.6052204282408, "params": {"log_nD": 21.312492411543673, "log_nNe": 18.690085542331396}, "datetime": {"datetime": "2022-04-26 00:46:45", "elapsed": 13344.198733, "delta": 135.565489}}
{"target": -37.46703157236517, "params": {"log_nD": 21.283265542451723, "log_nNe": 19.44390352804378}, "datetime": {"datetime": "2022-04-26 00:49:21", "elapsed": 13500.869335, "delta": 156.670602}}
{"target": -500.0, "params": {"log_nD": 22.2, "log_nNe": 17.478032188466702}, "datetime": {"datetime": "2022-04-26 00:50:19", "elapsed": 13558.587018, "delta": 57.717683}}
{"target": -109.53163897450607, "params": {"log_nD": 17.04802440847315, "log_nNe": 18.861398066381884}, "datetime": {"datetime": "2022-04-26 00:53:04", "elapsed": 13723.866399, "delta": 165.279381}}
{"target": -112.40334755610132, "params": {"log_nD": 20.48263741605169, "log_nNe": 20.132943499418424}, "datetime": {"datetime": "2022-04-26 08:06:38", "elapsed": 39737.626168, "delta": 26013.759769}}
{"target": -37.961679593879715, "params": {"log_nD": 21.31855152965808, "log_nNe": 19.347171659131504}, "datetime": {"datetime": "2022-04-26 08:09:13", "elapsed": 39892.513988, "delta": 154.88782}}
{"target": -100.98886798405738, "params": {"log_nD": 20.617271357510045, "log_nNe": 18.761531677388877}, "datetime": {"datetime": "2022-04-26 08:11:25", "elapsed": 40024.77619, "delta": 132.262202}}
{"target": -118.6477137303904, "params": {"log_nD": 20.703558289195154, "log_nNe": 18.097515361834716}, "datetime": {"datetime": "2022-04-26 08:13:25", "elapsed": 40144.200317, "delta": 119.424127}}
{"target": -111.34124282239905, "params": {"log_nD": 18.452908080241627, "log_nNe": 18.784759202878217}, "datetime": {"datetime": "2022-04-26 08:16:07", "elapsed": 40306.283402, "delta": 162.083085}}
{"target": -60.87180575971747, "params": {"log_nD": 20.758803290197623, "log_nNe": 19.6879615976637}, "datetime": {"datetime": "2022-04-26 08:18:53", "elapsed": 40472.115642, "delta": 165.83224}}
{"target": -500.0, "params": {"log_nD": 17.86888065703625, "log_nNe": 21.0}, "datetime": {"datetime": "2022-04-26 08:19:24", "elapsed": 40503.393893, "delta": 31.278251}}
{"target": -39.77884756044024, "params": {"log_nD": 21.351262825435672, "log_nNe": 19.25566734638013}, "datetime": {"datetime": "2022-04-26 08:21:59", "elapsed": 40658.551204, "delta": 155.157311}}
{"target": -208.7678296234077, "params": {"log_nD": 19.612335136065052, "log_nNe": 18.376581060534978}, "datetime": {"datetime": "2022-04-26 08:24:48", "elapsed": 40827.73466, "delta": 169.183456}}
{"target": -500.0, "params": {"log_nD": 17.855062827619207, "log_nNe": 17.265764813571636}, "datetime": {"datetime": "2022-04-26 08:30:41", "elapsed": 41180.365631, "delta": 352.630971}}
{"target": -500.0, "params": {"log_nD": 20.4776618873077, "log_nNe": 19.570069885309675}, "datetime": {"datetime": "2022-04-26 08:31:18", "elapsed": 41217.31684, "delta": 36.951209}}
{"target": -92.24071603961366, "params": {"log_nD": 20.688197113681053, "log_nNe": 19.901112365020687}, "datetime": {"datetime": "2022-04-26 08:34:10", "elapsed": 41389.091483, "delta": 171.774643}}
{"target": -94.6507882876221, "params": {"log_nD": 20.102919915510302, "log_nNe": 19.109036908607077}, "datetime": {"datetime": "2022-04-26 08:36:55", "elapsed": 41554.988887, "delta": 165.897404}}
{"target": -63.14050384592702, "params": {"log_nD": 20.880961435766487, "log_nNe": 19.581670994799193}, "datetime": {"datetime": "2022-04-26 08:39:39", "elapsed": 41718.761381, "delta": 163.772494}}
{"target": -86.7600308409385, "params": {"log_nD": 20.721099549446315, "log_nNe": 19.23111493613618}, "datetime": {"datetime": "2022-04-26 08:42:12", "elapsed": 41871.686908, "delta": 152.925527}}
{"target": -160.56620177495148, "params": {"log_nD": 21.001985393079416, "log_nNe": 20.232296913988854}, "datetime": {"datetime": "2022-04-26 08:45:23", "elapsed": 42062.549477, "delta": 190.862569}}
