{"target": -106.44272620058993, "params": {"log_nD": 19.764412437011792, "log_nNe": 18.691589990851682}, "datetime": {"datetime": "2022-04-24 20:57:46", "elapsed": 29281.158317, "delta": 0.778636}}
{"target": -106.44272620058993, "params": {"log_nD": 19.764412437011792, "log_nNe": 18.691589990851682}, "datetime": {"datetime": "2022-04-24 20:57:46", "elapsed": 29281.753126, "delta": 0.594809}}
{"target": -106.44272620058993, "params": {"log_nD": 19.764412437011792, "log_nNe": 18.691589990851682}, "datetime": {"datetime": "2022-04-24 20:57:47", "elapsed": 29282.315976, "delta": 0.56285}}
{"target": -99.09187428567407, "params": {"log_nD": 19.83076784731085, "log_nNe": 18.956984574441748}, "datetime": {"datetime": "2022-04-24 21:00:16", "elapsed": 29431.20168, "delta": 148.885704}}
{"target": -99.09187428567407, "params": {"log_nD": 19.83076784731085, "log_nNe": 18.956984574441748}, "datetime": {"datetime": "2022-04-24 21:00:17", "elapsed": 29432.072137, "delta": 0.870457}}
{"target": -97.90635584317127, "params": {"log_nD": 20.49056564123759, "log_nNe": 19.0}, "datetime": {"datetime": "2022-04-24 21:02:32", "elapsed": 29567.039661, "delta": 134.967524}}
{"target": -97.90635584317127, "params": {"log_nD": 20.49056564123759, "log_nNe": 19.0}, "datetime": {"datetime": "2022-04-24 21:02:32", "elapsed": 29567.510849, "delta": 0.471188}}
{"target": -109.72443453372566, "params": {"log_nD": 19.171682007111794, "log_nNe": 18.80939478180541}, "datetime": {"datetime": "2022-04-24 21:05:04", "elapsed": 29719.356154, "delta": 151.845305}}
{"target": -100.77671733545762, "params": {"log_nD": 19.922010854565766, "log_nNe": 18.847417425549118}, "datetime": {"datetime": "2022-04-24 21:07:31", "elapsed": 29866.495127, "delta": 147.138973}}
{"target": -100.77671733545762, "params": {"log_nD": 19.922010854565766, "log_nNe": 18.847417425549118}, "datetime": {"datetime": "2022-04-24 21:07:32", "elapsed": 29867.140666, "delta": 0.645539}}
{"target": -110.44550452141779, "params": {"log_nD": 19.421417903586573, "log_nNe": 18.720898386784487}, "datetime": {"datetime": "2022-04-24 21:10:01", "elapsed": 30016.721022, "delta": 149.580356}}
{"target": -110.44550452141779, "params": {"log_nD": 19.421417903586573, "log_nNe": 18.720898386784487}, "datetime": {"datetime": "2022-04-24 21:10:02", "elapsed": 30017.44035, "delta": 0.719328}}
{"target": -110.44550452141779, "params": {"log_nD": 19.421417903586573, "log_nNe": 18.720898386784487}, "datetime": {"datetime": "2022-04-24 21:10:03", "elapsed": 30017.929496, "delta": 0.489146}}
{"target": -110.44550452141779, "params": {"log_nD": 19.421417903586573, "log_nNe": 18.720898386784487}, "datetime": {"datetime": "2022-04-24 21:10:03", "elapsed": 30018.652131, "delta": 0.722635}}
{"target": -110.44550452141779, "params": {"log_nD": 19.421417903586573, "log_nNe": 18.720898386784487}, "datetime": {"datetime": "2022-04-24 21:10:04", "elapsed": 30019.330597, "delta": 0.678466}}
{"target": -110.44550452141779, "params": {"log_nD": 19.421417903586573, "log_nNe": 18.720898386784487}, "datetime": {"datetime": "2022-04-24 21:10:05", "elapsed": 30019.85019, "delta": 0.519593}}
{"target": -103.83034976945173, "params": {"log_nD": 19.163698393613476, "log_nNe": 18.993972939596517}, "datetime": {"datetime": "2022-04-24 21:12:37", "elapsed": 30172.535095, "delta": 152.684905}}
{"target": -103.83034976945173, "params": {"log_nD": 19.163698393613476, "log_nNe": 18.993972939596517}, "datetime": {"datetime": "2022-04-24 21:12:38", "elapsed": 30173.229877, "delta": 0.694782}}
{"target": -103.83034976945173, "params": {"log_nD": 19.163698393613476, "log_nNe": 18.993972939596517}, "datetime": {"datetime": "2022-04-24 21:12:39", "elapsed": 30173.86228, "delta": 0.632403}}
{"target": -103.83034976945173, "params": {"log_nD": 19.163698393613476, "log_nNe": 18.993972939596517}, "datetime": {"datetime": "2022-04-24 21:12:39", "elapsed": 30174.636704, "delta": 0.774424}}
{"target": -103.83034976945173, "params": {"log_nD": 19.163698393613476, "log_nNe": 18.993972939596517}, "datetime": {"datetime": "2022-04-24 21:12:40", "elapsed": 30175.18508, "delta": 0.548376}}
{"target": -104.10216588920686, "params": {"log_nD": 19.360547772695686, "log_nNe": 18.950094406222966}, "datetime": {"datetime": "2022-04-24 21:15:11", "elapsed": 30326.291079, "delta": 151.105999}}
{"target": -98.30934071011126, "params": {"log_nD": 20.722303345710635, "log_nNe": 19.0}, "datetime": {"datetime": "2022-04-24 21:17:21", "elapsed": 30456.665101, "delta": 130.374022}}
{"target": -98.30934071011126, "params": {"log_nD": 20.722303345710635, "log_nNe": 19.0}, "datetime": {"datetime": "2022-04-24 21:17:22", "elapsed": 30457.316543, "delta": 0.651442}}
{"target": -98.30934071011126, "params": {"log_nD": 20.722303345710635, "log_nNe": 19.0}, "datetime": {"datetime": "2022-04-24 21:17:23", "elapsed": 30457.894885, "delta": 0.578342}}
{"target": -112.32404235372591, "params": {"log_nD": 19.274130995698098, "log_nNe": 18.652651171708037}, "datetime": {"datetime": "2022-04-24 21:19:55", "elapsed": 30610.09856, "delta": 152.203675}}
{"target": -111.59112957911725, "params": {"log_nD": 19.482067426533323, "log_nNe": 18.635329897582075}, "datetime": {"datetime": "2022-04-24 21:22:25", "elapsed": 30760.58551, "delta": 150.48695}}
{"target": -111.59112957911725, "params": {"log_nD": 19.482067426533323, "log_nNe": 18.635329897582075}, "datetime": {"datetime": "2022-04-24 21:22:26", "elapsed": 30761.485484, "delta": 0.899974}}
{"target": -115.20148587702441, "params": {"log_nD": 19.678168588452035, "log_nNe": 18.56476830533532}, "datetime": {"datetime": "2022-04-24 21:24:53", "elapsed": 30908.544297, "delta": 147.058813}}
{"target": -103.36584175517402, "params": {"log_nD": 19.43435034483104, "log_nNe": 18.94915440044087}, "datetime": {"datetime": "2022-04-24 21:27:25", "elapsed": 31060.077974, "delta": 151.533677}}
{"target": -103.36584175517402, "params": {"log_nD": 19.43435034483104, "log_nNe": 18.94915440044087}, "datetime": {"datetime": "2022-04-24 21:27:25", "elapsed": 31060.598639, "delta": 0.520665}}
{"target": -103.36584175517402, "params": {"log_nD": 19.43435034483104, "log_nNe": 18.94915440044087}, "datetime": {"datetime": "2022-04-24 21:27:26", "elapsed": 31061.048743, "delta": 0.450104}}
{"target": -103.36584175517402, "params": {"log_nD": 19.43435034483104, "log_nNe": 18.94915440044087}, "datetime": {"datetime": "2022-04-24 21:27:27", "elapsed": 31061.794695, "delta": 0.745952}}
{"target": -103.36584175517402, "params": {"log_nD": 19.43435034483104, "log_nNe": 18.94915440044087}, "datetime": {"datetime": "2022-04-24 21:27:27", "elapsed": 31062.442857, "delta": 0.648162}}
{"target": -103.36584175517402, "params": {"log_nD": 19.43435034483104, "log_nNe": 18.94915440044087}, "datetime": {"datetime": "2022-04-24 21:27:28", "elapsed": 31063.190447, "delta": 0.74759}}
{"target": -103.36584175517402, "params": {"log_nD": 19.43435034483104, "log_nNe": 18.94915440044087}, "datetime": {"datetime": "2022-04-24 21:27:29", "elapsed": 31063.824701, "delta": 0.634254}}
{"target": -103.36584175517402, "params": {"log_nD": 19.43435034483104, "log_nNe": 18.94915440044087}, "datetime": {"datetime": "2022-04-24 21:27:29", "elapsed": 31064.366755, "delta": 0.542054}}
{"target": -103.36584175517402, "params": {"log_nD": 19.43435034483104, "log_nNe": 18.94915440044087}, "datetime": {"datetime": "2022-04-24 21:27:30", "elapsed": 31064.908617, "delta": 0.541862}}
{"target": -103.36584175517402, "params": {"log_nD": 19.43435034483104, "log_nNe": 18.94915440044087}, "datetime": {"datetime": "2022-04-24 21:27:30", "elapsed": 31065.514109, "delta": 0.605492}}
{"target": -107.52310688342718, "params": {"log_nD": 19.468699689662063, "log_nNe": 18.82676784794648}, "datetime": {"datetime": "2022-04-24 21:29:59", "elapsed": 31214.280271, "delta": 148.766162}}
{"target": -97.86617412028897, "params": {"log_nD": 19.834004567369256, "log_nNe": 18.999013185446}, "datetime": {"datetime": "2022-04-24 21:32:26", "elapsed": 31361.409075, "delta": 147.128804}}
{"target": -97.86617412028897, "params": {"log_nD": 19.834004567369256, "log_nNe": 18.999013185446}, "datetime": {"datetime": "2022-04-24 21:32:27", "elapsed": 31362.1318, "delta": 0.722725}}
{"target": -107.21465614802983, "params": {"log_nD": 19.690527870795357, "log_nNe": 18.713804740456595}, "datetime": {"datetime": "2022-04-24 21:34:56", "elapsed": 31511.76628, "delta": 149.63448}}
{"target": -107.21465614802983, "params": {"log_nD": 19.690527870795357, "log_nNe": 18.713804740456595}, "datetime": {"datetime": "2022-04-24 21:34:57", "elapsed": 31512.428587, "delta": 0.662307}}
{"target": -107.21465614802983, "params": {"log_nD": 19.690527870795357, "log_nNe": 18.713804740456595}, "datetime": {"datetime": "2022-04-24 21:34:58", "elapsed": 31513.711228, "delta": 1.282641}}
{"target": -97.2701253082143, "params": {"log_nD": 20.156912254342494, "log_nNe": 18.973857604169055}, "datetime": {"datetime": "2022-04-24 21:37:21", "elapsed": 31656.468655, "delta": 142.757427}}
{"target": -97.2701253082143, "params": {"log_nD": 20.156912254342494, "log_nNe": 18.973857604169055}, "datetime": {"datetime": "2022-04-24 21:37:22", "elapsed": 31657.006108, "delta": 0.537453}}
{"target": -97.2701253082143, "params": {"log_nD": 20.156912254342494, "log_nNe": 18.973857604169055}, "datetime": {"datetime": "2022-04-24 21:37:23", "elapsed": 31658.124315, "delta": 1.118207}}
{"target": -108.17989292424221, "params": {"log_nD": 19.151524652479765, "log_nNe": 18.873227279602236}, "datetime": {"datetime": "2022-04-24 21:39:54", "elapsed": 31809.419368, "delta": 151.295053}}
{"target": -108.17989292424221, "params": {"log_nD": 19.151524652479765, "log_nNe": 18.873227279602236}, "datetime": {"datetime": "2022-04-24 21:39:55", "elapsed": 31810.399144, "delta": 0.979776}}
{"target": -107.48119036852256, "params": {"log_nD": 19.547217601244505, "log_nNe": 18.79743154322878}, "datetime": {"datetime": "2022-04-24 21:42:26", "elapsed": 31960.810031, "delta": 150.410887}}
{"target": -97.71033672477262, "params": {"log_nD": 20.03303459560932, "log_nNe": 18.963435737928677}, "datetime": {"datetime": "2022-04-24 21:44:49", "elapsed": 32103.982288, "delta": 143.172257}}
{"target": -97.71033672477262, "params": {"log_nD": 20.03303459560932, "log_nNe": 18.963435737928677}, "datetime": {"datetime": "2022-04-24 21:44:49", "elapsed": 32104.639231, "delta": 0.656943}}
{"target": -97.71033672477262, "params": {"log_nD": 20.03303459560932, "log_nNe": 18.963435737928677}, "datetime": {"datetime": "2022-04-24 21:44:50", "elapsed": 32105.29386, "delta": 0.654629}}
{"target": -97.71033672477262, "params": {"log_nD": 20.03303459560932, "log_nNe": 18.963435737928677}, "datetime": {"datetime": "2022-04-24 21:44:51", "elapsed": 32106.307752, "delta": 1.013892}}
{"target": -97.04003499753236, "params": {"log_nD": 20.249731443204773, "log_nNe": 18.983955333436032}, "datetime": {"datetime": "2022-04-24 21:47:12", "elapsed": 32247.265448, "delta": 140.957696}}
{"target": -97.04003499753236, "params": {"log_nD": 20.249731443204773, "log_nNe": 18.983955333436032}, "datetime": {"datetime": "2022-04-24 21:47:13", "elapsed": 32247.905113, "delta": 0.639665}}
{"target": -97.04003499753236, "params": {"log_nD": 20.249731443204773, "log_nNe": 18.983955333436032}, "datetime": {"datetime": "2022-04-24 21:47:13", "elapsed": 32248.690259, "delta": 0.785146}}
{"target": -98.50527265974429, "params": {"log_nD": 19.924686148525417, "log_nNe": 18.953635851293207}, "datetime": {"datetime": "2022-04-24 21:49:41", "elapsed": 32395.792619, "delta": 147.10236}}
{"target": -98.50527265974429, "params": {"log_nD": 19.924686148525417, "log_nNe": 18.953635851293207}, "datetime": {"datetime": "2022-04-24 21:49:42", "elapsed": 32397.334603, "delta": 1.541984}}
{"target": -109.1277879880233, "params": {"log_nD": 19.223743626356477, "log_nNe": 18.825316446858995}, "datetime": {"datetime": "2022-04-24 21:52:13", "elapsed": 32548.153714, "delta": 150.819111}}
{"target": -102.29129073103898, "params": {"log_nD": 19.807419661582326, "log_nNe": 18.839228896875827}, "datetime": {"datetime": "2022-04-24 21:54:41", "elapsed": 32696.36406, "delta": 148.210346}}
{"target": -111.26737339269698, "params": {"log_nD": 19.53333556042423, "log_nNe": 18.634964073785156}, "datetime": {"datetime": "2022-04-24 21:57:11", "elapsed": 32846.190113, "delta": 149.826053}}
{"target": -102.23862385680343, "params": {"log_nD": 19.658157319926985, "log_nNe": 18.90688121358721}, "datetime": {"datetime": "2022-04-24 21:59:41", "elapsed": 32996.237619, "delta": 150.047506}}
{"target": -106.81201034675571, "params": {"log_nD": 19.002951661528794, "log_nNe": 18.936564668338068}, "datetime": {"datetime": "2022-04-24 22:02:11", "elapsed": 33146.697526, "delta": 150.459907}}
{"target": -106.81201034675571, "params": {"log_nD": 19.002951661528794, "log_nNe": 18.936564668338068}, "datetime": {"datetime": "2022-04-24 22:02:12", "elapsed": 33147.343403, "delta": 0.645877}}
{"target": -106.81201034675571, "params": {"log_nD": 19.002951661528794, "log_nNe": 18.936564668338068}, "datetime": {"datetime": "2022-04-24 22:02:13", "elapsed": 33148.383084, "delta": 1.039681}}
{"target": -106.81201034675571, "params": {"log_nD": 19.002951661528794, "log_nNe": 18.936564668338068}, "datetime": {"datetime": "2022-04-24 22:02:14", "elapsed": 33149.537631, "delta": 1.154547}}
{"target": -106.81201034675571, "params": {"log_nD": 19.002951661528794, "log_nNe": 18.936564668338068}, "datetime": {"datetime": "2022-04-24 22:02:15", "elapsed": 33150.641008, "delta": 1.103377}}
{"target": -106.81201034675571, "params": {"log_nD": 19.002951661528794, "log_nNe": 18.936564668338068}, "datetime": {"datetime": "2022-04-24 22:02:16", "elapsed": 33151.302616, "delta": 0.661608}}
{"target": -106.81201034675571, "params": {"log_nD": 19.002951661528794, "log_nNe": 18.936564668338068}, "datetime": {"datetime": "2022-04-24 22:02:17", "elapsed": 33151.959864, "delta": 0.657248}}
{"target": -104.65246515660212, "params": {"log_nD": 19.001248500193803, "log_nNe": 18.998386251776093}, "datetime": {"datetime": "2022-04-24 22:04:48", "elapsed": 33303.376571, "delta": 151.416707}}
{"target": -106.59531931327795, "params": {"log_nD": 19.284454054040747, "log_nNe": 18.90682669824554}, "datetime": {"datetime": "2022-04-24 22:07:19", "elapsed": 33454.560363, "delta": 151.183792}}
{"target": -99.39719001823812, "params": {"log_nD": 19.97528251655952, "log_nNe": 18.898670915865175}, "datetime": {"datetime": "2022-04-24 22:09:46", "elapsed": 33600.865164, "delta": 146.304801}}
{"target": -111.15987353140504, "params": {"log_nD": 19.306357534403485, "log_nNe": 18.706175443862154}, "datetime": {"datetime": "2022-04-24 22:12:16", "elapsed": 33751.232457, "delta": 150.367293}}
{"target": -99.04246807556498, "params": {"log_nD": 20.57753159081447, "log_nNe": 18.999965527997702}, "datetime": {"datetime": "2022-04-24 22:14:30", "elapsed": 33885.706537, "delta": 134.47408}}
{"target": -99.88731408657274, "params": {"log_nD": 19.58800804702515, "log_nNe": 18.99987873000812}, "datetime": {"datetime": "2022-04-24 22:17:01", "elapsed": 34036.559021, "delta": 150.852484}}
{"target": -108.29256453348461, "params": {"log_nD": 19.343111530461254, "log_nNe": 18.83667467549398}, "datetime": {"datetime": "2022-04-24 22:19:31", "elapsed": 34186.660081, "delta": 150.10106}}
{"target": -97.63714037051405, "params": {"log_nD": 19.891698232695642, "log_nNe": 18.99926060384455}, "datetime": {"datetime": "2022-04-24 22:21:59", "elapsed": 34333.955586, "delta": 147.295505}}
{"target": -104.43129433592108, "params": {"log_nD": 19.524071570522068, "log_nNe": 18.894235751755453}, "datetime": {"datetime": "2022-04-24 22:24:29", "elapsed": 34484.118378, "delta": 150.162792}}
{"target": -105.42749365065876, "params": {"log_nD": 19.23083751520704, "log_nNe": 18.95268149433934}, "datetime": {"datetime": "2022-04-24 22:27:02", "elapsed": 34636.861986, "delta": 152.743608}}
{"target": -108.95279831379497, "params": {"log_nD": 19.463683027455495, "log_nNe": 18.779699252765106}, "datetime": {"datetime": "2022-04-24 22:29:31", "elapsed": 34785.789668, "delta": 148.927682}}
{"target": -98.56262462330085, "params": {"log_nD": 19.751595444914454, "log_nNe": 18.99976326734837}, "datetime": {"datetime": "2022-04-24 22:31:59", "elapsed": 34934.701831, "delta": 148.912163}}
{"target": -101.7525618464527, "params": {"log_nD": 19.53615354314795, "log_nNe": 18.961521216576596}, "datetime": {"datetime": "2022-04-24 22:34:31", "elapsed": 35086.279535, "delta": 151.577704}}
{"target": -102.36467047349274, "params": {"log_nD": 19.328705250805147, "log_nNe": 18.998024392673933}, "datetime": {"datetime": "2022-04-24 22:37:03", "elapsed": 35238.394365, "delta": 152.11483}}
{"target": -103.9333904504614, "params": {"log_nD": 19.11203624102593, "log_nNe": 18.999554750335662}, "datetime": {"datetime": "2022-04-24 22:39:36", "elapsed": 35390.843834, "delta": 152.449469}}
