{"target": -90.08828322921562, "params": {"log_nD": 19.168514424453384, "log_nNe": 19.321946960652948}, "datetime": {"datetime": "2022-04-24 23:56:39", "elapsed": 0.0, "delta": 0.0}}
{"target": -1000000.0, "params": {"log_nD": 17.000594749050194, "log_nNe": 16.81399543579104}, "datetime": {"datetime": "2022-04-25 00:02:33", "elapsed": 354.200678, "delta": 354.200678}}
{"target": -1000000.0, "params": {"log_nD": 17.763130632248988, "log_nNe": 15.554031568612787}, "datetime": {"datetime": "2022-04-25 00:08:44", "elapsed": 725.207928, "delta": 371.00725}}
{"target": -1000000.0, "params": {"log_nD": 17.968553099163888, "log_nNe": 17.073364362258285}, "datetime": {"datetime": "2022-04-25 00:14:29", "elapsed": 1069.970116, "delta": 344.762188}}
{"target": -1000000.0, "params": {"log_nD": 19.063190865999484, "log_nNe": 18.232900404020143}, "datetime": {"datetime": "2022-04-25 00:15:34", "elapsed": 1135.847551, "delta": 65.877435}}
{"target": -98.225648047327, "params": {"log_nD": 19.179811474897132, "log_nNe": 19.111317002380556}, "datetime": {"datetime": "2022-04-25 00:18:45", "elapsed": 1326.902465, "delta": 191.054914}}
{"target": -156.30537303438152, "params": {"log_nD": 18.06315169860389, "log_nNe": 20.268704618345673}, "datetime": {"datetime": "2022-04-25 00:23:22", "elapsed": 1603.335882, "delta": 276.433417}}
{"target": -104.98520250806484, "params": {"log_nD": 17.142415484629215, "log_nNe": 19.022805061070414}, "datetime": {"datetime": "2022-04-25 00:26:23", "elapsed": 1784.639436, "delta": 181.303554}}
{"target": -1000000.0, "params": {"log_nD": 19.16998497230906, "log_nNe": 18.35213897067451}, "datetime": {"datetime": "2022-04-25 00:27:26", "elapsed": 1847.597964, "delta": 62.958528}}
{"target": -1000000.0, "params": {"log_nD": 17.730012080695214, "log_nNe": 16.188608934509272}, "datetime": {"datetime": "2022-04-25 00:33:32", "elapsed": 2213.673785, "delta": 366.075821}}
{"target": -1000000.0, "params": {"log_nD": 17.890245514729045, "log_nNe": 19.529318089876405}, "datetime": {"datetime": "2022-04-25 00:34:09", "elapsed": 2250.195301, "delta": 36.521516}}
{"target": -1000000.0, "params": {"log_nD": 18.157785732638622, "log_nNe": 20.52191536525437}, "datetime": {"datetime": "2022-04-25 00:34:48", "elapsed": 2289.478786, "delta": 39.283485}}
{"target": -1000000.0, "params": {"log_nD": 17.776394908503395, "log_nNe": 18.772870584016577}, "datetime": {"datetime": "2022-04-25 00:37:00", "elapsed": 2421.505746, "delta": 132.02696}}
{"target": -1000000.0, "params": {"log_nD": 17.148977399481158, "log_nNe": 19.018067824014743}, "datetime": {"datetime": "2022-04-25 00:39:16", "elapsed": 2557.765117, "delta": 136.259371}}
{"target": -1000000.0, "params": {"log_nD": 19.05726254323076, "log_nNe": 15.968749031127722}, "datetime": {"datetime": "2022-04-25 00:41:28", "elapsed": 2689.589891, "delta": 131.824774}}
{"target": -1000000.0, "params": {"log_nD": 21.616024561493845, "log_nNe": 17.683201497677825}, "datetime": {"datetime": "2022-04-25 00:43:38", "elapsed": 2818.950115, "delta": 129.360224}}
{"target": -1000000.0, "params": {"log_nD": 19.247929678752698, "log_nNe": 17.11211772591801}, "datetime": {"datetime": "2022-04-25 00:45:48", "elapsed": 2949.360791, "delta": 130.410676}}
{"target": -1000000.0, "params": {"log_nD": 20.1714774606129, "log_nNe": 17.357254178831475}, "datetime": {"datetime": "2022-04-25 00:47:59", "elapsed": 3080.407288, "delta": 131.046497}}
{"target": -1000000.0, "params": {"log_nD": 19.876646818710917, "log_nNe": 19.21228919671917}, "datetime": {"datetime": "2022-04-25 00:50:14", "elapsed": 3215.631128, "delta": 135.22384}}
{"target": -1000000.0, "params": {"log_nD": 17.771913192872432, "log_nNe": 17.440102094665377}, "datetime": {"datetime": "2022-04-25 00:52:25", "elapsed": 3345.972085, "delta": 130.340957}}
{"target": -1000000.0, "params": {"log_nD": 17.34739851297469, "log_nNe": 18.20572121528808}, "datetime": {"datetime": "2022-04-25 00:54:36", "elapsed": 3477.077227, "delta": 131.105142}}
{"target": -1000000.0, "params": {"log_nD": 18.763834202810333, "log_nNe": 16.649363610645675}, "datetime": {"datetime": "2022-04-25 00:56:47", "elapsed": 3608.745799, "delta": 131.668572}}
{"target": -1000000.0, "params": {"log_nD": 17.992902035708795, "log_nNe": 19.040744920089573}, "datetime": {"datetime": "2022-04-25 00:59:04", "elapsed": 3745.64825, "delta": 136.902451}}
{"target": -1000000.0, "params": {"log_nD": 21.73081761682732, "log_nNe": 17.496405712206563}, "datetime": {"datetime": "2022-04-25 01:01:13", "elapsed": 3874.573798, "delta": 128.925548}}
{"target": -1000000.0, "params": {"log_nD": 17.87399738382516, "log_nNe": 19.10462556845341}, "datetime": {"datetime": "2022-04-25 01:03:30", "elapsed": 4011.887824, "delta": 137.314026}}
{"target": -1000000.0, "params": {"log_nD": 20.72843212983705, "log_nNe": 17.399386046347203}, "datetime": {"datetime": "2022-04-25 01:05:45", "elapsed": 4146.398754, "delta": 134.51093}}
{"target": -1000000.0, "params": {"log_nD": 17.41462946779858, "log_nNe": 18.762953566104876}, "datetime": {"datetime": "2022-04-25 01:07:59", "elapsed": 4280.4298, "delta": 134.031046}}
{"target": -1000000.0, "params": {"log_nD": 17.05715109023297, "log_nNe": 17.249274938402735}, "datetime": {"datetime": "2022-04-25 01:10:11", "elapsed": 4412.604419, "delta": 132.174619}}
{"target": -1000000.0, "params": {"log_nD": 18.14131476846995, "log_nNe": 19.99695743822852}, "datetime": {"datetime": "2022-04-25 01:12:29", "elapsed": 4550.675648, "delta": 138.071229}}
{"target": -1000000.0, "params": {"log_nD": 19.653793637407883, "log_nNe": 19.67130167737031}, "datetime": {"datetime": "2022-04-25 01:14:48", "elapsed": 4688.943153, "delta": 138.267505}}
{"target": -1000000.0, "params": {"log_nD": 21.389328811752744, "log_nNe": 18.65832250107658}, "datetime": {"datetime": "2022-04-25 01:16:58", "elapsed": 4819.47673, "delta": 130.533577}}
{"target": -44.00242203078829, "params": {"log_nD": 21.11580962891314, "log_nNe": 19.61132709673686}, "datetime": {"datetime": "2022-04-25 01:21:19", "elapsed": 5079.992504, "delta": 260.515774}}
{"target": -1000000.0, "params": {"log_nD": 17.0537835144102, "log_nNe": 17.189921559289502}, "datetime": {"datetime": "2022-04-25 01:27:20", "elapsed": 5441.347311, "delta": 361.354807}}
{"target": -1000000.0, "params": {"log_nD": 19.39950099093675, "log_nNe": 17.927879370063852}, "datetime": {"datetime": "2022-04-25 01:28:18", "elapsed": 5499.81965, "delta": 58.472339}}
{"target": -1000000.0, "params": {"log_nD": 19.571029842202467, "log_nNe": 15.547578153675943}, "datetime": {"datetime": "2022-04-25 01:30:59", "elapsed": 5660.643991, "delta": 160.824341}}
{"target": -1000000.0, "params": {"log_nD": 18.634558799501658, "log_nNe": 16.28670618966564}, "datetime": {"datetime": "2022-04-25 01:36:46", "elapsed": 6007.851511, "delta": 347.20752}}
{"target": -1000000.0, "params": {"log_nD": 21.57776003721151, "log_nNe": 15.792686482325333}, "datetime": {"datetime": "2022-04-25 01:37:23", "elapsed": 6044.825028, "delta": 36.973517}}
{"target": -1000000.0, "params": {"log_nD": 17.120607867464408, "log_nNe": 15.165692728162135}, "datetime": {"datetime": "2022-04-25 01:43:36", "elapsed": 6417.589301, "delta": 372.764273}}
{"target": -1000000.0, "params": {"log_nD": 17.32391518894176, "log_nNe": 17.338090136757124}, "datetime": {"datetime": "2022-04-25 01:49:06", "elapsed": 6747.520675, "delta": 329.931374}}
{"target": -1000000.0, "params": {"log_nD": 20.841046398288004, "log_nNe": 16.788833000235805}, "datetime": {"datetime": "2022-04-25 01:49:54", "elapsed": 6795.508219, "delta": 47.987544}}
{"target": -1000000.0, "params": {"log_nD": 20.46252472515435, "log_nNe": 20.67472726714294}, "datetime": {"datetime": "2022-04-25 01:50:28", "elapsed": 6829.838109, "delta": 34.32989}}
{"target": -1000000.0, "params": {"log_nD": 18.15649642461684, "log_nNe": 20.28809346391295}, "datetime": {"datetime": "2022-04-25 01:52:44", "elapsed": 6965.311664, "delta": 135.473555}}
{"target": -1000000.0, "params": {"log_nD": 17.441760145811195, "log_nNe": 18.886495794665734}, "datetime": {"datetime": "2022-04-25 01:54:59", "elapsed": 7100.595637, "delta": 135.283973}}
{"target": -1000000.0, "params": {"log_nD": 21.65518035474394, "log_nNe": 17.822329062492614}, "datetime": {"datetime": "2022-04-25 01:57:08", "elapsed": 7228.949853, "delta": 128.354216}}
{"target": -1000000.0, "params": {"log_nD": 19.247287195854813, "log_nNe": 20.192888780745353}, "datetime": {"datetime": "2022-04-25 01:59:24", "elapsed": 7365.217274, "delta": 136.267421}}
{"target": -1000000.0, "params": {"log_nD": 17.145090558831072, "log_nNe": 15.82923046320592}, "datetime": {"datetime": "2022-04-25 02:01:36", "elapsed": 7497.433445, "delta": 132.216171}}
{"target": -1000000.0, "params": {"log_nD": 21.815019588745884, "log_nNe": 17.73964212107858}, "datetime": {"datetime": "2022-04-25 02:03:44", "elapsed": 7625.159449, "delta": 127.726004}}
{"target": -1000000.0, "params": {"log_nD": 21.58810471772741, "log_nNe": 20.04162136239528}, "datetime": {"datetime": "2022-04-25 02:05:51", "elapsed": 7752.380941, "delta": 127.221492}}
{"target": -1000000.0, "params": {"log_nD": 20.178231648636228, "log_nNe": 19.854098316572003}, "datetime": {"datetime": "2022-04-25 02:08:07", "elapsed": 7888.010304, "delta": 135.629363}}
{"target": -1000000.0, "params": {"log_nD": 17.32569031661951, "log_nNe": 18.164438466418733}, "datetime": {"datetime": "2022-04-25 02:10:22", "elapsed": 8022.988175, "delta": 134.977871}}
{"target": -1000000.0, "params": {"log_nD": 18.785045822796263, "log_nNe": 18.83570575892753}, "datetime": {"datetime": "2022-04-25 02:12:38", "elapsed": 8159.410721, "delta": 136.422546}}
{"target": -1000000.0, "params": {"log_nD": 20.781531516771366, "log_nNe": 16.448810541519602}, "datetime": {"datetime": "2022-04-25 02:14:52", "elapsed": 8293.495428, "delta": 134.084707}}
{"target": -127.68230736482329, "params": {"log_nD": 20.907738554054628, "log_nNe": 20.152589379218867}, "datetime": {"datetime": "2022-04-25 02:19:20", "elapsed": 8561.7947, "delta": 268.299272}}
{"target": -104.94435496094476, "params": {"log_nD": 17.825017780177134, "log_nNe": 19.018359858594856}, "datetime": {"datetime": "2022-04-25 02:22:23", "elapsed": 8744.620613, "delta": 182.825913}}
{"target": -1000000.0, "params": {"log_nD": 18.521378826062506, "log_nNe": 20.986849888909894}, "datetime": {"datetime": "2022-04-25 02:22:55", "elapsed": 8776.442196, "delta": 31.821583}}
{"target": -1000000.0, "params": {"log_nD": 21.982843844532468, "log_nNe": 17.40021604632513}, "datetime": {"datetime": "2022-04-25 02:25:08", "elapsed": 8909.412715, "delta": 132.970519}}
{"target": -1000000.0, "params": {"log_nD": 17.68264593988839, "log_nNe": 20.183726542043434}, "datetime": {"datetime": "2022-04-25 02:27:25", "elapsed": 9046.141847, "delta": 136.729132}}
{"target": -1000000.0, "params": {"log_nD": 20.58280047615619, "log_nNe": 15.098990852738645}, "datetime": {"datetime": "2022-04-25 02:29:36", "elapsed": 9177.384112, "delta": 131.242265}}
{"target": -1000000.0, "params": {"log_nD": 20.505129498795544, "log_nNe": 20.782373094547967}, "datetime": {"datetime": "2022-04-25 02:32:01", "elapsed": 9322.743841, "delta": 145.359729}}
{"target": -1000000.0, "params": {"log_nD": 18.008732797765052, "log_nNe": 16.117780907760277}, "datetime": {"datetime": "2022-04-25 02:34:12", "elapsed": 9453.448607, "delta": 130.704766}}
{"target": -1000000.0, "params": {"log_nD": 19.923592406396466, "log_nNe": 16.96764685504433}, "datetime": {"datetime": "2022-04-25 02:36:25", "elapsed": 9586.91378, "delta": 133.465173}}
{"target": -1000000.0, "params": {"log_nD": 21.037909224068358, "log_nNe": 16.177479239239098}, "datetime": {"datetime": "2022-04-25 02:38:40", "elapsed": 9721.210098, "delta": 134.296318}}
{"target": -1000000.0, "params": {"log_nD": 21.93949104741568, "log_nNe": 19.322980143690298}, "datetime": {"datetime": "2022-04-25 02:40:52", "elapsed": 9853.228451, "delta": 132.018353}}
{"target": -1000000.0, "params": {"log_nD": 18.49973700677179, "log_nNe": 18.66729686513559}, "datetime": {"datetime": "2022-04-25 02:43:06", "elapsed": 9987.107398, "delta": 133.878947}}
{"target": -1000000.0, "params": {"log_nD": 20.894677858918076, "log_nNe": 16.478111829449464}, "datetime": {"datetime": "2022-04-25 02:43:54", "elapsed": 10034.985524, "delta": 47.878126}}
{"target": -1000000.0, "params": {"log_nD": 18.501931562342488, "log_nNe": 20.70051213365565}, "datetime": {"datetime": "2022-04-25 02:44:28", "elapsed": 10068.972219, "delta": 33.986695}}
{"target": -1000000.0, "params": {"log_nD": 18.156876176470533, "log_nNe": 16.513689488402832}, "datetime": {"datetime": "2022-04-25 02:46:37", "elapsed": 10198.756235, "delta": 129.784016}}
{"target": -1000000.0, "params": {"log_nD": 20.98919622672208, "log_nNe": 19.038950091317012}, "datetime": {"datetime": "2022-04-25 02:48:51", "elapsed": 10332.048961, "delta": 133.292726}}
{"target": -1000000.0, "params": {"log_nD": 18.337348604456352, "log_nNe": 18.98485239727687}, "datetime": {"datetime": "2022-04-25 02:51:06", "elapsed": 10467.14171, "delta": 135.092749}}
{"target": -1000000.0, "params": {"log_nD": 20.90046704640851, "log_nNe": 15.976270354418096}, "datetime": {"datetime": "2022-04-25 02:53:19", "elapsed": 10600.024528, "delta": 132.882818}}
{"target": -1000000.0, "params": {"log_nD": 20.424312032479786, "log_nNe": 17.941597479661514}, "datetime": {"datetime": "2022-04-25 02:55:30", "elapsed": 10731.332231, "delta": 131.307703}}
{"target": -1000000.0, "params": {"log_nD": 20.618985789453887, "log_nNe": 16.28155516341002}, "datetime": {"datetime": "2022-04-25 02:57:41", "elapsed": 10862.45149, "delta": 131.119259}}
{"target": -1000000.0, "params": {"log_nD": 19.366273824800583, "log_nNe": 15.957290401495024}, "datetime": {"datetime": "2022-04-25 02:59:54", "elapsed": 10995.053871, "delta": 132.602381}}
{"target": -1000000.0, "params": {"log_nD": 18.428598940505193, "log_nNe": 15.876018960683657}, "datetime": {"datetime": "2022-04-25 03:02:06", "elapsed": 11127.252336, "delta": 132.198465}}
{"target": -1000000.0, "params": {"log_nD": 17.309345066684923, "log_nNe": 18.000551871769947}, "datetime": {"datetime": "2022-04-25 03:04:17", "elapsed": 11258.213244, "delta": 130.960908}}
{"target": -1000000.0, "params": {"log_nD": 18.108894772951665, "log_nNe": 17.885600681750695}, "datetime": {"datetime": "2022-04-25 03:06:27", "elapsed": 11388.022814, "delta": 129.80957}}
{"target": -1000000.0, "params": {"log_nD": 21.683053164209323, "log_nNe": 20.346324556386016}, "datetime": {"datetime": "2022-04-25 03:08:39", "elapsed": 11520.73999, "delta": 132.717176}}
{"target": -1000000.0, "params": {"log_nD": 19.002307505202563, "log_nNe": 15.083886502344983}, "datetime": {"datetime": "2022-04-25 03:10:51", "elapsed": 11652.440658, "delta": 131.700668}}
{"target": -1000000.0, "params": {"log_nD": 20.17647680087817, "log_nNe": 19.346577411634897}, "datetime": {"datetime": "2022-04-25 03:13:04", "elapsed": 11785.143209, "delta": 132.702551}}
{"target": -1000000.0, "params": {"log_nD": 21.42666638242254, "log_nNe": 18.200330162573426}, "datetime": {"datetime": "2022-04-25 03:15:13", "elapsed": 11914.534071, "delta": 129.390862}}
{"target": -1000000.0, "params": {"log_nD": 18.367190530175098, "log_nNe": 19.526343755350197}, "datetime": {"datetime": "2022-04-25 03:17:29", "elapsed": 12050.289991, "delta": 135.75592}}
{"target": -1000000.0, "params": {"log_nD": 18.42018527959481, "log_nNe": 17.137647497995843}, "datetime": {"datetime": "2022-04-25 03:19:40", "elapsed": 12181.362075, "delta": 131.072084}}
{"target": -1000000.0, "params": {"log_nD": 18.160202610457052, "log_nNe": 20.187325294972982}, "datetime": {"datetime": "2022-04-25 03:21:56", "elapsed": 12317.31638, "delta": 135.954305}}
{"target": -1000000.0, "params": {"log_nD": 18.83556184558296, "log_nNe": 18.25653197455398}, "datetime": {"datetime": "2022-04-25 03:23:09", "elapsed": 12389.99336, "delta": 72.67698}}
{"target": -205.6540012477895, "params": {"log_nD": 17.644781684549546, "log_nNe": 18.574614030685797}, "datetime": {"datetime": "2022-04-25 03:25:53", "elapsed": 12554.377451, "delta": 164.384091}}
{"target": -92.95677587674446, "params": {"log_nD": 17.77388741846639, "log_nNe": 19.25731390590002}, "datetime": {"datetime": "2022-04-25 03:29:14", "elapsed": 12754.932625, "delta": 200.555174}}
{"target": -1000000.0, "params": {"log_nD": 20.917190435220313, "log_nNe": 15.257351149199875}, "datetime": {"datetime": "2022-04-25 03:30:00", "elapsed": 12801.475681, "delta": 46.543056}}
{"target": -59.50815820009477, "params": {"log_nD": 21.172763293854985, "log_nNe": 19.64753198460132}, "datetime": {"datetime": "2022-04-25 03:34:19", "elapsed": 13060.167043, "delta": 258.691362}}
{"target": -127.10182789586489, "params": {"log_nD": 20.539963548321666, "log_nNe": 18.173901603253267}, "datetime": {"datetime": "2022-04-25 03:36:31", "elapsed": 13192.725158, "delta": 132.558115}}
{"target": -1000000.0, "params": {"log_nD": 21.310470231782705, "log_nNe": 20.910132246701156}, "datetime": {"datetime": "2022-04-25 03:37:04", "elapsed": 13225.050081, "delta": 32.324923}}
{"target": -1000000.0, "params": {"log_nD": 21.0659446531668, "log_nNe": 20.470611361817866}, "datetime": {"datetime": "2022-04-25 03:39:22", "elapsed": 13363.116687, "delta": 138.066606}}
{"target": -1000000.0, "params": {"log_nD": 20.51010469633962, "log_nNe": 18.837285651282432}, "datetime": {"datetime": "2022-04-25 03:41:32", "elapsed": 13493.531791, "delta": 130.415104}}
{"target": -1000000.0, "params": {"log_nD": 19.150946106794105, "log_nNe": 16.547897890304014}, "datetime": {"datetime": "2022-04-25 03:43:44", "elapsed": 13625.813473, "delta": 132.281682}}
{"target": -1000000.0, "params": {"log_nD": 20.228972545632804, "log_nNe": 18.404208458478173}, "datetime": {"datetime": "2022-04-25 03:45:57", "elapsed": 13758.747416, "delta": 132.933943}}
{"target": -1000000.0, "params": {"log_nD": 20.655430516183664, "log_nNe": 17.776766442917605}, "datetime": {"datetime": "2022-04-25 03:48:10", "elapsed": 13891.259274, "delta": 132.511858}}
{"target": -1000000.0, "params": {"log_nD": 21.463146451339128, "log_nNe": 15.310375703742842}, "datetime": {"datetime": "2022-04-25 03:50:19", "elapsed": 14020.087952, "delta": 128.828678}}
{"target": -1000000.0, "params": {"log_nD": 17.080977201214584, "log_nNe": 15.30905858931292}, "datetime": {"datetime": "2022-04-25 03:52:30", "elapsed": 14151.787957, "delta": 131.700005}}
{"target": -1000000.0, "params": {"log_nD": 20.467775204000997, "log_nNe": 15.427847976788449}, "datetime": {"datetime": "2022-04-25 03:54:42", "elapsed": 14283.494937, "delta": 131.70698}}
{"target": -1000000.0, "params": {"log_nD": 20.611543945083078, "log_nNe": 18.675679233628326}, "datetime": {"datetime": "2022-04-25 03:56:53", "elapsed": 14413.93359, "delta": 130.438653}}
{"target": -1000000.0, "params": {"log_nD": 21.75471731900798, "log_nNe": 18.69015233236491}, "datetime": {"datetime": "2022-04-25 03:59:02", "elapsed": 14543.238992, "delta": 129.305402}}
{"target": -1000000.0, "params": {"log_nD": 17.44569878853442, "log_nNe": 17.14185083098743}, "datetime": {"datetime": "2022-04-25 04:01:12", "elapsed": 14673.765814, "delta": 130.526822}}
{"target": -1000000.0, "params": {"log_nD": 17.64574784986882, "log_nNe": 16.42431445628953}, "datetime": {"datetime": "2022-04-25 04:03:24", "elapsed": 14805.556082, "delta": 131.790268}}
{"target": -1000000.0, "params": {"log_nD": 20.17919231009253, "log_nNe": 16.428208181969175}, "datetime": {"datetime": "2022-04-25 04:05:36", "elapsed": 14937.362529, "delta": 131.806447}}
{"target": -1000000.0, "params": {"log_nD": 18.88199748382443, "log_nNe": 19.06803676318509}, "datetime": {"datetime": "2022-04-25 04:07:53", "elapsed": 15074.189328, "delta": 136.826799}}
{"target": -109.52598860288761, "params": {"log_nD": 17.03865179605012, "log_nNe": 18.81660959873784}, "datetime": {"datetime": "2022-04-25 04:10:38", "elapsed": 15239.867953, "delta": 165.678625}}
{"target": -1000000.0, "params": {"log_nD": 18.202924347168835, "log_nNe": 17.951420938636865}, "datetime": {"datetime": "2022-04-25 04:12:45", "elapsed": 15366.181951, "delta": 126.313998}}
{"target": -1000000.0, "params": {"log_nD": 22.138676547297138, "log_nNe": 15.950220856807448}, "datetime": {"datetime": "2022-04-25 04:13:42", "elapsed": 15423.021112, "delta": 56.839161}}
{"target": -1000000.0, "params": {"log_nD": 20.536230622506068, "log_nNe": 15.481650267592167}, "datetime": {"datetime": "2022-04-25 04:14:45", "elapsed": 15486.648509, "delta": 63.627397}}
{"target": -186.8469512022541, "params": {"log_nD": 18.56532621008469, "log_nNe": 18.707775398160265}, "datetime": {"datetime": "2022-04-25 04:17:23", "elapsed": 15644.316754, "delta": 157.668245}}
{"target": -1000000.0, "params": {"log_nD": 18.030171698073577, "log_nNe": 18.136611387444354}, "datetime": {"datetime": "2022-04-25 04:18:59", "elapsed": 15740.572946, "delta": 96.256192}}
{"target": -100.47656058608503, "params": {"log_nD": 21.608541866953704, "log_nNe": 17.82102348826025}, "datetime": {"datetime": "2022-04-25 04:23:06", "elapsed": 15987.794078, "delta": 247.221132}}
{"target": -1000000.0, "params": {"log_nD": 18.0347190911731, "log_nNe": 15.569197259099724}, "datetime": {"datetime": "2022-04-25 04:29:11", "elapsed": 16352.043537, "delta": 364.249459}}
{"target": -1000000.0, "params": {"log_nD": 18.4116500525817, "log_nNe": 16.947087013487685}, "datetime": {"datetime": "2022-04-25 04:34:57", "elapsed": 16698.752399, "delta": 346.708862}}
{"target": -109.50341237350221, "params": {"log_nD": 20.79804243351606, "log_nNe": 18.33960416382563}, "datetime": {"datetime": "2022-04-25 04:37:17", "elapsed": 16838.345191, "delta": 139.592792}}
{"target": -1000000.0, "params": {"log_nD": 21.348482820860916, "log_nNe": 16.06694465080173}, "datetime": {"datetime": "2022-04-25 04:37:55", "elapsed": 16876.246996, "delta": 37.901805}}
