{"target": -102.95261988672893, "params": {"log_nD": 19.872285695648234, "log_nNe": 18.76656794693082}, "datetime": {"datetime": "2022-04-26 14:10:12", "elapsed": 61551.241208, "delta": 175.096721}}
{"target": -105.28094492830047, "params": {"log_nD": 17.037325282343637, "log_nNe": 20.078674643281058}, "datetime": {"datetime": "2022-04-26 14:13:34", "elapsed": 61753.866348, "delta": 202.62514}}
{"target": -108.58026995633038, "params": {"log_nD": 17.206328562290874, "log_nNe": 20.16645817306477}, "datetime": {"datetime": "2022-04-26 14:17:01", "elapsed": 61960.362067, "delta": 206.495719}}
{"target": -93.9455513531664, "params": {"log_nD": 18.87265902323016, "log_nNe": 19.230150235871964}, "datetime": {"datetime": "2022-04-26 14:20:05", "elapsed": 62144.769232, "delta": 184.407165}}
{"target": -92.02785839717254, "params": {"log_nD": 19.090916592643936, "log_nNe": 19.260033542166006}, "datetime": {"datetime": "2022-04-26 14:23:09", "elapsed": 62328.494157, "delta": 183.724925}}
{"target": -500.0, "params": {"log_nD": 19.054055963967187, "log_nNe": 16.19375694881295}, "datetime": {"datetime": "2022-04-26 14:28:48", "elapsed": 62667.692053, "delta": 339.197896}}
{"target": -500.0, "params": {"log_nD": 20.086079479759302, "log_nNe": 15.698699216890345}, "datetime": {"datetime": "2022-04-26 14:30:24", "elapsed": 62763.349991, "delta": 95.657938}}
{"target": -102.44643617021762, "params": {"log_nD": 20.45337211829269, "log_nNe": 18.69296423720544}, "datetime": {"datetime": "2022-04-26 14:32:48", "elapsed": 62907.367292, "delta": 144.017301}}
{"target": -67.32965787351446, "params": {"log_nD": 21.4435668864728, "log_nNe": 18.80367701563224}, "datetime": {"datetime": "2022-04-26 14:35:15", "elapsed": 63054.753503, "delta": 147.386211}}
{"target": -500.0, "params": {"log_nD": 21.634069942661213, "log_nNe": 18.81853501804821}, "datetime": {"datetime": "2022-04-26 14:35:54", "elapsed": 63093.878476, "delta": 39.124973}}
{"target": -74.11812478992296, "params": {"log_nD": 21.442465915706205, "log_nNe": 18.691922825069597}, "datetime": {"datetime": "2022-04-26 14:38:17", "elapsed": 63236.770661, "delta": 142.892185}}
{"target": -132.97830321068884, "params": {"log_nD": 21.240046567317034, "log_nNe": 20.09831659239045}, "datetime": {"datetime": "2022-04-26 14:41:41", "elapsed": 63440.347858, "delta": 203.577197}}
{"target": -85.30517610540046, "params": {"log_nD": 21.098867048275117, "log_nNe": 18.98043409132012}, "datetime": {"datetime": "2022-04-26 14:44:08", "elapsed": 63587.051684, "delta": 146.703826}}
{"target": -61.11416342945303, "params": {"log_nD": 21.031244845766857, "log_nNe": 19.50504731445234}, "datetime": {"datetime": "2022-04-26 14:46:47", "elapsed": 63746.74136, "delta": 159.689676}}
{"target": -500.0, "params": {"log_nD": 19.494986166201645, "log_nNe": 15.344888459272358}, "datetime": {"datetime": "2022-04-26 14:50:09", "elapsed": 63948.253303, "delta": 201.511943}}
{"target": -500.0, "params": {"log_nD": 18.75918543411726, "log_nNe": 19.854126806120277}, "datetime": {"datetime": "2022-04-26 14:50:48", "elapsed": 63987.074983, "delta": 38.82168}}
{"target": -500.0, "params": {"log_nD": 21.240345869556567, "log_nNe": 20.158660207976993}, "datetime": {"datetime": "2022-04-26 14:51:43", "elapsed": 64042.147321, "delta": 55.072338}}
{"target": -109.92388153972026, "params": {"log_nD": 21.25079411319105, "log_nNe": 19.979939275221877}, "datetime": {"datetime": "2022-04-26 14:54:43", "elapsed": 64222.869003, "delta": 180.721682}}
{"target": -500.0, "params": {"log_nD": 20.026961508282632, "log_nNe": 15.808061068700976}, "datetime": {"datetime": "2022-04-26 14:56:18", "elapsed": 64317.370604, "delta": 94.501601}}
{"target": -121.78726110388851, "params": {"log_nD": 21.21082439767789, "log_nNe": 20.04753640968152}, "datetime": {"datetime": "2022-04-26 14:59:28", "elapsed": 64507.131355, "delta": 189.760751}}
{"target": -120.68184270615622, "params": {"log_nD": 21.328726515704787, "log_nNe": 20.036181758816852}, "datetime": {"datetime": "2022-04-26 15:03:11", "elapsed": 64730.56811, "delta": 223.436755}}
{"target": -157.9734358215505, "params": {"log_nD": 20.848581006337692, "log_nNe": 20.229722766317472}, "datetime": {"datetime": "2022-04-26 15:06:22", "elapsed": 64921.217284, "delta": 190.649174}}
{"target": -92.27066311666972, "params": {"log_nD": 20.904075991192737, "log_nNe": 19.856398185813823}, "datetime": {"datetime": "2022-04-26 15:11:05", "elapsed": 65204.076643, "delta": 282.859359}}
{"target": -119.94330584767575, "params": {"log_nD": 20.90941604305396, "log_nNe": 20.097844791070592}, "datetime": {"datetime": "2022-04-26 15:14:07", "elapsed": 65386.974638, "delta": 182.897995}}
{"target": -104.98663111624268, "params": {"log_nD": 20.65404786381449, "log_nNe": 18.562146019654172}, "datetime": {"datetime": "2022-04-26 15:16:24", "elapsed": 65523.294542, "delta": 136.319904}}
{"target": -97.14142807663394, "params": {"log_nD": 18.41574624871707, "log_nNe": 19.16126032404332}, "datetime": {"datetime": "2022-04-26 15:19:20", "elapsed": 65699.661086, "delta": 176.366544}}
{"target": -93.64481780183749, "params": {"log_nD": 21.277996369684736, "log_nNe": 18.53562517765216}, "datetime": {"datetime": "2022-04-26 15:21:32", "elapsed": 65831.769629, "delta": 132.108543}}
{"target": -99.05972862943526, "params": {"log_nD": 20.393866509726333, "log_nNe": 18.870134473555865}, "datetime": {"datetime": "2022-04-26 15:23:58", "elapsed": 65977.762527, "delta": 145.992898}}
{"target": -94.5746240632062, "params": {"log_nD": 19.8012364676389, "log_nNe": 19.14201114760761}, "datetime": {"datetime": "2022-04-26 15:26:55", "elapsed": 66154.178926, "delta": 176.416399}}
{"target": -500.0, "params": {"log_nD": 17.70150389198223, "log_nNe": 16.52407247682963}, "datetime": {"datetime": "2022-04-26 15:33:30", "elapsed": 66549.841453, "delta": 395.662527}}
{"target": -102.69059790633426, "params": {"log_nD": 21.418874873040686, "log_nNe": 18.090871326610518}, "datetime": {"datetime": "2022-04-26 15:35:41", "elapsed": 66680.5863, "delta": 130.744847}}
{"target": -500.0, "params": {"log_nD": 17.32075764783146, "log_nNe": 18.49250165485249}, "datetime": {"datetime": "2022-04-26 15:36:57", "elapsed": 66756.337287, "delta": 75.750987}}
{"target": -107.48730502199436, "params": {"log_nD": 21.160210745278935, "log_nNe": 18.243316327804415}, "datetime": {"datetime": "2022-04-26 15:39:04", "elapsed": 66883.606492, "delta": 127.269205}}
{"target": -221.39552386489015, "params": {"log_nD": 20.493347045395627, "log_nNe": 17.97607064046117}, "datetime": {"datetime": "2022-04-26 15:41:32", "elapsed": 67031.081499, "delta": 147.475007}}
{"target": -209.75770267975093, "params": {"log_nD": 19.93007873457087, "log_nNe": 18.315763462872177}, "datetime": {"datetime": "2022-04-26 15:44:20", "elapsed": 67200.030819, "delta": 168.94932}}
{"target": -203.43407228439247, "params": {"log_nD": 19.401456418041256, "log_nNe": 18.531682183761934}, "datetime": {"datetime": "2022-04-26 15:47:13", "elapsed": 67372.247339, "delta": 172.21652}}
{"target": -110.55063523868333, "params": {"log_nD": 17.230828208417144, "log_nNe": 18.819859298684484}, "datetime": {"datetime": "2022-04-26 15:50:47", "elapsed": 67586.404243, "delta": 214.156904}}
{"target": -104.758416907271, "params": {"log_nD": 21.551104756522637, "log_nNe": 19.523558423285465}, "datetime": {"datetime": "2022-04-26 15:54:13", "elapsed": 67792.928196, "delta": 206.523953}}
{"target": -89.19708138334053, "params": {"log_nD": 21.19174056704987, "log_nNe": 18.7648350089439}, "datetime": {"datetime": "2022-04-26 15:58:41", "elapsed": 68060.644983, "delta": 267.716787}}
{"target": -97.85552523126108, "params": {"log_nD": 20.574317004356143, "log_nNe": 18.920671268607997}, "datetime": {"datetime": "2022-04-26 16:02:20", "elapsed": 68279.751311, "delta": 219.106328}}
{"target": -117.38970882539513, "params": {"log_nD": 21.202841053330605, "log_nNe": 17.923004871519005}, "datetime": {"datetime": "2022-04-26 16:05:56", "elapsed": 68495.845686, "delta": 216.094375}}
{"target": -105.48684860220543, "params": {"log_nD": 19.81164917098448, "log_nNe": 20.012106532083063}, "datetime": {"datetime": "2022-04-26 16:12:40", "elapsed": 68899.166107, "delta": 403.320421}}
{"target": -105.03082936034275, "params": {"log_nD": 19.97648057384218, "log_nNe": 19.961926779427454}, "datetime": {"datetime": "2022-04-26 16:16:44", "elapsed": 69143.988829, "delta": 244.822722}}
{"target": -96.05986057331774, "params": {"log_nD": 18.72035692909354, "log_nNe": 19.20617886743527}, "datetime": {"datetime": "2022-04-26 16:23:11", "elapsed": 69530.469171, "delta": 386.480342}}
{"target": -500.0, "params": {"log_nD": 22.196500852887755, "log_nNe": 20.479353675595412}, "datetime": {"datetime": "2022-04-26 16:24:28", "elapsed": 69607.667548, "delta": 77.198377}}
{"target": -90.9945516717618, "params": {"log_nD": 21.38925047883461, "log_nNe": 19.613318595029174}, "datetime": {"datetime": "2022-04-26 16:27:46", "elapsed": 69805.044855, "delta": 197.377307}}
{"target": -169.75621066796663, "params": {"log_nD": 21.123597251953548, "log_nNe": 20.248523425039586}, "datetime": {"datetime": "2022-04-26 16:32:41", "elapsed": 70100.437252, "delta": 295.392397}}
{"target": -500.0, "params": {"log_nD": 21.059517072198624, "log_nNe": 20.420190609710428}, "datetime": {"datetime": "2022-04-26 16:34:13", "elapsed": 70192.579549, "delta": 92.142297}}
{"target": -109.68525164601672, "params": {"log_nD": 20.338905781883085, "log_nNe": 18.377267240704615}, "datetime": {"datetime": "2022-04-26 16:37:40", "elapsed": 70399.50477, "delta": 206.925221}}
{"target": -79.94871753820667, "params": {"log_nD": 21.04363155078662, "log_nNe": 19.800001690049122}, "datetime": {"datetime": "2022-04-26 16:43:24", "elapsed": 70743.301114, "delta": 343.796344}}
{"target": -500.0, "params": {"log_nD": 18.861051503216864, "log_nNe": 18.022782239783687}, "datetime": {"datetime": "2022-04-26 16:45:04", "elapsed": 70843.139973, "delta": 99.838859}}
{"target": -96.07867433576888, "params": {"log_nD": 19.157919249776604, "log_nNe": 19.158378282596182}, "datetime": {"datetime": "2022-04-26 16:48:04", "elapsed": 71023.095369, "delta": 179.955396}}
{"target": -82.74718621965782, "params": {"log_nD": 20.886645105905917, "log_nNe": 19.230390278448468}, "datetime": {"datetime": "2022-04-26 16:50:42", "elapsed": 71181.863487, "delta": 158.768118}}
{"target": -65.75190597203277, "params": {"log_nD": 21.00036603582687, "log_nNe": 19.628213410016066}, "datetime": {"datetime": "2022-04-26 16:53:32", "elapsed": 71351.970588, "delta": 170.107101}}
{"target": -94.90131212923404, "params": {"log_nD": 19.941772539347365, "log_nNe": 19.09624082542996}, "datetime": {"datetime": "2022-04-26 16:56:28", "elapsed": 71527.167555, "delta": 175.196967}}
{"target": -211.14891990146248, "params": {"log_nD": 18.30570407901021, "log_nNe": 18.652296751377296}, "datetime": {"datetime": "2022-04-26 16:59:25", "elapsed": 71704.85074, "delta": 177.683185}}
{"target": -124.80633464390272, "params": {"log_nD": 20.989164726798997, "log_nNe": 17.87449550447863}, "datetime": {"datetime": "2022-04-26 17:01:21", "elapsed": 71820.96772, "delta": 116.11698}}
{"target": -155.09792697117598, "params": {"log_nD": 19.271359555003286, "log_nNe": 19.36052705567589}, "datetime": {"datetime": "2022-04-26 17:04:30", "elapsed": 72009.248021, "delta": 188.280301}}
{"target": -104.7288474223323, "params": {"log_nD": 19.16438566269468, "log_nNe": 20.099386152859793}, "datetime": {"datetime": "2022-04-26 17:07:49", "elapsed": 72208.91869, "delta": 199.670669}}
{"target": -110.83087136267866, "params": {"log_nD": 19.731197248225836, "log_nNe": 18.57260948784425}, "datetime": {"datetime": "2022-04-26 17:10:37", "elapsed": 72376.76969, "delta": 167.851}}
{"target": -96.6319356325665, "params": {"log_nD": 20.130057066180406, "log_nNe": 19.262826714726906}, "datetime": {"datetime": "2022-04-26 17:13:39", "elapsed": 72558.863301, "delta": 182.093611}}
{"target": -500.0, "params": {"log_nD": 19.946657414628106, "log_nNe": 16.973843301038976}, "datetime": {"datetime": "2022-04-26 17:14:56", "elapsed": 72635.576469, "delta": 76.713168}}
{"target": -141.96591454193333, "params": {"log_nD": 19.348268227225706, "log_nNe": 20.23199471800245}, "datetime": {"datetime": "2022-04-26 17:18:24", "elapsed": 72843.393171, "delta": 207.816702}}
{"target": -213.0826630430414, "params": {"log_nD": 20.905282937476994, "log_nNe": 17.803808518034135}, "datetime": {"datetime": "2022-04-26 17:20:20", "elapsed": 72959.544213, "delta": 116.151042}}
{"target": -190.4906884209404, "params": {"log_nD": 18.22518016670754, "log_nNe": 19.39427607423957}, "datetime": {"datetime": "2022-04-26 17:23:26", "elapsed": 73145.590123, "delta": 186.04591}}
{"target": -118.36074982803264, "params": {"log_nD": 20.686714892914598, "log_nNe": 20.166829612356278}, "datetime": {"datetime": "2022-04-26 17:26:39", "elapsed": 73338.291543, "delta": 192.70142}}
{"target": -99.4394423048807, "params": {"log_nD": 20.947219474390568, "log_nNe": 18.690364366581807}, "datetime": {"datetime": "2022-04-26 17:29:00", "elapsed": 73479.236193, "delta": 140.94465}}
{"target": -500.0, "params": {"log_nD": 20.877947898842176, "log_nNe": 16.545256456187136}, "datetime": {"datetime": "2022-04-26 17:29:53", "elapsed": 73532.541171, "delta": 53.304978}}
{"target": -90.4469719609684, "params": {"log_nD": 17.677209455724046, "log_nNe": 19.310201030177588}, "datetime": {"datetime": "2022-04-26 17:33:09", "elapsed": 73728.370944, "delta": 195.829773}}
{"target": -500.0, "params": {"log_nD": 17.265539576843697, "log_nNe": 15.462015213852839}, "datetime": {"datetime": "2022-04-26 17:40:07", "elapsed": 74146.920991, "delta": 418.550047}}
{"target": -108.48445535203639, "params": {"log_nD": 18.5015727286212, "log_nNe": 19.38399206065472}, "datetime": {"datetime": "2022-04-26 17:43:27", "elapsed": 74346.230918, "delta": 199.309927}}
{"target": -91.51287297591468, "params": {"log_nD": 19.471118366241985, "log_nNe": 19.25277515209451}, "datetime": {"datetime": "2022-04-26 17:46:47", "elapsed": 74546.804689, "delta": 200.573771}}
{"target": -97.8596315001796, "params": {"log_nD": 19.424628311410732, "log_nNe": 19.084407951945774}, "datetime": {"datetime": "2022-04-26 17:49:49", "elapsed": 74728.955136, "delta": 182.150447}}
{"target": -500.0, "params": {"log_nD": 20.964119310274604, "log_nNe": 17.291458321460016}, "datetime": {"datetime": "2022-04-26 17:50:40", "elapsed": 74779.602896, "delta": 50.64776}}
{"target": -500.0, "params": {"log_nD": 17.46182860501397, "log_nNe": 17.180058568495536}, "datetime": {"datetime": "2022-04-26 17:57:11", "elapsed": 75170.864485, "delta": 391.261589}}
{"target": -106.3424162390894, "params": {"log_nD": 17.01065433531865, "log_nNe": 18.981275036990937}, "datetime": {"datetime": "2022-04-26 17:59:58", "elapsed": 75337.90247, "delta": 167.037985}}
{"target": -92.75387469176198, "params": {"log_nD": 20.889267473805614, "log_nNe": 18.96375085652677}, "datetime": {"datetime": "2022-04-26 18:02:23", "elapsed": 75482.630087, "delta": 144.727617}}
{"target": -97.54460808937328, "params": {"log_nD": 20.176453248176202, "log_nNe": 19.871574123154183}, "datetime": {"datetime": "2022-04-26 18:05:31", "elapsed": 75670.060802, "delta": 187.430715}}
{"target": -500.0, "params": {"log_nD": 20.768802580722927, "log_nNe": 20.827739856813764}, "datetime": {"datetime": "2022-04-26 18:06:05", "elapsed": 75704.949249, "delta": 34.888447}}
{"target": -500.0, "params": {"log_nD": 19.105538449707293, "log_nNe": 16.509946605850107}, "datetime": {"datetime": "2022-04-26 18:11:15", "elapsed": 76014.412013, "delta": 309.462764}}
{"target": -110.29296660418667, "params": {"log_nD": 18.706498677283026, "log_nNe": 20.169713531970018}, "datetime": {"datetime": "2022-04-26 18:14:34", "elapsed": 76213.832715, "delta": 199.420702}}
{"target": -500.0, "params": {"log_nD": 20.243993441433986, "log_nNe": 20.991599052185492}, "datetime": {"datetime": "2022-04-26 18:15:09", "elapsed": 76248.340731, "delta": 34.508016}}
{"target": -105.54971942490144, "params": {"log_nD": 19.60427629273353, "log_nNe": 20.069402887157977}, "datetime": {"datetime": "2022-04-26 18:18:25", "elapsed": 76444.737766, "delta": 196.397035}}
