{"target": -1000000.0, "params": {"log_nD": 20.334470415048237, "log_nNe": 17.881297973768632}, "datetime": {"datetime": "2022-04-24 12:49:45", "elapsed": 0.0, "delta": 0.0}}
{"target": -1000000.0, "params": {"log_nD": 19.000365999415504, "log_nNe": 16.209330290527358}, "datetime": {"datetime": "2022-04-24 12:54:52", "elapsed": 306.796523, "delta": 306.796523}}
{"target": -1000000.0, "params": {"log_nD": 19.46961885061476, "log_nNe": 15.36935437907519}, "datetime": {"datetime": "2022-04-24 12:58:15", "elapsed": 510.189659, "delta": 203.393136}}
{"target": -1000000.0, "params": {"log_nD": 19.596032676408548, "log_nNe": 16.38224290817219}, "datetime": {"datetime": "2022-04-24 13:00:38", "elapsed": 653.756824, "delta": 143.567165}}
{"target": -1000000.0, "params": {"log_nD": 20.269655917538145, "log_nNe": 17.155266936013426}, "datetime": {"datetime": "2022-04-24 13:01:41", "elapsed": 716.62152, "delta": 62.864696}}
{"target": -1000000.0, "params": {"log_nD": 20.341422446090544, "log_nNe": 17.74087800158704}, "datetime": {"datetime": "2022-04-24 13:02:43", "elapsed": 777.949806, "delta": 61.328286}}
{"target": -176.6512825980543, "params": {"log_nD": 19.654247199140855, "log_nNe": 18.51246974556378}, "datetime": {"datetime": "2022-04-24 13:05:11", "elapsed": 926.774742, "delta": 148.824936}}
{"target": -1000000.0, "params": {"log_nD": 19.087640298233364, "log_nNe": 17.68187004071361}, "datetime": {"datetime": "2022-04-24 13:07:10", "elapsed": 1045.659276, "delta": 118.884534}}
{"target": -1000000.0, "params": {"log_nD": 20.335375367574805, "log_nNe": 17.234759313783005}, "datetime": {"datetime": "2022-04-24 13:08:13", "elapsed": 1108.760864, "delta": 63.101588}}
{"target": -1000000.0, "params": {"log_nD": 19.44923820350475, "log_nNe": 15.792405956339515}, "datetime": {"datetime": "2022-04-24 13:11:45", "elapsed": 1320.38073, "delta": 211.619866}}
{"target": -109.6399446242952, "params": {"log_nD": 19.585840072053518, "log_nNe": 18.69256810872614}, "datetime": {"datetime": "2022-04-24 13:14:12", "elapsed": 1467.705195, "delta": 147.324465}}
{"target": -152.5812320413339, "params": {"log_nD": 19.46832743059961, "log_nNe": 18.556335462147075}, "datetime": {"datetime": "2022-04-24 13:16:42", "elapsed": 1617.74393, "delta": 150.038735}}
{"target": -115.07708780817076, "params": {"log_nD": 19.59636143445879, "log_nNe": 18.577054679814182}, "datetime": {"datetime": "2022-04-24 13:19:11", "elapsed": 1766.343809, "delta": 148.599879}}
{"target": -103.775829976542, "params": {"log_nD": 19.117739618169722, "log_nNe": 19.0}, "datetime": {"datetime": "2022-04-24 13:21:43", "elapsed": 1918.681592, "delta": 152.337783}}
{"target": -102.0404368420443, "params": {"log_nD": 19.407456253263963, "log_nNe": 18.99020284274532}, "datetime": {"datetime": "2022-04-24 13:24:14", "elapsed": 2069.634521, "delta": 150.952929}}
{"target": -109.39774629133467, "params": {"log_nD": 19.25948516635925, "log_nNe": 18.806760509557694}, "datetime": {"datetime": "2022-04-24 13:26:44", "elapsed": 2219.53995, "delta": 149.905429}}
{"target": -1000000.0, "params": {"log_nD": 22.2, "log_nNe": 15.0}, "datetime": {"datetime": "2022-04-24 13:27:31", "elapsed": 2265.856964, "delta": 46.317014}}
{"target": -98.26179773937429, "params": {"log_nD": 19.885587555755894, "log_nNe": 18.97560399106962}, "datetime": {"datetime": "2022-04-24 13:29:57", "elapsed": 2411.887988, "delta": 146.031024}}
{"target": -1000000.0, "params": {"log_nD": 22.2, "log_nNe": 19.0}, "datetime": {"datetime": "2022-04-24 13:30:25", "elapsed": 2440.466633, "delta": 28.578645}}
{"target": -99.00046695922171, "params": {"log_nD": 19.71101290848681, "log_nNe": 18.995814816575507}, "datetime": {"datetime": "2022-04-24 13:32:54", "elapsed": 2589.214422, "delta": 148.747789}}
{"target": -103.5414471615627, "params": {"log_nD": 19.79496056819633, "log_nNe": 18.788736919808223}, "datetime": {"datetime": "2022-04-24 13:35:21", "elapsed": 2736.433159, "delta": 147.218737}}
{"target": -1000000.0, "params": {"log_nD": 22.2, "log_nNe": 16.81123930870517}, "datetime": {"datetime": "2022-04-24 13:36:08", "elapsed": 2783.760915, "delta": 47.327756}}
{"target": -151.90659617505943, "params": {"log_nD": 19.02559956253415, "log_nNe": 18.715524704720934}, "datetime": {"datetime": "2022-04-24 13:38:41", "elapsed": 2935.806474, "delta": 152.045559}}
{"target": -108.36769713526496, "params": {"log_nD": 19.0, "log_nNe": 18.88613949821421}, "datetime": {"datetime": "2022-04-24 13:41:12", "elapsed": 3087.328994, "delta": 151.52252}}
{"target": -112.71232962722662, "params": {"log_nD": 19.230729894403733, "log_nNe": 18.64166751374433}, "datetime": {"datetime": "2022-04-24 13:43:44", "elapsed": 3238.957586, "delta": 151.628592}}
{"target": -110.25732924653639, "params": {"log_nD": 19.10278030167535, "log_nNe": 18.79407620979544}, "datetime": {"datetime": "2022-04-24 13:46:15", "elapsed": 3390.164808, "delta": 151.207222}}
{"target": -103.27749087615437, "params": {"log_nD": 19.701603859953263, "log_nNe": 18.85347018206769}, "datetime": {"datetime": "2022-04-24 13:48:44", "elapsed": 3538.933576, "delta": 148.768768}}
{"target": -111.62277601755895, "params": {"log_nD": 19.34019921343011, "log_nNe": 18.66709073096418}, "datetime": {"datetime": "2022-04-24 13:51:14", "elapsed": 3689.747623, "delta": 150.814047}}
{"target": -104.58030026517699, "params": {"log_nD": 19.0, "log_nNe": 19.0}, "datetime": {"datetime": "2022-04-24 13:53:46", "elapsed": 3840.998375, "delta": 151.250752}}
{"target": -107.91862387036076, "params": {"log_nD": 19.71472285635366, "log_nNe": 18.669717227336545}, "datetime": {"datetime": "2022-04-24 13:56:14", "elapsed": 3988.861522, "delta": 147.863147}}
{"target": -97.98233252550746, "params": {"log_nD": 19.816902357326477, "log_nNe": 19.0}, "datetime": {"datetime": "2022-04-24 13:58:41", "elapsed": 4136.73641, "delta": 147.874888}}
{"target": -105.61992916672997, "params": {"log_nD": 19.502210596439735, "log_nNe": 18.86819976395606}, "datetime": {"datetime": "2022-04-24 14:01:11", "elapsed": 4286.404065, "delta": 149.667655}}
{"target": -97.00211777790412, "params": {"log_nD": 20.27847716849538, "log_nNe": 18.998482091752113}, "datetime": {"datetime": "2022-04-24 14:03:32", "elapsed": 4427.72853, "delta": 141.324465}}
{"target": -96.79736306163207, "params": {"log_nD": 20.128958415294154, "log_nNe": 18.999795942659226}, "datetime": {"datetime": "2022-04-24 14:05:57", "elapsed": 4572.543266, "delta": 144.814736}}
{"target": -99.3305170930452, "params": {"log_nD": 20.59132420504045, "log_nNe": 18.99753834986549}, "datetime": {"datetime": "2022-04-24 14:08:09", "elapsed": 4704.653982, "delta": 132.110716}}
{"target": -91.58224969142637, "params": {"log_nD": 20.892500140330345, "log_nNe": 19.0}, "datetime": {"datetime": "2022-04-24 14:10:20", "elapsed": 4835.623285, "delta": 130.969303}}
{"target": -94.29525975961376, "params": {"log_nD": 20.767036668835335, "log_nNe": 19.0}, "datetime": {"datetime": "2022-04-24 14:12:31", "elapsed": 4966.499779, "delta": 130.876494}}
{"target": -103.4220476949989, "params": {"log_nD": 19.25495520868834, "log_nNe": 18.987333914835666}, "datetime": {"datetime": "2022-04-24 14:15:04", "elapsed": 5118.810746, "delta": 152.310967}}
{"target": -100.50092431688164, "params": {"log_nD": 19.549276469865962, "log_nNe": 18.995233527992077}, "datetime": {"datetime": "2022-04-24 14:17:33", "elapsed": 5268.488334, "delta": 149.677588}}
{"target": -99.2834806013882, "params": {"log_nD": 20.455498656752887, "log_nNe": 19.0}, "datetime": {"datetime": "2022-04-24 14:19:48", "elapsed": 5403.450969, "delta": 134.962635}}
{"target": -111.44753586452671, "params": {"log_nD": 19.202519489761407, "log_nNe": 18.70620806821914}, "datetime": {"datetime": "2022-04-24 14:22:19", "elapsed": 5554.290189, "delta": 150.83922}}
{"target": -210.52366689932416, "params": {"log_nD": 19.564756746439148, "log_nNe": 18.490939158692317}, "datetime": {"datetime": "2022-04-24 14:24:50", "elapsed": 5705.361242, "delta": 151.071053}}
{"target": -100.94101232752955, "params": {"log_nD": 19.810016388295118, "log_nNe": 18.889730639063504}, "datetime": {"datetime": "2022-04-24 14:27:18", "elapsed": 5853.589508, "delta": 148.228266}}
{"target": -97.0171642995064, "params": {"log_nD": 20.00836243691001, "log_nNe": 18.99715720214873}, "datetime": {"datetime": "2022-04-24 14:29:48", "elapsed": 6002.926851, "delta": 149.337343}}
{"target": -110.51388303952518, "params": {"log_nD": 19.01414182794241, "log_nNe": 18.789997066646055}, "datetime": {"datetime": "2022-04-24 14:32:18", "elapsed": 6153.426802, "delta": 150.499951}}
{"target": -107.00596878538764, "params": {"log_nD": 19.34767388833219, "log_nNe": 18.884370359276147}, "datetime": {"datetime": "2022-04-24 14:34:47", "elapsed": 6302.747945, "delta": 149.321143}}
{"target": -105.32854083635534, "params": {"log_nD": 19.705337623713614, "log_nNe": 18.77289805451599}, "datetime": {"datetime": "2022-04-24 14:37:16", "elapsed": 6451.139129, "delta": 148.391184}}
{"target": -99.27319384050796, "params": {"log_nD": 20.591769226810126, "log_nNe": 19.0}, "datetime": {"datetime": "2022-04-24 14:39:29", "elapsed": 6584.051872, "delta": 132.912743}}
{"target": -98.74104285452414, "params": {"log_nD": 20.031432833426024, "log_nNe": 18.913808505477444}, "datetime": {"datetime": "2022-04-24 14:41:57", "elapsed": 6732.360665, "delta": 148.308793}}
{"target": -99.64064301225413, "params": {"log_nD": 19.93869916471823, "log_nNe": 18.899206426047915}, "datetime": {"datetime": "2022-04-24 14:44:22", "elapsed": 6877.629497, "delta": 145.268832}}
{"target": -109.7364865846677, "params": {"log_nD": 19.434146487164472, "log_nNe": 18.74891746124293}, "datetime": {"datetime": "2022-04-24 14:46:51", "elapsed": 7025.877472, "delta": 148.247975}}
{"target": -106.78315243658197, "params": {"log_nD": 19.167663697283775, "log_nNe": 18.91749816507779}, "datetime": {"datetime": "2022-04-24 14:49:20", "elapsed": 7175.223588, "delta": 149.346116}}
{"target": -188.65260453203024, "params": {"log_nD": 19.59677086351663, "log_nNe": 18.52704973763464}, "datetime": {"datetime": "2022-04-24 14:51:49", "elapsed": 7324.033737, "delta": 148.810149}}
{"target": -111.5060294807029, "params": {"log_nD": 19.096708461286333, "log_nNe": 18.716801795334238}, "datetime": {"datetime": "2022-04-24 14:54:20", "elapsed": 7474.856799, "delta": 150.823062}}
{"target": -97.87691590827116, "params": {"log_nD": 20.022372434109137, "log_nNe": 18.954017835139837}, "datetime": {"datetime": "2022-04-24 14:56:42", "elapsed": 7617.679784, "delta": 142.822985}}
{"target": -111.94603508450948, "params": {"log_nD": 19.676339714802513, "log_nNe": 18.581046538998493}, "datetime": {"datetime": "2022-04-24 14:59:09", "elapsed": 7764.180419, "delta": 146.500635}}
{"target": -106.73930611977973, "params": {"log_nD": 19.581582124727724, "log_nNe": 18.80585123526723}, "datetime": {"datetime": "2022-04-24 15:01:38", "elapsed": 7913.600153, "delta": 149.419734}}
{"target": -92.68724025468282, "params": {"log_nD": 20.84109706363917, "log_nNe": 19.0}, "datetime": {"datetime": "2022-04-24 15:03:49", "elapsed": 8044.313397, "delta": 130.713244}}
{"target": -177.19350313964782, "params": {"log_nD": 19.338938710574926, "log_nNe": 18.563738842020012}, "datetime": {"datetime": "2022-04-24 15:06:21", "elapsed": 8195.957192, "delta": 151.643795}}
{"target": -102.20885028282626, "params": {"log_nD": 19.61738049438503, "log_nNe": 18.92375447553894}, "datetime": {"datetime": "2022-04-24 15:08:50", "elapsed": 8344.832857, "delta": 148.875665}}
{"target": -120.50690230652543, "params": {"log_nD": 19.37835040305378, "log_nNe": 18.599499082302124}, "datetime": {"datetime": "2022-04-24 15:11:21", "elapsed": 8495.871684, "delta": 151.038827}}
{"target": -106.01644986494308, "params": {"log_nD": 19.05099683063424, "log_nNe": 18.958416300805656}, "datetime": {"datetime": "2022-04-24 15:13:51", "elapsed": 8646.705506, "delta": 150.833822}}
{"target": -97.65549814634782, "params": {"log_nD": 20.17665225352314, "log_nNe": 18.95426358681002}, "datetime": {"datetime": "2022-04-24 15:16:12", "elapsed": 8787.209597, "delta": 140.504091}}
{"target": -109.04743208211171, "params": {"log_nD": 19.367457255701144, "log_nNe": 18.802860520117015}, "datetime": {"datetime": "2022-04-24 15:18:40", "elapsed": 8934.940002, "delta": 147.730405}}
{"target": -97.56837804965322, "params": {"log_nD": 20.09779256931656, "log_nNe": 18.966941974045454}, "datetime": {"datetime": "2022-04-24 15:21:02", "elapsed": 9076.884814, "delta": 141.944812}}
{"target": -97.87374619376098, "params": {"log_nD": 20.18986122472237, "log_nNe": 18.99466703392385}, "datetime": {"datetime": "2022-04-24 15:23:23", "elapsed": 9218.269473, "delta": 141.384659}}
{"target": -113.25785450625098, "params": {"log_nD": 19.29896762745682, "log_nNe": 18.624591422928205}, "datetime": {"datetime": "2022-04-24 15:25:54", "elapsed": 9369.616215, "delta": 151.346742}}
{"target": -97.52400476728377, "params": {"log_nD": 20.36781510367485, "log_nNe": 19.0}, "datetime": {"datetime": "2022-04-24 15:28:12", "elapsed": 9507.239734, "delta": 137.623519}}
{"target": -102.49343843882612, "params": {"log_nD": 19.471968350188416, "log_nNe": 18.963562972398034}, "datetime": {"datetime": "2022-04-24 15:30:43", "elapsed": 9657.907082, "delta": 150.667348}}
{"target": -108.91677800990561, "params": {"log_nD": 19.511056399949076, "log_nNe": 18.763362550227367}, "datetime": {"datetime": "2022-04-24 15:33:12", "elapsed": 9806.955052, "delta": 149.04797}}
{"target": -99.5118536164097, "params": {"log_nD": 20.681520652686718, "log_nNe": 18.99960417181686}, "datetime": {"datetime": "2022-04-24 15:35:22", "elapsed": 9937.344361, "delta": 130.389309}}
{"target": -108.95667825853849, "params": {"log_nD": 19.65677338883852, "log_nNe": 18.67746967813918}, "datetime": {"datetime": "2022-04-24 15:37:51", "elapsed": 10086.055527, "delta": 148.711166}}
{"target": -105.92749220253582, "params": {"log_nD": 19.26461746832371, "log_nNe": 18.931158709200492}, "datetime": {"datetime": "2022-04-24 15:40:23", "elapsed": 10238.459348, "delta": 152.403821}}
{"target": -161.78373468335135, "params": {"log_nD": 19.631111867439852, "log_nNe": 18.538835158271826}, "datetime": {"datetime": "2022-04-24 15:42:53", "elapsed": 10387.919202, "delta": 149.459854}}
{"target": -101.66420368544624, "params": {"log_nD": 19.887198277977152, "log_nNe": 18.82786060844769}, "datetime": {"datetime": "2022-04-24 15:45:19", "elapsed": 10534.01307, "delta": 146.093868}}
{"target": -99.47057890257781, "params": {"log_nD": 19.646686903669487, "log_nNe": 18.99758868645853}, "datetime": {"datetime": "2022-04-24 15:47:50", "elapsed": 10684.800356, "delta": 150.787286}}
{"target": -102.57773393627238, "params": {"log_nD": 19.312096431086403, "log_nNe": 18.99835578652697}, "datetime": {"datetime": "2022-04-24 15:50:21", "elapsed": 10836.131921, "delta": 151.331565}}
{"target": -100.79246524787179, "params": {"log_nD": 19.867211607361952, "log_nNe": 18.869911768708747}, "datetime": {"datetime": "2022-04-24 15:52:48", "elapsed": 10983.349685, "delta": 147.217764}}
{"target": -100.61782959579762, "params": {"log_nD": 19.714456936297307, "log_nNe": 18.93831618551562}, "datetime": {"datetime": "2022-04-24 15:55:16", "elapsed": 11131.671501, "delta": 148.321816}}
{"target": -107.63995483571149, "params": {"log_nD": 19.435534156776132, "log_nNe": 18.838318640878754}, "datetime": {"datetime": "2022-04-24 15:57:44", "elapsed": 11279.399486, "delta": 147.727985}}
{"target": -97.3404849177159, "params": {"log_nD": 19.93142086605796, "log_nNe": 19.0}, "datetime": {"datetime": "2022-04-24 16:00:10", "elapsed": 11425.492622, "delta": 146.093136}}
{"target": -110.42490524997582, "params": {"log_nD": 19.301705189009837, "log_nNe": 18.74158784101773}, "datetime": {"datetime": "2022-04-24 16:02:40", "elapsed": 11575.551824, "delta": 150.059202}}
{"target": -108.30722765233548, "params": {"log_nD": 19.07161461686965, "log_nNe": 18.881099283206385}, "datetime": {"datetime": "2022-04-24 16:05:11", "elapsed": 11726.416862, "delta": 150.865038}}
{"target": -208.10357115500562, "params": {"log_nD": 19.44737532399261, "log_nNe": 18.51400586909446}, "datetime": {"datetime": "2022-04-24 16:07:43", "elapsed": 11878.39617, "delta": 151.979308}}
{"target": -111.1246492696805, "params": {"log_nD": 19.042997916898567, "log_nNe": 18.75096667033418}, "datetime": {"datetime": "2022-04-24 16:10:14", "elapsed": 12029.622029, "delta": 151.225859}}
{"target": -108.92936560988343, "params": {"log_nD": 19.18095380685966, "log_nNe": 18.837653954418112}, "datetime": {"datetime": "2022-04-24 16:12:45", "elapsed": 12179.846668, "delta": 150.224639}}
{"target": -99.20740731164419, "params": {"log_nD": 20.558885266547758, "log_nNe": 18.99965457605122}, "datetime": {"datetime": "2022-04-24 16:14:58", "elapsed": 12312.874235, "delta": 133.027567}}
{"target": -101.07465098241912, "params": {"log_nD": 19.47409485960262, "log_nNe": 19.0}, "datetime": {"datetime": "2022-04-24 16:17:28", "elapsed": 12463.403302, "delta": 150.529067}}
{"target": -103.28770438592392, "params": {"log_nD": 19.192606849491707, "log_nNe": 19.0}, "datetime": {"datetime": "2022-04-24 16:20:00", "elapsed": 12615.204134, "delta": 151.800832}}
{"target": -107.15862366923216, "params": {"log_nD": 19.644221977363028, "log_nNe": 18.751732846489315}, "datetime": {"datetime": "2022-04-24 16:22:29", "elapsed": 12764.11876, "delta": 148.914626}}
{"target": -98.75378725223054, "params": {"log_nD": 20.628199929019086, "log_nNe": 19.0}, "datetime": {"datetime": "2022-04-24 16:24:42", "elapsed": 12897.226131, "delta": 133.107371}}
{"target": -97.32549742256116, "params": {"log_nD": 20.150161243877267, "log_nNe": 18.972241687808}, "datetime": {"datetime": "2022-04-24 16:27:04", "elapsed": 13039.224854, "delta": 141.998723}}
{"target": -105.0560219784466, "params": {"log_nD": 19.807913255304054, "log_nNe": 18.718792732235126}, "datetime": {"datetime": "2022-04-24 16:29:30", "elapsed": 13185.487839, "delta": 146.262985}}
{"target": -105.92354235146482, "params": {"log_nD": 19.755780540380762, "log_nNe": 18.72188119212323}, "datetime": {"datetime": "2022-04-24 16:31:58", "elapsed": 13332.977704, "delta": 147.489865}}
{"target": -184.98917945375553, "params": {"log_nD": 19.53706270519021, "log_nNe": 18.530891419904542}, "datetime": {"datetime": "2022-04-24 16:34:29", "elapsed": 13484.506364, "delta": 151.52866}}
{"target": -102.88539621831158, "params": {"log_nD": 19.837789747888124, "log_nNe": 18.794980201256656}, "datetime": {"datetime": "2022-04-24 16:36:57", "elapsed": 13631.916656, "delta": 147.410292}}
{"target": -211.83801092970896, "params": {"log_nD": 19.13239160562163, "log_nNe": 18.64129048146606}, "datetime": {"datetime": "2022-04-24 16:39:29", "elapsed": 13784.354588, "delta": 152.437932}}
{"target": -207.27587147506043, "params": {"log_nD": 19.15055427255536, "log_nNe": 18.670837882537153}, "datetime": {"datetime": "2022-04-24 16:42:01", "elapsed": 13936.236259, "delta": 151.881671}}
{"target": -104.5018798099033, "params": {"log_nD": 19.395836581127686, "log_nNe": 18.93339187530764}, "datetime": {"datetime": "2022-04-24 16:44:32", "elapsed": 14087.2134, "delta": 150.977141}}
{"target": -149.35508211901032, "params": {"log_nD": 19.39061357660385, "log_nNe": 18.56879771466865}, "datetime": {"datetime": "2022-04-24 16:47:03", "elapsed": 14238.760232, "delta": 151.546832}}
{"target": -110.54038371854114, "params": {"log_nD": 19.47313102669057, "log_nNe": 18.690444490150327}, "datetime": {"datetime": "2022-04-24 16:49:32", "elapsed": 14387.070026, "delta": 148.309794}}
{"target": -102.65045066501158, "params": {"log_nD": 19.554587705629363, "log_nNe": 18.928877999035162}, "datetime": {"datetime": "2022-04-24 16:52:02", "elapsed": 14537.712876, "delta": 150.64285}}
{"target": -104.09617037243123, "params": {"log_nD": 19.630956419560952, "log_nNe": 18.856452454685815}, "datetime": {"datetime": "2022-04-24 16:54:32", "elapsed": 14686.866051, "delta": 149.153175}}
{"target": -108.20904005033974, "params": {"log_nD": 19.27384697262026, "log_nNe": 18.85094456733046}, "datetime": {"datetime": "2022-04-24 16:57:02", "elapsed": 14837.692651, "delta": 150.8266}}
{"target": -104.26935195097701, "params": {"log_nD": 19.05204074694591, "log_nNe": 19.0}, "datetime": {"datetime": "2022-04-24 16:59:35", "elapsed": 14990.14851, "delta": 152.455859}}
{"target": -92.29927673231083, "params": {"log_nD": 20.85926283986795, "log_nNe": 19.0}, "datetime": {"datetime": "2022-04-24 17:01:46", "elapsed": 15121.385182, "delta": 131.236672}}
{"target": -98.36429315056401, "params": {"log_nD": 19.977635055643297, "log_nNe": 18.94594812414067}, "datetime": {"datetime": "2022-04-24 17:04:11", "elapsed": 15266.616315, "delta": 145.231133}}
{"target": -98.74427402801753, "params": {"log_nD": 20.52240040031566, "log_nNe": 19.0}, "datetime": {"datetime": "2022-04-24 17:06:24", "elapsed": 15399.574728, "delta": 132.958413}}
{"target": -106.43990756533901, "params": {"log_nD": 19.00140512496444, "log_nNe": 18.952360268513793}, "datetime": {"datetime": "2022-04-24 17:09:00", "elapsed": 15555.294699, "delta": 155.719971}}
{"target": -99.83404329493793, "params": {"log_nD": 19.801142499147787, "log_nNe": 18.939546368948236}, "datetime": {"datetime": "2022-04-24 17:11:32", "elapsed": 15706.928839, "delta": 151.63414}}
{"target": -134.4454980352016, "params": {"log_nD": 19.647101361089597, "log_nNe": 18.550758384317145}, "datetime": {"datetime": "2022-04-24 17:14:00", "elapsed": 15855.633149, "delta": 148.70431}}
{"target": -97.24168370886699, "params": {"log_nD": 20.262567168637176, "log_nNe": 18.970233094856454}, "datetime": {"datetime": "2022-04-24 17:16:24", "elapsed": 15999.066355, "delta": 143.433206}}
{"target": -97.4115235696438, "params": {"log_nD": 20.22019186801926, "log_nNe": 18.98453702876192}, "datetime": {"datetime": "2022-04-24 17:18:45", "elapsed": 16140.034287, "delta": 140.967932}}
