{"target": -114.34391695715654, "params": {"log_nD": 21.102514149234068, "log_nNe": 18.067629047619047}, "datetime": {"datetime": "2022-04-25 04:40:09", "elapsed": 17010.136239, "delta": 133.889243}}
{"target": -140.02890508960007, "params": {"log_nD": 17.310422608264744, "log_nNe": 20.225853623141887}, "datetime": {"datetime": "2022-04-25 04:44:49", "elapsed": 17290.581194, "delta": 280.444955}}
{"target": -1000000.0, "params": {"log_nD": 17.245385268235875, "log_nNe": 15.342371376855702}, "datetime": {"datetime": "2022-04-25 04:51:00", "elapsed": 17661.317946, "delta": 370.736752}}
{"target": -1000000.0, "params": {"log_nD": 21.158780379577173, "log_nNe": 20.300541949899525}, "datetime": {"datetime": "2022-04-25 04:51:50", "elapsed": 17711.605044, "delta": 50.287098}}
{"target": -1000000.0, "params": {"log_nD": 18.88840401617853, "log_nNe": 15.077314643081849}, "datetime": {"datetime": "2022-04-25 04:54:03", "elapsed": 17844.161953, "delta": 132.556909}}
{"target": -1000000.0, "params": {"log_nD": 20.407114574309276, "log_nNe": 19.85901329348897}, "datetime": {"datetime": "2022-04-25 04:56:17", "elapsed": 17978.645235, "delta": 134.483282}}
{"target": -1000000.0, "params": {"log_nD": 20.61278240248886, "log_nNe": 18.688624300363983}, "datetime": {"datetime": "2022-04-25 04:58:29", "elapsed": 18110.694713, "delta": 132.049478}}
{"target": -1000000.0, "params": {"log_nD": 21.7708037722532, "log_nNe": 15.5702529031776}, "datetime": {"datetime": "2022-04-25 05:00:38", "elapsed": 18239.901844, "delta": 129.207131}}
{"target": -1000000.0, "params": {"log_nD": 17.6431843601359, "log_nNe": 15.788451191658018}, "datetime": {"datetime": "2022-04-25 05:02:50", "elapsed": 18371.721113, "delta": 131.819269}}
{"target": -1000000.0, "params": {"log_nD": 18.338065584139496, "log_nNe": 15.35319244991242}, "datetime": {"datetime": "2022-04-25 05:08:48", "elapsed": 18729.878984, "delta": 358.157871}}
{"target": -1000000.0, "params": {"log_nD": 18.352693819703504, "log_nNe": 17.327921645120018}, "datetime": {"datetime": "2022-04-25 05:14:05", "elapsed": 19046.214492, "delta": 316.335508}}
{"target": -1000000.0, "params": {"log_nD": 17.505062256333876, "log_nNe": 16.046570287952726}, "datetime": {"datetime": "2022-04-25 05:20:14", "elapsed": 19415.657957, "delta": 369.443465}}
{"target": -1000000.0, "params": {"log_nD": 18.865629926358544, "log_nNe": 20.835767710385}, "datetime": {"datetime": "2022-04-25 05:20:47", "elapsed": 19447.936336, "delta": 32.278379}}
{"target": -1000000.0, "params": {"log_nD": 21.955234209010353, "log_nNe": 16.326862609962944}, "datetime": {"datetime": "2022-04-25 05:21:23", "elapsed": 19484.556522, "delta": 36.620186}}
{"target": -1000000.0, "params": {"log_nD": 17.366594953945683, "log_nNe": 18.055947368148786}, "datetime": {"datetime": "2022-04-25 05:23:15", "elapsed": 19596.577285, "delta": 112.020763}}
{"target": -143.34845292796828, "params": {"log_nD": 21.492627712090975, "log_nNe": 20.055793429422742}, "datetime": {"datetime": "2022-04-25 05:33:27", "elapsed": 20208.212233, "delta": 611.634948}}
{"target": -1000000.0, "params": {"log_nD": 19.26937259922806, "log_nNe": 17.09025248946403}, "datetime": {"datetime": "2022-04-25 05:37:56", "elapsed": 20477.347616, "delta": 269.135383}}
{"target": -1000000.0, "params": {"log_nD": 19.747399002889217, "log_nNe": 15.43966309050203}, "datetime": {"datetime": "2022-04-25 05:39:57", "elapsed": 20598.437991, "delta": 121.090375}}
{"target": -1000000.0, "params": {"log_nD": 20.359590678766896, "log_nNe": 15.959814205901123}, "datetime": {"datetime": "2022-04-25 05:41:14", "elapsed": 20674.968324, "delta": 76.530333}}
{"target": -56.65838071584607, "params": {"log_nD": 21.477509139759686, "log_nNe": 19.414560469326652}, "datetime": {"datetime": "2022-04-25 05:51:11", "elapsed": 21272.486076, "delta": 597.517752}}
{"target": -103.7021369716132, "params": {"log_nD": 19.968711949210046, "log_nNe": 19.296633864100578}, "datetime": {"datetime": "2022-04-25 05:54:27", "elapsed": 21467.94509, "delta": 195.459014}}
{"target": -108.48904655838848, "params": {"log_nD": 18.86235346856264, "log_nNe": 18.848092829854714}, "datetime": {"datetime": "2022-04-25 05:57:17", "elapsed": 21637.965601, "delta": 170.020511}}
{"target": -1000000.0, "params": {"log_nD": 17.659297667813565, "log_nNe": 17.674155833249216}, "datetime": {"datetime": "2022-04-25 06:00:26", "elapsed": 21826.983028, "delta": 189.017427}}
{"target": -1000000.0, "params": {"log_nD": 17.893594320630147, "log_nNe": 16.543504335565007}, "datetime": {"datetime": "2022-04-25 06:06:29", "elapsed": 22190.683043, "delta": 363.700015}}
{"target": -1000000.0, "params": {"log_nD": 20.62098825360585, "log_nNe": 15.937252768588866}, "datetime": {"datetime": "2022-04-25 06:07:28", "elapsed": 22249.793645, "delta": 59.110602}}
{"target": -1000000.0, "params": {"log_nD": 21.888106283117114, "log_nNe": 17.712897895899303}, "datetime": {"datetime": "2022-04-25 06:08:05", "elapsed": 22286.80662, "delta": 37.012975}}
{"target": -1000000.0, "params": {"log_nD": 20.762914864444205, "log_nNe": 15.828607567857874}, "datetime": {"datetime": "2022-04-25 06:08:58", "elapsed": 22339.318061, "delta": 52.511441}}
{"target": -1000000.0, "params": {"log_nD": 19.55834015973487, "log_nNe": 17.33192321454263}, "datetime": {"datetime": "2022-04-25 06:10:02", "elapsed": 22403.601914, "delta": 64.283853}}
{"target": -1000000.0, "params": {"log_nD": 17.259903729153855, "log_nNe": 17.666467844195076}, "datetime": {"datetime": "2022-04-25 06:13:15", "elapsed": 22596.888711, "delta": 193.286797}}
{"target": -96.39863644246557, "params": {"log_nD": 21.398522422368146, "log_nNe": 18.275291322266305}, "datetime": {"datetime": "2022-04-25 06:17:24", "elapsed": 22845.902351, "delta": 249.01364}}
{"target": -77.99902210676066, "params": {"log_nD": 21.421700197724018, "log_nNe": 18.65545393713178}, "datetime": {"datetime": "2022-04-25 06:21:34", "elapsed": 23095.475424, "delta": 249.573073}}
{"target": -1000000.0, "params": {"log_nD": 19.19057961717258, "log_nNe": 16.643078149748295}, "datetime": {"datetime": "2022-04-25 06:26:22", "elapsed": 23383.817614, "delta": 288.34219}}
{"target": -1000000.0, "params": {"log_nD": 21.3012970366093, "log_nNe": 16.298195055876448}, "datetime": {"datetime": "2022-04-25 06:27:01", "elapsed": 23422.81665, "delta": 38.999036}}
{"target": -121.38360499610258, "params": {"log_nD": 19.007091571344155, "log_nNe": 20.18899592850459}, "datetime": {"datetime": "2022-04-25 06:31:45", "elapsed": 23706.549372, "delta": 283.732722}}
{"target": -1000000.0, "params": {"log_nD": 17.903599906011355, "log_nNe": 19.711736499012254}, "datetime": {"datetime": "2022-04-25 06:32:22", "elapsed": 23743.418828, "delta": 36.869456}}
{"target": -1000000.0, "params": {"log_nD": 18.535392360919865, "log_nNe": 15.406050155251569}, "datetime": {"datetime": "2022-04-25 06:38:14", "elapsed": 24095.682681, "delta": 352.263853}}
{"target": -1000000.0, "params": {"log_nD": 18.93203549266971, "log_nNe": 17.17489083616438}, "datetime": {"datetime": "2022-04-25 06:43:29", "elapsed": 24410.381392, "delta": 314.698711}}
{"target": -1000000.0, "params": {"log_nD": 20.36726182541536, "log_nNe": 15.105248852981987}, "datetime": {"datetime": "2022-04-25 06:44:44", "elapsed": 24485.203754, "delta": 74.822362}}
{"target": -157.4108825127771, "params": {"log_nD": 20.68480499979098, "log_nNe": 20.242884540347106}, "datetime": {"datetime": "2022-04-25 06:49:19", "elapsed": 24760.479772, "delta": 275.276018}}
{"target": -171.59920079319198, "params": {"log_nD": 20.671937564971792, "log_nNe": 20.300170853083998}, "datetime": {"datetime": "2022-04-25 06:54:41", "elapsed": 25081.968451, "delta": 321.488679}}
{"target": -1000000.0, "params": {"log_nD": 22.089650219131304, "log_nNe": 18.919727205157802}, "datetime": {"datetime": "2022-04-25 06:55:37", "elapsed": 25138.444426, "delta": 56.475975}}
{"target": -1000000.0, "params": {"log_nD": 22.071997347907406, "log_nNe": 15.240571353153038}, "datetime": {"datetime": "2022-04-25 06:56:33", "elapsed": 25194.853758, "delta": 56.409332}}
{"target": -1000000.0, "params": {"log_nD": 17.745757089834825, "log_nNe": 17.579398726212382}, "datetime": {"datetime": "2022-04-25 07:00:09", "elapsed": 25410.594513, "delta": 215.740755}}
{"target": -1000000.0, "params": {"log_nD": 21.586794439502338, "log_nNe": 15.106118975522723}, "datetime": {"datetime": "2022-04-25 07:00:46", "elapsed": 25447.776596, "delta": 37.182083}}
{"target": -103.01803977053802, "params": {"log_nD": 18.444292676301576, "log_nNe": 19.055273918955535}, "datetime": {"datetime": "2022-04-25 07:03:54", "elapsed": 25635.377281, "delta": 187.600685}}
{"target": -186.72002963041444, "params": {"log_nD": 17.498493598194358, "log_nNe": 20.424798655409006}, "datetime": {"datetime": "2022-04-25 08:35:53", "elapsed": 31154.552309, "delta": 5519.175028}}
{"target": -1000000.0, "params": {"log_nD": 17.304976090321553, "log_nNe": 20.770291554799684}, "datetime": {"datetime": "2022-04-25 08:36:26", "elapsed": 31187.52556, "delta": 32.973251}}
{"target": -93.61523533236196, "params": {"log_nD": 18.782776298230274, "log_nNe": 19.323393227481144}, "datetime": {"datetime": "2022-04-25 08:39:50", "elapsed": 31390.973373, "delta": 203.447813}}
{"target": -90.3069888338828, "params": {"log_nD": 21.850537745314558, "log_nNe": 17.74297645327685}, "datetime": {"datetime": "2022-04-25 08:41:21", "elapsed": 31482.260604, "delta": 91.287231}}
{"target": -1000000.0, "params": {"log_nD": 22.199820066901676, "log_nNe": 16.381127753297918}, "datetime": {"datetime": "2022-04-25 08:42:17", "elapsed": 31538.184191, "delta": 55.923587}}
{"target": -1000000.0, "params": {"log_nD": 17.811942309039207, "log_nNe": 15.573797810408827}, "datetime": {"datetime": "2022-04-25 08:48:24", "elapsed": 31905.234163, "delta": 367.049972}}
{"target": -1000000.0, "params": {"log_nD": 20.001518609373033, "log_nNe": 16.484417861204655}, "datetime": {"datetime": "2022-04-25 08:49:56", "elapsed": 31997.335304, "delta": 92.101141}}
{"target": -1000000.0, "params": {"log_nD": 17.52915838373524, "log_nNe": 16.15277137269338}, "datetime": {"datetime": "2022-04-25 08:56:02", "elapsed": 32363.85562, "delta": 366.520316}}
{"target": -1000000.0, "params": {"log_nD": 22.01591678981914, "log_nNe": 15.862180343088058}, "datetime": {"datetime": "2022-04-25 08:56:40", "elapsed": 32401.555812, "delta": 37.700192}}
{"target": -1000000.0, "params": {"log_nD": 22.131795238382153, "log_nNe": 20.197530893173784}, "datetime": {"datetime": "2022-04-25 08:57:36", "elapsed": 32457.694123, "delta": 56.138311}}
{"target": -1000000.0, "params": {"log_nD": 20.307847994861298, "log_nNe": 20.624174615210183}, "datetime": {"datetime": "2022-04-25 08:58:11", "elapsed": 32492.780631, "delta": 35.086508}}
{"target": -113.68018894804602, "params": {"log_nD": 20.9390189250144, "log_nNe": 18.152310359734678}, "datetime": {"datetime": "2022-04-25 09:00:24", "elapsed": 32625.528674, "delta": 132.748043}}
{"target": -1000000.0, "params": {"log_nD": 21.830830517986715, "log_nNe": 15.218444801297812}, "datetime": {"datetime": "2022-04-25 09:01:00", "elapsed": 32661.817334, "delta": 36.28866}}
{"target": -1000000.0, "params": {"log_nD": 17.22815379496765, "log_nNe": 17.54106547792461}, "datetime": {"datetime": "2022-04-25 09:04:47", "elapsed": 32888.375353, "delta": 226.558019}}
{"target": -1000000.0, "params": {"log_nD": 22.081219856092346, "log_nNe": 17.333827382756937}, "datetime": {"datetime": "2022-04-25 09:05:44", "elapsed": 32945.0623, "delta": 56.686947}}
{"target": -168.3838211926312, "params": {"log_nD": 17.377751487525064, "log_nNe": 18.72617142095707}, "datetime": {"datetime": "2022-04-25 09:08:22", "elapsed": 33103.459069, "delta": 158.396769}}
{"target": -1000000.0, "params": {"log_nD": 18.25944605915525, "log_nNe": 16.84127322237213}, "datetime": {"datetime": "2022-04-25 09:14:17", "elapsed": 33458.845935, "delta": 355.386866}}
{"target": -122.70253651550328, "params": {"log_nD": 21.360959709005606, "log_nNe": 17.678794036024602}, "datetime": {"datetime": "2022-04-25 09:16:25", "elapsed": 33586.455119, "delta": 127.609184}}
{"target": -146.04809363383603, "params": {"log_nD": 20.456527757563435, "log_nNe": 20.225397069353143}, "datetime": {"datetime": "2022-04-25 09:21:04", "elapsed": 33865.801305, "delta": 279.346186}}
{"target": -1000000.0, "params": {"log_nD": 18.018832685321993, "log_nNe": 20.85888549941406}, "datetime": {"datetime": "2022-04-25 09:49:22", "elapsed": 35563.228745, "delta": 1697.42744}}
{"target": -1000000.0, "params": {"log_nD": 20.063991407994855, "log_nNe": 17.49885788564348}, "datetime": {"datetime": "2022-04-25 09:51:36", "elapsed": 35697.456061, "delta": 134.227316}}
{"target": -1000000.0, "params": {"log_nD": 21.04170116342888, "log_nNe": 15.696156687035078}, "datetime": {"datetime": "2022-04-25 09:53:53", "elapsed": 35834.462177, "delta": 137.006116}}
{"target": -1000000.0, "params": {"log_nD": 20.734456516676733, "log_nNe": 15.105651320403034}, "datetime": {"datetime": "2022-04-25 09:56:09", "elapsed": 35970.429733, "delta": 135.967556}}
{"target": -1000000.0, "params": {"log_nD": 20.961783903452023, "log_nNe": 15.357964864192265}, "datetime": {"datetime": "2022-04-25 09:58:42", "elapsed": 36123.239799, "delta": 152.810066}}
{"target": -1000000.0, "params": {"log_nD": 17.084922653248398, "log_nNe": 16.641383507891668}, "datetime": {"datetime": "2022-04-25 10:01:53", "elapsed": 36314.201091, "delta": 190.961292}}
{"target": -1000000.0, "params": {"log_nD": 18.818159812168556, "log_nNe": 17.12855010766117}, "datetime": {"datetime": "2022-04-25 10:05:25", "elapsed": 36525.997543, "delta": 211.796452}}
{"target": -1000000.0, "params": {"log_nD": 17.4834202133414, "log_nNe": 19.09624778991308}, "datetime": {"datetime": "2022-04-25 10:09:18", "elapsed": 36758.970865, "delta": 232.973322}}
{"target": -1000000.0, "params": {"log_nD": 18.965104821602914, "log_nNe": 19.812232772472544}, "datetime": {"datetime": "2022-04-25 10:10:22", "elapsed": 36823.779314, "delta": 64.808449}}
{"target": -107.28879455289783, "params": {"log_nD": 19.196262709074436, "log_nNe": 18.866654144766528}, "datetime": {"datetime": "2022-04-25 10:14:59", "elapsed": 37100.106442, "delta": 276.327128}}
{"target": -85.20459289180067, "params": {"log_nD": 20.73913477112118, "log_nNe": 19.269597377067242}, "datetime": {"datetime": "2022-04-25 10:22:19", "elapsed": 37540.259605, "delta": 440.153163}}
{"target": -1000000.0, "params": {"log_nD": 21.71160535191305, "log_nNe": 15.7370700660237}, "datetime": {"datetime": "2022-04-25 10:23:20", "elapsed": 37601.013875, "delta": 60.75427}}
{"target": -105.85234325791124, "params": {"log_nD": 20.785104677638103, "log_nNe": 18.505738178448016}, "datetime": {"datetime": "2022-04-25 10:27:24", "elapsed": 37845.204709, "delta": 244.190834}}
{"target": -1000000.0, "params": {"log_nD": 20.12666832191993, "log_nNe": 15.208277474850098}, "datetime": {"datetime": "2022-04-25 10:29:36", "elapsed": 37976.935853, "delta": 131.731144}}
{"target": -93.6150039219835, "params": {"log_nD": 17.512920461006285, "log_nNe": 19.298589491720158}, "datetime": {"datetime": "2022-04-25 10:33:13", "elapsed": 38194.376045, "delta": 217.440192}}
{"target": -1000000.0, "params": {"log_nD": 20.935252255670843, "log_nNe": 17.237111365447397}, "datetime": {"datetime": "2022-04-25 10:34:01", "elapsed": 38242.422002, "delta": 48.045957}}
{"target": -1000000.0, "params": {"log_nD": 19.716246299738437, "log_nNe": 18.06369922443334}, "datetime": {"datetime": "2022-04-25 10:35:08", "elapsed": 38308.938505, "delta": 66.516503}}
{"target": -65.81363050056615, "params": {"log_nD": 21.052324343617496, "log_nNe": 19.4148959127173}, "datetime": {"datetime": "2022-04-25 10:39:51", "elapsed": 38591.974107, "delta": 283.035602}}
{"target": -100.75658094800481, "params": {"log_nD": 20.233258809694547, "log_nNe": 18.767508669888656}, "datetime": {"datetime": "2022-04-25 10:42:44", "elapsed": 38765.493295, "delta": 173.519188}}
{"target": -1000000.0, "params": {"log_nD": 19.9927269274174, "log_nNe": 15.939335169191779}, "datetime": {"datetime": "2022-04-25 10:44:20", "elapsed": 38861.3479, "delta": 95.854605}}
{"target": -1000000.0, "params": {"log_nD": 21.509065279595728, "log_nNe": 20.48421531319176}, "datetime": {"datetime": "2022-04-25 10:44:55", "elapsed": 38896.253001, "delta": 34.905101}}
{"target": -105.39707978628796, "params": {"log_nD": 18.61366041473157, "log_nNe": 18.992599465503293}, "datetime": {"datetime": "2022-04-25 10:48:02", "elapsed": 39083.312379, "delta": 187.059378}}
{"target": -85.58844467085349, "params": {"log_nD": 17.030929430554874, "log_nNe": 19.44803956651704}, "datetime": {"datetime": "2022-04-25 10:51:45", "elapsed": 39306.482729, "delta": 223.17035}}
{"target": -182.82623112572549, "params": {"log_nD": 20.85203160044453, "log_nNe": 20.36395851023293}, "datetime": {"datetime": "2022-04-25 11:03:15", "elapsed": 39996.572484, "delta": 690.089755}}
{"target": -1000000.0, "params": {"log_nD": 18.189283611047742, "log_nNe": 17.767609242644273}, "datetime": {"datetime": "2022-04-25 11:06:16", "elapsed": 40177.200313, "delta": 180.627829}}
{"target": -1000000.0, "params": {"log_nD": 20.147922393337154, "log_nNe": 20.644482646394962}, "datetime": {"datetime": "2022-04-25 11:06:53", "elapsed": 40214.349351, "delta": 37.149038}}
{"target": -1000000.0, "params": {"log_nD": 21.755818383199486, "log_nNe": 16.72575716981827}, "datetime": {"datetime": "2022-04-25 11:09:02", "elapsed": 40343.846597, "delta": 129.497246}}
{"target": -1000000.0, "params": {"log_nD": 17.017713705719988, "log_nNe": 20.915101008049515}, "datetime": {"datetime": "2022-04-25 11:11:41", "elapsed": 40502.647678, "delta": 158.801081}}
