{"target": -166.56527852898546, "params": {"log_nD": 18.796616448584146, "log_nNe": 20.301838203167975}, "datetime": {"datetime": "2022-04-26 08:48:46", "elapsed": 42265.319791, "delta": 202.770314}}
{"target": -106.93429671963314, "params": {"log_nD": 17.461268963987088, "log_nNe": 18.96110374067399}, "datetime": {"datetime": "2022-04-26 08:51:29", "elapsed": 42428.464303, "delta": 163.144512}}
{"target": -107.81690711852076, "params": {"log_nD": 17.87115799802313, "log_nNe": 18.929783264427865}, "datetime": {"datetime": "2022-04-26 08:54:13", "elapsed": 42592.728545, "delta": 164.264242}}
{"target": -106.17103699423129, "params": {"log_nD": 20.217989782837034, "log_nNe": 18.509567691421573}, "datetime": {"datetime": "2022-04-26 08:56:42", "elapsed": 42741.767227, "delta": 149.038682}}
{"target": -73.91071482910908, "params": {"log_nD": 21.180862352281157, "log_nNe": 19.130325165211577}, "datetime": {"datetime": "2022-04-26 08:59:13", "elapsed": 42892.281908, "delta": 150.514681}}
{"target": -51.60278322567356, "params": {"log_nD": 21.285011518134752, "log_nNe": 19.57526314103784}, "datetime": {"datetime": "2022-04-26 09:01:52", "elapsed": 43051.74399, "delta": 159.462082}}
{"target": -107.00633663827064, "params": {"log_nD": 18.9321607050391, "log_nNe": 18.92737137287508}, "datetime": {"datetime": "2022-04-26 09:04:36", "elapsed": 43215.847149, "delta": 164.103159}}
{"target": -500.0, "params": {"log_nD": 17.762931383680574, "log_nNe": 15.0}, "datetime": {"datetime": "2022-04-26 09:10:48", "elapsed": 43587.822122, "delta": 371.974973}}
{"target": -109.46128834822932, "params": {"log_nD": 19.437051979487176, "log_nNe": 18.739847643094148}, "datetime": {"datetime": "2022-04-26 09:13:30", "elapsed": 43749.2266, "delta": 161.404478}}
{"target": -99.52251168712812, "params": {"log_nD": 17.0, "log_nNe": 19.122537882757566}, "datetime": {"datetime": "2022-04-26 09:16:15", "elapsed": 43914.902156, "delta": 165.675556}}
{"target": -107.74658118790703, "params": {"log_nD": 20.15284372380055, "log_nNe": 18.454807465189226}, "datetime": {"datetime": "2022-04-26 09:18:48", "elapsed": 44067.26138, "delta": 152.359224}}
{"target": -93.8477913588813, "params": {"log_nD": 19.32264881827917, "log_nNe": 19.200175609239487}, "datetime": {"datetime": "2022-04-26 09:21:43", "elapsed": 44242.210555, "delta": 174.949175}}
{"target": -98.0836107298138, "params": {"log_nD": 21.092255669898943, "log_nNe": 18.612603375808014}, "datetime": {"datetime": "2022-04-26 09:23:54", "elapsed": 44373.359399, "delta": 131.148844}}
{"target": -231.48793256192573, "params": {"log_nD": 20.749678602358685, "log_nNe": 17.74964013590853}, "datetime": {"datetime": "2022-04-26 09:25:54", "elapsed": 44493.272896, "delta": 119.913497}}
{"target": -176.15510491180268, "params": {"log_nD": 18.337646032056604, "log_nNe": 20.351232540910488}, "datetime": {"datetime": "2022-04-26 09:29:17", "elapsed": 44696.791917, "delta": 203.519021}}
{"target": -500.0, "params": {"log_nD": 17.466618282991725, "log_nNe": 20.5888868785949}, "datetime": {"datetime": "2022-04-26 09:29:53", "elapsed": 44732.851047, "delta": 36.05913}}
{"target": -104.21159402893042, "params": {"log_nD": 21.024974316406066, "log_nNe": 19.961142174879996}, "datetime": {"datetime": "2022-04-26 09:32:43", "elapsed": 44902.422408, "delta": 169.571361}}
{"target": -500.0, "params": {"log_nD": 17.004586745824554, "log_nNe": 16.000744591708422}, "datetime": {"datetime": "2022-04-26 09:39:25", "elapsed": 45304.431173, "delta": 402.008765}}
{"target": -108.22355167823012, "params": {"log_nD": 18.237374464863212, "log_nNe": 18.91339688128414}, "datetime": {"datetime": "2022-04-26 09:42:24", "elapsed": 45483.559277, "delta": 179.128104}}
{"target": -92.62997436765437, "params": {"log_nD": 20.540117622285088, "log_nNe": 19.1602871844376}, "datetime": {"datetime": "2022-04-26 09:45:03", "elapsed": 45642.111916, "delta": 158.552639}}
{"target": -500.0, "params": {"log_nD": 21.511036900173963, "log_nNe": 16.918473000920553}, "datetime": {"datetime": "2022-04-26 09:45:40", "elapsed": 45679.689102, "delta": 37.577186}}
{"target": -95.7094856070031, "params": {"log_nD": 20.25134682236214, "log_nNe": 19.054349287345666}, "datetime": {"datetime": "2022-04-26 09:48:18", "elapsed": 45837.891892, "delta": 158.20279}}
{"target": -97.87594044653683, "params": {"log_nD": 20.836688250660547, "log_nNe": 18.82084264313206}, "datetime": {"datetime": "2022-04-26 09:50:41", "elapsed": 45980.750827, "delta": 142.858935}}
{"target": -500.0, "params": {"log_nD": 19.80850627202136, "log_nNe": 17.807695003445062}, "datetime": {"datetime": "2022-04-26 09:52:37", "elapsed": 46096.086613, "delta": 115.335786}}
{"target": -500.0, "params": {"log_nD": 20.485446682790933, "log_nNe": 17.109462825926013}, "datetime": {"datetime": "2022-04-26 09:53:45", "elapsed": 46164.951498, "delta": 68.864885}}
{"target": -500.0, "params": {"log_nD": 21.456176697173447, "log_nNe": 20.998431360140092}, "datetime": {"datetime": "2022-04-26 10:00:32", "elapsed": 46571.96688, "delta": 407.015382}}
{"target": -86.75526674309563, "params": {"log_nD": 20.95685532422809, "log_nNe": 19.081661620528088}, "datetime": {"datetime": "2022-04-26 10:03:05", "elapsed": 46724.945731, "delta": 152.978851}}
{"target": -500.0, "params": {"log_nD": 20.69083893514672, "log_nNe": 15.74628429484712}, "datetime": {"datetime": "2022-04-26 10:04:07", "elapsed": 46786.311061, "delta": 61.36533}}
{"target": -94.0480568694724, "params": {"log_nD": 17.44148925840085, "log_nNe": 19.261474219547367}, "datetime": {"datetime": "2022-04-26 10:07:17", "elapsed": 46976.19469, "delta": 189.883629}}
{"target": -95.1933446143777, "params": {"log_nD": 17.766203654881195, "log_nNe": 19.205902905431515}, "datetime": {"datetime": "2022-04-26 10:10:21", "elapsed": 47160.596866, "delta": 184.402176}}
{"target": -108.27926641037745, "params": {"log_nD": 18.645509306066934, "log_nNe": 18.900059760134653}, "datetime": {"datetime": "2022-04-26 10:13:36", "elapsed": 47355.091466, "delta": 194.4946}}
{"target": -500.0, "params": {"log_nD": 18.422182184237034, "log_nNe": 15.939043831378402}, "datetime": {"datetime": "2022-04-26 10:20:21", "elapsed": 47760.367355, "delta": 405.275889}}
{"target": -500.0, "params": {"log_nD": 20.36769992948514, "log_nNe": 20.465473005374108}, "datetime": {"datetime": "2022-04-26 10:21:32", "elapsed": 47831.352718, "delta": 70.985363}}
{"target": -500.0, "params": {"log_nD": 17.18860593351109, "log_nNe": 17.663261474112332}, "datetime": {"datetime": "2022-04-26 10:25:03", "elapsed": 48042.842027, "delta": 211.489309}}
{"target": -500.0, "params": {"log_nD": 18.362596716089207, "log_nNe": 15.365052996222488}, "datetime": {"datetime": "2022-04-26 10:32:39", "elapsed": 48498.752689, "delta": 455.910662}}
{"target": -500.0, "params": {"log_nD": 19.008672957954076, "log_nNe": 15.299144173905276}, "datetime": {"datetime": "2022-04-26 10:41:02", "elapsed": 49001.791152, "delta": 503.038463}}
{"target": -102.23874219437508, "params": {"log_nD": 20.382808994251015, "log_nNe": 20.013359329266184}, "datetime": {"datetime": "2022-04-26 10:44:12", "elapsed": 49191.052292, "delta": 189.26114}}
{"target": -104.43319422322631, "params": {"log_nD": 19.962051327965185, "log_nNe": 20.1334562850235}, "datetime": {"datetime": "2022-04-26 10:49:34", "elapsed": 49513.596035, "delta": 322.543743}}
{"target": -95.00604286170072, "params": {"log_nD": 17.769283603947205, "log_nNe": 19.208814049218056}, "datetime": {"datetime": "2022-04-26 10:52:36", "elapsed": 49695.069617, "delta": 181.473582}}
{"target": -500.0, "params": {"log_nD": 19.670865155580533, "log_nNe": 16.49228897043706}, "datetime": {"datetime": "2022-04-26 10:54:59", "elapsed": 49838.468741, "delta": 143.399124}}
{"target": -107.04456063625352, "params": {"log_nD": 18.928246409741888, "log_nNe": 18.92688789950149}, "datetime": {"datetime": "2022-04-26 10:57:53", "elapsed": 50012.287328, "delta": 173.818587}}
{"target": -38.62496207922159, "params": {"log_nD": 21.28304000736993, "log_nNe": 19.381017033271423}, "datetime": {"datetime": "2022-04-26 11:00:30", "elapsed": 50169.778124, "delta": 157.490796}}
{"target": -96.49061156467089, "params": {"log_nD": 17.241378077290257, "log_nNe": 19.235496308375836}, "datetime": {"datetime": "2022-04-26 11:03:28", "elapsed": 50347.504792, "delta": 177.726668}}
{"target": -97.39048834689036, "params": {"log_nD": 20.559050331226732, "log_nNe": 20.00221770276467}, "datetime": {"datetime": "2022-04-26 11:06:27", "elapsed": 50526.494815, "delta": 178.990023}}
{"target": -210.8924520797471, "params": {"log_nD": 18.630027128199483, "log_nNe": 18.62821510668786}, "datetime": {"datetime": "2022-04-26 11:09:26", "elapsed": 50705.934374, "delta": 179.439559}}
{"target": -36.27083833972668, "params": {"log_nD": 21.326991129323623, "log_nNe": 19.42324167796308}, "datetime": {"datetime": "2022-04-26 11:12:19", "elapsed": 50878.770857, "delta": 172.836483}}
{"target": -500.0, "params": {"log_nD": 19.362270115871617, "log_nNe": 19.859914001818353}, "datetime": {"datetime": "2022-04-26 11:13:00", "elapsed": 50919.234951, "delta": 40.464094}}
{"target": -104.21477098270312, "params": {"log_nD": 18.565699554083462, "log_nNe": 20.136528598369924}, "datetime": {"datetime": "2022-04-26 11:16:28", "elapsed": 51127.707386, "delta": 208.472435}}
{"target": -100.51974748005159, "params": {"log_nD": 19.271809523720094, "log_nNe": 19.044443786441057}, "datetime": {"datetime": "2022-04-26 11:19:22", "elapsed": 51301.894391, "delta": 174.187005}}
{"target": -90.18621970444512, "params": {"log_nD": 18.353594824600762, "log_nNe": 19.31392942986353}, "datetime": {"datetime": "2022-04-26 11:22:37", "elapsed": 51496.35318, "delta": 194.458789}}
{"target": -93.1813697530976, "params": {"log_nD": 18.563403754558383, "log_nNe": 19.25585276333753}, "datetime": {"datetime": "2022-04-26 11:25:48", "elapsed": 51687.075876, "delta": 190.722696}}
{"target": -95.8176410704384, "params": {"log_nD": 19.591425899987982, "log_nNe": 19.119693387954953}, "datetime": {"datetime": "2022-04-26 11:28:48", "elapsed": 51867.323605, "delta": 180.247729}}
{"target": -92.31683768038876, "params": {"log_nD": 18.073213897432378, "log_nNe": 19.276253409333023}, "datetime": {"datetime": "2022-04-26 11:32:02", "elapsed": 52061.122879, "delta": 193.799274}}
{"target": -95.92410813634908, "params": {"log_nD": 18.251272230336475, "log_nNe": 19.188273412044076}, "datetime": {"datetime": "2022-04-26 11:35:08", "elapsed": 52247.346279, "delta": 186.2234}}
{"target": -500.0, "params": {"log_nD": 18.529864128685713, "log_nNe": 17.51889223155497}, "datetime": {"datetime": "2022-04-26 11:38:59", "elapsed": 52478.225245, "delta": 230.878966}}
{"target": -500.0, "params": {"log_nD": 21.163376745310952, "log_nNe": 15.006071884470611}, "datetime": {"datetime": "2022-04-26 11:39:45", "elapsed": 52524.20464, "delta": 45.979395}}
{"target": -110.38608262480865, "params": {"log_nD": 20.734186443133588, "log_nNe": 18.335422314525044}, "datetime": {"datetime": "2022-04-26 11:41:51", "elapsed": 52650.740102, "delta": 126.535462}}
{"target": -97.53951837760115, "params": {"log_nD": 17.920589603826098, "log_nNe": 19.15404581266958}, "datetime": {"datetime": "2022-04-26 11:44:55", "elapsed": 52834.896463, "delta": 184.156361}}
{"target": -105.05491215878138, "params": {"log_nD": 18.82921859454586, "log_nNe": 20.100755248825802}, "datetime": {"datetime": "2022-04-26 11:48:50", "elapsed": 53069.465148, "delta": 234.568685}}
{"target": -74.15784478693384, "params": {"log_nD": 20.90090492089039, "log_nNe": 19.383482951228686}, "datetime": {"datetime": "2022-04-26 11:51:35", "elapsed": 53234.057147, "delta": 164.591999}}
{"target": -63.47342519111388, "params": {"log_nD": 21.50270676836294, "log_nNe": 18.73538550004374}, "datetime": {"datetime": "2022-04-26 11:54:06", "elapsed": 53385.562368, "delta": 151.505221}}
{"target": -84.01896752418261, "params": {"log_nD": 21.435505153729217, "log_nNe": 18.507550280204107}, "datetime": {"datetime": "2022-04-26 11:56:25", "elapsed": 53524.94501, "delta": 139.382642}}
{"target": -92.15158431258958, "params": {"log_nD": 21.51686825894415, "log_nNe": 18.110349408569174}, "datetime": {"datetime": "2022-04-26 11:58:55", "elapsed": 53674.394307, "delta": 149.449297}}
{"target": -500.0, "params": {"log_nD": 18.48041569338916, "log_nNe": 19.914130214821775}, "datetime": {"datetime": "2022-04-26 11:59:51", "elapsed": 53730.63679, "delta": 56.242483}}
{"target": -88.20242465424906, "params": {"log_nD": 20.594343606622473, "log_nNe": 19.845438670893074}, "datetime": {"datetime": "2022-04-26 12:02:48", "elapsed": 53907.615277, "delta": 176.978487}}
{"target": -160.33781510674308, "params": {"log_nD": 18.601459960838078, "log_nNe": 20.283814157901162}, "datetime": {"datetime": "2022-04-26 12:06:19", "elapsed": 54118.744049, "delta": 211.128772}}
{"target": -113.109032265873, "params": {"log_nD": 18.792920031899012, "log_nNe": 18.762260793469615}, "datetime": {"datetime": "2022-04-26 12:09:14", "elapsed": 54293.65997, "delta": 174.915921}}
{"target": -104.47424496187776, "params": {"log_nD": 17.6580431772025, "log_nNe": 19.03005467836694}, "datetime": {"datetime": "2022-04-26 12:12:05", "elapsed": 54464.177451, "delta": 170.517481}}
{"target": -500.0, "params": {"log_nD": 22.2, "log_nNe": 16.835807468560525}, "datetime": {"datetime": "2022-04-26 12:13:02", "elapsed": 54521.96034, "delta": 57.782889}}
{"target": -500.0, "params": {"log_nD": 19.84820836484505, "log_nNe": 15.01435161365651}, "datetime": {"datetime": "2022-04-26 12:14:53", "elapsed": 54632.736402, "delta": 110.776062}}
{"target": -150.64974942554338, "params": {"log_nD": 19.51372591031067, "log_nNe": 20.25043924814841}, "datetime": {"datetime": "2022-04-26 12:18:14", "elapsed": 54833.880074, "delta": 201.143672}}
{"target": -123.68758283442787, "params": {"log_nD": 19.032512341577544, "log_nNe": 20.195589408842142}, "datetime": {"datetime": "2022-04-26 12:21:33", "elapsed": 55032.349494, "delta": 198.46942}}
{"target": -500.0, "params": {"log_nD": 22.2, "log_nNe": 15.616960403143095}, "datetime": {"datetime": "2022-04-26 12:22:30", "elapsed": 55089.908729, "delta": 57.559235}}
{"target": -500.0, "params": {"log_nD": 17.76355820815454, "log_nNe": 16.58588852724135}, "datetime": {"datetime": "2022-04-26 12:28:45", "elapsed": 55464.385652, "delta": 374.476923}}
{"target": -500.0, "params": {"log_nD": 21.388142728158932, "log_nNe": 16.123467047003057}, "datetime": {"datetime": "2022-04-26 12:29:24", "elapsed": 55503.914256, "delta": 39.528604}}
{"target": -106.29227873277966, "params": {"log_nD": 19.95649109207257, "log_nNe": 18.558720895186156}, "datetime": {"datetime": "2022-04-26 12:32:02", "elapsed": 55661.951524, "delta": 158.037268}}
{"target": -500.0, "params": {"log_nD": 17.092779591113818, "log_nNe": 17.80642271543813}, "datetime": {"datetime": "2022-04-26 12:34:46", "elapsed": 55825.445652, "delta": 163.494128}}
{"target": -132.21389048072768, "params": {"log_nD": 20.31249821783151, "log_nNe": 20.198437514015772}, "datetime": {"datetime": "2022-04-26 12:37:56", "elapsed": 56015.590734, "delta": 190.145082}}
{"target": -500.0, "params": {"log_nD": 19.219490596616144, "log_nNe": 20.73077760071951}, "datetime": {"datetime": "2022-04-26 12:38:29", "elapsed": 56048.72326, "delta": 33.132526}}
{"target": -45.3846618494654, "params": {"log_nD": 21.51311951650718, "log_nNe": 19.244696113644192}, "datetime": {"datetime": "2022-04-26 12:41:11", "elapsed": 56210.506547, "delta": 161.783287}}
{"target": -38.43798363060313, "params": {"log_nD": 21.422492624522647, "log_nNe": 19.196621950613757}, "datetime": {"datetime": "2022-04-26 12:43:46", "elapsed": 56365.615601, "delta": 155.109054}}
{"target": -37.95639053848343, "params": {"log_nD": 21.40598395965688, "log_nNe": 19.257352488664047}, "datetime": {"datetime": "2022-04-26 12:46:22", "elapsed": 56521.67378, "delta": 156.058179}}
{"target": -54.810536270825224, "params": {"log_nD": 21.356229833945147, "log_nNe": 19.132050853677555}, "datetime": {"datetime": "2022-04-26 12:48:55", "elapsed": 56674.116684, "delta": 152.442904}}
{"target": -117.68744078206285, "params": {"log_nD": 20.885144003600928, "log_nNe": 18.077244529917934}, "datetime": {"datetime": "2022-04-26 12:50:46", "elapsed": 56785.356755, "delta": 111.240071}}
{"target": -500.0, "params": {"log_nD": 21.682670214853392, "log_nNe": 17.93111890093232}, "datetime": {"datetime": "2022-04-26 12:51:25", "elapsed": 56824.150623, "delta": 38.793868}}
{"target": -94.3167137528514, "params": {"log_nD": 21.418058602139677, "log_nNe": 18.30022600732958}, "datetime": {"datetime": "2022-04-26 12:53:37", "elapsed": 56956.396813, "delta": 132.24619}}
{"target": -109.45433895631865, "params": {"log_nD": 19.436521730140605, "log_nNe": 18.740208486846875}, "datetime": {"datetime": "2022-04-26 12:56:31", "elapsed": 57130.926941, "delta": 174.530128}}
{"target": -211.2054184086051, "params": {"log_nD": 19.023594496029098, "log_nNe": 18.652842087016474}, "datetime": {"datetime": "2022-04-26 12:59:25", "elapsed": 57304.997412, "delta": 174.070471}}
{"target": -500.0, "params": {"log_nD": 18.020936985787326, "log_nNe": 20.43374052253855}, "datetime": {"datetime": "2022-04-26 13:00:44", "elapsed": 57383.473578, "delta": 78.476166}}
{"target": -500.0, "params": {"log_nD": 21.8213393470734, "log_nNe": 16.22149444744495}, "datetime": {"datetime": "2022-04-26 13:01:24", "elapsed": 57423.289096, "delta": 39.815518}}
{"target": -39.35624898531016, "params": {"log_nD": 21.305421242211786, "log_nNe": 19.402775621633157}, "datetime": {"datetime": "2022-04-26 13:04:09", "elapsed": 57588.947101, "delta": 165.658005}}
{"target": -52.3314649793611, "params": {"log_nD": 21.276442819126423, "log_nNe": 19.294253314939418}, "datetime": {"datetime": "2022-04-26 13:06:47", "elapsed": 57746.231895, "delta": 157.284794}}
{"target": -79.51067829321813, "params": {"log_nD": 21.252065225133027, "log_nNe": 18.91571603700779}, "datetime": {"datetime": "2022-04-26 13:09:18", "elapsed": 57897.656067, "delta": 151.424172}}
{"target": -42.28303290758949, "params": {"log_nD": 21.309588543815405, "log_nNe": 19.485456154539804}, "datetime": {"datetime": "2022-04-26 13:12:06", "elapsed": 58065.160782, "delta": 167.504715}}
{"target": -500.0, "params": {"log_nD": 22.106754504678136, "log_nNe": 16.44387388141387}, "datetime": {"datetime": "2022-04-26 13:13:06", "elapsed": 58125.777975, "delta": 60.617193}}
{"target": -51.740604274418374, "params": {"log_nD": 21.228947259263258, "log_nNe": 19.395455599812845}, "datetime": {"datetime": "2022-04-26 13:15:49", "elapsed": 58288.657575, "delta": 162.8796}}
{"target": -76.2946039496248, "params": {"log_nD": 21.02845401959671, "log_nNe": 19.24722705682682}, "datetime": {"datetime": "2022-04-26 13:18:41", "elapsed": 58460.230722, "delta": 171.573147}}
{"target": -67.85256242368575, "params": {"log_nD": 21.110787100500588, "log_nNe": 19.68314830431389}, "datetime": {"datetime": "2022-04-26 13:22:00", "elapsed": 58659.811796, "delta": 199.581074}}
{"target": -500.0, "params": {"log_nD": 18.19485260575716, "log_nNe": 20.9400236559435}, "datetime": {"datetime": "2022-04-26 13:23:20", "elapsed": 58739.502514, "delta": 79.690718}}
{"target": -112.36524551240478, "params": {"log_nD": 17.62434465728771, "log_nNe": 18.780344873780592}, "datetime": {"datetime": "2022-04-26 13:29:23", "elapsed": 59102.972476, "delta": 363.469962}}
{"target": -43.42585439121072, "params": {"log_nD": 21.33822880181381, "log_nNe": 19.445621772040592}, "datetime": {"datetime": "2022-04-26 13:32:11", "elapsed": 59270.871937, "delta": 167.899461}}
{"target": -105.45836461036994, "params": {"log_nD": 21.476166464295638, "log_nNe": 19.690729608257502}, "datetime": {"datetime": "2022-04-26 13:35:39", "elapsed": 59478.936454, "delta": 208.064517}}
{"target": -104.8587641522924, "params": {"log_nD": 20.149655346013216, "log_nNe": 20.067689764994782}, "datetime": {"datetime": "2022-04-26 13:38:58", "elapsed": 59677.249152, "delta": 198.312698}}
{"target": -112.78315119509465, "params": {"log_nD": 20.50892735046385, "log_nNe": 18.26722036126257}, "datetime": {"datetime": "2022-04-26 13:42:11", "elapsed": 59870.364753, "delta": 193.115601}}
{"target": -87.81891622983828, "params": {"log_nD": 17.5947649240271, "log_nNe": 19.379172359583116}, "datetime": {"datetime": "2022-04-26 13:45:23", "elapsed": 60062.442239, "delta": 192.077486}}
{"target": -100.24553791433655, "params": {"log_nD": 19.665180046446743, "log_nNe": 18.95848904587057}, "datetime": {"datetime": "2022-04-26 13:48:11", "elapsed": 60230.815871, "delta": 168.373632}}
{"target": -500.0, "params": {"log_nD": 17.364615958205004, "log_nNe": 19.431048137355795}, "datetime": {"datetime": "2022-04-26 13:48:50", "elapsed": 60269.568779, "delta": 38.752908}}
{"target": -98.08399080662164, "params": {"log_nD": 17.40854901848515, "log_nNe": 19.14791526204533}, "datetime": {"datetime": "2022-04-26 13:51:54", "elapsed": 60453.111165, "delta": 183.542386}}
{"target": -95.47625293133943, "params": {"log_nD": 17.56410355855276, "log_nNe": 19.248208513759238}, "datetime": {"datetime": "2022-04-26 13:55:05", "elapsed": 60644.604536, "delta": 191.493371}}
{"target": -97.1380229689405, "params": {"log_nD": 17.77477769852767, "log_nNe": 19.38899364891493}, "datetime": {"datetime": "2022-04-26 13:58:25", "elapsed": 60844.534793, "delta": 199.930257}}
{"target": -155.9452032722521, "params": {"log_nD": 17.021427518716227, "log_nNe": 20.27043019524678}, "datetime": {"datetime": "2022-04-26 14:02:09", "elapsed": 61069.009398, "delta": 224.474605}}
{"target": -97.28531588969975, "params": {"log_nD": 17.171637877452966, "log_nNe": 19.161958392477292}, "datetime": {"datetime": "2022-04-26 14:05:16", "elapsed": 61255.999885, "delta": 186.990487}}
{"target": -500.0, "params": {"log_nD": 17.01885906166468, "log_nNe": 20.500967008849543}, "datetime": {"datetime": "2022-04-26 14:07:17", "elapsed": 61376.144487, "delta": 120.144602}}
