{"target": -110.68117560751287, "params": {"log_nD": 19.375981689373454, "log_nNe": 18.714154785664828}, "datetime": {"datetime": "2022-04-24 17:21:15", "elapsed": 16290.514591, "delta": 150.480304}}
{"target": -109.12151823323505, "params": {"log_nD": 19.556237447186692, "log_nNe": 18.735239791564013}, "datetime": {"datetime": "2022-04-24 17:23:44", "elapsed": 16438.796736, "delta": 148.282145}}
{"target": -203.54352287683065, "params": {"log_nD": 19.08089082734296, "log_nNe": 18.68399650092658}, "datetime": {"datetime": "2022-04-24 17:26:14", "elapsed": 16589.590875, "delta": 150.794139}}
{"target": -104.57745691874598, "params": {"log_nD": 19.322293467716367, "log_nNe": 18.94926604417751}, "datetime": {"datetime": "2022-04-24 17:28:45", "elapsed": 16740.607086, "delta": 151.016211}}
{"target": -100.37410120605799, "params": {"log_nD": 19.961115297615077, "log_nNe": 18.85825575634529}, "datetime": {"datetime": "2022-04-24 17:31:10", "elapsed": 16884.946622, "delta": 144.339536}}
{"target": -110.64768532796387, "params": {"log_nD": 19.00169918572063, "log_nNe": 18.78086991974552}, "datetime": {"datetime": "2022-04-24 17:33:40", "elapsed": 17035.629341, "delta": 150.682719}}
{"target": -107.00141228496676, "params": {"log_nD": 19.12445076922441, "log_nNe": 18.918854820250417}, "datetime": {"datetime": "2022-04-24 17:36:11", "elapsed": 17185.783125, "delta": 150.153784}}
{"target": -104.59978742645124, "params": {"log_nD": 19.7918750017946, "log_nNe": 18.747647667892412}, "datetime": {"datetime": "2022-04-24 17:38:37", "elapsed": 17332.360126, "delta": 146.577001}}
{"target": -108.27902465367387, "params": {"log_nD": 19.742925351412723, "log_nNe": 18.63623632675288}, "datetime": {"datetime": "2022-04-24 17:41:04", "elapsed": 17478.965074, "delta": 146.604948}}
{"target": -105.09868726659494, "params": {"log_nD": 19.445288083077227, "log_nNe": 18.9012280915194}, "datetime": {"datetime": "2022-04-24 17:43:35", "elapsed": 17630.227219, "delta": 151.262145}}
{"target": -110.30513973108197, "params": {"log_nD": 19.199904078870485, "log_nNe": 18.773245712835404}, "datetime": {"datetime": "2022-04-24 17:46:04", "elapsed": 17779.45569, "delta": 149.228471}}
{"target": -101.78322417419758, "params": {"log_nD": 19.764469726983428, "log_nNe": 18.87592239247206}, "datetime": {"datetime": "2022-04-24 17:48:31", "elapsed": 17926.71594, "delta": 147.26025}}
{"target": -109.7397836560884, "params": {"log_nD": 19.69215520900707, "log_nNe": 18.617100962997668}, "datetime": {"datetime": "2022-04-24 17:51:01", "elapsed": 18075.997438, "delta": 149.281498}}
{"target": -98.49793991659203, "params": {"log_nD": 19.771422816157543, "log_nNe": 18.998713647805378}, "datetime": {"datetime": "2022-04-24 17:53:28", "elapsed": 18223.621861, "delta": 147.624423}}
{"target": -107.152873800948, "params": {"log_nD": 19.750708368049192, "log_nNe": 18.67308173840576}, "datetime": {"datetime": "2022-04-24 17:55:56", "elapsed": 18371.521768, "delta": 147.899907}}
{"target": -99.52987035951446, "params": {"log_nD": 19.967123837241317, "log_nNe": 18.89623345047194}, "datetime": {"datetime": "2022-04-24 17:58:22", "elapsed": 18517.211822, "delta": 145.690054}}
{"target": -107.86782474933524, "params": {"log_nD": 19.217590222680833, "log_nNe": 18.87658303782246}, "datetime": {"datetime": "2022-04-24 18:00:53", "elapsed": 18668.143982, "delta": 150.93216}}
{"target": -98.97509744353997, "params": {"log_nD": 20.595038804160772, "log_nNe": 19.0}, "datetime": {"datetime": "2022-04-24 18:03:06", "elapsed": 18801.020393, "delta": 132.876411}}
{"target": -99.93753831848817, "params": {"log_nD": 19.597463242371568, "log_nNe": 18.9967269431834}, "datetime": {"datetime": "2022-04-24 18:05:36", "elapsed": 18951.046479, "delta": 150.026086}}
{"target": -111.4786584505492, "params": {"log_nD": 19.263291205582725, "log_nNe": 18.691550257557054}, "datetime": {"datetime": "2022-04-24 18:08:07", "elapsed": 19101.881852, "delta": 150.835373}}
{"target": -98.27262348207664, "params": {"log_nD": 20.319222766974587, "log_nNe": 18.985861562197446}, "datetime": {"datetime": "2022-04-24 18:10:24", "elapsed": 19239.592643, "delta": 137.710791}}
{"target": -99.72977007643202, "params": {"log_nD": 20.713291250383122, "log_nNe": 19.0}, "datetime": {"datetime": "2022-04-24 18:12:35", "elapsed": 19369.860735, "delta": 130.268092}}
{"target": -108.81965758857653, "params": {"log_nD": 19.119861832203163, "log_nNe": 18.852648900395394}, "datetime": {"datetime": "2022-04-24 18:15:06", "elapsed": 19520.916449, "delta": 151.055714}}
{"target": -105.3049202310195, "params": {"log_nD": 19.550012489427047, "log_nNe": 18.85841631713255}, "datetime": {"datetime": "2022-04-24 18:17:35", "elapsed": 19670.442772, "delta": 149.526323}}
{"target": -98.41801216748449, "params": {"log_nD": 20.296220957763648, "log_nNe": 18.99462701622253}, "datetime": {"datetime": "2022-04-24 18:19:55", "elapsed": 19810.104725, "delta": 139.661953}}
{"target": -97.71553841709742, "params": {"log_nD": 19.872805515486142, "log_nNe": 18.997633862953805}, "datetime": {"datetime": "2022-04-24 18:22:22", "elapsed": 19957.777791, "delta": 147.673066}}
{"target": -109.5358278560901, "params": {"log_nD": 19.03910874989723, "log_nNe": 18.833515446275968}, "datetime": {"datetime": "2022-04-24 18:24:54", "elapsed": 20108.891179, "delta": 151.113388}}
{"target": -110.58997273394446, "params": {"log_nD": 19.527183180211168, "log_nNe": 18.669885519770776}, "datetime": {"datetime": "2022-04-24 18:27:21", "elapsed": 20255.89014, "delta": 146.998961}}
{"target": -97.91681367052506, "params": {"log_nD": 20.203361991160087, "log_nNe": 18.977056229340306}, "datetime": {"datetime": "2022-04-24 18:29:42", "elapsed": 20397.427719, "delta": 141.537579}}
{"target": -97.40446714067144, "params": {"log_nD": 20.063212047920697, "log_nNe": 18.974942693649535}, "datetime": {"datetime": "2022-04-24 18:32:03", "elapsed": 20538.73094, "delta": 141.303221}}
{"target": -100.80211222013338, "params": {"log_nD": 19.665053036522753, "log_nNe": 18.95093238011892}, "datetime": {"datetime": "2022-04-24 18:34:33", "elapsed": 20687.988866, "delta": 149.257926}}
{"target": -100.64628949228106, "params": {"log_nD": 19.91167782145431, "log_nNe": 18.85911376714511}, "datetime": {"datetime": "2022-04-24 18:37:01", "elapsed": 20836.232106, "delta": 148.24324}}
{"target": -105.67838015499181, "params": {"log_nD": 19.644554473815237, "log_nNe": 18.79920909609347}, "datetime": {"datetime": "2022-04-24 18:39:30", "elapsed": 20985.038837, "delta": 148.806731}}
{"target": -98.06339792519319, "params": {"log_nD": 20.407906981910426, "log_nNe": 19.0}, "datetime": {"datetime": "2022-04-24 18:41:47", "elapsed": 21122.009977, "delta": 136.97114}}
{"target": -105.257552029984, "params": {"log_nD": 19.184150513759207, "log_nNe": 18.961361181023555}, "datetime": {"datetime": "2022-04-24 18:44:20", "elapsed": 21274.89915, "delta": 152.889173}}
{"target": -119.94089093400181, "params": {"log_nD": 19.332427746674078, "log_nNe": 18.599317179497223}, "datetime": {"datetime": "2022-04-24 18:46:51", "elapsed": 21426.767955, "delta": 151.868805}}
{"target": -109.25016512541907, "params": {"log_nD": 19.31881695714982, "log_nNe": 18.796765937809322}, "datetime": {"datetime": "2022-04-24 18:49:21", "elapsed": 21576.437172, "delta": 149.669217}}
{"target": -102.08715359386183, "params": {"log_nD": 19.36798865318674, "log_nNe": 18.99527039082069}, "datetime": {"datetime": "2022-04-24 18:51:54", "elapsed": 21728.889762, "delta": 152.45259}}
{"target": -206.4461147117928, "params": {"log_nD": 19.50554355977101, "log_nNe": 18.518875070395303}, "datetime": {"datetime": "2022-04-24 18:54:25", "elapsed": 21880.760194, "delta": 151.870432}}
{"target": -97.32379461038938, "params": {"log_nD": 20.136555798031353, "log_nNe": 18.971021886468655}, "datetime": {"datetime": "2022-04-24 18:56:48", "elapsed": 22023.288128, "delta": 142.527934}}
{"target": -212.03965289683993, "params": {"log_nD": 19.25947419242884, "log_nNe": 18.60500287226154}, "datetime": {"datetime": "2022-04-24 18:59:21", "elapsed": 22176.04376, "delta": 152.755632}}
{"target": -192.70389306061435, "params": {"log_nD": 19.426609918909424, "log_nNe": 18.548950045897104}, "datetime": {"datetime": "2022-04-24 19:01:52", "elapsed": 22327.707109, "delta": 151.663349}}
{"target": -107.95689251738547, "params": {"log_nD": 19.499840763915596, "log_nNe": 18.802460125528544}, "datetime": {"datetime": "2022-04-24 19:04:21", "elapsed": 22476.351458, "delta": 148.644349}}
{"target": -176.70471784359523, "params": {"log_nD": 19.622054361934918, "log_nNe": 18.53081552761151}, "datetime": {"datetime": "2022-04-24 19:06:51", "elapsed": 22625.838608, "delta": 149.48715}}
{"target": -101.90267549262877, "params": {"log_nD": 19.691000453886648, "log_nNe": 18.898769478148736}, "datetime": {"datetime": "2022-04-24 19:09:20", "elapsed": 22774.793315, "delta": 148.954707}}
{"target": -103.15805366790386, "params": {"log_nD": 19.50757781602755, "log_nNe": 18.934987199046574}, "datetime": {"datetime": "2022-04-24 19:11:50", "elapsed": 22925.341388, "delta": 150.548073}}
{"target": -99.5966319377183, "params": {"log_nD": 19.756195038066544, "log_nNe": 18.95743481092112}, "datetime": {"datetime": "2022-04-24 19:14:18", "elapsed": 23073.008034, "delta": 147.666646}}
{"target": -111.34911884709253, "params": {"log_nD": 19.419719579120542, "log_nNe": 18.666788027121196}, "datetime": {"datetime": "2022-04-24 19:16:48", "elapsed": 23223.514374, "delta": 150.50634}}
{"target": -103.12118222009812, "params": {"log_nD": 19.85909051504803, "log_nNe": 18.774829439344018}, "datetime": {"datetime": "2022-04-24 19:19:16", "elapsed": 23370.875577, "delta": 147.361203}}
{"target": -105.64746324179221, "params": {"log_nD": 19.106243857078624, "log_nNe": 18.962492452216644}, "datetime": {"datetime": "2022-04-24 19:21:47", "elapsed": 23521.810786, "delta": 150.935209}}
{"target": -97.39002021559357, "params": {"log_nD": 20.333670977664717, "log_nNe": 19.0}, "datetime": {"datetime": "2022-04-24 19:24:04", "elapsed": 23659.757299, "delta": 137.946513}}
{"target": -109.30801165348052, "params": {"log_nD": 19.001424710767125, "log_nNe": 18.84734134885167}, "datetime": {"datetime": "2022-04-24 19:26:36", "elapsed": 23811.258939, "delta": 151.50164}}
{"target": -92.20805856782097, "params": {"log_nD": 20.863428942105035, "log_nNe": 19.0}, "datetime": {"datetime": "2022-04-24 19:28:48", "elapsed": 23943.054249, "delta": 131.79531}}
{"target": -107.26157911461358, "params": {"log_nD": 19.38543457298039, "log_nNe": 18.86437947764181}, "datetime": {"datetime": "2022-04-24 19:31:18", "elapsed": 24093.32646, "delta": 150.272211}}
{"target": -109.77368387717726, "params": {"log_nD": 19.507524298263327, "log_nNe": 18.72106691448771}, "datetime": {"datetime": "2022-04-24 19:33:47", "elapsed": 24242.131237, "delta": 148.804777}}
{"target": -98.8811937154268, "params": {"log_nD": 20.64883151629052, "log_nNe": 19.0}, "datetime": {"datetime": "2022-04-24 19:35:59", "elapsed": 24374.435114, "delta": 132.303877}}
{"target": -110.56966738129431, "params": {"log_nD": 19.25111498419636, "log_nNe": 18.756099784329084}, "datetime": {"datetime": "2022-04-24 19:38:30", "elapsed": 24525.540697, "delta": 151.105583}}
{"target": -108.98818566745912, "params": {"log_nD": 19.41377355127925, "log_nNe": 18.78514127059977}, "datetime": {"datetime": "2022-04-24 19:41:00", "elapsed": 24674.94701, "delta": 149.406313}}
{"target": -210.69667216471265, "params": {"log_nD": 19.189876956641328, "log_nNe": 18.654866219862804}, "datetime": {"datetime": "2022-04-24 19:43:33", "elapsed": 24828.126776, "delta": 153.179766}}
{"target": -99.240531743722, "params": {"log_nD": 19.86801831989554, "log_nNe": 18.937950624439992}, "datetime": {"datetime": "2022-04-24 19:46:00", "elapsed": 24975.413219, "delta": 147.286443}}
{"target": -98.96650893438638, "params": {"log_nD": 20.004652900806587, "log_nNe": 18.913975848490104}, "datetime": {"datetime": "2022-04-24 19:48:24", "elapsed": 25119.256509, "delta": 143.84329}}
{"target": -96.97655914436749, "params": {"log_nD": 20.260581084486393, "log_nNe": 18.982927724125677}, "datetime": {"datetime": "2022-04-24 19:50:44", "elapsed": 25258.814848, "delta": 139.558339}}
{"target": -108.19573002735622, "params": {"log_nD": 19.607900321200802, "log_nNe": 18.738779693913983}, "datetime": {"datetime": "2022-04-24 19:53:13", "elapsed": 25408.329698, "delta": 149.51485}}
{"target": -102.99863286606642, "params": {"log_nD": 19.251567329373813, "log_nNe": 18.99895131699446}, "datetime": {"datetime": "2022-04-24 19:55:45", "elapsed": 25560.698674, "delta": 152.368976}}
{"target": -100.55394161399754, "params": {"log_nD": 19.51574077141483, "log_nNe": 18.998234266986348}, "datetime": {"datetime": "2022-04-24 19:58:17", "elapsed": 25711.889758, "delta": 151.191084}}
{"target": -103.44918042915643, "params": {"log_nD": 19.737990285778434, "log_nNe": 18.823374947888176}, "datetime": {"datetime": "2022-04-24 20:00:46", "elapsed": 25860.875832, "delta": 148.986074}}
{"target": -108.57672022248971, "params": {"log_nD": 19.713738722522827, "log_nNe": 18.640925231393705}, "datetime": {"datetime": "2022-04-24 20:03:14", "elapsed": 26009.529565, "delta": 148.653733}}
{"target": -101.37443377050666, "params": {"log_nD": 19.429698711963436, "log_nNe": 18.999667137099333}, "datetime": {"datetime": "2022-04-24 20:05:44", "elapsed": 26159.689134, "delta": 150.159569}}
{"target": -107.39742863449992, "params": {"log_nD": 19.30728106636806, "log_nNe": 18.87249129966442}, "datetime": {"datetime": "2022-04-24 20:08:16", "elapsed": 26311.455083, "delta": 151.765949}}
{"target": -99.14582469653853, "params": {"log_nD": 19.683000805683395, "log_nNe": 19.0}, "datetime": {"datetime": "2022-04-24 20:10:46", "elapsed": 26461.355046, "delta": 149.899963}}
{"target": -107.2778731780778, "params": {"log_nD": 19.04021640978779, "log_nNe": 18.9165029772429}, "datetime": {"datetime": "2022-04-24 20:13:18", "elapsed": 26613.007498, "delta": 151.652452}}
{"target": -97.92687972225987, "params": {"log_nD": 20.188506270449015, "log_nNe": 18.974222844719662}, "datetime": {"datetime": "2022-04-24 20:15:39", "elapsed": 26754.140253, "delta": 141.132755}}
{"target": -103.94073627240137, "params": {"log_nD": 19.81447900532029, "log_nNe": 18.755725797482462}, "datetime": {"datetime": "2022-04-24 20:18:06", "elapsed": 26901.419233, "delta": 147.27898}}
{"target": -103.94073627240137, "params": {"log_nD": 19.81447900532029, "log_nNe": 18.755725797482462}, "datetime": {"datetime": "2022-04-24 20:18:07", "elapsed": 26901.920779, "delta": 0.501546}}
{"target": -110.68816580691737, "params": {"log_nD": 19.15216506982113, "log_nNe": 18.760603663563696}, "datetime": {"datetime": "2022-04-24 20:20:37", "elapsed": 27051.882945, "delta": 149.962166}}
{"target": -110.68816580691737, "params": {"log_nD": 19.15216506982113, "log_nNe": 18.760603663563696}, "datetime": {"datetime": "2022-04-24 20:20:37", "elapsed": 27052.45486, "delta": 0.571915}}
{"target": -96.9703336911613, "params": {"log_nD": 20.05909562816195, "log_nNe": 19.0}, "datetime": {"datetime": "2022-04-24 20:23:01", "elapsed": 27196.521895, "delta": 144.067035}}
{"target": -101.44039454720098, "params": {"log_nD": 19.592457669015566, "log_nNe": 18.95412712124333}, "datetime": {"datetime": "2022-04-24 20:25:32", "elapsed": 27347.102744, "delta": 150.580849}}
{"target": -98.58339959316429, "params": {"log_nD": 20.573654139204752, "log_nNe": 19.0}, "datetime": {"datetime": "2022-04-24 20:27:45", "elapsed": 27479.852941, "delta": 132.750197}}
{"target": -110.35264868888075, "params": {"log_nD": 19.5861300099259, "log_nNe": 18.659203338617008}, "datetime": {"datetime": "2022-04-24 20:30:13", "elapsed": 27627.876366, "delta": 148.023425}}
{"target": -109.99239037897152, "params": {"log_nD": 19.3567515959009, "log_nNe": 18.75598244689359}, "datetime": {"datetime": "2022-04-24 20:32:43", "elapsed": 27777.85356, "delta": 149.977194}}
{"target": -109.99239037897152, "params": {"log_nD": 19.3567515959009, "log_nNe": 18.75598244689359}, "datetime": {"datetime": "2022-04-24 20:32:43", "elapsed": 27778.397758, "delta": 0.544198}}
{"target": -109.99239037897152, "params": {"log_nD": 19.3567515959009, "log_nNe": 18.75598244689359}, "datetime": {"datetime": "2022-04-24 20:32:44", "elapsed": 27779.269605, "delta": 0.871847}}
{"target": -97.20042675543102, "params": {"log_nD": 19.969321160498097, "log_nNe": 19.0}, "datetime": {"datetime": "2022-04-24 20:35:10", "elapsed": 27925.028381, "delta": 145.758776}}
{"target": -97.20042675543102, "params": {"log_nD": 19.969321160498097, "log_nNe": 19.0}, "datetime": {"datetime": "2022-04-24 20:35:10", "elapsed": 27925.538775, "delta": 0.510394}}
{"target": -97.20042675543102, "params": {"log_nD": 19.969321160498097, "log_nNe": 19.0}, "datetime": {"datetime": "2022-04-24 20:35:11", "elapsed": 27925.927197, "delta": 0.388422}}
{"target": -111.05752545653975, "params": {"log_nD": 19.051279077587804, "log_nNe": 18.744638825968586}, "datetime": {"datetime": "2022-04-24 20:37:42", "elapsed": 28077.596285, "delta": 151.669088}}
{"target": -111.05752545653975, "params": {"log_nD": 19.051279077587804, "log_nNe": 18.744638825968586}, "datetime": {"datetime": "2022-04-24 20:37:43", "elapsed": 28078.333263, "delta": 0.736978}}
{"target": -111.05752545653975, "params": {"log_nD": 19.051279077587804, "log_nNe": 18.744638825968586}, "datetime": {"datetime": "2022-04-24 20:37:44", "elapsed": 28078.785573, "delta": 0.45231}}
{"target": -111.05752545653975, "params": {"log_nD": 19.051279077587804, "log_nNe": 18.744638825968586}, "datetime": {"datetime": "2022-04-24 20:37:44", "elapsed": 28079.302068, "delta": 0.516495}}
{"target": -111.05752545653975, "params": {"log_nD": 19.051279077587804, "log_nNe": 18.744638825968586}, "datetime": {"datetime": "2022-04-24 20:37:45", "elapsed": 28079.963785, "delta": 0.661717}}
{"target": -111.05752545653975, "params": {"log_nD": 19.051279077587804, "log_nNe": 18.744638825968586}, "datetime": {"datetime": "2022-04-24 20:37:45", "elapsed": 28080.707235, "delta": 0.74345}}
{"target": -103.73178805451845, "params": {"log_nD": 19.59549205835039, "log_nNe": 18.882032662888314}, "datetime": {"datetime": "2022-04-24 20:40:15", "elapsed": 28230.035142, "delta": 149.327907}}
{"target": -111.17575716688478, "params": {"log_nD": 19.001165447216724, "log_nNe": 18.75550945484699}, "datetime": {"datetime": "2022-04-24 20:42:48", "elapsed": 28383.122903, "delta": 153.087761}}
{"target": -111.17575716688478, "params": {"log_nD": 19.001165447216724, "log_nNe": 18.75550945484699}, "datetime": {"datetime": "2022-04-24 20:42:48", "elapsed": 28383.49785, "delta": 0.374947}}
{"target": -102.30549709239776, "params": {"log_nD": 19.854303773938263, "log_nNe": 18.812304821199096}, "datetime": {"datetime": "2022-04-24 20:45:17", "elapsed": 28532.139025, "delta": 148.641175}}
{"target": -102.30549709239776, "params": {"log_nD": 19.854303773938263, "log_nNe": 18.812304821199096}, "datetime": {"datetime": "2022-04-24 20:45:18", "elapsed": 28532.966638, "delta": 0.827613}}
{"target": -102.30549709239776, "params": {"log_nD": 19.854303773938263, "log_nNe": 18.812304821199096}, "datetime": {"datetime": "2022-04-24 20:45:19", "elapsed": 28533.904631, "delta": 0.937993}}
{"target": -102.30549709239776, "params": {"log_nD": 19.854303773938263, "log_nNe": 18.812304821199096}, "datetime": {"datetime": "2022-04-24 20:45:19", "elapsed": 28534.464742, "delta": 0.560111}}
{"target": -102.30549709239776, "params": {"log_nD": 19.854303773938263, "log_nNe": 18.812304821199096}, "datetime": {"datetime": "2022-04-24 20:45:20", "elapsed": 28535.07035, "delta": 0.605608}}
{"target": -102.30549709239776, "params": {"log_nD": 19.854303773938263, "log_nNe": 18.812304821199096}, "datetime": {"datetime": "2022-04-24 20:45:21", "elapsed": 28535.79329, "delta": 0.72294}}
{"target": -102.30549709239776, "params": {"log_nD": 19.854303773938263, "log_nNe": 18.812304821199096}, "datetime": {"datetime": "2022-04-24 20:45:21", "elapsed": 28536.634158, "delta": 0.840868}}
{"target": -102.30549709239776, "params": {"log_nD": 19.854303773938263, "log_nNe": 18.812304821199096}, "datetime": {"datetime": "2022-04-24 20:45:22", "elapsed": 28537.361498, "delta": 0.72734}}
{"target": -102.30549709239776, "params": {"log_nD": 19.854303773938263, "log_nNe": 18.812304821199096}, "datetime": {"datetime": "2022-04-24 20:45:23", "elapsed": 28537.923733, "delta": 0.562235}}
{"target": -97.97713911744071, "params": {"log_nD": 20.07250895249866, "log_nNe": 18.94292821034192}, "datetime": {"datetime": "2022-04-24 20:47:46", "elapsed": 28681.001722, "delta": 143.077989}}
{"target": -97.97713911744071, "params": {"log_nD": 20.07250895249866, "log_nNe": 18.94292821034192}, "datetime": {"datetime": "2022-04-24 20:47:46", "elapsed": 28681.367698, "delta": 0.365976}}
{"target": -100.87247626863348, "params": {"log_nD": 19.75123148373571, "log_nNe": 18.915615253952186}, "datetime": {"datetime": "2022-04-24 20:50:15", "elapsed": 28830.569973, "delta": 149.202275}}
{"target": -106.56695436654226, "params": {"log_nD": 19.222323896046902, "log_nNe": 18.92194241743172}, "datetime": {"datetime": "2022-04-24 20:52:47", "elapsed": 28981.827727, "delta": 151.257754}}
{"target": -104.11960545979359, "params": {"log_nD": 19.682962338623817, "log_nNe": 18.828748918514307}, "datetime": {"datetime": "2022-04-24 20:55:16", "elapsed": 29131.570638, "delta": 149.742911}}
{"target": -106.44272620058993, "params": {"log_nD": 19.764412437011792, "log_nNe": 18.691589990851682}, "datetime": {"datetime": "2022-04-24 20:57:44", "elapsed": 29279.696388, "delta": 148.12575}}
{"target": -106.44272620058993, "params": {"log_nD": 19.764412437011792, "log_nNe": 18.691589990851682}, "datetime": {"datetime": "2022-04-24 20:57:45", "elapsed": 29280.379681, "delta": 0.683293}}
